<?xml version="1.0" encoding="UTF-8"?>
<coverage generated="1651935735089" clover="3.2.0">
  <project timestamp="1651935735090" name="All files">
    <metrics statements="5" coveredstatements="5" conditionals="2" coveredconditionals="2" methods="3" coveredmethods="3" elements="10" coveredelements="10" complexity="0" loc="5" ncloc="5" packages="1" files="2" classes="2"/>
    <file name="CheckBoxWithLabel.js" path="C:\Holiday\NewSDProject\frontend\src\CheckBoxWithLabel.js">
      <metrics statements="4" coveredstatements="4" conditionals="2" coveredconditionals="2" methods="2" coveredmethods="2"/>
      <line num="4" count="2" type="stmt"/>
      <line num="6" count="2" type="stmt"/>
      <line num="7" count="1" type="stmt"/>
      <line num="10" count="2" type="stmt"/>
    </file>
    <file name="dummy.jsx" path="C:\Holiday\NewSDProject\frontend\src\dummy.jsx">
      <metrics statements="1" coveredstatements="1" conditionals="0" coveredconditionals="0" methods="1" coveredmethods="1"/>
      <line num="4" count="1" type="stmt"/>
    </file>
  </project>
</coverage>
