<?xml version="1.0" encoding="UTF-8"?>
<coverage generated="1653226111359" clover="3.2.0">
  <project timestamp="1653226111359" name="All files">
    <metrics statements="2078" coveredstatements="432" conditionals="403" coveredconditionals="45" methods="473" coveredmethods="61" elements="2954" coveredelements="538" complexity="0" loc="2078" ncloc="2078" packages="15" files="113" classes="113">
      <package name="src">
        <metrics statements="68" coveredstatements="3" conditionals="12" coveredconditionals="0" methods="11" coveredmethods="0"/>
        <file name="App.js" path="/Users/given/Desktop/Code/React/Short-Courses/frontend/src/App.js">
          <metrics statements="19" coveredstatements="0" conditionals="0" coveredconditionals="0" methods="1" coveredmethods="0"/>
          <line num="1" count="0" type="stmt"/>
          <line num="2" count="0" type="stmt"/>
          <line num="3" count="0" type="stmt"/>
          <line num="4" count="0" type="stmt"/>
          <line num="5" count="0" type="stmt"/>
          <line num="6" count="0" type="stmt"/>
          <line num="7" count="0" type="stmt"/>
          <line num="8" count="0" type="stmt"/>
          <line num="9" count="0" type="stmt"/>
          <line num="10" count="0" type="stmt"/>
          <line num="11" count="0" type="stmt"/>
          <line num="12" count="0" type="stmt"/>
          <line num="13" count="0" type="stmt"/>
          <line num="14" count="0" type="stmt"/>
          <line num="15" count="0" type="stmt"/>
          <line num="16" count="0" type="stmt"/>
          <line num="17" count="0" type="stmt"/>
          <line num="18" count="0" type="stmt"/>
          <line num="23" count="0" type="stmt"/>
        </file>
        <file name="CheckBoxWithLabel.js" path="/Users/given/Desktop/Code/React/Short-Courses/frontend/src/CheckBoxWithLabel.js">
          <metrics statements="6" coveredstatements="0" conditionals="2" coveredconditionals="0" methods="2" coveredmethods="0"/>
          <line num="1" count="0" type="stmt"/>
          <line num="3" count="0" type="stmt"/>
          <line num="4" count="0" type="stmt"/>
          <line num="6" count="0" type="stmt"/>
          <line num="7" count="0" type="stmt"/>
          <line num="10" count="0" type="stmt"/>
        </file>
        <file name="authConfig.js" path="/Users/given/Desktop/Code/React/Short-Courses/frontend/src/authConfig.js">
          <metrics statements="14" coveredstatements="3" conditionals="6" coveredconditionals="0" methods="1" coveredmethods="0"/>
          <line num="13" count="5" type="stmt"/>
          <line num="26" count="0" type="cond" truecount="0" falsecount="2"/>
          <line num="27" count="0" type="stmt"/>
          <line num="29" count="0" type="cond" truecount="0" falsecount="4"/>
          <line num="31" count="0" type="stmt"/>
          <line num="32" count="0" type="stmt"/>
          <line num="34" count="0" type="stmt"/>
          <line num="35" count="0" type="stmt"/>
          <line num="37" count="0" type="stmt"/>
          <line num="38" count="0" type="stmt"/>
          <line num="40" count="0" type="stmt"/>
          <line num="41" count="0" type="stmt"/>
          <line num="54" count="5" type="stmt"/>
          <line num="62" count="5" type="stmt"/>
        </file>
        <file name="dummy.jsx" path="/Users/given/Desktop/Code/React/Short-Courses/frontend/src/dummy.jsx">
          <metrics statements="2" coveredstatements="0" conditionals="0" coveredconditionals="0" methods="1" coveredmethods="0"/>
          <line num="1" count="0" type="stmt"/>
          <line num="4" count="0" type="stmt"/>
        </file>
        <file name="graph.js" path="/Users/given/Desktop/Code/React/Short-Courses/frontend/src/graph.js">
          <metrics statements="7" coveredstatements="0" conditionals="0" coveredconditionals="0" methods="3" coveredmethods="0"/>
          <line num="8" count="0" type="stmt"/>
          <line num="9" count="0" type="stmt"/>
          <line num="11" count="0" type="stmt"/>
          <line num="13" count="0" type="stmt"/>
          <line num="18" count="0" type="stmt"/>
          <line num="19" count="0" type="stmt"/>
          <line num="20" count="0" type="stmt"/>
        </file>
        <file name="index.js" path="/Users/given/Desktop/Code/React/Short-Courses/frontend/src/index.js">
          <metrics statements="12" coveredstatements="0" conditionals="0" coveredconditionals="0" methods="0" coveredmethods="0"/>
          <line num="1" count="0" type="stmt"/>
          <line num="2" count="0" type="stmt"/>
          <line num="3" count="0" type="stmt"/>
          <line num="4" count="0" type="stmt"/>
          <line num="5" count="0" type="stmt"/>
          <line num="6" count="0" type="stmt"/>
          <line num="7" count="0" type="stmt"/>
          <line num="8" count="0" type="stmt"/>
          <line num="9" count="0" type="stmt"/>
          <line num="10" count="0" type="stmt"/>
          <line num="16" count="0" type="stmt"/>
          <line num="37" count="0" type="stmt"/>
        </file>
        <file name="reportWebVitals.js" path="/Users/given/Desktop/Code/React/Short-Courses/frontend/src/reportWebVitals.js">
          <metrics statements="8" coveredstatements="0" conditionals="4" coveredconditionals="0" methods="3" coveredmethods="0"/>
          <line num="1" count="0" type="stmt"/>
          <line num="2" count="0" type="cond" truecount="0" falsecount="4"/>
          <line num="3" count="0" type="stmt"/>
          <line num="4" count="0" type="stmt"/>
          <line num="5" count="0" type="stmt"/>
          <line num="6" count="0" type="stmt"/>
          <line num="7" count="0" type="stmt"/>
          <line num="8" count="0" type="stmt"/>
        </file>
        <file name="setupTests.js" path="/Users/given/Desktop/Code/React/Short-Courses/frontend/src/setupTests.js">
          <metrics statements="0" coveredstatements="0" conditionals="0" coveredconditionals="0" methods="0" coveredmethods="0"/>
        </file>
      </package>
      <package name="src.components">
        <metrics statements="1185" coveredstatements="126" conditionals="250" coveredconditionals="8" methods="297" coveredmethods="19"/>
        <file name="CardViewList.js" path="/Users/given/Desktop/Code/React/Short-Courses/frontend/src/components/CardViewList.js">
          <metrics statements="4" coveredstatements="4" conditionals="2" coveredconditionals="1" methods="2" coveredmethods="2"/>
          <line num="15" count="1" type="stmt"/>
          <line num="16" count="1" type="stmt"/>
          <line num="22" count="1" type="stmt"/>
          <line num="27" count="1" type="stmt"/>
        </file>
        <file name="Comment.js" path="/Users/given/Desktop/Code/React/Short-Courses/frontend/src/components/Comment.js">
          <metrics statements="21" coveredstatements="0" conditionals="28" coveredconditionals="0" methods="8" coveredmethods="0"/>
          <line num="1" count="0" type="stmt"/>
          <line num="2" count="0" type="stmt"/>
          <line num="3" count="0" type="stmt"/>
          <line num="5" count="0" type="stmt"/>
          <line num="17" count="0" type="cond" truecount="0" falsecount="3"/>
          <line num="21" count="0" type="cond" truecount="0" falsecount="3"/>
          <line num="24" count="0" type="stmt"/>
          <line num="25" count="0" type="stmt"/>
          <line num="27" count="0" type="cond" truecount="0" falsecount="3"/>
          <line num="28" count="0" type="stmt"/>
          <line num="29" count="0" type="cond" truecount="0" falsecount="2"/>
          <line num="30" count="0" type="cond" truecount="0" falsecount="2"/>
          <line num="31" count="0" type="stmt"/>
          <line num="32" count="0" type="stmt"/>
          <line num="48" count="0" type="stmt"/>
          <line num="50" count="0" type="stmt"/>
          <line num="59" count="0" type="stmt"/>
          <line num="69" count="0" type="stmt"/>
          <line num="78" count="0" type="stmt"/>
          <line num="87" count="0" type="stmt"/>
          <line num="93" count="0" type="stmt"/>
        </file>
        <file name="CommentForm.js" path="/Users/given/Desktop/Code/React/Short-Courses/frontend/src/components/CommentForm.js">
          <metrics statements="14" coveredstatements="0" conditionals="7" coveredconditionals="0" methods="4" coveredmethods="0"/>
          <line num="1" count="0" type="stmt"/>
          <line num="4" count="0" type="stmt"/>
          <line num="12" count="0" type="stmt"/>
          <line num="13" count="0" type="stmt"/>
          <line num="14" count="0" type="stmt"/>
          <line num="17" count="0" type="stmt"/>
          <line num="18" count="0" type="stmt"/>
          <line num="21" count="0" type="stmt"/>
          <line num="22" count="0" type="stmt"/>
          <line num="23" count="0" type="stmt"/>
          <line num="24" count="0" type="stmt"/>
          <line num="25" count="0" type="stmt"/>
          <line num="27" count="0" type="stmt"/>
          <line num="32" count="0" type="stmt"/>
        </file>
        <file name="Comments.js" path="/Users/given/Desktop/Code/React/Short-Courses/frontend/src/components/Comments.js">
          <metrics statements="38" coveredstatements="0" conditionals="4" coveredconditionals="0" methods="16" coveredmethods="0"/>
          <line num="1" count="0" type="stmt"/>
          <line num="2" count="0" type="stmt"/>
          <line num="3" count="0" type="stmt"/>
          <line num="4" count="0" type="stmt"/>
          <line num="5" count="0" type="stmt"/>
          <line num="13" count="0" type="stmt"/>
          <line num="14" count="0" type="stmt"/>
          <line num="15" count="0" type="stmt"/>
          <line num="16" count="0" type="stmt"/>
          <line num="17" count="0" type="stmt"/>
          <line num="19" count="0" type="stmt"/>
          <line num="20" count="0" type="stmt"/>
          <line num="21" count="0" type="stmt"/>
          <line num="24" count="0" type="stmt"/>
          <line num="26" count="0" type="stmt"/>
          <line num="27" count="0" type="stmt"/>
          <line num="28" count="0" type="stmt"/>
          <line num="29" count="0" type="stmt"/>
          <line num="33" count="0" type="stmt"/>
          <line num="34" count="0" type="stmt"/>
          <line num="35" count="0" type="stmt"/>
          <line num="36" count="0" type="cond" truecount="0" falsecount="2"/>
          <line num="37" count="0" type="stmt"/>
          <line num="39" count="0" type="stmt"/>
          <line num="41" count="0" type="stmt"/>
          <line num="42" count="0" type="stmt"/>
          <line num="45" count="0" type="stmt"/>
          <line num="46" count="0" type="cond" truecount="0" falsecount="2"/>
          <line num="47" count="0" type="stmt"/>
          <line num="48" count="0" type="stmt"/>
          <line num="49" count="0" type="stmt"/>
          <line num="51" count="0" type="stmt"/>
          <line num="56" count="0" type="stmt"/>
          <line num="58" count="0" type="stmt"/>
          <line num="59" count="0" type="stmt"/>
          <line num="60" count="0" type="stmt"/>
          <line num="64" count="0" type="stmt"/>
          <line num="82" count="0" type="stmt"/>
        </file>
        <file name="Course.jsx" path="/Users/given/Desktop/Code/React/Short-Courses/frontend/src/components/Course.jsx">
          <metrics statements="30" coveredstatements="1" conditionals="8" coveredconditionals="0" methods="9" coveredmethods="0"/>
          <line num="16" count="1" type="stmt"/>
          <line num="17" count="0" type="stmt"/>
          <line num="23" count="0" type="stmt"/>
          <line num="27" count="0" type="stmt"/>
          <line num="28" count="0" type="stmt"/>
          <line num="31" count="0" type="stmt"/>
          <line num="32" count="0" type="stmt"/>
          <line num="33" count="0" type="stmt"/>
          <line num="36" count="0" type="stmt"/>
          <line num="37" count="0" type="stmt"/>
          <line num="38" count="0" type="stmt"/>
          <line num="39" count="0" type="stmt"/>
          <line num="41" count="0" type="stmt"/>
          <line num="44" count="0" type="stmt"/>
          <line num="46" count="0" type="stmt"/>
          <line num="49" count="0" type="stmt"/>
          <line num="52" count="0" type="stmt"/>
          <line num="53" count="0" type="stmt"/>
          <line num="54" count="0" type="stmt"/>
          <line num="60" count="0" type="stmt"/>
          <line num="64" count="0" type="stmt"/>
          <line num="69" count="0" type="stmt"/>
          <line num="71" count="0" type="stmt"/>
          <line num="73" count="0" type="stmt"/>
          <line num="74" count="0" type="stmt"/>
          <line num="81" count="0" type="stmt"/>
          <line num="88" count="0" type="stmt"/>
          <line num="98" count="0" type="stmt"/>
          <line num="109" count="0" type="stmt"/>
          <line num="122" count="0" type="cond" truecount="0" falsecount="2"/>
        </file>
        <file name="CourseAppBar.jsx" path="/Users/given/Desktop/Code/React/Short-Courses/frontend/src/components/CourseAppBar.jsx">
          <metrics statements="4" coveredstatements="3" conditionals="0" coveredconditionals="0" methods="1" coveredmethods="0"/>
          <line num="16" count="1" type="stmt"/>
          <line num="17" count="1" type="stmt"/>
          <line num="21" count="1" type="stmt"/>
          <line num="23" count="0" type="stmt"/>
        </file>
        <file name="CourseList.js" path="/Users/given/Desktop/Code/React/Short-Courses/frontend/src/components/CourseList.js">
          <metrics statements="15" coveredstatements="0" conditionals="0" coveredconditionals="0" methods="5" coveredmethods="0"/>
          <line num="1" count="0" type="stmt"/>
          <line num="2" count="0" type="stmt"/>
          <line num="3" count="0" type="stmt"/>
          <line num="4" count="0" type="stmt"/>
          <line num="5" count="0" type="stmt"/>
          <line num="10" count="0" type="stmt"/>
          <line num="12" count="0" type="stmt"/>
          <line num="14" count="0" type="stmt"/>
          <line num="16" count="0" type="stmt"/>
          <line num="18" count="0" type="stmt"/>
          <line num="21" count="0" type="stmt"/>
          <line num="22" count="0" type="stmt"/>
          <line num="25" count="0" type="stmt"/>
          <line num="29" count="0" type="stmt"/>
          <line num="33" count="0" type="stmt"/>
        </file>
        <file name="CourseNav.js" path="/Users/given/Desktop/Code/React/Short-Courses/frontend/src/components/CourseNav.js">
          <metrics statements="9" coveredstatements="6" conditionals="2" coveredconditionals="1" methods="6" coveredmethods="1"/>
          <line num="12" count="3" type="stmt"/>
          <line num="13" count="3" type="stmt"/>
          <line num="15" count="3" type="stmt"/>
          <line num="18" count="3" type="stmt"/>
          <line num="19" count="3" type="stmt"/>
          <line num="20" count="3" type="stmt"/>
          <line num="37" count="0" type="stmt"/>
          <line num="42" count="0" type="stmt"/>
          <line num="47" count="0" type="stmt"/>
        </file>
        <file name="CreateCourse.js" path="/Users/given/Desktop/Code/React/Short-Courses/frontend/src/components/CreateCourse.js">
          <metrics statements="38" coveredstatements="0" conditionals="6" coveredconditionals="0" methods="10" coveredmethods="0"/>
          <line num="15" count="0" type="stmt"/>
          <line num="16" count="0" type="stmt"/>
          <line num="18" count="0" type="stmt"/>
          <line num="19" count="0" type="stmt"/>
          <line num="20" count="0" type="stmt"/>
          <line num="21" count="0" type="stmt"/>
          <line num="23" count="0" type="stmt"/>
          <line num="24" count="0" type="stmt"/>
          <line num="25" count="0" type="stmt"/>
          <line num="26" count="0" type="stmt"/>
          <line num="27" count="0" type="stmt"/>
          <line num="28" count="0" type="stmt"/>
          <line num="29" count="0" type="stmt"/>
          <line num="33" count="0" type="stmt"/>
          <line num="34" count="0" type="stmt"/>
          <line num="35" count="0" type="cond" truecount="0" falsecount="4"/>
          <line num="37" count="0" type="stmt"/>
          <line num="38" count="0" type="stmt"/>
          <line num="39" count="0" type="stmt"/>
          <line num="41" count="0" type="stmt"/>
          <line num="42" count="0" type="stmt"/>
          <line num="44" count="0" type="stmt"/>
          <line num="56" count="0" type="stmt"/>
          <line num="58" count="0" type="cond" truecount="0" falsecount="2"/>
          <line num="59" count="0" type="stmt"/>
          <line num="60" count="0" type="stmt"/>
          <line num="65" count="0" type="stmt"/>
          <line num="68" count="0" type="stmt"/>
          <line num="69" count="0" type="stmt"/>
          <line num="71" count="0" type="stmt"/>
          <line num="73" count="0" type="stmt"/>
          <line num="75" count="0" type="stmt"/>
          <line num="78" count="0" type="stmt"/>
          <line num="79" count="0" type="stmt"/>
          <line num="80" count="0" type="stmt"/>
          <line num="81" count="0" type="stmt"/>
          <line num="85" count="0" type="stmt"/>
          <line num="97" count="0" type="stmt"/>
        </file>
        <file name="CreateCourseAgain.jsx" path="/Users/given/Desktop/Code/React/Short-Courses/frontend/src/components/CreateCourseAgain.jsx">
          <metrics statements="25" coveredstatements="0" conditionals="2" coveredconditionals="0" methods="5" coveredmethods="0"/>
          <line num="1" count="0" type="stmt"/>
          <line num="2" count="0" type="stmt"/>
          <line num="3" count="0" type="stmt"/>
          <line num="4" count="0" type="stmt"/>
          <line num="5" count="0" type="stmt"/>
          <line num="6" count="0" type="stmt"/>
          <line num="7" count="0" type="stmt"/>
          <line num="8" count="0" type="stmt"/>
          <line num="9" count="0" type="stmt"/>
          <line num="11" count="0" type="stmt"/>
          <line num="12" count="0" type="stmt"/>
          <line num="13" count="0" type="stmt"/>
          <line num="14" count="0" type="stmt"/>
          <line num="16" count="0" type="stmt"/>
          <line num="33" count="0" type="stmt"/>
          <line num="40" count="0" type="stmt"/>
          <line num="46" count="0" type="stmt"/>
          <line num="47" count="0" type="stmt"/>
          <line num="48" count="0" type="stmt"/>
          <line num="49" count="0" type="stmt"/>
          <line num="52" count="0" type="stmt"/>
          <line num="53" count="0" type="stmt"/>
          <line num="56" count="0" type="stmt"/>
          <line num="57" count="0" type="stmt"/>
          <line num="60" count="0" type="stmt"/>
        </file>
        <file name="CreateSlides.jsx" path="/Users/given/Desktop/Code/React/Short-Courses/frontend/src/components/CreateSlides.jsx">
          <metrics statements="38" coveredstatements="6" conditionals="4" coveredconditionals="0" methods="7" coveredmethods="0"/>
          <line num="11" count="0" type="stmt"/>
          <line num="13" count="0" type="stmt"/>
          <line num="14" count="0" type="stmt"/>
          <line num="17" count="0" type="stmt"/>
          <line num="18" count="0" type="stmt"/>
          <line num="19" count="0" type="stmt"/>
          <line num="20" count="0" type="stmt"/>
          <line num="22" count="0" type="stmt"/>
          <line num="23" count="0" type="stmt"/>
          <line num="24" count="0" type="stmt"/>
          <line num="25" count="0" type="stmt"/>
          <line num="27" count="0" type="stmt"/>
          <line num="29" count="0" type="stmt"/>
          <line num="30" count="0" type="stmt"/>
          <line num="31" count="0" type="stmt"/>
          <line num="32" count="0" type="stmt"/>
          <line num="33" count="0" type="stmt"/>
          <line num="34" count="0" type="stmt"/>
          <line num="35" count="0" type="stmt"/>
          <line num="36" count="0" type="stmt"/>
          <line num="37" count="0" type="stmt"/>
          <line num="38" count="0" type="cond" truecount="0" falsecount="4"/>
          <line num="39" count="0" type="stmt"/>
          <line num="40" count="0" type="stmt"/>
          <line num="49" count="0" type="stmt"/>
          <line num="51" count="0" type="stmt"/>
          <line num="52" count="0" type="stmt"/>
          <line num="56" count="0" type="stmt"/>
          <line num="75" count="0" type="stmt"/>
          <line num="77" count="0" type="stmt"/>
          <line num="79" count="0" type="stmt"/>
          <line num="81" count="0" type="stmt"/>
          <line num="98" count="1" type="stmt"/>
          <line num="108" count="1" type="stmt"/>
          <line num="116" count="1" type="stmt"/>
          <line num="123" count="1" type="stmt"/>
          <line num="132" count="1" type="stmt"/>
          <line num="138" count="1" type="stmt"/>
        </file>
        <file name="Data.js" path="/Users/given/Desktop/Code/React/Short-Courses/frontend/src/components/Data.js">
          <metrics statements="51" coveredstatements="0" conditionals="2" coveredconditionals="0" methods="8" coveredmethods="0"/>
          <line num="1" count="0" type="stmt"/>
          <line num="2" count="0" type="stmt"/>
          <line num="3" count="0" type="stmt"/>
          <line num="4" count="0" type="stmt"/>
          <line num="5" count="0" type="stmt"/>
          <line num="6" count="0" type="stmt"/>
          <line num="7" count="0" type="stmt"/>
          <line num="8" count="0" type="stmt"/>
          <line num="9" count="0" type="stmt"/>
          <line num="10" count="0" type="stmt"/>
          <line num="20" count="0" type="stmt"/>
          <line num="21" count="0" type="stmt"/>
          <line num="23" count="0" type="stmt"/>
          <line num="24" count="0" type="stmt"/>
          <line num="26" count="0" type="stmt"/>
          <line num="29" count="0" type="stmt"/>
          <line num="30" count="0" type="stmt"/>
          <line num="31" count="0" type="stmt"/>
          <line num="32" count="0" type="stmt"/>
          <line num="33" count="0" type="stmt"/>
          <line num="34" count="0" type="stmt"/>
          <line num="35" count="0" type="stmt"/>
          <line num="37" count="0" type="stmt"/>
          <line num="38" count="0" type="stmt"/>
          <line num="39" count="0" type="stmt"/>
          <line num="40" count="0" type="stmt"/>
          <line num="41" count="0" type="stmt"/>
          <line num="42" count="0" type="stmt"/>
          <line num="43" count="0" type="stmt"/>
          <line num="47" count="0" type="cond" truecount="0" falsecount="2"/>
          <line num="48" count="0" type="stmt"/>
          <line num="50" count="0" type="stmt"/>
          <line num="52" count="0" type="stmt"/>
          <line num="54" count="0" type="stmt"/>
          <line num="61" count="0" type="stmt"/>
          <line num="63" count="0" type="stmt"/>
          <line num="69" count="0" type="stmt"/>
          <line num="72" count="0" type="stmt"/>
          <line num="73" count="0" type="stmt"/>
          <line num="74" count="0" type="stmt"/>
          <line num="80" count="0" type="stmt"/>
          <line num="87" count="0" type="stmt"/>
          <line num="88" count="0" type="stmt"/>
          <line num="89" count="0" type="stmt"/>
          <line num="90" count="0" type="stmt"/>
          <line num="91" count="0" type="stmt"/>
          <line num="92" count="0" type="stmt"/>
          <line num="95" count="0" type="stmt"/>
          <line num="103" count="0" type="stmt"/>
          <line num="106" count="0" type="stmt"/>
          <line num="109" count="0" type="stmt"/>
        </file>
        <file name="DataContext.js" path="/Users/given/Desktop/Code/React/Short-Courses/frontend/src/components/DataContext.js">
          <metrics statements="22" coveredstatements="2" conditionals="2" coveredconditionals="0" methods="8" coveredmethods="0"/>
          <line num="21" count="5" type="stmt"/>
          <line num="26" count="5" type="stmt"/>
          <line num="45" count="0" type="stmt"/>
          <line num="47" count="0" type="stmt"/>
          <line num="49" count="0" type="stmt"/>
          <line num="52" count="0" type="stmt"/>
          <line num="53" count="0" type="stmt"/>
          <line num="57" count="0" type="stmt"/>
          <line num="65" count="0" type="stmt"/>
          <line num="67" count="0" type="stmt"/>
          <line num="68" count="0" type="stmt"/>
          <line num="70" count="0" type="stmt"/>
          <line num="71" count="0" type="stmt"/>
          <line num="73" count="0" type="stmt"/>
          <line num="74" count="0" type="cond" truecount="0" falsecount="2"/>
          <line num="75" count="0" type="stmt"/>
          <line num="76" count="0" type="stmt"/>
          <line num="79" count="0" type="stmt"/>
          <line num="83" count="0" type="stmt"/>
          <line num="88" count="0" type="stmt"/>
          <line num="90" count="0" type="stmt"/>
          <line num="95" count="0" type="stmt"/>
        </file>
        <file name="EnrolledAppBar.jsx" path="/Users/given/Desktop/Code/React/Short-Courses/frontend/src/components/EnrolledAppBar.jsx">
          <metrics statements="18" coveredstatements="0" conditionals="0" coveredconditionals="0" methods="1" coveredmethods="0"/>
          <line num="1" count="0" type="stmt"/>
          <line num="2" count="0" type="stmt"/>
          <line num="3" count="0" type="stmt"/>
          <line num="4" count="0" type="stmt"/>
          <line num="5" count="0" type="stmt"/>
          <line num="6" count="0" type="stmt"/>
          <line num="7" count="0" type="stmt"/>
          <line num="8" count="0" type="stmt"/>
          <line num="9" count="0" type="stmt"/>
          <line num="10" count="0" type="stmt"/>
          <line num="11" count="0" type="stmt"/>
          <line num="12" count="0" type="stmt"/>
          <line num="13" count="0" type="stmt"/>
          <line num="14" count="0" type="stmt"/>
          <line num="15" count="0" type="stmt"/>
          <line num="16" count="0" type="stmt"/>
          <line num="21" count="0" type="stmt"/>
          <line num="23" count="0" type="stmt"/>
        </file>
        <file name="EnrolledCourse.js" path="/Users/given/Desktop/Code/React/Short-Courses/frontend/src/components/EnrolledCourse.js">
          <metrics statements="26" coveredstatements="13" conditionals="2" coveredconditionals="1" methods="6" coveredmethods="2"/>
          <line num="24" count="3" type="stmt"/>
          <line num="25" count="3" type="stmt"/>
          <line num="26" count="3" type="stmt"/>
          <line num="27" count="3" type="stmt"/>
          <line num="28" count="3" type="stmt"/>
          <line num="30" count="3" type="stmt"/>
          <line num="31" count="0" type="stmt"/>
          <line num="32" count="0" type="stmt"/>
          <line num="34" count="0" type="stmt"/>
          <line num="35" count="0" type="stmt"/>
          <line num="37" count="0" type="stmt"/>
          <line num="38" count="0" type="stmt"/>
          <line num="39" count="0" type="stmt"/>
          <line num="44" count="0" type="stmt"/>
          <line num="51" count="3" type="stmt"/>
          <line num="52" count="3" type="stmt"/>
          <line num="53" count="3" type="cond" truecount="1" falsecount="1"/>
          <line num="54" count="0" type="stmt"/>
          <line num="56" count="3" type="stmt"/>
          <line num="58" count="0" type="stmt"/>
          <line num="59" count="0" type="stmt"/>
          <line num="60" count="0" type="stmt"/>
          <line num="66" count="3" type="stmt"/>
          <line num="68" count="3" type="stmt"/>
          <line num="69" count="3" type="stmt"/>
          <line num="101" count="0" type="stmt"/>
        </file>
        <file name="EnrolledNav.js" path="/Users/given/Desktop/Code/React/Short-Courses/frontend/src/components/EnrolledNav.js">
          <metrics statements="6" coveredstatements="5" conditionals="0" coveredconditionals="0" methods="4" coveredmethods="1"/>
          <line num="13" count="3" type="stmt"/>
          <line num="14" count="3" type="stmt"/>
          <line num="15" count="3" type="stmt"/>
          <line num="16" count="3" type="stmt"/>
          <line num="17" count="3" type="stmt"/>
          <line num="29" count="0" type="stmt"/>
        </file>
        <file name="Enrolledpage.js" path="/Users/given/Desktop/Code/React/Short-Courses/frontend/src/components/Enrolledpage.js">
          <metrics statements="8" coveredstatements="0" conditionals="0" coveredconditionals="0" methods="1" coveredmethods="0"/>
          <line num="1" count="0" type="stmt"/>
          <line num="2" count="0" type="stmt"/>
          <line num="3" count="0" type="stmt"/>
          <line num="4" count="0" type="stmt"/>
          <line num="9" count="0" type="stmt"/>
          <line num="10" count="0" type="stmt"/>
          <line num="11" count="0" type="stmt"/>
          <line num="13" count="0" type="stmt"/>
        </file>
        <file name="Explore.jsx" path="/Users/given/Desktop/Code/React/Short-Courses/frontend/src/components/Explore.jsx">
          <metrics statements="4" coveredstatements="0" conditionals="0" coveredconditionals="0" methods="1" coveredmethods="0"/>
          <line num="1" count="0" type="stmt"/>
          <line num="2" count="0" type="stmt"/>
          <line num="3" count="0" type="stmt"/>
          <line num="8" count="0" type="stmt"/>
        </file>
        <file name="Firstpanel.jsx" path="/Users/given/Desktop/Code/React/Short-Courses/frontend/src/components/Firstpanel.jsx">
          <metrics statements="46" coveredstatements="0" conditionals="6" coveredconditionals="0" methods="10" coveredmethods="0"/>
          <line num="3" count="0" type="stmt"/>
          <line num="4" count="0" type="stmt"/>
          <line num="5" count="0" type="stmt"/>
          <line num="6" count="0" type="stmt"/>
          <line num="7" count="0" type="stmt"/>
          <line num="9" count="0" type="stmt"/>
          <line num="18" count="0" type="stmt"/>
          <line num="19" count="0" type="stmt"/>
          <line num="22" count="0" type="stmt"/>
          <line num="23" count="0" type="stmt"/>
          <line num="24" count="0" type="stmt"/>
          <line num="25" count="0" type="stmt"/>
          <line num="27" count="0" type="stmt"/>
          <line num="28" count="0" type="stmt"/>
          <line num="31" count="0" type="stmt"/>
          <line num="32" count="0" type="stmt"/>
          <line num="41" count="0" type="stmt"/>
          <line num="43" count="0" type="stmt"/>
          <line num="46" count="0" type="stmt"/>
          <line num="47" count="0" type="stmt"/>
          <line num="48" count="0" type="stmt"/>
          <line num="49" count="0" type="cond" truecount="0" falsecount="2"/>
          <line num="50" count="0" type="stmt"/>
          <line num="52" count="0" type="stmt"/>
          <line num="53" count="0" type="stmt"/>
          <line num="58" count="0" type="stmt"/>
          <line num="59" count="0" type="stmt"/>
          <line num="60" count="0" type="stmt"/>
          <line num="61" count="0" type="stmt"/>
          <line num="62" count="0" type="stmt"/>
          <line num="63" count="0" type="stmt"/>
          <line num="64" count="0" type="stmt"/>
          <line num="65" count="0" type="stmt"/>
          <line num="66" count="0" type="stmt"/>
          <line num="69" count="0" type="stmt"/>
          <line num="70" count="0" type="stmt"/>
          <line num="71" count="0" type="stmt"/>
          <line num="73" count="0" type="stmt"/>
          <line num="75" count="0" type="stmt"/>
          <line num="76" count="0" type="stmt"/>
          <line num="77" count="0" type="stmt"/>
          <line num="80" count="0" type="stmt"/>
          <line num="151" count="0" type="stmt"/>
          <line num="182" count="0" type="stmt"/>
          <line num="202" count="0" type="stmt"/>
          <line num="212" count="0" type="stmt"/>
        </file>
        <file name="GenCourseID.js" path="/Users/given/Desktop/Code/React/Short-Courses/frontend/src/components/GenCourseID.js">
          <metrics statements="7" coveredstatements="0" conditionals="2" coveredconditionals="0" methods="1" coveredmethods="0"/>
          <line num="9" count="0" type="stmt"/>
          <line num="10" count="0" type="stmt"/>
          <line num="13" count="0" type="cond" truecount="0" falsecount="2"/>
          <line num="14" count="0" type="stmt"/>
          <line num="16" count="0" type="stmt"/>
          <line num="19" count="0" type="stmt"/>
          <line num="21" count="0" type="stmt"/>
        </file>
        <file name="Homepage.jsx" path="/Users/given/Desktop/Code/React/Short-Courses/frontend/src/components/Homepage.jsx">
          <metrics statements="17" coveredstatements="0" conditionals="2" coveredconditionals="0" methods="3" coveredmethods="0"/>
          <line num="1" count="0" type="stmt"/>
          <line num="3" count="0" type="stmt"/>
          <line num="4" count="0" type="stmt"/>
          <line num="5" count="0" type="stmt"/>
          <line num="6" count="0" type="stmt"/>
          <line num="7" count="0" type="stmt"/>
          <line num="8" count="0" type="stmt"/>
          <line num="9" count="0" type="stmt"/>
          <line num="11" count="0" type="stmt"/>
          <line num="15" count="0" type="stmt"/>
          <line num="16" count="0" type="stmt"/>
          <line num="17" count="0" type="stmt"/>
          <line num="21" count="0" type="stmt"/>
          <line num="22" count="0" type="stmt"/>
          <line num="24" count="0" type="stmt"/>
          <line num="25" count="0" type="stmt"/>
          <line num="32" count="0" type="stmt"/>
        </file>
        <file name="Leftpanel.jsx" path="/Users/given/Desktop/Code/React/Short-Courses/frontend/src/components/Leftpanel.jsx">
          <metrics statements="5" coveredstatements="0" conditionals="0" coveredconditionals="0" methods="1" coveredmethods="0"/>
          <line num="1" count="0" type="stmt"/>
          <line num="2" count="0" type="stmt"/>
          <line num="3" count="0" type="stmt"/>
          <line num="5" count="0" type="stmt"/>
          <line num="6" count="0" type="stmt"/>
        </file>
        <file name="Login.jsx" path="/Users/given/Desktop/Code/React/Short-Courses/frontend/src/components/Login.jsx">
          <metrics statements="28" coveredstatements="0" conditionals="4" coveredconditionals="0" methods="6" coveredmethods="0"/>
          <line num="1" count="0" type="stmt"/>
          <line num="3" count="0" type="stmt"/>
          <line num="4" count="0" type="stmt"/>
          <line num="5" count="0" type="stmt"/>
          <line num="6" count="0" type="stmt"/>
          <line num="7" count="0" type="stmt"/>
          <line num="11" count="0" type="stmt"/>
          <line num="13" count="0" type="stmt"/>
          <line num="14" count="0" type="stmt"/>
          <line num="15" count="0" type="stmt"/>
          <line num="33" count="0" type="stmt"/>
          <line num="38" count="0" type="stmt"/>
          <line num="42" count="0" type="stmt"/>
          <line num="43" count="0" type="cond" truecount="0" falsecount="2"/>
          <line num="44" count="0" type="stmt"/>
          <line num="45" count="0" type="stmt"/>
          <line num="50" count="0" type="stmt"/>
          <line num="51" count="0" type="stmt"/>
          <line num="53" count="0" type="cond" truecount="0" falsecount="2"/>
          <line num="54" count="0" type="stmt"/>
          <line num="55" count="0" type="stmt"/>
          <line num="56" count="0" type="stmt"/>
          <line num="60" count="0" type="stmt"/>
          <line num="72" count="0" type="stmt"/>
          <line num="80" count="0" type="stmt"/>
          <line num="85" count="0" type="stmt"/>
          <line num="90" count="0" type="stmt"/>
          <line num="136" count="0" type="stmt"/>
        </file>
        <file name="Logo.jsx" path="/Users/given/Desktop/Code/React/Short-Courses/frontend/src/components/Logo.jsx">
          <metrics statements="3" coveredstatements="0" conditionals="0" coveredconditionals="0" methods="1" coveredmethods="0"/>
          <line num="1" count="0" type="stmt"/>
          <line num="2" count="0" type="stmt"/>
          <line num="5" count="0" type="stmt"/>
        </file>
        <file name="MyCourseList.js" path="/Users/given/Desktop/Code/React/Short-Courses/frontend/src/components/MyCourseList.js">
          <metrics statements="15" coveredstatements="0" conditionals="0" coveredconditionals="0" methods="5" coveredmethods="0"/>
          <line num="1" count="0" type="stmt"/>
          <line num="2" count="0" type="stmt"/>
          <line num="3" count="0" type="stmt"/>
          <line num="4" count="0" type="stmt"/>
          <line num="5" count="0" type="stmt"/>
          <line num="7" count="0" type="stmt"/>
          <line num="9" count="0" type="stmt"/>
          <line num="27" count="0" type="stmt"/>
          <line num="29" count="0" type="stmt"/>
          <line num="32" count="0" type="stmt"/>
          <line num="34" count="0" type="stmt"/>
          <line num="35" count="0" type="stmt"/>
          <line num="38" count="0" type="stmt"/>
          <line num="43" count="0" type="stmt"/>
          <line num="49" count="0" type="stmt"/>
        </file>
        <file name="MyCourseView.js" path="/Users/given/Desktop/Code/React/Short-Courses/frontend/src/components/MyCourseView.js">
          <metrics statements="25" coveredstatements="16" conditionals="2" coveredconditionals="1" methods="6" coveredmethods="3"/>
          <line num="36" count="1" type="stmt"/>
          <line num="42" count="4" type="stmt"/>
          <line num="43" count="4" type="stmt"/>
          <line num="44" count="4" type="stmt"/>
          <line num="45" count="4" type="stmt"/>
          <line num="47" count="4" type="stmt"/>
          <line num="49" count="4" type="stmt"/>
          <line num="51" count="4" type="stmt"/>
          <line num="53" count="4" type="stmt"/>
          <line num="54" count="4" type="stmt"/>
          <line num="55" count="4" type="stmt"/>
          <line num="57" count="0" type="stmt"/>
          <line num="58" count="0" type="stmt"/>
          <line num="60" count="0" type="stmt"/>
          <line num="61" count="0" type="stmt"/>
          <line num="62" count="0" type="stmt"/>
          <line num="67" count="0" type="stmt"/>
          <line num="70" count="4" type="stmt"/>
          <line num="71" count="4" type="stmt"/>
          <line num="72" count="4" type="cond" truecount="1" falsecount="1"/>
          <line num="73" count="4" type="stmt"/>
          <line num="75" count="0" type="stmt"/>
          <line num="78" count="0" type="stmt"/>
          <line num="84" count="4" type="stmt"/>
          <line num="118" count="0" type="stmt"/>
        </file>
        <file name="MyCoursesPage.js" path="/Users/given/Desktop/Code/React/Short-Courses/frontend/src/components/MyCoursesPage.js">
          <metrics statements="22" coveredstatements="0" conditionals="0" coveredconditionals="0" methods="3" coveredmethods="0"/>
          <line num="1" count="0" type="stmt"/>
          <line num="2" count="0" type="stmt"/>
          <line num="3" count="0" type="stmt"/>
          <line num="4" count="0" type="stmt"/>
          <line num="5" count="0" type="stmt"/>
          <line num="7" count="0" type="stmt"/>
          <line num="8" count="0" type="stmt"/>
          <line num="9" count="0" type="stmt"/>
          <line num="10" count="0" type="stmt"/>
          <line num="11" count="0" type="stmt"/>
          <line num="12" count="0" type="stmt"/>
          <line num="16" count="0" type="stmt"/>
          <line num="28" count="0" type="stmt"/>
          <line num="30" count="0" type="stmt"/>
          <line num="31" count="0" type="stmt"/>
          <line num="32" count="0" type="stmt"/>
          <line num="33" count="0" type="stmt"/>
          <line num="35" count="0" type="stmt"/>
          <line num="36" count="0" type="stmt"/>
          <line num="37" count="0" type="stmt"/>
          <line num="40" count="0" type="stmt"/>
          <line num="60" count="0" type="stmt"/>
        </file>
        <file name="Picture.js" path="/Users/given/Desktop/Code/React/Short-Courses/frontend/src/components/Picture.js">
          <metrics statements="16" coveredstatements="0" conditionals="10" coveredconditionals="0" methods="4" coveredmethods="0"/>
          <line num="9" count="0" type="stmt"/>
          <line num="11" count="0" type="stmt"/>
          <line num="14" count="0" type="stmt"/>
          <line num="19" count="0" type="stmt"/>
          <line num="29" count="0" type="stmt"/>
          <line num="35" count="0" type="stmt"/>
          <line num="41" count="0" type="cond" truecount="0" falsecount="2"/>
          <line num="42" count="0" type="stmt"/>
          <line num="44" count="0" type="cond" truecount="0" falsecount="2"/>
          <line num="45" count="0" type="stmt"/>
          <line num="47" count="0" type="cond" truecount="0" falsecount="2"/>
          <line num="48" count="0" type="stmt"/>
          <line num="50" count="0" type="cond" truecount="0" falsecount="2"/>
          <line num="51" count="0" type="stmt"/>
          <line num="53" count="0" type="cond" truecount="0" falsecount="2"/>
          <line num="54" count="0" type="stmt"/>
        </file>
        <file name="Rightpanel.jsx" path="/Users/given/Desktop/Code/React/Short-Courses/frontend/src/components/Rightpanel.jsx">
          <metrics statements="20" coveredstatements="0" conditionals="6" coveredconditionals="0" methods="5" coveredmethods="0"/>
          <line num="1" count="0" type="stmt"/>
          <line num="2" count="0" type="stmt"/>
          <line num="3" count="0" type="stmt"/>
          <line num="4" count="0" type="stmt"/>
          <line num="5" count="0" type="stmt"/>
          <line num="6" count="0" type="stmt"/>
          <line num="8" count="0" type="stmt"/>
          <line num="24" count="0" type="stmt"/>
          <line num="39" count="0" type="stmt"/>
          <line num="41" count="0" type="stmt"/>
          <line num="43" count="0" type="stmt"/>
          <line num="44" count="0" type="stmt"/>
          <line num="47" count="0" type="stmt"/>
          <line num="49" count="0" type="stmt"/>
          <line num="52" count="0" type="stmt"/>
          <line num="53" count="0" type="stmt"/>
          <line num="56" count="0" type="stmt"/>
          <line num="62" count="0" type="stmt"/>
          <line num="63" count="0" type="stmt"/>
          <line num="65" count="0" type="stmt"/>
        </file>
        <file name="SecondPanel.jsx" path="/Users/given/Desktop/Code/React/Short-Courses/frontend/src/components/SecondPanel.jsx">
          <metrics statements="304" coveredstatements="11" conditionals="74" coveredconditionals="0" methods="70" coveredmethods="0"/>
          <line num="62" count="5" type="stmt"/>
          <line num="63" count="0" type="cond" truecount="0" falsecount="4"/>
          <line num="66" count="0" type="stmt"/>
          <line num="68" count="0" type="stmt"/>
          <line num="70" count="0" type="stmt"/>
          <line num="73" count="0" type="stmt"/>
          <line num="77" count="5" type="stmt"/>
          <line num="229" count="5" type="stmt"/>
          <line num="257" count="5" type="stmt"/>
          <line num="304" count="5" type="stmt"/>
          <line num="306" count="5" type="stmt"/>
          <line num="307" count="0" type="stmt"/>
          <line num="310" count="5" type="stmt"/>
          <line num="320" count="5" type="stmt"/>
          <line num="334" count="5" type="stmt"/>
          <line num="340" count="5" type="stmt"/>
          <line num="352" count="5" type="stmt"/>
          <line num="364" count="0" type="stmt"/>
          <line num="367" count="0" type="stmt"/>
          <line num="368" count="0" type="stmt"/>
          <line num="372" count="0" type="stmt"/>
          <line num="373" count="0" type="stmt"/>
          <line num="374" count="0" type="stmt"/>
          <line num="375" count="0" type="stmt"/>
          <line num="376" count="0" type="stmt"/>
          <line num="377" count="0" type="stmt"/>
          <line num="378" count="0" type="stmt"/>
          <line num="379" count="0" type="stmt"/>
          <line num="380" count="0" type="stmt"/>
          <line num="381" count="0" type="stmt"/>
          <line num="382" count="0" type="stmt"/>
          <line num="383" count="0" type="stmt"/>
          <line num="384" count="0" type="stmt"/>
          <line num="385" count="0" type="stmt"/>
          <line num="386" count="0" type="stmt"/>
          <line num="387" count="0" type="stmt"/>
          <line num="388" count="0" type="stmt"/>
          <line num="389" count="0" type="stmt"/>
          <line num="390" count="0" type="stmt"/>
          <line num="391" count="0" type="stmt"/>
          <line num="393" count="0" type="stmt"/>
          <line num="395" count="0" type="stmt"/>
          <line num="396" count="0" type="stmt"/>
          <line num="403" count="0" type="stmt"/>
          <line num="404" count="0" type="stmt"/>
          <line num="405" count="0" type="stmt"/>
          <line num="408" count="0" type="stmt"/>
          <line num="409" count="0" type="stmt"/>
          <line num="412" count="0" type="stmt"/>
          <line num="414" count="0" type="cond" truecount="0" falsecount="2"/>
          <line num="417" count="0" type="stmt"/>
          <line num="418" count="0" type="cond" truecount="0" falsecount="2"/>
          <line num="420" count="0" type="stmt"/>
          <line num="425" count="0" type="stmt"/>
          <line num="426" count="0" type="cond" truecount="0" falsecount="2"/>
          <line num="427" count="0" type="stmt"/>
          <line num="432" count="0" type="stmt"/>
          <line num="433" count="0" type="cond" truecount="0" falsecount="2"/>
          <line num="434" count="0" type="stmt"/>
          <line num="439" count="0" type="stmt"/>
          <line num="440" count="0" type="cond" truecount="0" falsecount="2"/>
          <line num="441" count="0" type="stmt"/>
          <line num="446" count="0" type="stmt"/>
          <line num="447" count="0" type="cond" truecount="0" falsecount="2"/>
          <line num="448" count="0" type="stmt"/>
          <line num="453" count="0" type="stmt"/>
          <line num="460" count="0" type="stmt"/>
          <line num="463" count="0" type="stmt"/>
          <line num="464" count="0" type="stmt"/>
          <line num="465" count="0" type="cond" truecount="0" falsecount="2"/>
          <line num="466" count="0" type="cond" truecount="0" falsecount="2"/>
          <line num="467" count="0" type="cond" truecount="0" falsecount="2"/>
          <line num="468" count="0" type="stmt"/>
          <line num="470" count="0" type="stmt"/>
          <line num="471" count="0" type="cond" truecount="0" falsecount="2"/>
          <line num="472" count="0" type="stmt"/>
          <line num="477" count="0" type="stmt"/>
          <line num="478" count="0" type="cond" truecount="0" falsecount="2"/>
          <line num="479" count="0" type="stmt"/>
          <line num="484" count="0" type="stmt"/>
          <line num="485" count="0" type="cond" truecount="0" falsecount="2"/>
          <line num="486" count="0" type="stmt"/>
          <line num="491" count="0" type="stmt"/>
          <line num="497" count="0" type="stmt"/>
          <line num="499" count="0" type="stmt"/>
          <line num="502" count="0" type="stmt"/>
          <line num="503" count="0" type="stmt"/>
          <line num="504" count="0" type="cond" truecount="0" falsecount="2"/>
          <line num="505" count="0" type="stmt"/>
          <line num="506" count="0" type="stmt"/>
          <line num="508" count="0" type="stmt"/>
          <line num="509" count="0" type="stmt"/>
          <line num="510" count="0" type="stmt"/>
          <line num="513" count="0" type="cond" truecount="0" falsecount="2"/>
          <line num="514" count="0" type="stmt"/>
          <line num="516" count="0" type="stmt"/>
          <line num="521" count="0" type="stmt"/>
          <line num="532" count="0" type="stmt"/>
          <line num="533" count="0" type="cond" truecount="0" falsecount="2"/>
          <line num="534" count="0" type="stmt"/>
          <line num="535" count="0" type="stmt"/>
          <line num="536" count="0" type="stmt"/>
          <line num="537" count="0" type="stmt"/>
          <line num="539" count="0" type="stmt"/>
          <line num="540" count="0" type="stmt"/>
          <line num="543" count="0" type="stmt"/>
          <line num="544" count="0" type="stmt"/>
          <line num="545" count="0" type="stmt"/>
          <line num="546" count="0" type="cond" truecount="0" falsecount="2"/>
          <line num="549" count="0" type="stmt"/>
          <line num="553" count="0" type="stmt"/>
          <line num="556" count="0" type="stmt"/>
          <line num="557" count="0" type="stmt"/>
          <line num="558" count="0" type="stmt"/>
          <line num="560" count="0" type="stmt"/>
          <line num="562" count="0" type="stmt"/>
          <line num="563" count="0" type="stmt"/>
          <line num="570" count="0" type="stmt"/>
          <line num="572" count="0" type="stmt"/>
          <line num="573" count="0" type="stmt"/>
          <line num="574" count="0" type="stmt"/>
          <line num="577" count="0" type="cond" truecount="0" falsecount="2"/>
          <line num="580" count="0" type="stmt"/>
          <line num="581" count="0" type="stmt"/>
          <line num="584" count="0" type="stmt"/>
          <line num="585" count="0" type="stmt"/>
          <line num="586" count="0" type="stmt"/>
          <line num="587" count="0" type="stmt"/>
          <line num="588" count="0" type="stmt"/>
          <line num="593" count="0" type="stmt"/>
          <line num="595" count="0" type="stmt"/>
          <line num="596" count="0" type="stmt"/>
          <line num="599" count="0" type="stmt"/>
          <line num="600" count="0" type="stmt"/>
          <line num="603" count="0" type="stmt"/>
          <line num="604" count="0" type="stmt"/>
          <line num="605" count="0" type="stmt"/>
          <line num="607" count="0" type="stmt"/>
          <line num="608" count="0" type="stmt"/>
          <line num="611" count="0" type="stmt"/>
          <line num="614" count="0" type="stmt"/>
          <line num="615" count="0" type="stmt"/>
          <line num="616" count="0" type="stmt"/>
          <line num="619" count="0" type="stmt"/>
          <line num="620" count="0" type="stmt"/>
          <line num="623" count="0" type="stmt"/>
          <line num="624" count="0" type="stmt"/>
          <line num="626" count="0" type="stmt"/>
          <line num="627" count="0" type="cond" truecount="0" falsecount="2"/>
          <line num="628" count="0" type="stmt"/>
          <line num="629" count="0" type="stmt"/>
          <line num="630" count="0" type="stmt"/>
          <line num="631" count="0" type="cond" truecount="0" falsecount="2"/>
          <line num="632" count="0" type="stmt"/>
          <line num="635" count="0" type="stmt"/>
          <line num="641" count="0" type="stmt"/>
          <line num="642" count="0" type="stmt"/>
          <line num="643" count="0" type="stmt"/>
          <line num="644" count="0" type="stmt"/>
          <line num="645" count="0" type="stmt"/>
          <line num="646" count="0" type="stmt"/>
          <line num="647" count="0" type="stmt"/>
          <line num="648" count="0" type="stmt"/>
          <line num="652" count="0" type="stmt"/>
          <line num="653" count="0" type="stmt"/>
          <line num="654" count="0" type="cond" truecount="0" falsecount="2"/>
          <line num="655" count="0" type="stmt"/>
          <line num="657" count="0" type="stmt"/>
          <line num="658" count="0" type="stmt"/>
          <line num="669" count="0" type="stmt"/>
          <line num="670" count="0" type="stmt"/>
          <line num="671" count="0" type="stmt"/>
          <line num="675" count="0" type="stmt"/>
          <line num="676" count="0" type="stmt"/>
          <line num="679" count="0" type="stmt"/>
          <line num="680" count="0" type="stmt"/>
          <line num="681" count="0" type="cond" truecount="0" falsecount="2"/>
          <line num="682" count="0" type="stmt"/>
          <line num="693" count="0" type="stmt"/>
          <line num="695" count="0" type="stmt"/>
          <line num="707" count="0" type="stmt"/>
          <line num="710" count="0" type="stmt"/>
          <line num="711" count="0" type="stmt"/>
          <line num="712" count="0" type="stmt"/>
          <line num="715" count="0" type="stmt"/>
          <line num="717" count="0" type="stmt"/>
          <line num="723" count="0" type="stmt"/>
          <line num="725" count="0" type="stmt"/>
          <line num="726" count="0" type="stmt"/>
          <line num="727" count="0" type="stmt"/>
          <line num="730" count="0" type="stmt"/>
          <line num="733" count="0" type="stmt"/>
          <line num="735" count="0" type="stmt"/>
          <line num="742" count="0" type="stmt"/>
          <line num="743" count="0" type="stmt"/>
          <line num="744" count="0" type="cond" truecount="0" falsecount="2"/>
          <line num="745" count="0" type="stmt"/>
          <line num="754" count="0" type="stmt"/>
          <line num="757" count="0" type="stmt"/>
          <line num="759" count="0" type="stmt"/>
          <line num="764" count="0" type="stmt"/>
          <line num="769" count="0" type="stmt"/>
          <line num="770" count="0" type="stmt"/>
          <line num="771" count="0" type="stmt"/>
          <line num="772" count="0" type="stmt"/>
          <line num="775" count="0" type="stmt"/>
          <line num="776" count="0" type="stmt"/>
          <line num="777" count="0" type="stmt"/>
          <line num="778" count="0" type="stmt"/>
          <line num="779" count="0" type="stmt"/>
          <line num="780" count="0" type="stmt"/>
          <line num="781" count="0" type="stmt"/>
          <line num="783" count="0" type="stmt"/>
          <line num="784" count="0" type="stmt"/>
          <line num="786" count="0" type="stmt"/>
          <line num="787" count="0" type="stmt"/>
          <line num="788" count="0" type="stmt"/>
          <line num="789" count="0" type="stmt"/>
          <line num="790" count="0" type="stmt"/>
          <line num="794" count="0" type="cond" truecount="0" falsecount="2"/>
          <line num="795" count="0" type="stmt"/>
          <line num="797" count="0" type="stmt"/>
          <line num="799" count="0" type="stmt"/>
          <line num="801" count="0" type="stmt"/>
          <line num="808" count="0" type="stmt"/>
          <line num="810" count="0" type="stmt"/>
          <line num="816" count="0" type="stmt"/>
          <line num="819" count="0" type="stmt"/>
          <line num="820" count="0" type="stmt"/>
          <line num="821" count="0" type="stmt"/>
          <line num="827" count="0" type="stmt"/>
          <line num="834" count="0" type="stmt"/>
          <line num="839" count="0" type="stmt"/>
          <line num="840" count="0" type="stmt"/>
          <line num="841" count="0" type="stmt"/>
          <line num="845" count="0" type="stmt"/>
          <line num="846" count="0" type="stmt"/>
          <line num="847" count="0" type="stmt"/>
          <line num="854" count="0" type="stmt"/>
          <line num="857" count="0" type="stmt"/>
          <line num="858" count="0" type="stmt"/>
          <line num="859" count="0" type="stmt"/>
          <line num="861" count="0" type="stmt"/>
          <line num="862" count="0" type="stmt"/>
          <line num="867" count="0" type="stmt"/>
          <line num="868" count="0" type="stmt"/>
          <line num="869" count="0" type="stmt"/>
          <line num="870" count="0" type="stmt"/>
          <line num="871" count="0" type="stmt"/>
          <line num="872" count="0" type="stmt"/>
          <line num="896" count="0" type="stmt"/>
          <line num="897" count="0" type="stmt"/>
          <line num="899" count="0" type="stmt"/>
          <line num="905" count="0" type="stmt"/>
          <line num="906" count="0" type="stmt"/>
          <line num="916" count="0" type="stmt"/>
          <line num="917" count="0" type="stmt"/>
          <line num="930" count="0" type="stmt"/>
          <line num="932" count="0" type="stmt"/>
          <line num="936" count="0" type="stmt"/>
          <line num="962" count="0" type="stmt"/>
          <line num="979" count="0" type="stmt"/>
          <line num="980" count="0" type="stmt"/>
          <line num="995" count="0" type="stmt"/>
          <line num="996" count="0" type="stmt"/>
          <line num="1009" count="0" type="cond" truecount="0" falsecount="2"/>
          <line num="1015" count="0" type="stmt"/>
          <line num="1017" count="0" type="stmt"/>
          <line num="1018" count="0" type="stmt"/>
          <line num="1019" count="0" type="stmt"/>
          <line num="1020" count="0" type="stmt"/>
          <line num="1021" count="0" type="stmt"/>
          <line num="1022" count="0" type="stmt"/>
          <line num="1082" count="0" type="stmt"/>
          <line num="1097" count="0" type="stmt"/>
          <line num="1098" count="0" type="cond" truecount="0" falsecount="2"/>
          <line num="1108" count="0" type="cond" truecount="0" falsecount="2"/>
          <line num="1109" count="0" type="stmt"/>
          <line num="1110" count="0" type="stmt"/>
          <line num="1129" count="0" type="cond" truecount="0" falsecount="2"/>
          <line num="1130" count="0" type="stmt"/>
          <line num="1145" count="0" type="cond" truecount="0" falsecount="2"/>
          <line num="1146" count="0" type="stmt"/>
          <line num="1161" count="0" type="cond" truecount="0" falsecount="2"/>
          <line num="1162" count="0" type="stmt"/>
          <line num="1182" count="0" type="cond" truecount="0" falsecount="2"/>
          <line num="1183" count="0" type="stmt"/>
          <line num="1245" count="0" type="stmt"/>
          <line num="1280" count="0" type="stmt"/>
          <line num="1281" count="0" type="stmt"/>
          <line num="1282" count="0" type="stmt"/>
          <line num="1295" count="0" type="stmt"/>
          <line num="1296" count="0" type="stmt"/>
          <line num="1354" count="0" type="stmt"/>
          <line num="1355" count="0" type="stmt"/>
          <line num="1372" count="0" type="stmt"/>
          <line num="1398" count="0" type="stmt"/>
          <line num="1399" count="0" type="stmt"/>
          <line num="1400" count="0" type="stmt"/>
          <line num="1459" count="0" type="stmt"/>
          <line num="1460" count="0" type="stmt"/>
          <line num="1461" count="0" type="stmt"/>
          <line num="1462" count="0" type="stmt"/>
          <line num="1518" count="0" type="stmt"/>
        </file>
        <file name="Siderbar.js" path="/Users/given/Desktop/Code/React/Short-Courses/frontend/src/components/Siderbar.js">
          <metrics statements="92" coveredstatements="0" conditionals="18" coveredconditionals="0" methods="17" coveredmethods="0"/>
          <line num="1" count="0" type="stmt"/>
          <line num="3" count="0" type="stmt"/>
          <line num="4" count="0" type="stmt"/>
          <line num="5" count="0" type="stmt"/>
          <line num="6" count="0" type="stmt"/>
          <line num="7" count="0" type="stmt"/>
          <line num="9" count="0" type="stmt"/>
          <line num="10" count="0" type="stmt"/>
          <line num="11" count="0" type="stmt"/>
          <line num="12" count="0" type="stmt"/>
          <line num="13" count="0" type="stmt"/>
          <line num="22" count="0" type="stmt"/>
          <line num="23" count="0" type="stmt"/>
          <line num="24" count="0" type="stmt"/>
          <line num="25" count="0" type="stmt"/>
          <line num="28" count="0" type="stmt"/>
          <line num="46" count="0" type="stmt"/>
          <line num="52" count="0" type="stmt"/>
          <line num="60" count="0" type="stmt"/>
          <line num="68" count="0" type="stmt"/>
          <line num="76" count="0" type="cond" truecount="0" falsecount="2"/>
          <line num="80" count="0" type="stmt"/>
          <line num="84" count="0" type="stmt"/>
          <line num="97" count="0" type="stmt"/>
          <line num="109" count="0" type="stmt"/>
          <line num="110" count="0" type="stmt"/>
          <line num="111" count="0" type="stmt"/>
          <line num="112" count="0" type="stmt"/>
          <line num="113" count="0" type="stmt"/>
          <line num="114" count="0" type="stmt"/>
          <line num="115" count="0" type="stmt"/>
          <line num="116" count="0" type="stmt"/>
          <line num="117" count="0" type="stmt"/>
          <line num="118" count="0" type="stmt"/>
          <line num="122" count="0" type="stmt"/>
          <line num="125" count="0" type="stmt"/>
          <line num="126" count="0" type="stmt"/>
          <line num="127" count="0" type="stmt"/>
          <line num="129" count="0" type="stmt"/>
          <line num="130" count="0" type="stmt"/>
          <line num="131" count="0" type="stmt"/>
          <line num="132" count="0" type="stmt"/>
          <line num="133" count="0" type="stmt"/>
          <line num="134" count="0" type="stmt"/>
          <line num="135" count="0" type="stmt"/>
          <line num="136" count="0" type="stmt"/>
          <line num="138" count="0" type="stmt"/>
          <line num="139" count="0" type="stmt"/>
          <line num="141" count="0" type="stmt"/>
          <line num="142" count="0" type="stmt"/>
          <line num="143" count="0" type="stmt"/>
          <line num="144" count="0" type="stmt"/>
          <line num="145" count="0" type="stmt"/>
          <line num="149" count="0" type="cond" truecount="0" falsecount="2"/>
          <line num="150" count="0" type="stmt"/>
          <line num="152" count="0" type="stmt"/>
          <line num="155" count="0" type="stmt"/>
          <line num="158" count="0" type="stmt"/>
          <line num="165" count="0" type="stmt"/>
          <line num="168" count="0" type="stmt"/>
          <line num="174" count="0" type="stmt"/>
          <line num="178" count="0" type="stmt"/>
          <line num="179" count="0" type="stmt"/>
          <line num="180" count="0" type="stmt"/>
          <line num="187" count="0" type="stmt"/>
          <line num="195" count="0" type="stmt"/>
          <line num="196" count="0" type="stmt"/>
          <line num="198" count="0" type="stmt"/>
          <line num="200" count="0" type="stmt"/>
          <line num="201" count="0" type="stmt"/>
          <line num="203" count="0" type="stmt"/>
          <line num="206" count="0" type="stmt"/>
          <line num="214" count="0" type="stmt"/>
          <line num="217" count="0" type="stmt"/>
          <line num="218" count="0" type="stmt"/>
          <line num="220" count="0" type="stmt"/>
          <line num="226" count="0" type="stmt"/>
          <line num="230" count="0" type="stmt"/>
          <line num="236" count="0" type="stmt"/>
          <line num="240" count="0" type="stmt"/>
          <line num="256" count="0" type="cond" truecount="0" falsecount="2"/>
          <line num="257" count="0" type="stmt"/>
          <line num="258" count="0" type="stmt"/>
          <line num="276" count="0" type="cond" truecount="0" falsecount="2"/>
          <line num="278" count="0" type="stmt"/>
          <line num="297" count="0" type="cond" truecount="0" falsecount="2"/>
          <line num="299" count="0" type="stmt"/>
          <line num="318" count="0" type="cond" truecount="0" falsecount="2"/>
          <line num="319" count="0" type="stmt"/>
          <line num="337" count="0" type="cond" truecount="0" falsecount="2"/>
          <line num="338" count="0" type="stmt"/>
          <line num="365" count="0" type="stmt"/>
        </file>
        <file name="Signup.jsx" path="/Users/given/Desktop/Code/React/Short-Courses/frontend/src/components/Signup.jsx">
          <metrics statements="16" coveredstatements="0" conditionals="12" coveredconditionals="0" methods="4" coveredmethods="0"/>
          <line num="1" count="0" type="stmt"/>
          <line num="2" count="0" type="stmt"/>
          <line num="4" count="0" type="stmt"/>
          <line num="5" count="0" type="stmt"/>
          <line num="12" count="0" type="stmt"/>
          <line num="13" count="0" type="stmt"/>
          <line num="15" count="0" type="stmt"/>
          <line num="16" count="0" type="stmt"/>
          <line num="21" count="0" type="stmt"/>
          <line num="22" count="0" type="stmt"/>
          <line num="23" count="0" type="stmt"/>
          <line num="24" count="0" type="stmt"/>
          <line num="28" count="0" type="stmt"/>
          <line num="29" count="0" type="cond" truecount="0" falsecount="4"/>
          <line num="30" count="0" type="stmt"/>
          <line num="35" count="0" type="stmt"/>
        </file>
        <file name="Signupp.jsx" path="/Users/given/Desktop/Code/React/Short-Courses/frontend/src/components/Signupp.jsx">
          <metrics statements="26" coveredstatements="0" conditionals="2" coveredconditionals="0" methods="6" coveredmethods="0"/>
          <line num="1" count="0" type="stmt"/>
          <line num="2" count="0" type="stmt"/>
          <line num="3" count="0" type="stmt"/>
          <line num="4" count="0" type="stmt"/>
          <line num="5" count="0" type="stmt"/>
          <line num="6" count="0" type="stmt"/>
          <line num="7" count="0" type="stmt"/>
          <line num="8" count="0" type="stmt"/>
          <line num="14" count="0" type="stmt"/>
          <line num="18" count="0" type="stmt"/>
          <line num="24" count="0" type="stmt"/>
          <line num="35" count="0" type="stmt"/>
          <line num="37" count="0" type="stmt"/>
          <line num="47" count="0" type="stmt"/>
          <line num="48" count="0" type="stmt"/>
          <line num="49" count="0" type="stmt"/>
          <line num="50" count="0" type="stmt"/>
          <line num="52" count="0" type="stmt"/>
          <line num="58" count="0" type="stmt"/>
          <line num="60" count="0" type="stmt"/>
          <line num="63" count="0" type="stmt"/>
          <line num="66" count="0" type="stmt"/>
          <line num="73" count="0" type="stmt"/>
          <line num="80" count="0" type="stmt"/>
          <line num="90" count="0" type="stmt"/>
          <line num="99" count="0" type="stmt"/>
        </file>
        <file name="SlideCard.jsx" path="/Users/given/Desktop/Code/React/Short-Courses/frontend/src/components/SlideCard.jsx">
          <metrics statements="8" coveredstatements="1" conditionals="0" coveredconditionals="0" methods="4" coveredmethods="0"/>
          <line num="7" count="1" type="stmt"/>
          <line num="8" count="0" type="stmt"/>
          <line num="13" count="0" type="stmt"/>
          <line num="15" count="0" type="stmt"/>
          <line num="16" count="0" type="stmt"/>
          <line num="19" count="0" type="stmt"/>
          <line num="20" count="0" type="stmt"/>
          <line num="26" count="0" type="stmt"/>
        </file>
        <file name="Submenu.js" path="/Users/given/Desktop/Code/React/Short-Courses/frontend/src/components/Submenu.js">
          <metrics statements="18" coveredstatements="0" conditionals="10" coveredconditionals="0" methods="5" coveredmethods="0"/>
          <line num="1" count="0" type="stmt"/>
          <line num="2" count="0" type="stmt"/>
          <line num="3" count="0" type="stmt"/>
          <line num="4" count="0" type="stmt"/>
          <line num="5" count="0" type="stmt"/>
          <line num="8" count="0" type="stmt"/>
          <line num="10" count="0" type="stmt"/>
          <line num="11" count="0" type="stmt"/>
          <line num="12" count="0" type="stmt"/>
          <line num="16" count="0" type="stmt"/>
          <line num="34" count="0" type="stmt"/>
          <line num="39" count="0" type="stmt"/>
          <line num="55" count="0" type="stmt"/>
          <line num="56" count="0" type="stmt"/>
          <line num="57" count="0" type="stmt"/>
          <line num="72" count="0" type="stmt"/>
          <line num="76" count="0" type="stmt"/>
          <line num="77" count="0" type="stmt"/>
        </file>
        <file name="Validation.jsx" path="/Users/given/Desktop/Code/React/Short-Courses/frontend/src/components/Validation.jsx">
          <metrics statements="17" coveredstatements="0" conditionals="14" coveredconditionals="0" methods="1" coveredmethods="0"/>
          <line num="1" count="0" type="stmt"/>
          <line num="3" count="0" type="stmt"/>
          <line num="5" count="0" type="cond" truecount="0" falsecount="2"/>
          <line num="6" count="0" type="stmt"/>
          <line num="8" count="0" type="cond" truecount="0" falsecount="2"/>
          <line num="9" count="0" type="stmt"/>
          <line num="10" count="0" type="cond" truecount="0" falsecount="2"/>
          <line num="11" count="0" type="stmt"/>
          <line num="13" count="0" type="cond" truecount="0" falsecount="2"/>
          <line num="14" count="0" type="stmt"/>
          <line num="15" count="0" type="cond" truecount="0" falsecount="2"/>
          <line num="16" count="0" type="stmt"/>
          <line num="18" count="0" type="cond" truecount="0" falsecount="2"/>
          <line num="19" count="0" type="stmt"/>
          <line num="20" count="0" type="cond" truecount="0" falsecount="2"/>
          <line num="21" count="0" type="stmt"/>
          <line num="24" count="0" type="stmt"/>
        </file>
        <file name="ViewSlides.jsx" path="/Users/given/Desktop/Code/React/Short-Courses/frontend/src/components/ViewSlides.jsx">
          <metrics statements="31" coveredstatements="6" conditionals="6" coveredconditionals="0" methods="8" coveredmethods="0"/>
          <line num="16" count="0" type="stmt"/>
          <line num="18" count="0" type="stmt"/>
          <line num="19" count="0" type="stmt"/>
          <line num="20" count="0" type="stmt"/>
          <line num="21" count="0" type="stmt"/>
          <line num="24" count="0" type="stmt"/>
          <line num="25" count="0" type="stmt"/>
          <line num="26" count="0" type="stmt"/>
          <line num="27" count="0" type="stmt"/>
          <line num="31" count="0" type="stmt"/>
          <line num="32" count="0" type="stmt"/>
          <line num="35" count="0" type="stmt"/>
          <line num="36" count="0" type="stmt"/>
          <line num="37" count="0" type="stmt"/>
          <line num="48" count="0" type="stmt"/>
          <line num="49" count="0" type="stmt"/>
          <line num="50" count="0" type="stmt"/>
          <line num="55" count="0" type="stmt"/>
          <line num="56" count="0" type="stmt"/>
          <line num="59" count="0" type="stmt"/>
          <line num="60" count="0" type="stmt"/>
          <line num="63" count="0" type="stmt"/>
          <line num="64" count="0" type="stmt"/>
          <line num="67" count="0" type="stmt"/>
          <line num="69" count="0" type="stmt"/>
          <line num="109" count="1" type="stmt"/>
          <line num="118" count="1" type="stmt"/>
          <line num="132" count="1" type="stmt"/>
          <line num="137" count="1" type="stmt"/>
          <line num="144" count="1" type="stmt"/>
          <line num="151" count="1" type="stmt"/>
        </file>
        <file name="api.js" path="/Users/given/Desktop/Code/React/Short-Courses/frontend/src/components/api.js">
          <metrics statements="8" coveredstatements="0" conditionals="1" coveredconditionals="0" methods="4" coveredmethods="0"/>
          <line num="1" count="0" type="stmt"/>
          <line num="2" count="0" type="stmt"/>
          <line num="38" count="0" type="cond" truecount="0" falsecount="1"/>
          <line num="39" count="0" type="stmt"/>
          <line num="49" count="0" type="stmt"/>
          <line num="50" count="0" type="stmt"/>
          <line num="53" count="0" type="stmt"/>
          <line num="54" count="0" type="stmt"/>
        </file>
        <file name="cardView.js" path="/Users/given/Desktop/Code/React/Short-Courses/frontend/src/components/cardView.js">
          <metrics statements="47" coveredstatements="26" conditionals="6" coveredconditionals="2" methods="14" coveredmethods="5"/>
          <line num="31" count="1" type="stmt"/>
          <line num="32" count="1" type="stmt"/>
          <line num="33" count="1" type="stmt"/>
          <line num="34" count="1" type="stmt"/>
          <line num="36" count="1" type="stmt"/>
          <line num="37" count="1" type="stmt"/>
          <line num="38" count="1" type="stmt"/>
          <line num="39" count="0" type="stmt"/>
          <line num="41" count="1" type="stmt"/>
          <line num="44" count="1" type="stmt"/>
          <line num="45" count="0" type="stmt"/>
          <line num="46" count="0" type="stmt"/>
          <line num="47" count="0" type="stmt"/>
          <line num="51" count="1" type="stmt"/>
          <line num="52" count="1" type="stmt"/>
          <line num="53" count="1" type="stmt"/>
          <line num="54" count="1" type="stmt"/>
          <line num="55" count="1" type="stmt"/>
          <line num="56" count="1" type="stmt"/>
          <line num="58" count="1" type="stmt"/>
          <line num="59" count="0" type="stmt"/>
          <line num="60" count="0" type="stmt"/>
          <line num="62" count="0" type="stmt"/>
          <line num="65" count="0" type="stmt"/>
          <line num="66" count="0" type="stmt"/>
          <line num="67" count="0" type="stmt"/>
          <line num="72" count="0" type="stmt"/>
          <line num="73" count="0" type="stmt"/>
          <line num="78" count="1" type="stmt"/>
          <line num="79" count="1" type="cond" truecount="1" falsecount="1"/>
          <line num="80" count="0" type="stmt"/>
          <line num="82" count="1" type="stmt"/>
          <line num="83" count="1" type="stmt"/>
          <line num="86" count="0" type="stmt"/>
          <line num="92" count="1" type="stmt"/>
          <line num="93" count="1" type="cond" truecount="1" falsecount="1"/>
          <line num="94" count="0" type="stmt"/>
          <line num="96" count="1" type="stmt"/>
          <line num="97" count="1" type="stmt"/>
          <line num="100" count="0" type="stmt"/>
          <line num="107" count="1" type="stmt"/>
          <line num="108" count="0" type="stmt"/>
          <line num="112" count="0" type="cond" truecount="0" falsecount="2"/>
          <line num="113" count="0" type="stmt"/>
          <line num="114" count="0" type="stmt"/>
          <line num="122" count="0" type="stmt"/>
          <line num="126" count="1" type="stmt"/>
        </file>
        <file name="firebase-config.jsx" path="/Users/given/Desktop/Code/React/Short-Courses/frontend/src/components/firebase-config.jsx">
          <metrics statements="4" coveredstatements="4" conditionals="0" coveredconditionals="0" methods="0" coveredmethods="0"/>
          <line num="17" count="11" type="stmt"/>
          <line num="28" count="11" type="stmt"/>
          <line num="30" count="11" type="stmt"/>
          <line num="31" count="11" type="stmt"/>
        </file>
        <file name="home.js" path="/Users/given/Desktop/Code/React/Short-Courses/frontend/src/components/home.js">
          <metrics statements="1" coveredstatements="1" conditionals="0" coveredconditionals="0" methods="1" coveredmethods="1"/>
          <line num="7" count="1" type="stmt"/>
        </file>
        <file name="navigation.js" path="/Users/given/Desktop/Code/React/Short-Courses/frontend/src/components/navigation.js">
          <metrics statements="10" coveredstatements="6" conditionals="4" coveredconditionals="2" methods="5" coveredmethods="1"/>
          <line num="22" count="3" type="stmt"/>
          <line num="23" count="3" type="stmt"/>
          <line num="24" count="3" type="stmt"/>
          <line num="25" count="3" type="stmt"/>
          <line num="26" count="3" type="stmt"/>
          <line num="28" count="3" type="stmt"/>
          <line num="54" count="0" type="stmt"/>
          <line num="65" count="0" type="stmt"/>
          <line num="81" count="0" type="stmt"/>
          <line num="88" count="0" type="stmt"/>
        </file>
        <file name="profile.js" path="/Users/given/Desktop/Code/React/Short-Courses/frontend/src/components/profile.js">
          <metrics statements="19" coveredstatements="15" conditionals="0" coveredconditionals="0" methods="7" coveredmethods="3"/>
          <line num="9" count="12" type="stmt"/>
          <line num="10" count="12" type="stmt"/>
          <line num="11" count="12" type="stmt"/>
          <line num="12" count="12" type="stmt"/>
          <line num="13" count="0" type="stmt"/>
          <line num="15" count="12" type="stmt"/>
          <line num="16" count="0" type="stmt"/>
          <line num="19" count="12" type="stmt"/>
          <line num="21" count="12" type="stmt"/>
          <line num="22" count="12" type="stmt"/>
          <line num="23" count="6" type="stmt"/>
          <line num="24" count="6" type="stmt"/>
          <line num="25" count="6" type="stmt"/>
          <line num="28" count="6" type="stmt"/>
          <line num="29" count="6" type="stmt"/>
          <line num="37" count="12" type="stmt"/>
          <line num="38" count="0" type="stmt"/>
          <line num="44" count="12" type="stmt"/>
          <line num="60" count="0" type="stmt"/>
        </file>
        <file name="slideView.js" path="/Users/given/Desktop/Code/React/Short-Courses/frontend/src/components/slideView.js">
          <metrics statements="7" coveredstatements="0" conditionals="2" coveredconditionals="0" methods="3" coveredmethods="0"/>
          <line num="1" count="0" type="stmt"/>
          <line num="3" count="0" type="stmt"/>
          <line num="4" count="0" type="stmt"/>
          <line num="5" count="0" type="stmt"/>
          <line num="7" count="0" type="stmt"/>
          <line num="8" count="0" type="stmt"/>
          <line num="12" count="0" type="stmt"/>
        </file>
        <file name="someComp.jsx" path="/Users/given/Desktop/Code/React/Short-Courses/frontend/src/components/someComp.jsx">
          <metrics statements="2" coveredstatements="0" conditionals="0" coveredconditionals="0" methods="1" coveredmethods="0"/>
          <line num="1" count="0" type="stmt"/>
          <line num="4" count="0" type="stmt"/>
        </file>
      </package>
      <package name="src.components.AboutCourse">
        <metrics statements="40" coveredstatements="36" conditionals="6" coveredconditionals="5" methods="9" coveredmethods="5"/>
        <file name="AboutCourseDialog.jsx" path="/Users/given/Desktop/Code/React/Short-Courses/frontend/src/components/AboutCourse/AboutCourseDialog.jsx">
          <metrics statements="6" coveredstatements="5" conditionals="0" coveredconditionals="0" methods="2" coveredmethods="1"/>
          <line num="7" count="5" type="stmt"/>
          <line num="8" count="1" type="stmt"/>
          <line num="9" count="1" type="stmt"/>
          <line num="11" count="1" type="stmt"/>
          <line num="12" count="0" type="stmt"/>
          <line num="15" count="1" type="stmt"/>
        </file>
        <file name="DisplayOutcomes.jsx" path="/Users/given/Desktop/Code/React/Short-Courses/frontend/src/components/AboutCourse/DisplayOutcomes.jsx">
[...]
          <line num="14" count="3" type="stmt"/>
          <line num="15" count="3" type="stmt"/>
          <line num="16" count="3" type="stmt"/>
          <line num="18" count="3" type="stmt"/>
          <line num="19" count="3" type="stmt"/>
          <line num="20" count="3" type="stmt"/>
          <line num="21" count="3" type="stmt"/>
          <line num="22" count="0" type="stmt"/>
          <line num="24" count="0" type="cond" truecount="0" falsecount="2"/>
          <line num="25" count="0" type="stmt"/>
          <line num="26" count="0" type="stmt"/>
          <line num="27" count="0" type="stmt"/>
          <line num="28" count="0" type="stmt"/>
          <line num="30" count="0" type="stmt"/>
          <line num="34" count="3" type="stmt"/>
          <line num="38" count="3" type="cond" truecount="1" falsecount="1"/>
          <line num="39" count="3" type="stmt"/>
          <line num="53" count="0" type="cond" truecount="0" falsecount="2"/>
          <line num="54" count="0" type="stmt"/>
          <line num="95" count="0" type="cond" truecount="0" falsecount="2"/>
          <line num="96" count="0" type="stmt"/>
          <line num="119" count="2" type="stmt"/>
          <line num="131" count="2" type="stmt"/>
          <line num="139" count="2" type="stmt"/>
          <line num="154" count="2" type="stmt"/>
        </file>
        <file name="Skills.jsx" path="/Users/given/Desktop/Code/React/Short-Courses/frontend/src/components/myProfile/ExtPerTest/Skills.jsx">
          <metrics statements="19" coveredstatements="12" conditionals="4" coveredconditionals="2" methods="4" coveredmethods="1"/>
          <line num="9" count="4" type="stmt"/>
          <line num="10" count="11" type="stmt"/>
          <line num="12" count="11" type="stmt"/>
          <line num="13" count="11" type="stmt"/>
          <line num="15" count="11" type="stmt"/>
          <line num="17" count="0" type="stmt"/>
          <line num="18" count="0" type="stmt"/>
          <line num="22" count="11" type="stmt"/>
          <line num="23" count="0" type="stmt"/>
          <line num="25" count="0" type="cond" truecount="0" falsecount="2"/>
          <line num="26" count="0" type="stmt"/>
          <line num="27" count="0" type="stmt"/>
          <line num="32" count="11" type="cond" truecount="2" falsecount="0"/>
          <line num="33" count="2" type="stmt"/>
          <line num="42" count="0" type="stmt"/>
          <line num="49" count="9" type="stmt"/>
          <line num="61" count="4" type="stmt"/>
          <line num="67" count="4" type="stmt"/>
          <line num="73" count="4" type="stmt"/>
        </file>
        <file name="ViewSkills.jsx" path="/Users/given/Desktop/Code/React/Short-Courses/frontend/src/components/myProfile/ExtPerTest/ViewSkills.jsx">
          <metrics statements="4" coveredstatements="3" conditionals="0" coveredconditionals="0" methods="1" coveredmethods="0"/>
          <line num="4" count="4" type="stmt"/>
          <line num="5" count="0" type="stmt"/>
          <line num="17" count="4" type="stmt"/>
          <line num="29" count="4" type="stmt"/>
        </file>
        <file name="Views.jsx" path="/Users/given/Desktop/Code/React/Short-Courses/frontend/src/components/myProfile/ExtPerTest/Views.jsx">
          <metrics statements="21" coveredstatements="13" conditionals="16" coveredconditionals="11" methods="5" coveredmethods="1"/>
          <line num="7" count="4" type="stmt"/>
          <line num="8" count="36" type="cond" truecount="2" falsecount="0"/>
          <line num="9" count="9" type="cond" truecount="1" falsecount="1"/>
          <line num="10" count="0" type="stmt"/>
          <line num="12" count="9" type="stmt"/>
          <line num="15" count="0" type="stmt"/>
          <line num="22" count="27" type="cond" truecount="2" falsecount="0"/>
          <line num="23" count="9" type="cond" truecount="1" falsecount="1"/>
          <line num="24" count="0" type="stmt"/>
          <line num="27" count="9" type="stmt"/>
          <line num="30" count="0" type="stmt"/>
          <line num="38" count="18" type="cond" truecount="2" falsecount="0"/>
          <line num="39" count="9" type="cond" truecount="1" falsecount="1"/>
          <line num="40" count="0" type="stmt"/>
          <line num="42" count="9" type="stmt"/>
          <line num="45" count="0" type="stmt"/>
          <line num="52" count="9" type="cond" truecount="1" falsecount="1"/>
          <line num="53" count="9" type="cond" truecount="1" falsecount="1"/>
          <line num="54" count="0" type="stmt"/>
          <line num="56" count="9" type="stmt"/>
          <line num="59" count="0" type="stmt"/>
        </file>
        <file name="Work.jsx" path="/Users/given/Desktop/Code/React/Short-Courses/frontend/src/components/myProfile/ExtPerTest/Work.jsx">
          <metrics statements="27" coveredstatements="14" conditionals="7" coveredconditionals="2" methods="7" coveredmethods="1"/>
          <line num="9" count="4" type="stmt"/>
          <line num="10" count="11" type="stmt"/>
          <line num="11" count="11" type="stmt"/>
          <line num="12" count="11" type="stmt"/>
          <line num="13" count="11" type="stmt"/>
          <line num="14" count="11" type="stmt"/>
          <line num="16" count="11" type="stmt"/>
          <line num="17" count="0" type="stmt"/>
          <line num="18" count="0" type="stmt"/>
          <line num="22" count="11" type="stmt"/>
          <line num="23" count="0" type="stmt"/>
          <line num="25" count="0" type="cond" truecount="0" falsecount="5"/>
          <line num="26" count="0" type="stmt"/>
          <line num="27" count="0" type="stmt"/>
          <line num="28" count="0" type="stmt"/>
          <line num="29" count="0" type="stmt"/>
          <line num="30" count="0" type="stmt"/>
          <line num="34" count="11" type="cond" truecount="2" falsecount="0"/>
          <line num="35" count="2" type="stmt"/>
          <line num="43" count="0" type="stmt"/>
          <line num="49" count="0" type="stmt"/>
          <line num="55" count="0" type="stmt"/>
          <line num="61" count="0" type="stmt"/>
          <line num="70" count="9" type="stmt"/>
          <line num="80" count="4" type="stmt"/>
          <line num="86" count="4" type="stmt"/>
          <line num="94" count="4" type="stmt"/>
        </file>
        <file name="WorkView.jsx" path="/Users/given/Desktop/Code/React/Short-Courses/frontend/src/components/myProfile/ExtPerTest/WorkView.jsx">
          <metrics statements="4" coveredstatements="3" conditionals="0" coveredconditionals="0" methods="1" coveredmethods="0"/>
          <line num="4" count="4" type="stmt"/>
          <line num="5" count="0" type="stmt"/>
          <line num="19" count="4" type="stmt"/>
          <line num="31" count="4" type="stmt"/>
        </file>
      </package>
      <package name="src.components.myProfile.utils">
        <metrics statements="72" coveredstatements="45" conditionals="9" coveredconditionals="6" methods="15" coveredmethods="8"/>
        <file name="Action.jsx" path="/Users/given/Desktop/Code/React/Short-Courses/frontend/src/components/myProfile/utils/Action.jsx">
          <metrics statements="11" coveredstatements="0" conditionals="3" coveredconditionals="0" methods="2" coveredmethods="0"/>
          <line num="1" count="0" type="stmt"/>
          <line num="2" count="0" type="stmt"/>
          <line num="4" count="0" type="stmt"/>
          <line num="6" count="0" type="stmt"/>
          <line num="7" count="0" type="stmt"/>
          <line num="9" count="0" type="stmt"/>
          <line num="10" count="0" type="stmt"/>
          <line num="12" count="0" type="stmt"/>
          <line num="13" count="0" type="stmt"/>
          <line num="19" count="0" type="stmt"/>
          <line num="30" count="0" type="stmt"/>
        </file>
        <file name="CommentHelper.jsx" path="/Users/given/Desktop/Code/React/Short-Courses/frontend/src/components/myProfile/utils/CommentHelper.jsx">
          <metrics statements="5" coveredstatements="4" conditionals="0" coveredconditionals="0" methods="1" coveredmethods="0"/>
          <line num="4" count="2" type="stmt"/>
          <line num="5" count="0" type="stmt"/>
          <line num="23" count="2" type="stmt"/>
          <line num="40" count="2" type="stmt"/>
          <line num="48" count="2" type="stmt"/>
        </file>
        <file name="CourseHelper.jsx" path="/Users/given/Desktop/Code/React/Short-Courses/frontend/src/components/myProfile/utils/CourseHelper.jsx">
          <metrics statements="10" coveredstatements="4" conditionals="0" coveredconditionals="0" methods="2" coveredmethods="0"/>
          <line num="5" count="2" type="stmt"/>
          <line num="6" count="0" type="stmt"/>
          <line num="7" count="0" type="stmt"/>
          <line num="9" count="0" type="stmt"/>
          <line num="10" count="0" type="stmt"/>
          <line num="13" count="0" type="stmt"/>
          <line num="15" count="0" type="stmt"/>
          <line num="28" count="2" type="stmt"/>
          <line num="42" count="2" type="stmt"/>
          <line num="51" count="2" type="stmt"/>
        </file>
        <file name="FilterComments.js" path="/Users/given/Desktop/Code/React/Short-Courses/frontend/src/components/myProfile/utils/FilterComments.js">
          <metrics statements="15" coveredstatements="15" conditionals="2" coveredconditionals="2" methods="3" coveredmethods="3"/>
          <line num="5" count="11" type="stmt"/>
          <line num="6" count="18" type="cond" truecount="2" falsecount="0"/>
          <line num="7" count="4" type="stmt"/>
          <line num="8" count="4" type="stmt"/>
          <line num="9" count="4" type="stmt"/>
          <line num="13" count="11" type="stmt"/>
          <line num="14" count="11" type="stmt"/>
          <line num="18" count="11" type="stmt"/>
          <line num="19" count="6" type="stmt"/>
          <line num="20" count="6" type="stmt"/>
          <line num="21" count="6" type="stmt"/>
          <line num="22" count="6" type="stmt"/>
          <line num="24" count="6" type="stmt"/>
          <line num="29" count="6" type="stmt"/>
          <line num="34" count="11" type="stmt"/>
        </file>
        <file name="FilterCourses.js" path="/Users/given/Desktop/Code/React/Short-Courses/frontend/src/components/myProfile/utils/FilterCourses.js">
          <metrics statements="14" coveredstatements="14" conditionals="2" coveredconditionals="2" methods="4" coveredmethods="4"/>
          <line num="9" count="11" type="stmt"/>
          <line num="10" count="11" type="stmt"/>
          <line num="11" count="20" type="cond" truecount="2" falsecount="0"/>
          <line num="12" count="5" type="stmt"/>
          <line num="13" count="5" type="stmt"/>
          <line num="14" count="5" type="stmt"/>
          <line num="18" count="11" type="stmt"/>
          <line num="19" count="11" type="stmt"/>
          <line num="23" count="11" type="stmt"/>
          <line num="24" count="10" type="stmt"/>
          <line num="25" count="10" type="stmt"/>
          <line num="27" count="10" type="stmt"/>
          <line num="32" count="10" type="stmt"/>
          <line num="37" count="11" type="stmt"/>
        </file>
        <file name="InfoCard.jsx" path="/Users/given/Desktop/Code/React/Short-Courses/frontend/src/components/myProfile/utils/InfoCard.jsx">
          <metrics statements="5" coveredstatements="0" conditionals="0" coveredconditionals="0" methods="1" coveredmethods="0"/>
          <line num="1" count="0" type="stmt"/>
          <line num="3" count="0" type="stmt"/>
          <line num="4" count="0" type="stmt"/>
          <line num="16" count="0" type="stmt"/>
          <line num="30" count="0" type="stmt"/>
        </file>
        <file name="NameTag.js" path="/Users/given/Desktop/Code/React/Short-Courses/frontend/src/components/myProfile/utils/NameTag.js">
          <metrics statements="8" coveredstatements="8" conditionals="2" coveredconditionals="2" methods="1" coveredmethods="1"/>
          <line num="3" count="4" type="stmt"/>
          <line num="4" count="4" type="stmt"/>
          <line num="5" count="4" type="cond" truecount="2" falsecount="0"/>
          <line num="6" count="2" type="stmt"/>
          <line num="7" count="4" type="stmt"/>
          <line num="9" count="2" type="stmt"/>
          <line num="11" count="2" type="stmt"/>
          <line num="12" count="2" type="stmt"/>
        </file>
        <file name="Scroller.js" path="/Users/given/Desktop/Code/React/Short-Courses/frontend/src/components/myProfile/utils/Scroller.js">
          <metrics statements="4" coveredstatements="0" conditionals="0" coveredconditionals="0" methods="1" coveredmethods="0"/>
          <line num="1" count="0" type="stmt"/>
          <line num="4" count="0" type="stmt"/>
          <line num="6" count="0" type="stmt"/>
          <line num="8" count="0" type="stmt"/>
        </file>
      </package>
      <package name="src.components.tags">
        <metrics statements="69" coveredstatements="16" conditionals="8" coveredconditionals="0" methods="17" coveredmethods="4"/>
        <file name="ListTags.jsx" path="/Users/given/Desktop/Code/React/Short-Courses/frontend/src/components/tags/ListTags.jsx">
          <metrics statements="4" coveredstatements="4" conditionals="0" coveredconditionals="0" methods="2" coveredmethods="2"/>
          <line num="4" count="6" type="stmt"/>
          <line num="5" count="1" type="stmt"/>
          <line num="8" count="2" type="stmt"/>
          <line num="18" count="6" type="stmt"/>
        </file>
        <file name="TagsDialog.jsx" path="/Users/given/Desktop/Code/React/Short-Courses/frontend/src/components/tags/TagsDialog.jsx">
          <metrics statements="29" coveredstatements="1" conditionals="0" coveredconditionals="0" methods="8" coveredmethods="0"/>
          <line num="23" count="5" type="stmt"/>
          <line num="24" count="0" type="stmt"/>
          <line num="25" count="0" type="stmt"/>
          <line num="26" count="0" type="stmt"/>
          <line num="28" count="0" type="stmt"/>
          <line num="29" count="0" type="stmt"/>
          <line num="30" count="0" type="stmt"/>
          <line num="32" count="0" type="stmt"/>
          <line num="33" count="0" type="stmt"/>
          <line num="34" count="0" type="stmt"/>
          <line num="35" count="0" type="stmt"/>
          <line num="37" count="0" type="stmt"/>
          <line num="41" count="0" type="stmt"/>
          <line num="42" count="0" type="stmt"/>
          <line num="43" count="0" type="stmt"/>
          <line num="49" count="0" type="stmt"/>
          <line num="50" count="0" type="stmt"/>
          <line num="55" count="0" type="stmt"/>
          <line num="56" count="0" type="stmt"/>
          <line num="58" count="0" type="stmt"/>
          <line num="59" count="0" type="stmt"/>
          <line num="62" count="0" type="stmt"/>
          <line num="63" count="0" type="stmt"/>
          <line num="65" count="0" type="stmt"/>
          <line num="66" count="0" type="stmt"/>
          <line num="67" count="0" type="stmt"/>
          <line num="68" count="0" type="stmt"/>
          <line num="70" count="0" type="stmt"/>
          <line num="73" count="0" type="stmt"/>
        </file>
        <file name="TagsInput.jsx" path="/Users/given/Desktop/Code/React/Short-Courses/frontend/src/components/tags/TagsInput.jsx">
          <metrics statements="20" coveredstatements="6" conditionals="8" coveredconditionals="0" methods="3" coveredmethods="1"/>
          <line num="6" count="6" type="stmt"/>
          <line num="7" count="1" type="stmt"/>
          <line num="9" count="1" type="stmt"/>
          <line num="10" count="0" type="stmt"/>
          <line num="13" count="1" type="stmt"/>
          <line num="14" count="0" type="cond" truecount="0" falsecount="2"/>
          <line num="15" count="0" type="stmt"/>
          <line num="16" count="0" type="cond" truecount="0" falsecount="2"/>
          <line num="17" count="0" type="stmt"/>
          <line num="19" count="0" type="stmt"/>
          <line num="22" count="0" type="stmt"/>
          <line num="23" count="0" type="stmt"/>
          <line num="24" count="0" type="cond" truecount="0" falsecount="2"/>
          <line num="26" count="0" type="stmt"/>
          <line num="27" count="0" type="stmt"/>
          <line num="30" count="0" type="cond" truecount="0" falsecount="2"/>
          <line num="31" count="0" type="stmt"/>
          <line num="33" count="0" type="stmt"/>
          <line num="37" count="1" type="stmt"/>
          <line num="59" count="6" type="stmt"/>
        </file>
        <file name="Useless.jsx" path="/Users/given/Desktop/Code/React/Short-Courses/frontend/src/components/tags/Useless.jsx">
          <metrics statements="10" coveredstatements="0" conditionals="0" coveredconditionals="0" methods="2" coveredmethods="0"/>
          <line num="1" count="0" type="stmt"/>
          <line num="2" count="0" type="stmt"/>
          <line num="3" count="0" type="stmt"/>
          <line num="6" count="0" type="stmt"/>
          <line num="7" count="0" type="stmt"/>
          <line num="8" count="0" type="stmt"/>
          <line num="10" count="0" type="stmt"/>
          <line num="11" count="0" type="stmt"/>
          <line num="12" count="0" type="stmt"/>
          <line num="18" count="0" type="stmt"/>
        </file>
        <file name="ViewTag.jsx" path="/Users/given/Desktop/Code/React/Short-Courses/frontend/src/components/tags/ViewTag.jsx">
          <metrics statements="6" coveredstatements="5" conditionals="0" coveredconditionals="0" methods="2" coveredmethods="1"/>
          <line num="5" count="6" type="stmt"/>
          <line num="7" count="2" type="stmt"/>
          <line num="9" count="0" type="stmt"/>
          <line num="11" count="2" type="stmt"/>
          <line num="23" count="6" type="stmt"/>
          <line num="32" count="6" type="stmt"/>
        </file>
      </package>
      <package name="src.components.tags.MicrosoftGraph">
        <metrics statements="21" coveredstatements="3" conditionals="6" coveredconditionals="0" methods="4" coveredmethods="0"/>
        <file name="authConfig.js" path="/Users/given/Desktop/Code/React/Short-Courses/frontend/src/components/tags/MicrosoftGraph/authConfig.js">
          <metrics statements="14" coveredstatements="3" conditionals="6" coveredconditionals="0" methods="1" coveredmethods="0"/>
          <line num="13" count="5" type="stmt"/>
          <line num="26" count="0" type="cond" truecount="0" falsecount="2"/>
          <line num="27" count="0" type="stmt"/>
          <line num="29" count="0" type="cond" truecount="0" falsecount="4"/>
          <line num="31" count="0" type="stmt"/>
          <line num="32" count="0" type="stmt"/>
          <line num="34" count="0" type="stmt"/>
          <line num="35" count="0" type="stmt"/>
          <line num="37" count="0" type="stmt"/>
          <line num="38" count="0" type="stmt"/>
          <line num="40" count="0" type="stmt"/>
          <line num="41" count="0" type="stmt"/>
          <line num="54" count="5" type="stmt"/>
          <line num="62" count="5" type="stmt"/>
        </file>
        <file name="graph.js" path="/Users/given/Desktop/Code/React/Short-Courses/frontend/src/components/tags/MicrosoftGraph/graph.js">
          <metrics statements="7" coveredstatements="0" conditionals="0" coveredconditionals="0" methods="3" coveredmethods="0"/>
          <line num="8" count="0" type="stmt"/>
          <line num="9" count="0" type="stmt"/>
          <line num="11" count="0" type="stmt"/>
          <line num="13" count="0" type="stmt"/>
          <line num="18" count="0" type="stmt"/>
          <line num="19" count="0" type="stmt"/>
          <line num="20" count="0" type="stmt"/>
        </file>
      </package>
    </metrics>
  </project>
</coverage>
