{"C:\\Holiday\\NewSDProject\\frontend\\src\\CheckBoxWithLabel.js": {"path":"C:\\Holiday\\NewSDProject\\frontend\\src\\CheckBoxWithLabel.js","statementMap":{"0":{"start":{"line":4,"column":36},"end":{"line":4,"column":51}},"1":{"start":{"line":6,"column":19},"end":{"line":8,"column":3}},"2":{"start":{"line":7,"column":4},"end":{"line":7,"column":29}},"3":{"start":{"line":10,"column":2},"end":{"line":15,"column":4}}},"fnMap":{"0":{"name":"CheckboxWithLabel","decl":{"start":{"line":3,"column":24},"end":{"line":3,"column":41}},"loc":{"start":{"line":3,"column":63},"end":{"line":16,"column":1}},"line":3},"1":{"name":"(anonymous_1)","decl":{"start":{"line":6,"column":19},"end":{"line":6,"column":20}},"loc":{"start":{"line":6,"column":25},"end":{"line":8,"column":3}},"line":6}},"branchMap":{"0":{"loc":{"start":{"line":13,"column":7},"end":{"line":13,"column":37}},"type":"cond-expr","locations":[{"start":{"line":13,"column":19},"end":{"line":13,"column":26}},{"start":{"line":13,"column":29},"end":{"line":13,"column":37}}],"line":13}},"s":{"0":2,"1":2,"2":1,"3":2},"f":{"0":2,"1":1},"b":{"0":[1,1]},"_coverageSchema":"1a1c01bbd47fc00a2c39e90264f33305004495a9","hash":"052455b2f017eea4b10637d4c4a98eca5171b4d6"}
,"C:\\Holiday\\NewSDProject\\frontend\\src\\dummy.jsx": {"path":"C:\\Holiday\\NewSDProject\\frontend\\src\\dummy.jsx","statementMap":{"0":{"start":{"line":4,"column":2},"end":{"line":6,"column":3}}},"fnMap":{"0":{"name":"dummy","decl":{"start":{"line":3,"column":9},"end":{"line":3,"column":14}},"loc":{"start":{"line":3,"column":17},"end":{"line":7,"column":1}},"line":3}},"branchMap":{},"s":{"0":1},"f":{"0":1},"b":{},"_coverageSchema":"1a1c01bbd47fc00a2c39e90264f33305004495a9","hash":"7ab44ff82d3287eae8dfc4cd569f66a6a8bd7e85"}
}
