{"C:\\Holiday\\NewSDProject\\frontend\\src\\App.js": {"path":"C:\\Holiday\\NewSDProject\\frontend\\src\\App.js","statementMap":{"0":{"start":{"line":1,"column":0},"end":{"line":null,"column":-1}},"1":{"start":{"line":2,"column":0},"end":{"line":null,"column":-1}},"2":{"start":{"line":3,"column":0},"end":{"line":null,"column":-1}},"3":{"start":{"line":4,"column":0},"end":{"line":null,"column":-1}},"4":{"start":{"line":5,"column":0},"end":{"line":null,"column":-1}},"5":{"start":{"line":6,"column":0},"end":{"line":null,"column":-1}},"6":{"start":{"line":7,"column":0},"end":{"line":null,"column":-1}},"7":{"start":{"line":8,"column":0},"end":{"line":null,"column":-1}},"8":{"start":{"line":9,"column":0},"end":{"line":null,"column":-1}},"9":{"start":{"line":10,"column":0},"end":{"line":null,"column":-1}},"10":{"start":{"line":11,"column":0},"end":{"line":null,"column":-1}},"11":{"start":{"line":12,"column":0},"end":{"line":null,"column":-1}},"12":{"start":{"line":13,"column":0},"end":{"line":null,"column":-1}},"13":{"start":{"line":14,"column":0},"end":{"line":null,"column":-1}},"14":{"start":{"line":15,"column":0},"end":{"line":null,"column":-1}},"15":{"start":{"line":16,"column":0},"end":{"line":null,"column":-1}},"16":{"start":{"line":17,"column":0},"end":{"line":null,"column":-1}},"17":{"start":{"line":18,"column":0},"end":{"line":null,"column":-1}},"18":{"start":{"line":19,"column":0},"end":{"line":null,"column":-1}},"19":{"start":{"line":24,"column":4},"end":{"line":null,"column":-1}}},"fnMap":{"0":{"name":"App","decl":{"start":{"line":23,"column":9},"end":{"line":23,"column":0}},"loc":{"start":{"line":23,"column":15},"end":{"line":57,"column":1}}}},"branchMap":{},"s":{"0":0,"1":0,"2":0,"3":0,"4":0,"5":0,"6":0,"7":0,"8":0,"9":0,"10":0,"11":0,"12":0,"13":0,"14":0,"15":0,"16":0,"17":0,"18":0,"19":0},"f":{"0":0},"b":{}}
,"C:\\Holiday\\NewSDProject\\frontend\\src\\CheckBoxWithLabel.js": {"path":"C:\\Holiday\\NewSDProject\\frontend\\src\\CheckBoxWithLabel.js","statementMap":{"0":{"start":{"line":1,"column":0},"end":{"line":null,"column":-1}},"1":{"start":{"line":4,"column":36},"end":{"line":3,"column":63}},"2":{"start":{"line":3,"column":63},"end":{"line":null,"column":-1}},"3":{"start":{"line":6,"column":19},"end":{"line":6,"column":2}},"4":{"start":{"line":7,"column":4},"end":{"line":null,"column":-1}},"5":{"start":{"line":10,"column":2},"end":{"line":null,"column":-1}}},"fnMap":{"0":{"name":"CheckboxWithLabel","decl":{"start":{"line":3,"column":24},"end":{"line":3,"column":15}},"loc":{"start":{"line":3,"column":63},"end":{"line":16,"column":1}}},"1":{"name":"(anonymous_1)","decl":{"start":{"line":6,"column":19},"end":{"line":6,"column":24}},"loc":{"start":{"line":6,"column":25},"end":{"line":6,"column":2}}}},"branchMap":{"0":{"loc":{"start":{"line":13,"column":19},"end":{"line":13,"column":16}},"type":"cond-expr","locations":[{"start":{"line":13,"column":19},"end":{"line":13,"column":16}},{"start":{"line":13,"column":29},"end":{"line":11,"column":4}}]}},"s":{"0":0,"1":0,"2":0,"3":0,"4":0,"5":0},"f":{"0":0,"1":0},"b":{"0":[0,0]}}
,"C:\\Holiday\\NewSDProject\\frontend\\src\\authConfig.js": {"path":"C:\\Holiday\\NewSDProject\\frontend\\src\\authConfig.js","statementMap":{"0":{"start":{"line":6,"column":0},"end":{"line":null,"column":-1}},"1":{"start":{"line":13,"column":26},"end":{"line":13,"column":7}},"2":{"start":{"line":26,"column":16},"end":{"line":28,"column":17}},"3":{"start":{"line":27,"column":20},"end":{"line":null,"column":-1}},"4":{"start":{"line":29,"column":16},"end":{"line":null,"column":-1}},"5":{"start":{"line":31,"column":24},"end":{"line":null,"column":-1}},"6":{"start":{"line":32,"column":24},"end":{"line":null,"column":-1}},"7":{"start":{"line":34,"column":24},"end":{"line":null,"column":-1}},"8":{"start":{"line":35,"column":24},"end":{"line":null,"column":-1}},"9":{"start":{"line":37,"column":24},"end":{"line":null,"column":-1}},"10":{"start":{"line":38,"column":24},"end":{"line":null,"column":-1}},"11":{"start":{"line":40,"column":24},"end":{"line":null,"column":-1}},"12":{"start":{"line":41,"column":24},"end":{"line":null,"column":-1}},"13":{"start":{"line":54,"column":28},"end":{"line":54,"column":7}},"14":{"start":{"line":62,"column":27},"end":{"line":62,"column":7}}},"fnMap":{"0":{"name":"(anonymous_0)","decl":{"start":{"line":25,"column":28},"end":{"line":25,"column":29}},"loc":{"start":{"line":25,"column":61},"end":{"line":43,"column":13}}}},"branchMap":{"0":{"loc":{"start":{"line":26,"column":16},"end":{"line":28,"column":17}},"type":"if","locations":[{"start":{"line":26,"column":16},"end":{"line":28,"column":17}},{"start":{"line":26,"column":16},"end":{"line":28,"column":17}}]},"1":{"loc":{"start":{"line":30,"column":20},"end":{"line":32,"column":24}},"type":"switch","locations":[{"start":{"line":30,"column":20},"end":{"line":32,"column":24}},{"start":{"line":33,"column":20},"end":{"line":35,"column":24}},{"start":{"line":36,"column":20},"end":{"line":38,"column":24}},{"start":{"line":39,"column":20},"end":{"line":41,"column":24}}]}},"s":{"0":0,"1":0,"2":0,"3":0,"4":0,"5":0,"6":0,"7":0,"8":0,"9":0,"10":0,"11":0,"12":0,"13":0,"14":0},"f":{"0":0},"b":{"0":[0,0],"1":[0,0,0,0]}}
,"C:\\Holiday\\NewSDProject\\frontend\\src\\dummy.jsx": {"path":"C:\\Holiday\\NewSDProject\\frontend\\src\\dummy.jsx","statementMap":{"0":{"start":{"line":1,"column":0},"end":{"line":null,"column":-1}},"1":{"start":{"line":4,"column":2},"end":{"line":null,"column":-1}}},"fnMap":{"0":{"name":"dummy","decl":{"start":{"line":3,"column":9},"end":{"line":3,"column":0}},"loc":{"start":{"line":3,"column":17},"end":{"line":7,"column":1}}}},"branchMap":{},"s":{"0":0,"1":0},"f":{"0":0},"b":{}}
,"C:\\Holiday\\NewSDProject\\frontend\\src\\graph.js": {"path":"C:\\Holiday\\NewSDProject\\frontend\\src\\graph.js","statementMap":{"0":{"start":{"line":1,"column":0},"end":{"line":null,"column":-1}},"1":{"start":{"line":8,"column":20},"end":{"line":8,"column":4}},"2":{"start":{"line":9,"column":20},"end":{"line":9,"column":4}},"3":{"start":{"line":11,"column":4},"end":{"line":null,"column":-1}},"4":{"start":{"line":13,"column":20},"end":{"line":13,"column":4}},"5":{"start":{"line":18,"column":4},"end":{"line":null,"column":-1}},"6":{"start":{"line":19,"column":26},"end":{"line":18,"column":11}},"7":{"start":{"line":20,"column":24},"end":{"line":18,"column":11}}},"fnMap":{"0":{"name":"callMsGraph","decl":{"start":{"line":7,"column":22},"end":{"line":7,"column":7}},"loc":{"start":{"line":7,"column":47},"end":{"line":21,"column":1}}},"1":{"name":"(anonymous_1)","decl":{"start":{"line":19,"column":14},"end":{"line":19,"column":21}},"loc":{"start":{"line":19,"column":26},"end":{"line":18,"column":11}}},"2":{"name":"(anonymous_2)","decl":{"start":{"line":20,"column":15},"end":{"line":20,"column":19}},"loc":{"start":{"line":20,"column":24},"end":{"line":18,"column":11}}}},"branchMap":{},"s":{"0":0,"1":0,"2":0,"3":0,"4":0,"5":0,"6":0,"7":0},"f":{"0":0,"1":0,"2":0},"b":{}}
,"C:\\Holiday\\NewSDProject\\frontend\\src\\index.js": {"path":"C:\\Holiday\\NewSDProject\\frontend\\src\\index.js","statementMap":{"0":{"start":{"line":1,"column":0},"end":{"line":null,"column":-1}},"1":{"start":{"line":2,"column":0},"end":{"line":null,"column":-1}},"2":{"start":{"line":3,"column":0},"end":{"line":null,"column":-1}},"3":{"start":{"line":4,"column":0},"end":{"line":null,"column":-1}},"4":{"start":{"line":5,"column":0},"end":{"line":null,"column":-1}},"5":{"start":{"line":6,"column":0},"end":{"line":null,"column":-1}},"6":{"start":{"line":7,"column":0},"end":{"line":null,"column":-1}},"7":{"start":{"line":8,"column":0},"end":{"line":null,"column":-1}},"8":{"start":{"line":9,"column":0},"end":{"line":null,"column":-1}},"9":{"start":{"line":10,"column":0},"end":{"line":null,"column":-1}},"10":{"start":{"line":16,"column":22},"end":{"line":16,"column":1}},"11":{"start":{"line":37,"column":0},"end":{"line":null,"column":-1}}},"fnMap":{},"branchMap":{},"s":{"0":0,"1":0,"2":0,"3":0,"4":0,"5":0,"6":0,"7":0,"8":0,"9":0,"10":0,"11":0},"f":{},"b":{}}
,"C:\\Holiday\\NewSDProject\\frontend\\src\\reportWebVitals.js": {"path":"C:\\Holiday\\NewSDProject\\frontend\\src\\reportWebVitals.js","statementMap":{"0":{"start":{"line":1,"column":24},"end":{"line":1,"column":0}},"1":{"start":{"line":2,"column":2},"end":{"line":10,"column":3}},"2":{"start":{"line":3,"column":4},"end":{"line":null,"column":-1}},"3":{"start":{"line":3,"column":4},"end":{"line":3,"column":24}},"4":{"start":{"line":4,"column":6},"end":{"line":null,"column":-1}},"5":{"start":{"line":5,"column":6},"end":{"line":null,"column":-1}},"6":{"start":{"line":6,"column":6},"end":{"line":null,"column":-1}},"7":{"start":{"line":7,"column":6},"end":{"line":null,"column":-1}},"8":{"start":{"line":8,"column":6},"end":{"line":null,"column":-1}}},"fnMap":{"0":{"name":"(anonymous_3)","decl":{"start":{"line":1,"column":24},"end":{"line":1,"column":34}},"loc":{"start":{"line":1,"column":39},"end":{"line":1,"column":0}}},"1":{"name":"(anonymous_4)","decl":{"start":{"line":3,"column":4},"end":{"line":3,"column":10}},"loc":{"start":{"line":3,"column":4},"end":{"line":3,"column":24}}},"2":{"name":"(anonymous_5)","decl":{"start":{"line":3,"column":30},"end":{"line":3,"column":31}},"loc":{"start":{"line":3,"column":79},"end":{"line":3,"column":4}}}},"branchMap":{"0":{"loc":{"start":{"line":2,"column":2},"end":{"line":10,"column":3}},"type":"if","locations":[{"start":{"line":2,"column":2},"end":{"line":10,"column":3}},{"start":{"line":2,"column":2},"end":{"line":10,"column":3}}]},"1":{"loc":{"start":{"line":2,"column":6},"end":{"line":2,"column":17}},"type":"binary-expr","locations":[{"start":{"line":2,"column":6},"end":{"line":2,"column":17}},{"start":{"line":2,"column":21},"end":{"line":2,"column":2}}]}},"s":{"0":0,"1":0,"2":0,"3":0,"4":0,"5":0,"6":0,"7":0,"8":0},"f":{"0":0,"1":0,"2":0},"b":{"0":[0,0],"1":[0,0]}}
,"C:\\Holiday\\NewSDProject\\frontend\\src\\setupTests.js": {"path":"C:\\Holiday\\NewSDProject\\frontend\\src\\setupTests.js","statementMap":{},"fnMap":{},"branchMap":{},"s":{},"f":{},"b":{},"_coverageSchema":"332fd63041d2c1bcb487cc26dd0d5f7d97098a6c","hash":"6257b780efafc006c37d3274ce4ca6ea81184e12"}
,"C:\\Holiday\\NewSDProject\\frontend\\src\\components\\CardViewList.js": {"path":"C:\\Holiday\\NewSDProject\\frontend\\src\\components\\CardViewList.js","statementMap":{"0":{"start":{"line":1,"column":0},"end":{"line":null,"column":-1}},"1":{"start":{"line":2,"column":0},"end":{"line":null,"column":-1}},"2":{"start":{"line":3,"column":0},"end":{"line":null,"column":-1}},"3":{"start":{"line":4,"column":0},"end":{"line":null,"column":-1}},"4":{"start":{"line":5,"column":0},"end":{"line":null,"column":-1}},"5":{"start":{"line":6,"column":0},"end":{"line":null,"column":-1}},"6":{"start":{"line":8,"column":0},"end":{"line":null,"column":-1}},"7":{"start":{"line":9,"column":0},"end":{"line":null,"column":-1}},"8":{"start":{"line":10,"column":0},"end":{"line":null,"column":-1}},"9":{"start":{"line":15,"column":19},"end":{"line":15,"column":2}},"10":{"start":{"line":16,"column":21},"end":{"line":16,"column":2}},"11":{"start":{"line":22,"column":2},"end":{"line":null,"column":-1}},"12":{"start":{"line":27,"column":12},"end":{"line":26,"column":11}}},"fnMap":{"0":{"name":"CardViewList","decl":{"start":{"line":14,"column":9},"end":{"line":14,"column":0}},"loc":{"start":{"line":14,"column":29},"end":{"line":46,"column":1}}},"1":{"name":"(anonymous_4)","decl":{"start":{"line":26,"column":26},"end":{"line":26,"column":27}},"loc":{"start":{"line":27,"column":12},"end":{"line":26,"column":11}}}},"branchMap":{"0":{"loc":{"start":{"line":25,"column":8},"end":{"line":24,"column":7}},"type":"cond-expr","locations":[{"start":{"line":25,"column":8},"end":{"line":24,"column":7}},{"start":{"line":40,"column":8},"end":{"line":23,"column":4}}]}},"s":{"0":0,"1":0,"2":0,"3":0,"4":0,"5":0,"6":0,"7":0,"8":0,"9":0,"10":0,"11":0,"12":0},"f":{"0":0,"1":0},"b":{"0":[0,0]}}
,"C:\\Holiday\\NewSDProject\\frontend\\src\\components\\Comment.js": {"path":"C:\\Holiday\\NewSDProject\\frontend\\src\\components\\Comment.js","statementMap":{"0":{"start":{"line":1,"column":0},"end":{"line":null,"column":-1}},"1":{"start":{"line":2,"column":0},"end":{"line":null,"column":-1}},"2":{"start":{"line":3,"column":0},"end":{"line":null,"column":-1}},"3":{"start":{"line":5,"column":16},"end":{"line":5,"column":0}},"4":{"start":{"line":17,"column":4},"end":{"line":16,"column":2}},"5":{"start":{"line":21,"column":4},"end":{"line":20,"column":2}},"6":{"start":{"line":24,"column":22},"end":{"line":24,"column":2}},"7":{"start":{"line":25,"column":21},"end":{"line":25,"column":2}},"8":{"start":{"line":27,"column":4},"end":{"line":26,"column":2}},"9":{"start":{"line":28,"column":19},"end":{"line":28,"column":2}},"10":{"start":{"line":29,"column":18},"end":{"line":29,"column":2}},"11":{"start":{"line":30,"column":18},"end":{"line":30,"column":2}},"12":{"start":{"line":31,"column":20},"end":{"line":31,"column":2}},"13":{"start":{"line":32,"column":2},"end":{"line":null,"column":-1}},"14":{"start":{"line":48,"column":36},"end":{"line":44,"column":10}},"15":{"start":{"line":50,"column":14},"end":{"line":null,"column":-1}},"16":{"start":{"line":59,"column":16},"end":{"line":56,"column":12}},"17":{"start":{"line":69,"column":16},"end":{"line":66,"column":12}},"18":{"start":{"line":78,"column":29},"end":{"line":76,"column":12}},"19":{"start":{"line":87,"column":36},"end":{"line":85,"column":10}},"20":{"start":{"line":93,"column":14},"end":{"line":92,"column":13}}},"fnMap":{"0":{"name":"(anonymous_0)","decl":{"start":{"line":5,"column":16},"end":{"line":5,"column":17}},"loc":{"start":{"line":15,"column":6},"end":{"line":5,"column":0}}},"1":{"name":"(anonymous_1)","decl":{"start":{"line":48,"column":27},"end":{"line":48,"column":25}},"loc":{"start":{"line":48,"column":36},"end":{"line":44,"column":10}}},"2":{"name":"(anonymous_2)","decl":{"start":{"line":49,"column":26},"end":{"line":49,"column":31}},"loc":{"start":{"line":49,"column":32},"end":{"line":44,"column":10}}},"3":{"name":"(anonymous_3)","decl":{"start":{"line":58,"column":23},"end":{"line":59,"column":15}},"loc":{"start":{"line":59,"column":16},"end":{"line":56,"column":12}}},"4":{"name":"(anonymous_4)","decl":{"start":{"line":68,"column":23},"end":{"line":69,"column":15}},"loc":{"start":{"line":69,"column":16},"end":{"line":66,"column":12}}},"5":{"name":"(anonymous_5)","decl":{"start":{"line":78,"column":23},"end":{"line":78,"column":28}},"loc":{"start":{"line":78,"column":29},"end":{"line":76,"column":12}}},"6":{"name":"(anonymous_6)","decl":{"start":{"line":87,"column":27},"end":{"line":87,"column":25}},"loc":{"start":{"line":87,"column":36},"end":{"line":85,"column":10}}},"7":{"name":"(anonymous_7)","decl":{"start":{"line":92,"column":26},"end":{"line":92,"column":24}},"loc":{"start":{"line":93,"column":14},"end":{"line":92,"column":13}}}},"branchMap":{"0":{"loc":{"start":{"line":13,"column":13},"end":{"line":5,"column":17}},"type":"default-arg","locations":[{"start":{"line":13,"column":13},"end":{"line":5,"column":17}}]},"1":{"loc":{"start":{"line":17,"column":4},"end":{"line":17,"column":17}},"type":"binary-expr","locations":[{"start":{"line":17,"column":4},"end":{"line":17,"column":17}},{"start":{"line":18,"column":4},"end":{"line":17,"column":4}},{"start":{"line":19,"column":4},"end":{"line":16,"column":2}}]},"2":{"loc":{"start":{"line":21,"column":4},"end":{"line":21,"column":17}},"type":"binary-expr","locations":[{"start":{"line":21,"column":4},"end":{"line":21,"column":17}},{"start":{"line":22,"column":4},"end":{"line":21,"column":4}},{"start":{"line":23,"column":4},"end":{"line":20,"column":2}}]},"3":{"loc":{"start":{"line":27,"column":4},"end":{"line":27,"column":3}},"type":"binary-expr","locations":[{"start":{"line":27,"column":4},"end":{"line":27,"column":3}},{"start":{"line":27,"column":40},"end":{"line":27,"column":4}},{"start":{"line":27,"column":64},"end":{"line":26,"column":2}}]},"4":{"loc":{"start":{"line":29,"column":18},"end":{"line":29,"column":17}},"type":"binary-expr","locations":[{"start":{"line":29,"column":18},"end":{"line":29,"column":17}},{"start":{"line":29,"column":54},"end":{"line":29,"column":2}}]},"5":{"loc":{"start":{"line":30,"column":29},"end":{"line":30,"column":26}},"type":"cond-expr","locations":[{"start":{"line":30,"column":29},"end":{"line":30,"column":26}},{"start":{"line":30,"column":40},"end":{"line":30,"column":2}}]},"6":{"loc":{"start":{"line":42,"column":9},"end":{"line":42,"column":8}},"type":"binary-expr","locations":[{"start":{"line":42,"column":9},"end":{"line":42,"column":8}},{"start":{"line":42,"column":23},"end":{"line":37,"column":6}}]},"7":{"loc":{"start":{"line":43,"column":9},"end":{"line":43,"column":18}},"type":"binary-expr","locations":[{"start":{"line":43,"column":9},"end":{"line":43,"column":18}},{"start":{"line":44,"column":10},"end":{"line":37,"column":6}}]},"8":{"loc":{"start":{"line":55,"column":11},"end":{"line":55,"column":19}},"type":"binary-expr","locations":[{"start":{"line":55,"column":11},"end":{"line":55,"column":19}},{"start":{"line":56,"column":12},"end":{"line":54,"column":8}}]},"9":{"loc":{"start":{"line":65,"column":11},"end":{"line":65,"column":18}},"type":"binary-expr","locations":[{"start":{"line":65,"column":11},"end":{"line":65,"column":18}},{"start":{"line":66,"column":12},"end":{"line":54,"column":8}}]},"10":{"loc":{"start":{"line":75,"column":11},"end":{"line":75,"column":20}},"type":"binary-expr","locations":[{"start":{"line":75,"column":11},"end":{"line":75,"column":20}},{"start":{"line":76,"column":12},"end":{"line":54,"column":8}}]},"11":{"loc":{"start":{"line":84,"column":9},"end":{"line":84,"column":19}},"type":"binary-expr","locations":[{"start":{"line":84,"column":9},"end":{"line":84,"column":19}},{"start":{"line":85,"column":10},"end":{"line":37,"column":6}}]},"12":{"loc":{"start":{"line":90,"column":9},"end":{"line":90,"column":8}},"type":"binary-expr","locations":[{"start":{"line":90,"column":9},"end":{"line":90,"column":8}},{"start":{"line":91,"column":10},"end":{"line":37,"column":6}}]}},"s":{"0":0,"1":0,"2":0,"3":0,"4":0,"5":0,"6":0,"7":0,"8":0,"9":0,"10":0,"11":0,"12":0,"13":0,"14":0,"15":0,"16":0,"17":0,"18":0,"19":0,"20":0},"f":{"0":0,"1":0,"2":0,"3":0,"4":0,"5":0,"6":0,"7":0},"b":{"0":[0],"1":[0,0,0],"2":[0,0,0],"3":[0,0,0],"4":[0,0],"5":[0,0],"6":[0,0],"7":[0,0],"8":[0,0],"9":[0,0],"10":[0,0],"11":[0,0],"12":[0,0]}}
,"C:\\Holiday\\NewSDProject\\frontend\\src\\components\\CommentForm.js": {"path":"C:\\Holiday\\NewSDProject\\frontend\\src\\components\\CommentForm.js","statementMap":{"0":{"start":{"line":1,"column":0},"end":{"line":null,"column":-1}},"1":{"start":{"line":4,"column":20},"end":{"line":4,"column":0}},"2":{"start":{"line":13,"column":26},"end":{"line":12,"column":6}},"3":{"start":{"line":12,"column":6},"end":{"line":null,"column":-1}},"4":{"start":{"line":14,"column":29},"end":{"line":14,"column":2}},"5":{"start":{"line":17,"column":12},"end":{"line":17,"column":4}},"6":{"start":{"line":18,"column":4},"end":{"line":null,"column":-1}},"7":{"start":{"line":21,"column":20},"end":{"line":21,"column":2}},"8":{"start":{"line":22,"column":4},"end":{"line":null,"column":-1}},"9":{"start":{"line":23,"column":4},"end":{"line":null,"column":-1}},"10":{"start":{"line":24,"column":4},"end":{"line":null,"column":-1}},"11":{"start":{"line":25,"column":4},"end":{"line":25,"column":8}},"12":{"start":{"line":27,"column":2},"end":{"line":null,"column":-1}},"13":{"start":{"line":32,"column":25},"end":{"line":29,"column":6}}},"fnMap":{"0":{"name":"(anonymous_3)","decl":{"start":{"line":4,"column":20},"end":{"line":4,"column":21}},"loc":{"start":{"line":12,"column":6},"end":{"line":4,"column":0}}},"1":{"name":"Hide","decl":{"start":{"line":16,"column":11},"end":{"line":16,"column":2}},"loc":{"start":{"line":16,"column":18},"end":{"line":19,"column":3}}},"2":{"name":"(anonymous_5)","decl":{"start":{"line":21,"column":20},"end":{"line":21,"column":18}},"loc":{"start":{"line":21,"column":30},"end":{"line":21,"column":2}}},"3":{"name":"(anonymous_6)","decl":{"start":{"line":32,"column":19},"end":{"line":32,"column":18}},"loc":{"start":{"line":32,"column":25},"end":{"line":29,"column":6}}}},"branchMap":{"0":{"loc":{"start":{"line":7,"column":20},"end":{"line":4,"column":21}},"type":"default-arg","locations":[{"start":{"line":7,"column":20},"end":{"line":4,"column":21}}]},"1":{"loc":{"start":{"line":9,"column":20},"end":{"line":4,"column":21}},"type":"default-arg","locations":[{"start":{"line":9,"column":20},"end":{"line":4,"column":21}}]},"2":{"loc":{"start":{"line":11,"column":16},"end":{"line":null,"column":-1}},"type":"default-arg","locations":[{"start":{"line":11,"column":16},"end":{"line":null,"column":-1}}]},"3":{"loc":{"start":{"line":37,"column":7},"end":{"line":37,"column":22}},"type":"binary-expr","locations":[{"start":{"line":37,"column":7},"end":{"line":37,"column":22}},{"start":{"line":38,"column":8},"end":{"line":28,"column":4}}]},"4":{"loc":{"start":{"line":47,"column":7},"end":{"line":47,"column":22}},"type":"binary-expr","locations":[{"start":{"line":47,"column":7},"end":{"line":47,"column":22}},{"start":{"line":48,"column":8},"end":{"line":28,"column":4}}]}},"s":{"0":0,"1":0,"2":0,"3":0,"4":0,"5":0,"6":0,"7":0,"8":0,"9":0,"10":0,"11":0,"12":0,"13":0},"f":{"0":0,"1":0,"2":0,"3":0},"b":{"0":[0],"1":[0],"2":[0],"3":[0,0],"4":[0,0]}}
,"C:\\Holiday\\NewSDProject\\frontend\\src\\components\\Comments.js": {"path":"C:\\Holiday\\NewSDProject\\frontend\\src\\components\\Comments.js","statementMap":{"0":{"start":{"line":1,"column":0},"end":{"line":null,"column":-1}},"1":{"start":{"line":2,"column":0},"end":{"line":null,"column":-1}},"2":{"start":{"line":3,"column":0},"end":{"line":null,"column":-1}},"3":{"start":{"line":4,"column":0},"end":{"line":null,"column":-1}},"4":{"start":{"line":5,"column":0},"end":{"line":null,"column":-1}},"5":{"start":{"line":13,"column":17},"end":{"line":13,"column":0}},"6":{"start":{"line":14,"column":48},"end":{"line":13,"column":53}},"7":{"start":{"line":13,"column":53},"end":{"line":null,"column":-1}},"8":{"start":{"line":15,"column":44},"end":{"line":13,"column":53}},"9":{"start":{"line":16,"column":23},"end":{"line":16,"column":2}},"10":{"start":{"line":17,"column":24},"end":{"line":16,"column":23}},"11":{"start":{"line":19,"column":22},"end":{"line":19,"column":2}},"12":{"start":{"line":20,"column":4},"end":{"line":19,"column":2}},"13":{"start":{"line":21,"column":34},"end":{"line":20,"column":4}},"14":{"start":{"line":24,"column":10},"end":{"line":20,"column":4}},"15":{"start":{"line":26,"column":21},"end":{"line":26,"column":2}},"16":{"start":{"line":27,"column":4},"end":{"line":null,"column":-1}},"17":{"start":{"line":28,"column":6},"end":{"line":null,"column":-1}},"18":{"start":{"line":29,"column":6},"end":{"line":null,"column":-1}},"19":{"start":{"line":33,"column":24},"end":{"line":33,"column":2}},"20":{"start":{"line":34,"column":4},"end":{"line":null,"column":-1}},"21":{"start":{"line":35,"column":37},"end":{"line":35,"column":6}},"22":{"start":{"line":36,"column":8},"end":{"line":38,"column":9}},"23":{"start":{"line":37,"column":10},"end":{"line":null,"column":-1}},"24":{"start":{"line":39,"column":8},"end":{"line":null,"column":-1}},"25":{"start":{"line":41,"column":6},"end":{"line":null,"column":-1}},"26":{"start":{"line":42,"column":6},"end":{"line":null,"column":-1}},"27":{"start":{"line":45,"column":25},"end":{"line":45,"column":2}},"28":{"start":{"line":46,"column":4},"end":{"line":53,"column":5}},"29":{"start":{"line":47,"column":6},"end":{"line":null,"column":-1}},"30":{"start":{"line":48,"column":39},"end":{"line":48,"column":8}},"31":{"start":{"line":49,"column":30},"end":{"line":48,"column":39}},"32":{"start":{"line":51,"column":8},"end":{"line":null,"column":-1}},"33":{"start":{"line":56,"column":26},"end":{"line":13,"column":53}},"34":{"start":{"line":58,"column":2},"end":{"line":null,"column":-1}},"35":{"start":{"line":59,"column":4},"end":{"line":null,"column":-1}},"36":{"start":{"line":60,"column":6},"end":{"line":null,"column":-1}},"37":{"start":{"line":64,"column":2},"end":{"line":null,"column":-1}},"38":{"start":{"line":82,"column":12},"end":{"line":81,"column":11}}},"fnMap":{"0":{"name":"(anonymous_3)","decl":{"start":{"line":13,"column":17},"end":{"line":13,"column":18}},"loc":{"start":{"line":13,"column":53},"end":{"line":13,"column":0}}},"1":{"name":"(anonymous_4)","decl":{"start":{"line":17,"column":5},"end":{"line":17,"column":3}},"loc":{"start":{"line":17,"column":24},"end":{"line":16,"column":23}}},"2":{"name":"(anonymous_5)","decl":{"start":{"line":19,"column":22},"end":{"line":19,"column":20}},"loc":{"start":{"line":20,"column":4},"end":{"line":19,"column":2}}},"3":{"name":"(anonymous_6)","decl":{"start":{"line":21,"column":15},"end":{"line":21,"column":13}},"loc":{"start":{"line":21,"column":34},"end":{"line":20,"column":4}}},"4":{"name":"(anonymous_7)","decl":{"start":{"line":23,"column":8},"end":{"line":23,"column":9}},"loc":{"start":{"line":24,"column":10},"end":{"line":20,"column":4}}},"5":{"name":"(anonymous_8)","decl":{"start":{"line":26,"column":21},"end":{"line":26,"column":22}},"loc":{"start":{"line":26,"column":41},"end":{"line":26,"column":2}}},"6":{"name":"(anonymous_9)","decl":{"start":{"line":27,"column":43},"end":{"line":27,"column":41}},"loc":{"start":{"line":27,"column":55},"end":{"line":27,"column":4}}},"7":{"name":"(anonymous_10)","decl":{"start":{"line":33,"column":24},"end":{"line":33,"column":25}},"loc":{"start":{"line":33,"column":45},"end":{"line":33,"column":2}}},"8":{"name":"(anonymous_11)","decl":{"start":{"line":34,"column":32},"end":{"line":34,"column":37}},"loc":{"start":{"line":34,"column":38},"end":{"line":34,"column":4}}},"9":{"name":"(anonymous_12)","decl":{"start":{"line":35,"column":58},"end":{"line":35,"column":56}},"loc":{"start":{"line":35,"column":77},"end":{"line":35,"column":37}}},"10":{"name":"(anonymous_13)","decl":{"start":{"line":45,"column":25},"end":{"line":45,"column":23}},"loc":{"start":{"line":45,"column":39},"end":{"line":45,"column":2}}},"11":{"name":"(anonymous_14)","decl":{"start":{"line":47,"column":30},"end":{"line":47,"column":35}},"loc":{"start":{"line":47,"column":36},"end":{"line":47,"column":6}}},"12":{"name":"(anonymous_15)","decl":{"start":{"line":49,"column":11},"end":{"line":49,"column":9}},"loc":{"start":{"line":49,"column":30},"end":{"line":48,"column":39}}},"13":{"name":"(anonymous_16)","decl":{"start":{"line":58,"column":12},"end":{"line":58,"column":17}},"loc":{"start":{"line":58,"column":18},"end":{"line":58,"column":2}}},"14":{"name":"(anonymous_17)","decl":{"start":{"line":59,"column":27},"end":{"line":59,"column":25}},"loc":{"start":{"line":59,"column":36},"end":{"line":59,"column":4}}},"15":{"name":"(anonymous_18)","decl":{"start":{"line":81,"column":29},"end":{"line":81,"column":27}},"loc":{"start":{"line":82,"column":12},"end":{"line":81,"column":11}}}},"branchMap":{"0":{"loc":{"start":{"line":36,"column":8},"end":{"line":38,"column":9}},"type":"if","locations":[{"start":{"line":36,"column":8},"end":{"line":38,"column":9}},{"start":{"line":36,"column":8},"end":{"line":38,"column":9}}]},"1":{"loc":{"start":{"line":46,"column":4},"end":{"line":53,"column":5}},"type":"if","locations":[{"start":{"line":46,"column":4},"end":{"line":53,"column":5}},{"start":{"line":46,"column":4},"end":{"line":53,"column":5}}]}},"s":{"0":0,"1":0,"2":0,"3":0,"4":0,"5":0,"6":0,"7":0,"8":0,"9":0,"10":0,"11":0,"12":0,"13":0,"14":0,"15":0,"16":0,"17":0,"18":0,"19":0,"20":0,"21":0,"22":0,"23":0,"24":0,"25":0,"26":0,"27":0,"28":0,"29":0,"30":0,"31":0,"32":0,"33":0,"34":0,"35":0,"36":0,"37":0,"38":0},"f":{"0":0,"1":0,"2":0,"3":0,"4":0,"5":0,"6":0,"7":0,"8":0,"9":0,"10":0,"11":0,"12":0,"13":0,"14":0,"15":0},"b":{"0":[0,0],"1":[0,0]}}
,"C:\\Holiday\\NewSDProject\\frontend\\src\\components\\Course.jsx": {"path":"C:\\Holiday\\NewSDProject\\frontend\\src\\components\\Course.jsx","statementMap":{"0":{"start":{"line":1,"column":0},"end":{"line":null,"column":-1}},"1":{"start":{"line":2,"column":0},"end":{"line":null,"column":-1}},"2":{"start":{"line":4,"column":0},"end":{"line":null,"column":-1}},"3":{"start":{"line":5,"column":0},"end":{"line":null,"column":-1}},"4":{"start":{"line":6,"column":0},"end":{"line":null,"column":-1}},"5":{"start":{"line":7,"column":0},"end":{"line":null,"column":-1}},"6":{"start":{"line":8,"column":0},"end":{"line":null,"column":-1}},"7":{"start":{"line":9,"column":0},"end":{"line":null,"column":-1}},"8":{"start":{"line":10,"column":0},"end":{"line":null,"column":-1}},"9":{"start":{"line":11,"column":0},"end":{"line":null,"column":-1}},"10":{"start":{"line":12,"column":0},"end":{"line":null,"column":-1}},"11":{"start":{"line":13,"column":0},"end":{"line":null,"column":-1}},"12":{"start":{"line":16,"column":19},"end":{"line":16,"column":0}},"13":{"start":{"line":17,"column":4},"end":{"line":null,"column":-1}},"14":{"start":{"line":23,"column":19},"end":{"line":23,"column":4}},"15":{"start":{"line":27,"column":28},"end":{"line":27,"column":4}},"16":{"start":{"line":28,"column":8},"end":{"line":null,"column":-1}},"17":{"start":{"line":31,"column":26},"end":{"line":31,"column":6}},"18":{"start":{"line":32,"column":8},"end":{"line":null,"column":-1}},"19":{"start":{"line":33,"column":8},"end":{"line":null,"column":-1}},"20":{"start":{"line":36,"column":31},"end":{"line":20,"column":23}},"21":{"start":{"line":20,"column":23},"end":{"line":null,"column":-1}},"22":{"start":{"line":37,"column":28},"end":{"line":20,"column":23}},"23":{"start":{"line":38,"column":33},"end":{"line":20,"column":23}},"24":{"start":{"line":39,"column":22},"end":{"line":20,"column":23}},"25":{"start":{"line":20,"column":23},"end":{"line":20,"column":22}},"26":{"start":{"line":41,"column":4},"end":{"line":20,"column":23}},"27":{"start":{"line":44,"column":32},"end":{"line":44,"column":4}},"28":{"start":{"line":46,"column":22},"end":{"line":46,"column":4}},"29":{"start":{"line":49,"column":20},"end":{"line":49,"column":10}},"30":{"start":{"line":52,"column":23},"end":{"line":52,"column":10}},"31":{"start":{"line":53,"column":9},"end":{"line":null,"column":-1}},"32":{"start":{"line":54,"column":16},"end":{"line":null,"column":-1}},"33":{"start":{"line":60,"column":4},"end":{"line":null,"column":-1}},"34":{"start":{"line":64,"column":8},"end":{"line":64,"column":17}},"35":{"start":{"line":69,"column":27},"end":{"line":69,"column":4}},"36":{"start":{"line":71,"column":30},"end":{"line":20,"column":23}},"37":{"start":{"line":73,"column":4},"end":{"line":null,"column":-1}},"38":{"start":{"line":74,"column":8},"end":{"line":null,"column":-1}},"39":{"start":{"line":81,"column":21},"end":{"line":81,"column":4}},"40":{"start":{"line":88,"column":23},"end":{"line":88,"column":4}},"41":{"start":{"line":98,"column":21},"end":{"line":98,"column":4}},"42":{"start":{"line":109,"column":2},"end":{"line":null,"column":-1}},"43":{"start":{"line":122,"column":38},"end":{"line":122,"column":17}}},"fnMap":{"0":{"name":"Transition","decl":{"start":{"line":16,"column":45},"end":{"line":16,"column":36}},"loc":{"start":{"line":16,"column":68},"end":{"line":16,"column":19}}},"1":{"name":"Course","decl":{"start":{"line":20,"column":9},"end":{"line":20,"column":0}},"loc":{"start":{"line":20,"column":23},"end":{"line":153,"column":1}}},"2":{"name":"(anonymous_5)","decl":{"start":{"line":27,"column":28},"end":{"line":27,"column":33}},"loc":{"start":{"line":27,"column":34},"end":{"line":27,"column":4}}},"3":{"name":"(anonymous_6)","decl":{"start":{"line":31,"column":26},"end":{"line":31,"column":31}},"loc":{"start":{"line":31,"column":32},"end":{"line":31,"column":6}}},"4":{"name":"(anonymous_7)","decl":{"start":{"line":46,"column":22},"end":{"line":46,"column":32}},"loc":{"start":{"line":46,"column":33},"end":{"line":46,"column":4}}},"5":{"name":"(anonymous_8)","decl":{"start":{"line":53,"column":33},"end":{"line":53,"column":34}},"loc":{"start":{"line":53,"column":46},"end":{"line":53,"column":19}}},"6":{"name":"(anonymous_9)","decl":{"start":{"line":60,"column":14},"end":{"line":60,"column":19}},"loc":{"start":{"line":60,"column":20},"end":{"line":60,"column":4}}},"7":{"name":"(anonymous_10)","decl":{"start":{"line":73,"column":14},"end":{"line":73,"column":19}},"loc":{"start":{"line":73,"column":20},"end":{"line":73,"column":4}}},"8":{"name":"(anonymous_11)","decl":{"start":{"line":122,"column":28},"end":{"line":122,"column":32}},"loc":{"start":{"line":122,"column":38},"end":{"line":122,"column":17}}}},"branchMap":{"0":{"loc":{"start":{"line":119,"column":20},"end":{"line":118,"column":17}},"type":"cond-expr","locations":[{"start":{"line":119,"column":20},"end":{"line":118,"column":17}},{"start":{"line":120,"column":18},"end":{"line":116,"column":12}}]},"1":{"loc":{"start":{"line":122,"column":53},"end":{"line":122,"column":37}},"type":"cond-expr","locations":[{"start":{"line":122,"column":53},"end":{"line":122,"column":37}},{"start":{"line":122,"column":140},"end":{"line":122,"column":17}}]},"2":{"loc":{"start":{"line":128,"column":13},"end":{"line":127,"column":13}},"type":"cond-expr","locations":[{"start":{"line":128,"column":13},"end":{"line":127,"column":13}},{"start":{"line":131,"column":13},"end":{"line":113,"column":8}}]},"3":{"loc":{"start":{"line":143,"column":10},"end":{"line":142,"column":25}},"type":"cond-expr","locations":[{"start":{"line":143,"column":10},"end":{"line":142,"column":25}},{"start":{"line":145,"column":10},"end":{"line":136,"column":8}}]}},"s":{"0":0,"1":0,"2":0,"3":0,"4":0,"5":0,"6":0,"7":0,"8":0,"9":0,"10":0,"11":0,"12":0,"13":0,"14":0,"15":0,"16":0,"17":0,"18":0,"19":0,"20":0,"21":0,"22":0,"23":0,"24":0,"25":0,"26":0,"27":0,"28":0,"29":0,"30":0,"31":0,"32":0,"33":0,"34":0,"35":0,"36":0,"37":0,"38":0,"39":0,"40":0,"41":0,"42":0,"43":0},"f":{"0":0,"1":0,"2":0,"3":0,"4":0,"5":0,"6":0,"7":0,"8":0},"b":{"0":[0,0],"1":[0,0],"2":[0,0],"3":[0,0]}}
,"C:\\Holiday\\NewSDProject\\frontend\\src\\components\\CourseAppBar.jsx": {"path":"C:\\Holiday\\NewSDProject\\frontend\\src\\components\\CourseAppBar.jsx","statementMap":{"0":{"start":{"line":1,"column":0},"end":{"line":null,"column":-1}},"1":{"start":{"line":2,"column":0},"end":{"line":null,"column":-1}},"2":{"start":{"line":3,"column":0},"end":{"line":null,"column":-1}},"3":{"start":{"line":4,"column":0},"end":{"line":null,"column":-1}},"4":{"start":{"line":5,"column":0},"end":{"line":null,"column":-1}},"5":{"start":{"line":6,"column":0},"end":{"line":null,"column":-1}},"6":{"start":{"line":7,"column":0},"end":{"line":null,"column":-1}},"7":{"start":{"line":8,"column":0},"end":{"line":null,"column":-1}},"8":{"start":{"line":9,"column":0},"end":{"line":null,"column":-1}},"9":{"start":{"line":10,"column":0},"end":{"line":null,"column":-1}},"10":{"start":{"line":11,"column":0},"end":{"line":null,"column":-1}},"11":{"start":{"line":12,"column":0},"end":{"line":null,"column":-1}},"12":{"start":{"line":13,"column":0},"end":{"line":null,"column":-1}},"13":{"start":{"line":14,"column":0},"end":{"line":null,"column":-1}},"14":{"start":{"line":16,"column":14},"end":{"line":16,"column":0}},"15":{"start":{"line":17,"column":17},"end":{"line":17,"column":0}},"16":{"start":{"line":21,"column":22},"end":{"line":21,"column":0}},"17":{"start":{"line":23,"column":2},"end":{"line":null,"column":-1}}},"fnMap":{"0":{"name":"(anonymous_3)","decl":{"start":{"line":21,"column":22},"end":{"line":21,"column":20}},"loc":{"start":{"line":21,"column":32},"end":{"line":21,"column":0}}}},"branchMap":{},"s":{"0":0,"1":0,"2":0,"3":0,"4":0,"5":0,"6":0,"7":0,"8":0,"9":0,"10":0,"11":0,"12":0,"13":0,"14":0,"15":0,"16":0,"17":0},"f":{"0":0},"b":{}}
,"C:\\Holiday\\NewSDProject\\frontend\\src\\components\\CourseList.js": {"path":"C:\\Holiday\\NewSDProject\\frontend\\src\\components\\CourseList.js","statementMap":{"0":{"start":{"line":1,"column":0},"end":{"line":null,"column":-1}},"1":{"start":{"line":2,"column":0},"end":{"line":null,"column":-1}},"2":{"start":{"line":3,"column":0},"end":{"line":null,"column":-1}},"3":{"start":{"line":4,"column":0},"end":{"line":null,"column":-1}},"4":{"start":{"line":5,"column":0},"end":{"line":null,"column":-1}},"5":{"start":{"line":12,"column":42},"end":{"line":10,"column":27}},"6":{"start":{"line":10,"column":27},"end":{"line":null,"column":-1}},"7":{"start":{"line":14,"column":2},"end":{"line":null,"column":-1}},"8":{"start":{"line":16,"column":15},"end":{"line":16,"column":4}},"9":{"start":{"line":18,"column":4},"end":{"line":null,"column":-1}},"10":{"start":{"line":21,"column":8},"end":{"line":null,"column":-1}},"11":{"start":{"line":22,"column":8},"end":{"line":null,"column":-1}},"12":{"start":{"line":25,"column":8},"end":{"line":null,"column":-1}},"13":{"start":{"line":29,"column":2},"end":{"line":null,"column":-1}},"14":{"start":{"line":33,"column":10},"end":{"line":32,"column":9}}},"fnMap":{"0":{"name":"CourseList","decl":{"start":{"line":10,"column":9},"end":{"line":10,"column":0}},"loc":{"start":{"line":10,"column":27},"end":{"line":47,"column":1}}},"1":{"name":"(anonymous_4)","decl":{"start":{"line":14,"column":12},"end":{"line":14,"column":17}},"loc":{"start":{"line":14,"column":18},"end":{"line":14,"column":2}}},"2":{"name":"(anonymous_5)","decl":{"start":{"line":20,"column":13},"end":{"line":20,"column":11}},"loc":{"start":{"line":20,"column":21},"end":{"line":18,"column":4}}},"3":{"name":"(anonymous_6)","decl":{"start":{"line":24,"column":14},"end":{"line":24,"column":12}},"loc":{"start":{"line":24,"column":22},"end":{"line":18,"column":4}}},"4":{"name":"(anonymous_7)","decl":{"start":{"line":32,"column":26},"end":{"line":32,"column":27}},"loc":{"start":{"line":33,"column":10},"end":{"line":32,"column":9}}}},"branchMap":{},"s":{"0":0,"1":0,"2":0,"3":0,"4":0,"5":0,"6":0,"7":0,"8":0,"9":0,"10":0,"11":0,"12":0,"13":0,"14":0},"f":{"0":0,"1":0,"2":0,"3":0,"4":0},"b":{}}
,"C:\\Holiday\\NewSDProject\\frontend\\src\\components\\CourseNav.js": {"path":"C:\\Holiday\\NewSDProject\\frontend\\src\\components\\CourseNav.js","statementMap":{"0":{"start":{"line":1,"column":0},"end":{"line":null,"column":-1}},"1":{"start":{"line":2,"column":0},"end":{"line":null,"column":-1}},"2":{"start":{"line":3,"column":0},"end":{"line":null,"column":-1}},"3":{"start":{"line":5,"column":0},"end":{"line":null,"column":-1}},"4":{"start":{"line":6,"column":0},"end":{"line":null,"column":-1}},"5":{"start":{"line":7,"column":0},"end":{"line":null,"column":-1}},"6":{"start":{"line":8,"column":0},"end":{"line":null,"column":-1}},"7":{"start":{"line":12,"column":26},"end":{"line":11,"column":26}},"8":{"start":{"line":11,"column":26},"end":{"line":null,"column":-1}},"9":{"start":{"line":13,"column":26},"end":{"line":11,"column":26}},"10":{"start":{"line":15,"column":19},"end":{"line":15,"column":2}},"11":{"start":{"line":18,"column":22},"end":{"line":18,"column":2}},"12":{"start":{"line":18,"column":28},"end":{"line":18,"column":2}},"13":{"start":{"line":19,"column":21},"end":{"line":19,"column":2}},"14":{"start":{"line":19,"column":27},"end":{"line":19,"column":2}},"15":{"start":{"line":20,"column":2},"end":{"line":null,"column":-1}},"16":{"start":{"line":37,"column":27},"end":{"line":32,"column":10}},"17":{"start":{"line":42,"column":27},"end":{"line":38,"column":10}},"18":{"start":{"line":47,"column":27},"end":{"line":43,"column":10}}},"fnMap":{"0":{"name":"CourseNav","decl":{"start":{"line":11,"column":9},"end":{"line":11,"column":0}},"loc":{"start":{"line":11,"column":26},"end":{"line":79,"column":1}}},"1":{"name":"(anonymous_4)","decl":{"start":{"line":18,"column":22},"end":{"line":18,"column":27}},"loc":{"start":{"line":18,"column":28},"end":{"line":18,"column":2}}},"2":{"name":"(anonymous_5)","decl":{"start":{"line":19,"column":21},"end":{"line":19,"column":26}},"loc":{"start":{"line":19,"column":27},"end":{"line":19,"column":2}}},"3":{"name":"(anonymous_6)","decl":{"start":{"line":37,"column":21},"end":{"line":37,"column":26}},"loc":{"start":{"line":37,"column":27},"end":{"line":32,"column":10}}},"4":{"name":"(anonymous_7)","decl":{"start":{"line":42,"column":21},"end":{"line":42,"column":26}},"loc":{"start":{"line":42,"column":27},"end":{"line":38,"column":10}}},"5":{"name":"(anonymous_8)","decl":{"start":{"line":47,"column":21},"end":{"line":47,"column":26}},"loc":{"start":{"line":47,"column":27},"end":{"line":43,"column":10}}}},"branchMap":{"0":{"loc":{"start":{"line":54,"column":10},"end":{"line":52,"column":9}},"type":"cond-expr","locations":[{"start":{"line":54,"column":10},"end":{"line":52,"column":9}},{"start":{"line":63,"column":10},"end":{"line":26,"column":6}}]}},"s":{"0":0,"1":0,"2":0,"3":0,"4":0,"5":0,"6":0,"7":0,"8":0,"9":0,"10":0,"11":0,"12":0,"13":0,"14":0,"15":0,"16":0,"17":0,"18":0},"f":{"0":0,"1":0,"2":0,"3":0,"4":0,"5":0},"b":{"0":[0,0]}}
,"C:\\Holiday\\NewSDProject\\frontend\\src\\components\\CreateCourse.js": {"path":"C:\\Holiday\\NewSDProject\\frontend\\src\\components\\CreateCourse.js","statementMap":{"0":{"start":{"line":1,"column":0},"end":{"line":null,"column":-1}},"1":{"start":{"line":2,"column":0},"end":{"line":null,"column":-1}},"2":{"start":{"line":3,"column":0},"end":{"line":null,"column":-1}},"3":{"start":{"line":4,"column":0},"end":{"line":null,"column":-1}},"4":{"start":{"line":5,"column":0},"end":{"line":null,"column":-1}},"5":{"start":{"line":6,"column":0},"end":{"line":null,"column":-1}},"6":{"start":{"line":15,"column":36},"end":{"line":11,"column":28}},"7":{"start":{"line":11,"column":28},"end":{"line":null,"column":-1}},"8":{"start":{"line":16,"column":40},"end":{"line":11,"column":28}},"9":{"start":{"line":18,"column":20},"end":{"line":18,"column":4}},"10":{"start":{"line":19,"column":26},"end":{"line":19,"column":4}},"11":{"start":{"line":20,"column":21},"end":{"line":20,"column":4}},"12":{"start":{"line":21,"column":32},"end":{"line":21,"column":4}},"13":{"start":{"line":23,"column":29},"end":{"line":23,"column":4}},"14":{"start":{"line":24,"column":8},"end":{"line":null,"column":-1}},"15":{"start":{"line":25,"column":22},"end":{"line":25,"column":8}},"16":{"start":{"line":26,"column":22},"end":{"line":26,"column":8}},"17":{"start":{"line":27,"column":27},"end":{"line":27,"column":8}},"18":{"start":{"line":28,"column":8},"end":{"line":null,"column":-1}},"19":{"start":{"line":29,"column":8},"end":{"line":null,"column":-1}},"20":{"start":{"line":33,"column":19},"end":{"line":33,"column":4}},"21":{"start":{"line":34,"column":26},"end":{"line":34,"column":6}},"22":{"start":{"line":35,"column":8},"end":{"line":34,"column":43}},"23":{"start":{"line":35,"column":29},"end":{"line":34,"column":43}},"24":{"start":{"line":37,"column":8},"end":{"line":null,"column":-1}},"25":{"start":{"line":39,"column":28},"end":{"line":39,"column":8}},"26":{"start":{"line":40,"column":28},"end":{"line":40,"column":8}},"27":{"start":{"line":42,"column":28},"end":{"line":42,"column":8}},"28":{"start":{"line":43,"column":28},"end":{"line":43,"column":8}},"29":{"start":{"line":45,"column":19},"end":{"line":45,"column":8}},"30":{"start":{"line":57,"column":8},"end":{"line":null,"column":-1}},"31":{"start":{"line":59,"column":10},"end":{"line":62,"column":11}},"32":{"start":{"line":60,"column":12},"end":{"line":null,"column":-1}},"33":{"start":{"line":61,"column":12},"end":{"line":null,"column":-1}},"34":{"start":{"line":66,"column":10},"end":{"line":null,"column":-1}},"35":{"start":{"line":69,"column":8},"end":{"line":null,"column":-1}},"36":{"start":{"line":70,"column":25},"end":{"line":70,"column":12}},"37":{"start":{"line":72,"column":12},"end":{"line":null,"column":-1}},"38":{"start":{"line":74,"column":21},"end":{"line":69,"column":8}},"39":{"start":{"line":76,"column":14},"end":{"line":null,"column":-1}},"40":{"start":{"line":76,"column":69},"end":{"line":76,"column":14}},"41":{"start":{"line":79,"column":10},"end":{"line":null,"column":-1}},"42":{"start":{"line":80,"column":10},"end":{"line":null,"column":-1}},"43":{"start":{"line":81,"column":10},"end":{"line":null,"column":-1}},"44":{"start":{"line":82,"column":10},"end":{"line":null,"column":-1}},"45":{"start":{"line":86,"column":4},"end":{"line":null,"column":-1}},"46":{"start":{"line":98,"column":76},"end":{"line":null,"column":-1}}},"fnMap":{"0":{"name":"CreateCourse","decl":{"start":{"line":11,"column":9},"end":{"line":11,"column":0}},"loc":{"start":{"line":11,"column":28},"end":{"line":119,"column":1}}},"1":{"name":"(anonymous_4)","decl":{"start":{"line":23,"column":29},"end":{"line":23,"column":28}},"loc":{"start":{"line":23,"column":35},"end":{"line":23,"column":4}}},"2":{"name":"(anonymous_5)","decl":{"start":{"line":34,"column":26},"end":{"line":34,"column":27}},"loc":{"start":{"line":34,"column":43},"end":{"line":34,"column":6}}},"3":{"name":"(anonymous_6)","decl":{"start":{"line":58,"column":15},"end":{"line":58,"column":13}},"loc":{"start":{"line":58,"column":27},"end":{"line":57,"column":8}}},"4":{"name":"(anonymous_7)","decl":{"start":{"line":65,"column":16},"end":{"line":65,"column":14}},"loc":{"start":{"line":65,"column":25},"end":{"line":57,"column":8}}},"5":{"name":"(anonymous_8)","decl":{"start":{"line":69,"column":41},"end":{"line":69,"column":39}},"loc":{"start":{"line":69,"column":54},"end":{"line":69,"column":8}}},"6":{"name":"(anonymous_9)","decl":{"start":{"line":74,"column":13},"end":{"line":74,"column":11}},"loc":{"start":{"line":74,"column":21},"end":{"line":69,"column":8}}},"7":{"name":"(anonymous_10)","decl":{"start":{"line":75,"column":12},"end":{"line":75,"column":17}},"loc":{"start":{"line":75,"column":18},"end":{"line":69,"column":8}}},"8":{"name":"(anonymous_11)","decl":{"start":{"line":76,"column":61},"end":{"line":76,"column":59}},"loc":{"start":{"line":76,"column":69},"end":{"line":76,"column":14}}},"9":{"name":"(anonymous_12)","decl":{"start":{"line":98,"column":65},"end":{"line":98,"column":63}},"loc":{"start":{"line":98,"column":75},"end":{"line":98,"column":11}}}},"branchMap":{"0":{"loc":{"start":{"line":35,"column":8},"end":{"line":34,"column":43}},"type":"if","locations":[{"start":{"line":35,"column":8},"end":{"line":34,"column":43}},{"start":{"line":35,"column":8},"end":{"line":34,"column":43}}]},"1":{"loc":{"start":{"line":35,"column":11},"end":{"line":35,"column":10}},"type":"binary-expr","locations":[{"start":{"line":35,"column":11},"end":{"line":35,"column":10}},{"start":{"line":35,"column":21},"end":{"line":35,"column":8}}]},"2":{"loc":{"start":{"line":59,"column":10},"end":{"line":62,"column":11}},"type":"if","locations":[{"start":{"line":59,"column":10},"end":{"line":62,"column":11}},{"start":{"line":59,"column":10},"end":{"line":62,"column":11}}]}},"s":{"0":0,"1":0,"2":0,"3":0,"4":0,"5":0,"6":0,"7":0,"8":0,"9":0,"10":0,"11":0,"12":0,"13":0,"14":0,"15":0,"16":0,"17":0,"18":0,"19":0,"20":0,"21":0,"22":0,"23":0,"24":0,"25":0,"26":0,"27":0,"28":0,"29":0,"30":0,"31":0,"32":0,"33":0,"34":0,"35":0,"36":0,"37":0,"38":0,"39":0,"40":0,"41":0,"42":0,"43":0,"44":0,"45":0,"46":0},"f":{"0":0,"1":0,"2":0,"3":0,"4":0,"5":0,"6":0,"7":0,"8":0,"9":0},"b":{"0":[0,0],"1":[0,0],"2":[0,0]}}
,"C:\\Holiday\\NewSDProject\\frontend\\src\\components\\CreateCourseAgain.jsx": {"path":"C:\\Holiday\\NewSDProject\\frontend\\src\\components\\CreateCourseAgain.jsx","statementMap":{"0":{"start":{"line":1,"column":0},"end":{"line":null,"column":-1}},"1":{"start":{"line":2,"column":0},"end":{"line":null,"column":-1}},"2":{"start":{"line":3,"column":0},"end":{"line":null,"column":-1}},"3":{"start":{"line":4,"column":0},"end":{"line":null,"column":-1}},"4":{"start":{"line":5,"column":0},"end":{"line":null,"column":-1}},"5":{"start":{"line":6,"column":0},"end":{"line":null,"column":-1}},"6":{"start":{"line":7,"column":0},"end":{"line":null,"column":-1}},"7":{"start":{"line":8,"column":0},"end":{"line":null,"column":-1}},"8":{"start":{"line":9,"column":0},"end":{"line":null,"column":-1}},"9":{"start":{"line":10,"column":0},"end":{"line":null,"column":-1}},"10":{"start":{"line":11,"column":0},"end":{"line":null,"column":-1}},"11":{"start":{"line":16,"column":47},"end":{"line":15,"column":25}},"12":{"start":{"line":15,"column":25},"end":{"line":null,"column":-1}},"13":{"start":{"line":17,"column":20},"end":{"line":15,"column":25}},"14":{"start":{"line":15,"column":25},"end":{"line":15,"column":24}},"15":{"start":{"line":19,"column":2},"end":{"line":null,"column":-1}},"16":{"start":{"line":36,"column":0},"end":{"line":null,"column":-1}},"17":{"start":{"line":45,"column":28},"end":{"line":44,"column":39}},"18":{"start":{"line":44,"column":39},"end":{"line":null,"column":-1}},"19":{"start":{"line":46,"column":30},"end":{"line":46,"column":2}},"20":{"start":{"line":47,"column":20},"end":{"line":44,"column":39}},"21":{"start":{"line":44,"column":39},"end":{"line":44,"column":38}},"22":{"start":{"line":48,"column":30},"end":{"line":44,"column":39}},"23":{"start":{"line":53,"column":20},"end":{"line":53,"column":2}},"24":{"start":{"line":54,"column":4},"end":{"line":null,"column":-1}},"25":{"start":{"line":57,"column":2},"end":{"line":null,"column":-1}}},"fnMap":{"0":{"name":"TabPanel","decl":{"start":{"line":15,"column":9},"end":{"line":15,"column":0}},"loc":{"start":{"line":15,"column":25},"end":{"line":34,"column":1}}},"1":{"name":"CreateCourse","decl":{"start":{"line":44,"column":24},"end":{"line":44,"column":15}},"loc":{"start":{"line":44,"column":39},"end":{"line":67,"column":1}}},"2":{"name":"(anonymous_5)","decl":{"start":{"line":53,"column":20},"end":{"line":53,"column":21}},"loc":{"start":{"line":53,"column":36},"end":{"line":53,"column":2}}}},"branchMap":{"0":{"loc":{"start":{"line":27,"column":7},"end":{"line":27,"column":6}},"type":"binary-expr","locations":[{"start":{"line":27,"column":7},"end":{"line":27,"column":6}},{"start":{"line":28,"column":8},"end":{"line":20,"column":4}}]}},"s":{"0":0,"1":0,"2":0,"3":0,"4":0,"5":0,"6":0,"7":0,"8":0,"9":0,"10":0,"11":0,"12":0,"13":0,"14":0,"15":0,"16":0,"17":0,"18":0,"19":0,"20":0,"21":0,"22":0,"23":0,"24":0,"25":0},"f":{"0":0,"1":0,"2":0},"b":{"0":[0,0]}}
,"C:\\Holiday\\NewSDProject\\frontend\\src\\components\\CreateSlides.jsx": {"path":"C:\\Holiday\\NewSDProject\\frontend\\src\\components\\CreateSlides.jsx","statementMap":{"0":{"start":{"line":1,"column":0},"end":{"line":null,"column":-1}},"1":{"start":{"line":2,"column":0},"end":{"line":null,"column":-1}},"2":{"start":{"line":3,"column":0},"end":{"line":null,"column":-1}},"3":{"start":{"line":5,"column":0},"end":{"line":null,"column":-1}},"4":{"start":{"line":6,"column":0},"end":{"line":null,"column":-1}},"5":{"start":{"line":11,"column":28},"end":{"line":10,"column":63}},"6":{"start":{"line":10,"column":63},"end":{"line":null,"column":-1}},"7":{"start":{"line":13,"column":21},"end":{"line":13,"column":4}},"8":{"start":{"line":14,"column":8},"end":{"line":null,"column":-1}},"9":{"start":{"line":17,"column":21},"end":{"line":17,"column":4}},"10":{"start":{"line":18,"column":21},"end":{"line":18,"column":4}},"11":{"start":{"line":19,"column":20},"end":{"line":19,"column":4}},"12":{"start":{"line":20,"column":29},"end":{"line":20,"column":4}},"13":{"start":{"line":22,"column":40},"end":{"line":10,"column":63}},"14":{"start":{"line":23,"column":30},"end":{"line":10,"column":63}},"15":{"start":{"line":24,"column":28},"end":{"line":10,"column":63}},"16":{"start":{"line":25,"column":46},"end":{"line":10,"column":63}},"17":{"start":{"line":10,"column":63},"end":{"line":26,"column":3}},"18":{"start":{"line":27,"column":32},"end":{"line":27,"column":4}},"19":{"start":{"line":29,"column":24},"end":{"line":29,"column":4}},"20":{"start":{"line":30,"column":8},"end":{"line":null,"column":-1}},"21":{"start":{"line":31,"column":8},"end":{"line":null,"column":-1}},"22":{"start":{"line":32,"column":8},"end":{"line":null,"column":-1}},"23":{"start":{"line":33,"column":8},"end":{"line":null,"column":-1}},"24":{"start":{"line":34,"column":8},"end":{"line":null,"column":-1}},"25":{"start":{"line":35,"column":8},"end":{"line":null,"column":-1}},"26":{"start":{"line":36,"column":8},"end":{"line":null,"column":-1}},"27":{"start":{"line":37,"column":8},"end":{"line":null,"column":-1}},"28":{"start":{"line":38,"column":8},"end":{"line":50,"column":9}},"29":{"start":{"line":39,"column":12},"end":{"line":null,"column":-1}},"30":{"start":{"line":40,"column":12},"end":{"line":null,"column":-1}},"31":{"start":{"line":49,"column":12},"end":{"line":null,"column":-1}},"32":{"start":{"line":51,"column":8},"end":{"line":null,"column":-1}},"33":{"start":{"line":52,"column":8},"end":{"line":52,"column":19}},"34":{"start":{"line":56,"column":4},"end":{"line":null,"column":-1}},"35":{"start":{"line":75,"column":95},"end":{"line":null,"column":-1}},"36":{"start":{"line":77,"column":86},"end":{"line":null,"column":-1}},"37":{"start":{"line":79,"column":77},"end":{"line":null,"column":-1}},"38":{"start":{"line":81,"column":77},"end":{"line":null,"column":-1}},"39":{"start":{"line":98,"column":24},"end":{"line":98,"column":0}},"40":{"start":{"line":108,"column":18},"end":{"line":108,"column":0}},"41":{"start":{"line":116,"column":21},"end":{"line":116,"column":0}},"42":{"start":{"line":123,"column":20},"end":{"line":123,"column":0}},"43":{"start":{"line":132,"column":21},"end":{"line":132,"column":0}},"44":{"start":{"line":138,"column":20},"end":{"line":138,"column":0}}},"fnMap":{"0":{"name":"CreateSlides","decl":{"start":{"line":10,"column":9},"end":{"line":10,"column":0}},"loc":{"start":{"line":10,"column":63},"end":{"line":96,"column":1}}},"1":{"name":"(anonymous_4)","decl":{"start":{"line":13,"column":21},"end":{"line":13,"column":26}},"loc":{"start":{"line":13,"column":27},"end":{"line":13,"column":4}}},"2":{"name":"(anonymous_5)","decl":{"start":{"line":29,"column":24},"end":{"line":29,"column":33}},"loc":{"start":{"line":29,"column":34},"end":{"line":29,"column":4}}},"3":{"name":"(anonymous_6)","decl":{"start":{"line":75,"column":84},"end":{"line":75,"column":82}},"loc":{"start":{"line":75,"column":94},"end":{"line":75,"column":24}}},"4":{"name":"(anonymous_7)","decl":{"start":{"line":77,"column":75},"end":{"line":77,"column":73}},"loc":{"start":{"line":77,"column":85},"end":{"line":77,"column":24}}},"5":{"name":"(anonymous_8)","decl":{"start":{"line":79,"column":66},"end":{"line":79,"column":64}},"loc":{"start":{"line":79,"column":76},"end":{"line":79,"column":24}}},"6":{"name":"(anonymous_9)","decl":{"start":{"line":81,"column":66},"end":{"line":81,"column":64}},"loc":{"start":{"line":81,"column":76},"end":{"line":81,"column":24}}}},"branchMap":{"0":{"loc":{"start":{"line":38,"column":8},"end":{"line":50,"column":9}},"type":"if","locations":[{"start":{"line":38,"column":8},"end":{"line":50,"column":9}},{"start":{"line":38,"column":8},"end":{"line":50,"column":9}}]},"1":{"loc":{"start":{"line":38,"column":11},"end":{"line":38,"column":10}},"type":"binary-expr","locations":[{"start":{"line":38,"column":11},"end":{"line":38,"column":10}},{"start":{"line":38,"column":32},"end":{"line":38,"column":8}}]}},"s":{"0":0,"1":0,"2":0,"3":0,"4":0,"5":0,"6":0,"7":0,"8":0,"9":0,"10":0,"11":0,"12":0,"13":0,"14":0,"15":0,"16":0,"17":0,"18":0,"19":0,"20":0,"21":0,"22":0,"23":0,"24":0,"25":0,"26":0,"27":0,"28":0,"29":0,"30":0,"31":0,"32":0,"33":0,"34":0,"35":0,"36":0,"37":0,"38":0,"39":0,"40":0,"41":0,"42":0,"43":0,"44":0},"f":{"0":0,"1":0,"2":0,"3":0,"4":0,"5":0,"6":0},"b":{"0":[0,0],"1":[0,0]}}
,"C:\\Holiday\\NewSDProject\\frontend\\src\\components\\Data.js": {"path":"C:\\Holiday\\NewSDProject\\frontend\\src\\components\\Data.js","statementMap":{"0":{"start":{"line":1,"column":0},"end":{"line":null,"column":-1}},"1":{"start":{"line":2,"column":0},"end":{"line":null,"column":-1}},"2":{"start":{"line":3,"column":0},"end":{"line":null,"column":-1}},"3":{"start":{"line":4,"column":0},"end":{"line":null,"column":-1}},"4":{"start":{"line":5,"column":0},"end":{"line":null,"column":-1}},"5":{"start":{"line":6,"column":0},"end":{"line":null,"column":-1}},"6":{"start":{"line":7,"column":0},"end":{"line":null,"column":-1}},"7":{"start":{"line":8,"column":0},"end":{"line":null,"column":-1}},"8":{"start":{"line":9,"column":0},"end":{"line":null,"column":-1}},"9":{"start":{"line":10,"column":0},"end":{"line":null,"column":-1}},"10":{"start":{"line":20,"column":18},"end":{"line":20,"column":0}},"11":{"start":{"line":21,"column":30},"end":{"line":21,"column":2}},"12":{"start":{"line":23,"column":12},"end":{"line":23,"column":2}},"13":{"start":{"line":24,"column":15},"end":{"line":24,"column":2}},"14":{"start":{"line":26,"column":12},"end":{"line":26,"column":2}},"15":{"start":{"line":29,"column":17},"end":{"line":29,"column":2}},"16":{"start":{"line":30,"column":2},"end":{"line":20,"column":30}},"17":{"start":{"line":31,"column":15},"end":{"line":31,"column":4}},"18":{"start":{"line":32,"column":19},"end":{"line":32,"column":4}},"19":{"start":{"line":33,"column":4},"end":{"line":null,"column":-1}},"20":{"start":{"line":34,"column":20},"end":{"line":34,"column":6}},"21":{"start":{"line":35,"column":6},"end":{"line":null,"column":-1}},"22":{"start":{"line":37,"column":20},"end":{"line":37,"column":4}},"23":{"start":{"line":38,"column":4},"end":{"line":null,"column":-1}},"24":{"start":{"line":39,"column":18},"end":{"line":39,"column":6}},"25":{"start":{"line":40,"column":20},"end":{"line":40,"column":6}},"26":{"start":{"line":41,"column":6},"end":{"line":null,"column":-1}},"27":{"start":{"line":42,"column":20},"end":{"line":42,"column":8}},"28":{"start":{"line":43,"column":17},"end":{"line":43,"column":8}},"29":{"start":{"line":47,"column":8},"end":{"line":51,"column":9}},"30":{"start":{"line":48,"column":10},"end":{"line":null,"column":-1}},"31":{"start":{"line":50,"column":10},"end":{"line":null,"column":-1}},"32":{"start":{"line":52,"column":8},"end":{"line":null,"column":-1}},"33":{"start":{"line":54,"column":22},"end":{"line":54,"column":6}},"34":{"start":{"line":61,"column":6},"end":{"line":null,"column":-1}},"35":{"start":{"line":63,"column":18},"end":{"line":63,"column":4}},"36":{"start":{"line":69,"column":4},"end":{"line":null,"column":-1}},"37":{"start":{"line":72,"column":18},"end":{"line":72,"column":2}},"38":{"start":{"line":73,"column":2},"end":{"line":null,"column":-1}},"39":{"start":{"line":74,"column":4},"end":{"line":null,"column":-1}},"40":{"start":{"line":80,"column":20},"end":{"line":80,"column":2}},"41":{"start":{"line":87,"column":2},"end":{"line":null,"column":-1}},"42":{"start":{"line":88,"column":16},"end":{"line":88,"column":2}},"43":{"start":{"line":89,"column":2},"end":{"line":null,"column":-1}},"44":{"start":{"line":90,"column":17},"end":{"line":90,"column":4}},"45":{"start":{"line":91,"column":4},"end":{"line":null,"column":-1}},"46":{"start":{"line":92,"column":6},"end":{"line":null,"column":-1}},"47":{"start":{"line":95,"column":15},"end":{"line":95,"column":4}},"48":{"start":{"line":103,"column":4},"end":{"line":null,"column":-1}},"49":{"start":{"line":106,"column":2},"end":{"line":null,"column":-1}},"50":{"start":{"line":109,"column":20},"end":{"line":109,"column":7}}},"fnMap":{"0":{"name":"(anonymous_3)","decl":{"start":{"line":20,"column":18},"end":{"line":20,"column":29}},"loc":{"start":{"line":20,"column":30},"end":{"line":20,"column":0}}},"1":{"name":"(anonymous_4)","decl":{"start":{"line":30,"column":36},"end":{"line":30,"column":37}},"loc":{"start":{"line":30,"column":53},"end":{"line":30,"column":2}}},"2":{"name":"(anonymous_5)","decl":{"start":{"line":33,"column":41},"end":{"line":33,"column":39}},"loc":{"start":{"line":33,"column":51},"end":{"line":33,"column":4}}},"3":{"name":"(anonymous_6)","decl":{"start":{"line":38,"column":39},"end":{"line":38,"column":37}},"loc":{"start":{"line":38,"column":52},"end":{"line":38,"column":4}}},"4":{"name":"(anonymous_7)","decl":{"start":{"line":41,"column":40},"end":{"line":41,"column":38}},"loc":{"start":{"line":41,"column":53},"end":{"line":41,"column":6}}},"5":{"name":"(anonymous_8)","decl":{"start":{"line":73,"column":36},"end":{"line":73,"column":34}},"loc":{"start":{"line":73,"column":45},"end":{"line":73,"column":2}}},"6":{"name":"(anonymous_9)","decl":{"start":{"line":89,"column":26},"end":{"line":89,"column":27}},"loc":{"start":{"line":89,"column":46},"end":{"line":89,"column":2}}},"7":{"name":"(anonymous_10)","decl":{"start":{"line":91,"column":22},"end":{"line":91,"column":23}},"loc":{"start":{"line":91,"column":40},"end":{"line":91,"column":4}}}},"branchMap":{"0":{"loc":{"start":{"line":47,"column":8},"end":{"line":51,"column":9}},"type":"if","locations":[{"start":{"line":47,"column":8},"end":{"line":51,"column":9}},{"start":{"line":47,"column":8},"end":{"line":51,"column":9}}]}},"s":{"0":0,"1":0,"2":0,"3":0,"4":0,"5":0,"6":0,"7":0,"8":0,"9":0,"10":0,"11":0,"12":0,"13":0,"14":0,"15":0,"16":0,"17":0,"18":0,"19":0,"20":0,"21":0,"22":0,"23":0,"24":0,"25":0,"26":0,"27":0,"28":0,"29":0,"30":0,"31":0,"32":0,"33":0,"34":0,"35":0,"36":0,"37":0,"38":0,"39":0,"40":0,"41":0,"42":0,"43":0,"44":0,"45":0,"46":0,"47":0,"48":0,"49":0,"50":0},"f":{"0":0,"1":0,"2":0,"3":0,"4":0,"5":0,"6":0,"7":0},"b":{"0":[0,0]}}
,"C:\\Holiday\\NewSDProject\\frontend\\src\\components\\DataContext.js": {"path":"C:\\Holiday\\NewSDProject\\frontend\\src\\components\\DataContext.js","statementMap":{"0":{"start":{"line":1,"column":0},"end":{"line":null,"column":-1}},"1":{"start":{"line":2,"column":0},"end":{"line":null,"column":-1}},"2":{"start":{"line":21,"column":17},"end":{"line":21,"column":0}},"3":{"start":{"line":26,"column":28},"end":{"line":26,"column":8}},"4":{"start":{"line":45,"column":42},"end":{"line":41,"column":35}},"5":{"start":{"line":41,"column":35},"end":{"line":null,"column":-1}},"6":{"start":{"line":47,"column":4},"end":{"line":41,"column":35}},"7":{"start":{"line":49,"column":8},"end":{"line":47,"column":26}},"8":{"start":{"line":52,"column":14},"end":{"line":null,"column":-1}},"9":{"start":{"line":53,"column":12},"end":{"line":51,"column":25}},"10":{"start":{"line":57,"column":12},"end":{"line":null,"column":-1}},"11":{"start":{"line":65,"column":28},"end":{"line":41,"column":35}},"12":{"start":{"line":67,"column":20},"end":{"line":67,"column":4}},"13":{"start":{"line":68,"column":8},"end":{"line":null,"column":-1}},"14":{"start":{"line":70,"column":5},"end":{"line":null,"column":-1}},"15":{"start":{"line":71,"column":8},"end":{"line":null,"column":-1}},"16":{"start":{"line":73,"column":21},"end":{"line":73,"column":8}},"17":{"start":{"line":74,"column":9},"end":{"line":84,"column":9}},"18":{"start":{"line":75,"column":13},"end":{"line":null,"column":-1}},"19":{"start":{"line":76,"column":17},"end":{"line":null,"column":-1}},"20":{"start":{"line":79,"column":14},"end":{"line":null,"column":-1}},"21":{"start":{"line":83,"column":12},"end":{"line":null,"column":-1}},"22":{"start":{"line":88,"column":0},"end":{"line":null,"column":-1}},"23":{"start":{"line":90,"column":18},"end":{"line":90,"column":4}},"24":{"start":{"line":95,"column":4},"end":{"line":null,"column":-1}}},"fnMap":{"0":{"name":"(anonymous_3)","decl":{"start":{"line":37,"column":15},"end":{"line":37,"column":18}},"loc":{"start":{"line":37,"column":19},"end":{"line":37,"column":21}}},"1":{"name":"DataProvider","decl":{"start":{"line":41,"column":16},"end":{"line":41,"column":7}},"loc":{"start":{"line":41,"column":35},"end":{"line":100,"column":1}}},"2":{"name":"(anonymous_5)","decl":{"start":{"line":47,"column":14},"end":{"line":47,"column":25}},"loc":{"start":{"line":47,"column":26},"end":{"line":47,"column":4}}},"3":{"name":"(anonymous_6)","decl":{"start":{"line":51,"column":17},"end":{"line":51,"column":15}},"loc":{"start":{"line":51,"column":25},"end":{"line":49,"column":14}}},"4":{"name":"(anonymous_7)","decl":{"start":{"line":56,"column":18},"end":{"line":56,"column":16}},"loc":{"start":{"line":56,"column":26},"end":{"line":49,"column":14}}},"5":{"name":"(anonymous_8)","decl":{"start":{"line":67,"column":20},"end":{"line":67,"column":18}},"loc":{"start":{"line":67,"column":26},"end":{"line":67,"column":4}}},"6":{"name":"(anonymous_9)","decl":{"start":{"line":70,"column":15},"end":{"line":70,"column":20}},"loc":{"start":{"line":70,"column":21},"end":{"line":70,"column":5}}},"7":{"name":"(anonymous_10)","decl":{"start":{"line":75,"column":42},"end":{"line":75,"column":40}},"loc":{"start":{"line":75,"column":49},"end":{"line":75,"column":23}}}},"branchMap":{"0":{"loc":{"start":{"line":74,"column":9},"end":{"line":84,"column":9}},"type":"if","locations":[{"start":{"line":74,"column":9},"end":{"line":84,"column":9}},{"start":{"line":74,"column":9},"end":{"line":84,"column":9}}]}},"s":{"0":0,"1":0,"2":0,"3":0,"4":0,"5":0,"6":0,"7":0,"8":0,"9":0,"10":0,"11":0,"12":0,"13":0,"14":0,"15":0,"16":0,"17":0,"18":0,"19":0,"20":0,"21":0,"22":0,"23":0,"24":0},"f":{"0":0,"1":0,"2":0,"3":0,"4":0,"5":0,"6":0,"7":0},"b":{"0":[0,0]}}
,"C:\\Holiday\\NewSDProject\\frontend\\src\\components\\EnrolledAppBar.jsx": {"path":"C:\\Holiday\\NewSDProject\\frontend\\src\\components\\EnrolledAppBar.jsx","statementMap":{"0":{"start":{"line":1,"column":0},"end":{"line":null,"column":-1}},"1":{"start":{"line":2,"column":0},"end":{"line":null,"column":-1}},"2":{"start":{"line":3,"column":0},"end":{"line":null,"column":-1}},"3":{"start":{"line":4,"column":0},"end":{"line":null,"column":-1}},"4":{"start":{"line":5,"column":0},"end":{"line":null,"column":-1}},"5":{"start":{"line":6,"column":0},"end":{"line":null,"column":-1}},"6":{"start":{"line":7,"column":0},"end":{"line":null,"column":-1}},"7":{"start":{"line":8,"column":0},"end":{"line":null,"column":-1}},"8":{"start":{"line":9,"column":0},"end":{"line":null,"column":-1}},"9":{"start":{"line":10,"column":0},"end":{"line":null,"column":-1}},"10":{"start":{"line":11,"column":0},"end":{"line":null,"column":-1}},"11":{"start":{"line":12,"column":0},"end":{"line":null,"column":-1}},"12":{"start":{"line":13,"column":0},"end":{"line":null,"column":-1}},"13":{"start":{"line":14,"column":0},"end":{"line":null,"column":-1}},"14":{"start":{"line":15,"column":0},"end":{"line":null,"column":-1}},"15":{"start":{"line":16,"column":0},"end":{"line":null,"column":-1}},"16":{"start":{"line":21,"column":24},"end":{"line":21,"column":0}},"17":{"start":{"line":23,"column":2},"end":{"line":null,"column":-1}}},"fnMap":{"0":{"name":"(anonymous_3)","decl":{"start":{"line":21,"column":24},"end":{"line":21,"column":22}},"loc":{"start":{"line":21,"column":34},"end":{"line":21,"column":0}}}},"branchMap":{},"s":{"0":0,"1":0,"2":0,"3":0,"4":0,"5":0,"6":0,"7":0,"8":0,"9":0,"10":0,"11":0,"12":0,"13":0,"14":0,"15":0,"16":0,"17":0},"f":{"0":0},"b":{}}
,"C:\\Holiday\\NewSDProject\\frontend\\src\\components\\EnrolledCourse.js": {"path":"C:\\Holiday\\NewSDProject\\frontend\\src\\components\\EnrolledCourse.js","statementMap":{"0":{"start":{"line":1,"column":0},"end":{"line":null,"column":-1}},"1":{"start":{"line":3,"column":0},"end":{"line":null,"column":-1}},"2":{"start":{"line":4,"column":0},"end":{"line":null,"column":-1}},"3":{"start":{"line":5,"column":0},"end":{"line":null,"column":-1}},"4":{"start":{"line":11,"column":0},"end":{"line":null,"column":-1}},"5":{"start":{"line":13,"column":0},"end":{"line":null,"column":-1}},"6":{"start":{"line":24,"column":2},"end":{"line":null,"column":-1}},"7":{"start":{"line":25,"column":34},"end":{"line":23,"column":23}},"8":{"start":{"line":23,"column":23},"end":{"line":null,"column":-1}},"9":{"start":{"line":26,"column":46},"end":{"line":23,"column":23}},"10":{"start":{"line":27,"column":30},"end":{"line":27,"column":2}},"11":{"start":{"line":28,"column":40},"end":{"line":23,"column":23}},"12":{"start":{"line":30,"column":16},"end":{"line":30,"column":2}},"13":{"start":{"line":31,"column":14},"end":{"line":31,"column":4}},"14":{"start":{"line":32,"column":17},"end":{"line":32,"column":4}},"15":{"start":{"line":34,"column":14},"end":{"line":34,"column":4}},"16":{"start":{"line":35,"column":4},"end":{"line":null,"column":-1}},"17":{"start":{"line":37,"column":20},"end":{"line":37,"column":4}},"18":{"start":{"line":38,"column":4},"end":{"line":null,"column":-1}},"19":{"start":{"line":39,"column":6},"end":{"line":null,"column":-1}},"20":{"start":{"line":44,"column":4},"end":{"line":null,"column":-1}},"21":{"start":{"line":51,"column":2},"end":{"line":null,"column":-1}},"22":{"start":{"line":52,"column":20},"end":{"line":52,"column":4}},"23":{"start":{"line":53,"column":4},"end":{"line":63,"column":5}},"24":{"start":{"line":54,"column":6},"end":{"line":54,"column":11}},"25":{"start":{"line":56,"column":6},"end":{"line":null,"column":-1}},"26":{"start":{"line":58,"column":10},"end":{"line":null,"column":-1}},"27":{"start":{"line":59,"column":10},"end":{"line":null,"column":-1}},"28":{"start":{"line":60,"column":10},"end":{"line":null,"column":-1}},"29":{"start":{"line":66,"column":20},"end":{"line":23,"column":23}},"30":{"start":{"line":23,"column":23},"end":{"line":23,"column":22}},"31":{"start":{"line":68,"column":19},"end":{"line":68,"column":2}},"32":{"start":{"line":69,"column":2},"end":{"line":null,"column":-1}},"33":{"start":{"line":101,"column":22},"end":{"line":null,"column":-1}}},"fnMap":{"0":{"name":"Course","decl":{"start":{"line":23,"column":9},"end":{"line":23,"column":0}},"loc":{"start":{"line":23,"column":23},"end":{"line":121,"column":1}}},"1":{"name":"(anonymous_4)","decl":{"start":{"line":30,"column":16},"end":{"line":30,"column":27}},"loc":{"start":{"line":30,"column":28},"end":{"line":30,"column":2}}},"2":{"name":"(anonymous_5)","decl":{"start":{"line":38,"column":38},"end":{"line":38,"column":36}},"loc":{"start":{"line":38,"column":47},"end":{"line":38,"column":4}}},"3":{"name":"(anonymous_6)","decl":{"start":{"line":51,"column":12},"end":{"line":51,"column":23}},"loc":{"start":{"line":51,"column":24},"end":{"line":51,"column":2}}},"4":{"name":"(anonymous_7)","decl":{"start":{"line":57,"column":9},"end":{"line":57,"column":7}},"loc":{"start":{"line":57,"column":17},"end":{"line":56,"column":12}}},"5":{"name":"(anonymous_8)","decl":{"start":{"line":100,"column":29},"end":{"line":100,"column":34}},"loc":{"start":{"line":100,"column":35},"end":{"line":97,"column":18}}}},"branchMap":{"0":{"loc":{"start":{"line":53,"column":4},"end":{"line":63,"column":5}},"type":"if","locations":[{"start":{"line":53,"column":4},"end":{"line":63,"column":5}},{"start":{"line":53,"column":4},"end":{"line":63,"column":5}}]}},"s":{"0":0,"1":0,"2":0,"3":0,"4":0,"5":0,"6":0,"7":0,"8":0,"9":0,"10":0,"11":0,"12":0,"13":0,"14":0,"15":0,"16":0,"17":0,"18":0,"19":0,"20":0,"21":0,"22":0,"23":0,"24":0,"25":0,"26":0,"27":0,"28":0,"29":0,"30":0,"31":0,"32":0,"33":0},"f":{"0":0,"1":0,"2":0,"3":0,"4":0,"5":0},"b":{"0":[0,0]}}
,"C:\\Holiday\\NewSDProject\\frontend\\src\\components\\EnrolledNav.js": {"path":"C:\\Holiday\\NewSDProject\\frontend\\src\\components\\EnrolledNav.js","statementMap":{"0":{"start":{"line":1,"column":0},"end":{"line":null,"column":-1}},"1":{"start":{"line":2,"column":0},"end":{"line":null,"column":-1}},"2":{"start":{"line":3,"column":0},"end":{"line":null,"column":-1}},"3":{"start":{"line":5,"column":0},"end":{"line":null,"column":-1}},"4":{"start":{"line":6,"column":0},"end":{"line":null,"column":-1}},"5":{"start":{"line":7,"column":0},"end":{"line":null,"column":-1}},"6":{"start":{"line":13,"column":28},"end":{"line":11,"column":22}},"7":{"start":{"line":11,"column":22},"end":{"line":null,"column":-1}},"8":{"start":{"line":14,"column":24},"end":{"line":14,"column":4}},"9":{"start":{"line":14,"column":30},"end":{"line":14,"column":4}},"10":{"start":{"line":15,"column":23},"end":{"line":15,"column":4}},"11":{"start":{"line":15,"column":29},"end":{"line":15,"column":4}},"12":{"start":{"line":16,"column":21},"end":{"line":16,"column":4}},"13":{"start":{"line":17,"column":2},"end":{"line":null,"column":-1}},"14":{"start":{"line":29,"column":88},"end":{"line":29,"column":11}}},"fnMap":{"0":{"name":"EnrolledNav","decl":{"start":{"line":11,"column":9},"end":{"line":11,"column":0}},"loc":{"start":{"line":11,"column":22},"end":{"line":49,"column":1}}},"1":{"name":"(anonymous_4)","decl":{"start":{"line":14,"column":24},"end":{"line":14,"column":29}},"loc":{"start":{"line":14,"column":30},"end":{"line":14,"column":4}}},"2":{"name":"(anonymous_5)","decl":{"start":{"line":15,"column":23},"end":{"line":15,"column":28}},"loc":{"start":{"line":15,"column":29},"end":{"line":15,"column":4}}},"3":{"name":"(anonymous_6)","decl":{"start":{"line":29,"column":84},"end":{"line":29,"column":87}},"loc":{"start":{"line":29,"column":88},"end":{"line":29,"column":11}}}},"branchMap":{},"s":{"0":0,"1":0,"2":0,"3":0,"4":0,"5":0,"6":0,"7":0,"8":0,"9":0,"10":0,"11":0,"12":0,"13":0,"14":0},"f":{"0":0,"1":0,"2":0,"3":0},"b":{}}
,"C:\\Holiday\\NewSDProject\\frontend\\src\\components\\Enrolledpage.js": {"path":"C:\\Holiday\\NewSDProject\\frontend\\src\\components\\Enrolledpage.js","statementMap":{"0":{"start":{"line":1,"column":0},"end":{"line":null,"column":-1}},"1":{"start":{"line":2,"column":0},"end":{"line":null,"column":-1}},"2":{"start":{"line":3,"column":0},"end":{"line":null,"column":-1}},"3":{"start":{"line":4,"column":0},"end":{"line":null,"column":-1}},"4":{"start":{"line":10,"column":20},"end":{"line":9,"column":19}},"5":{"start":{"line":9,"column":19},"end":{"line":9,"column":18}},"6":{"start":{"line":11,"column":4},"end":{"line":null,"column":-1}},"7":{"start":{"line":13,"column":4},"end":{"line":null,"column":-1}}},"fnMap":{"0":{"name":"Enrolled","decl":{"start":{"line":9,"column":9},"end":{"line":9,"column":0}},"loc":{"start":{"line":9,"column":19},"end":{"line":23,"column":1}}}},"branchMap":{},"s":{"0":0,"1":0,"2":0,"3":0,"4":0,"5":0,"6":0,"7":0},"f":{"0":0},"b":{}}
,"C:\\Holiday\\NewSDProject\\frontend\\src\\components\\Explore.jsx": {"path":"C:\\Holiday\\NewSDProject\\frontend\\src\\components\\Explore.jsx","statementMap":{"0":{"start":{"line":1,"column":0},"end":{"line":null,"column":-1}},"1":{"start":{"line":2,"column":0},"end":{"line":null,"column":-1}},"2":{"start":{"line":3,"column":0},"end":{"line":null,"column":-1}},"3":{"start":{"line":8,"column":2},"end":{"line":null,"column":-1}}},"fnMap":{"0":{"name":"Explore","decl":{"start":{"line":5,"column":9},"end":{"line":5,"column":0}},"loc":{"start":{"line":5,"column":19},"end":{"line":13,"column":1}}}},"branchMap":{},"s":{"0":0,"1":0,"2":0,"3":0},"f":{"0":0},"b":{}}
,"C:\\Holiday\\NewSDProject\\frontend\\src\\components\\Firstpanel.jsx": {"path":"C:\\Holiday\\NewSDProject\\frontend\\src\\components\\Firstpanel.jsx","statementMap":{"0":{"start":{"line":1,"column":0},"end":{"line":null,"column":-1}},"1":{"start":{"line":2,"column":0},"end":{"line":null,"column":-1}},"2":{"start":{"line":3,"column":0},"end":{"line":null,"column":-1}},"3":{"start":{"line":4,"column":0},"end":{"line":null,"column":-1}},"4":{"start":{"line":5,"column":0},"end":{"line":null,"column":-1}},"5":{"start":{"line":7,"column":0},"end":{"line":null,"column":-1}},"6":{"start":{"line":17,"column":48},"end":{"line":16,"column":46}},"7":{"start":{"line":16,"column":46},"end":{"line":null,"column":-1}},"8":{"start":{"line":18,"column":30},"end":{"line":16,"column":46}},"9":{"start":{"line":19,"column":33},"end":{"line":16,"column":46}},"10":{"start":{"line":16,"column":46},"end":{"line":16,"column":45}},"11":{"start":{"line":21,"column":18},"end":{"line":21,"column":2}},"12":{"start":{"line":22,"column":4},"end":{"line":null,"column":-1}},"13":{"start":{"line":25,"column":26},"end":{"line":25,"column":2}},"14":{"start":{"line":26,"column":15},"end":{"line":26,"column":4}},"15":{"start":{"line":35,"column":4},"end":{"line":null,"column":-1}},"16":{"start":{"line":37,"column":4},"end":{"line":null,"column":-1}},"17":{"start":{"line":40,"column":21},"end":{"line":40,"column":2}},"18":{"start":{"line":41,"column":4},"end":{"line":null,"column":-1}},"19":{"start":{"line":42,"column":15},"end":{"line":42,"column":4}},"20":{"start":{"line":43,"column":4},"end":{"line":40,"column":27}},"21":{"start":{"line":44,"column":6},"end":{"line":null,"column":-1}},"22":{"start":{"line":46,"column":6},"end":{"line":null,"column":-1}},"23":{"start":{"line":47,"column":6},"end":{"line":null,"column":-1}},"24":{"start":{"line":52,"column":18},"end":{"line":52,"column":2}},"25":{"start":{"line":53,"column":20},"end":{"line":53,"column":2}},"26":{"start":{"line":54,"column":20},"end":{"line":54,"column":4}},"27":{"start":{"line":55,"column":24},"end":{"line":55,"column":4}},"28":{"start":{"line":56,"column":4},"end":{"line":null,"column":-1}},"29":{"start":{"line":57,"column":4},"end":{"line":null,"column":-1}},"30":{"start":{"line":58,"column":12},"end":{"line":58,"column":4}},"31":{"start":{"line":59,"column":4},"end":{"line":null,"column":-1}},"32":{"start":{"line":60,"column":4},"end":{"line":null,"column":-1}},"33":{"start":{"line":63,"column":26},"end":{"line":63,"column":2}},"34":{"start":{"line":64,"column":4},"end":{"line":null,"column":-1}},"35":{"start":{"line":65,"column":18},"end":{"line":65,"column":4}},"36":{"start":{"line":67,"column":4},"end":{"line":null,"column":-1}},"37":{"start":{"line":69,"column":23},"end":{"line":69,"column":4}},"38":{"start":{"line":70,"column":4},"end":{"line":null,"column":-1}},"39":{"start":{"line":71,"column":4},"end":{"line":null,"column":-1}},"40":{"start":{"line":74,"column":2},"end":{"line":null,"column":-1}},"41":{"start":{"line":144,"column":35},"end":{"line":137,"column":16}},"42":{"start":{"line":172,"column":16},"end":{"line":null,"column":-1}},"43":{"start":{"line":192,"column":32},"end":{"line":184,"column":10}},"44":{"start":{"line":202,"column":18},"end":{"line":202,"column":0}}},"fnMap":{"0":{"name":"Firstpanel","decl":{"start":{"line":16,"column":9},"end":{"line":16,"column":0}},"loc":{"start":{"line":16,"column":46},"end":{"line":200,"column":1}}},"1":{"name":"(anonymous_4)","decl":{"start":{"line":21,"column":18},"end":{"line":21,"column":23}},"loc":{"start":{"line":21,"column":24},"end":{"line":21,"column":2}}},"2":{"name":"(anonymous_5)","decl":{"start":{"line":25,"column":26},"end":{"line":25,"column":27}},"loc":{"start":{"line":25,"column":42},"end":{"line":25,"column":2}}},"3":{"name":"(anonymous_6)","decl":{"start":{"line":40,"column":21},"end":{"line":40,"column":20}},"loc":{"start":{"line":40,"column":27},"end":{"line":40,"column":2}}},"4":{"name":"(anonymous_7)","decl":{"start":{"line":53,"column":20},"end":{"line":53,"column":26}},"loc":{"start":{"line":53,"column":37},"end":{"line":53,"column":2}}},"5":{"name":"(anonymous_8)","decl":{"start":{"line":63,"column":26},"end":{"line":63,"column":32}},"loc":{"start":{"line":63,"column":39},"end":{"line":63,"column":2}}},"6":{"name":"(anonymous_9)","decl":{"start":{"line":144,"column":29},"end":{"line":144,"column":28}},"loc":{"start":{"line":144,"column":35},"end":{"line":137,"column":16}}},"7":{"name":"(anonymous_10)","decl":{"start":{"line":170,"column":27},"end":{"line":170,"column":25}},"loc":{"start":{"line":170,"column":37},"end":{"line":170,"column":15}}},"8":{"name":"(anonymous_11)","decl":{"start":{"line":192,"column":22},"end":{"line":192,"column":20}},"loc":{"start":{"line":192,"column":32},"end":{"line":184,"column":10}}}},"branchMap":{"0":{"loc":{"start":{"line":43,"column":4},"end":{"line":40,"column":27}},"type":"if","locations":[{"start":{"line":43,"column":4},"end":{"line":40,"column":27}},{"start":{"line":43,"column":4},"end":{"line":40,"column":27}}]},"1":{"loc":{"start":{"line":126,"column":9},"end":{"line":126,"column":24}},"type":"binary-expr","locations":[{"start":{"line":126,"column":9},"end":{"line":126,"column":24}},{"start":{"line":127,"column":10},"end":{"line":83,"column":6}}]},"2":{"loc":{"start":{"line":167,"column":12},"end":{"line":166,"column":11}},"type":"cond-expr","locations":[{"start":{"line":167,"column":12},"end":{"line":166,"column":11}},{"start":{"line":169,"column":12},"end":{"line":165,"column":8}}]}},"s":{"0":0,"1":0,"2":0,"3":0,"4":0,"5":0,"6":0,"7":0,"8":0,"9":0,"10":0,"11":0,"12":0,"13":0,"14":0,"15":0,"16":0,"17":0,"18
[...]
0,"column":16},"end":{"line":159,"column":17}},"type":"if","locations":[{"start":{"line":150,"column":16},"end":{"line":159,"column":17}},{"start":{"line":150,"column":16},"end":{"line":159,"column":17}}]},"10":{"loc":{"start":{"line":151,"column":18},"end":{"line":152,"column":20}},"type":"if","locations":[{"start":{"line":151,"column":18},"end":{"line":152,"column":20}},{"start":{"line":151,"column":18},"end":{"line":152,"column":20}}]},"11":{"loc":{"start":{"line":155,"column":18},"end":{"line":156,"column":20}},"type":"if","locations":[{"start":{"line":155,"column":18},"end":{"line":156,"column":20}},{"start":{"line":155,"column":18},"end":{"line":156,"column":20}}]},"12":{"loc":{"start":{"line":170,"column":16},"end":{"line":173,"column":17}},"type":"if","locations":[{"start":{"line":170,"column":16},"end":{"line":173,"column":17}},{"start":{"line":170,"column":16},"end":{"line":173,"column":17}}]},"13":{"loc":{"start":{"line":185,"column":13},"end":{"line":247,"column":7}},"type":"if","locations":[{"start":{"line":185,"column":13},"end":{"line":247,"column":7}},{"start":{"line":185,"column":13},"end":{"line":247,"column":7}}]},"14":{"loc":{"start":{"line":185,"column":17},"end":{"line":185,"column":16}},"type":"binary-expr","locations":[{"start":{"line":185,"column":17},"end":{"line":185,"column":16}},{"start":{"line":185,"column":46},"end":{"line":185,"column":13}}]},"15":{"loc":{"start":{"line":213,"column":16},"end":{"line":222,"column":17}},"type":"if","locations":[{"start":{"line":213,"column":16},"end":{"line":222,"column":17}},{"start":{"line":213,"column":16},"end":{"line":222,"column":17}}]},"16":{"loc":{"start":{"line":214,"column":18},"end":{"line":215,"column":20}},"type":"if","locations":[{"start":{"line":214,"column":18},"end":{"line":215,"column":20}},{"start":{"line":214,"column":18},"end":{"line":215,"column":20}}]},"17":{"loc":{"start":{"line":218,"column":18},"end":{"line":219,"column":20}},"type":"if","locations":[{"start":{"line":218,"column":18},"end":{"line":219,"column":20}},{"start":{"line":218,"column":18},"end":{"line":219,"column":20}}]},"18":{"loc":{"start":{"line":232,"column":16},"end":{"line":235,"column":17}},"type":"if","locations":[{"start":{"line":232,"column":16},"end":{"line":235,"column":17}},{"start":{"line":232,"column":16},"end":{"line":235,"column":17}}]},"19":{"loc":{"start":{"line":263,"column":14},"end":{"line":272,"column":15}},"type":"if","locations":[{"start":{"line":263,"column":14},"end":{"line":272,"column":15}},{"start":{"line":263,"column":14},"end":{"line":272,"column":15}}]},"20":{"loc":{"start":{"line":264,"column":16},"end":{"line":265,"column":18}},"type":"if","locations":[{"start":{"line":264,"column":16},"end":{"line":265,"column":18}},{"start":{"line":264,"column":16},"end":{"line":265,"column":18}}]},"21":{"loc":{"start":{"line":268,"column":16},"end":{"line":269,"column":18}},"type":"if","locations":[{"start":{"line":268,"column":16},"end":{"line":269,"column":18}},{"start":{"line":268,"column":16},"end":{"line":269,"column":18}}]},"22":{"loc":{"start":{"line":280,"column":14},"end":{"line":283,"column":15}},"type":"if","locations":[{"start":{"line":280,"column":14},"end":{"line":283,"column":15}},{"start":{"line":280,"column":14},"end":{"line":283,"column":15}}]}},"s":{"0":0,"1":0,"2":0,"3":0,"4":0,"5":0,"6":0,"7":0,"8":0,"9":0,"10":0,"11":0,"12":0,"13":0,"14":0,"15":0,"16":0,"17":0,"18":0,"19":0,"20":0,"21":0,"22":0,"23":0,"24":0,"25":0,"26":0,"27":0,"28":0,"29":0,"30":0,"31":0,"32":0,"33":0,"34":0,"35":0,"36":0,"37":0,"38":0,"39":0,"40":0,"41":0,"42":0,"43":0,"44":0,"45":0,"46":0,"47":0,"48":0,"49":0,"50":0,"51":0,"52":0,"53":0,"54":0,"55":0,"56":0,"57":0,"58":0,"59":0,"60":0,"61":0,"62":0,"63":0,"64":0,"65":0,"66":0,"67":0,"68":0,"69":0,"70":0,"71":0,"72":0,"73":0,"74":0,"75":0,"76":0,"77":0,"78":0,"79":0,"80":0,"81":0,"82":0,"83":0,"84":0,"85":0,"86":0},"f":{"0":0,"1":0,"2":0,"3":0,"4":0,"5":0,"6":0,"7":0,"8":0,"9":0,"10":0},"b":{"0":[0,0],"1":[0,0],"2":[0,0],"3":[0,0],"4":[0,0],"5":[0,0],"6":[0,0],"7":[0,0],"8":[0,0],"9":[0,0],"10":[0,0],"11":[0,0],"12":[0,0],"13":[0,0],"14":[0,0],"15":[0,0],"16":[0,0],"17":[0,0],"18":[0,0],"19":[0,0],"20":[0,0],"21":[0,0],"22":[0,0]}}
,"C:\\Holiday\\NewSDProject\\frontend\\src\\components\\studio\\tools.js": {"path":"C:\\Holiday\\NewSDProject\\frontend\\src\\components\\studio\\tools.js","statementMap":{"0":{"start":{"line":1,"column":0},"end":{"line":null,"column":-1}},"1":{"start":{"line":2,"column":0},"end":{"line":null,"column":-1}},"2":{"start":{"line":3,"column":0},"end":{"line":null,"column":-1}},"3":{"start":{"line":4,"column":0},"end":{"line":null,"column":-1}},"4":{"start":{"line":6,"column":21},"end":{"line":6,"column":7}}},"fnMap":{},"branchMap":{},"s":{"0":0,"1":0,"2":0,"3":0,"4":0},"f":{},"b":{}}
,"C:\\Holiday\\NewSDProject\\frontend\\src\\components\\tags\\ListTags.jsx": {"path":"C:\\Holiday\\NewSDProject\\frontend\\src\\components\\tags\\ListTags.jsx","statementMap":{"0":{"start":{"line":4,"column":17},"end":{"line":16,"column":1}},"1":{"start":{"line":5,"column":4},"end":{"line":15,"column":5}},"2":{"start":{"line":8,"column":16},"end":{"line":13,"column":18}},"3":{"start":{"line":18,"column":18},"end":{"line":23,"column":1}}},"fnMap":{"0":{"name":"(anonymous_0)","decl":{"start":{"line":4,"column":17},"end":{"line":4,"column":18}},"loc":{"start":{"line":4,"column":26},"end":{"line":16,"column":1}},"line":4},"1":{"name":"(anonymous_1)","decl":{"start":{"line":7,"column":36},"end":{"line":7,"column":37}},"loc":{"start":{"line":8,"column":16},"end":{"line":13,"column":18}},"line":8}},"branchMap":{},"s":{"0":1,"1":1,"2":2,"3":1},"f":{"0":1,"1":2},"b":{},"_coverageSchema":"332fd63041d2c1bcb487cc26dd0d5f7d97098a6c","hash":"d318785d55dfb18779e07a132aba612c2462bb18"}
,"C:\\Holiday\\NewSDProject\\frontend\\src\\components\\tags\\TagsDialog.jsx": {"path":"C:\\Holiday\\NewSDProject\\frontend\\src\\components\\tags\\TagsDialog.jsx","statementMap":{"0":{"start":{"line":1,"column":0},"end":{"line":null,"column":-1}},"1":{"start":{"line":2,"column":0},"end":{"line":null,"column":-1}},"2":{"start":{"line":3,"column":0},"end":{"line":null,"column":-1}},"3":{"start":{"line":4,"column":0},"end":{"line":null,"column":-1}},"4":{"start":{"line":6,"column":0},"end":{"line":null,"column":-1}},"5":{"start":{"line":7,"column":0},"end":{"line":null,"column":-1}},"6":{"start":{"line":8,"column":0},"end":{"line":null,"column":-1}},"7":{"start":{"line":9,"column":0},"end":{"line":null,"column":-1}},"8":{"start":{"line":11,"column":0},"end":{"line":null,"column":-1}},"9":{"start":{"line":12,"column":0},"end":{"line":null,"column":-1}},"10":{"start":{"line":23,"column":20},"end":{"line":23,"column":0}},"11":{"start":{"line":24,"column":22},"end":{"line":24,"column":4}},"12":{"start":{"line":25,"column":28},"end":{"line":23,"column":30}},"13":{"start":{"line":23,"column":30},"end":{"line":null,"column":-1}},"14":{"start":{"line":26,"column":27},"end":{"line":26,"column":4}},"15":{"start":{"line":28,"column":28},"end":{"line":28,"column":4}},"16":{"start":{"line":29,"column":35},"end":{"line":23,"column":30}},"17":{"start":{"line":23,"column":30},"end":{"line":23,"column":29}},"18":{"start":{"line":30,"column":38},"end":{"line":23,"column":30}},"19":{"start":{"line":32,"column":4},"end":{"line":null,"column":-1}},"20":{"start":{"line":33,"column":24},"end":{"line":33,"column":8}},"21":{"start":{"line":34,"column":25},"end":{"line":34,"column":12}},"22":{"start":{"line":35,"column":12},"end":{"line":null,"column":-1}},"23":{"start":{"line":35,"column":34},"end":{"line":35,"column":20}},"24":{"start":{"line":37,"column":8},"end":{"line":37,"column":15}},"25":{"start":{"line":41,"column":4},"end":{"line":null,"column":-1}},"26":{"start":{"line":42,"column":8},"end":{"line":null,"column":-1}},"27":{"start":{"line":43,"column":8},"end":{"line":null,"column":-1}},"28":{"start":{"line":49,"column":12},"end":{"line":null,"column":-1}},"29":{"start":{"line":50,"column":14},"end":{"line":49,"column":12}},"30":{"start":{"line":55,"column":20},"end":{"line":55,"column":4}},"31":{"start":{"line":56,"column":19},"end":{"line":56,"column":4}},"32":{"start":{"line":58,"column":4},"end":{"line":60,"column":5}},"33":{"start":{"line":59,"column":8},"end":{"line":null,"column":-1}},"34":{"start":{"line":62,"column":38},"end":{"line":23,"column":30}},"35":{"start":{"line":63,"column":36},"end":{"line":23,"column":30}},"36":{"start":{"line":65,"column":20},"end":{"line":65,"column":4}},"37":{"start":{"line":66,"column":8},"end":{"line":null,"column":-1}},"38":{"start":{"line":67,"column":24},"end":{"line":67,"column":8}},"39":{"start":{"line":68,"column":8},"end":{"line":65,"column":25}},"40":{"start":{"line":70,"column":8},"end":{"line":null,"column":-1}},"41":{"start":{"line":73,"column":4},"end":{"line":null,"column":-1}}},"fnMap":{"0":{"name":"(anonymous_3)","decl":{"start":{"line":23,"column":20},"end":{"line":23,"column":18}},"loc":{"start":{"line":23,"column":30},"end":{"line":23,"column":0}}},"1":{"name":"(anonymous_4)","decl":{"start":{"line":32,"column":14},"end":{"line":32,"column":19}},"loc":{"start":{"line":32,"column":20},"end":{"line":32,"column":4}}},"2":{"name":"(anonymous_5)","decl":{"start":{"line":33,"column":24},"end":{"line":33,"column":33}},"loc":{"start":{"line":33,"column":34},"end":{"line":33,"column":8}}},"3":{"name":"(anonymous_6)","decl":{"start":{"line":35,"column":35},"end":{"line":35,"column":33}},"loc":{"start":{"line":35,"column":34},"end":{"line":35,"column":20}}},"4":{"name":"(anonymous_7)","decl":{"start":{"line":41,"column":14},"end":{"line":41,"column":19}},"loc":{"start":{"line":41,"column":20},"end":{"line":41,"column":4}}},"5":{"name":"(anonymous_8)","decl":{"start":{"line":48,"column":17},"end":{"line":48,"column":15}},"loc":{"start":{"line":48,"column":30},"end":{"line":43,"column":8}}},"6":{"name":"(anonymous_9)","decl":{"start":{"line":49,"column":52},"end":{"line":49,"column":50}},"loc":{"start":{"line":50,"column":14},"end":{"line":49,"column":12}}},"7":{"name":"(anonymous_10)","decl":{"start":{"line":65,"column":20},"end":{"line":65,"column":24}},"loc":{"start":{"line":65,"column":25},"end":{"line":65,"column":4}}}},"branchMap":{},"s":{"0":0,"1":0,"2":0,"3":0,"4":0,"5":0,"6":0,"7":0,"8":0,"9":0,"10":0,"11":0,"12":0,"13":0,"14":0,"15":0,"16":0,"17":0,"18":0,"19":0,"20":0,"21":0,"22":0,"23":0,"24":0,"25":0,"26":0,"27":0,"28":0,"29":0,"30":0,"31":0,"32":0,"33":0,"34":0,"35":0,"36":0,"37":0,"38":0,"39":0,"40":0,"41":0},"f":{"0":0,"1":0,"2":0,"3":0,"4":0,"5":0,"6":0,"7":0},"b":{}}
,"C:\\Holiday\\NewSDProject\\frontend\\src\\components\\tags\\TagsInput.jsx": {"path":"C:\\Holiday\\NewSDProject\\frontend\\src\\components\\tags\\TagsInput.jsx","statementMap":{"0":{"start":{"line":6,"column":18},"end":{"line":57,"column":1}},"1":{"start":{"line":7,"column":30},"end":{"line":7,"column":42}},"2":{"start":{"line":9,"column":21},"end":{"line":11,"column":5}},"3":{"start":{"line":10,"column":8},"end":{"line":10,"column":37}},"4":{"start":{"line":13,"column":18},"end":{"line":35,"column":5}},"5":{"start":{"line":14,"column":8},"end":{"line":34,"column":9}},"6":{"start":{"line":15,"column":25},"end":{"line":15,"column":27}},"7":{"start":{"line":16,"column":12},"end":{"line":20,"column":13}},"8":{"start":{"line":17,"column":16},"end":{"line":17,"column":31}},"9":{"start":{"line":19,"column":16},"end":{"line":19,"column":37}},"10":{"start":{"line":22,"column":23},"end":{"line":22,"column":27}},"11":{"start":{"line":23,"column":12},"end":{"line":29,"column":13}},"12":{"start":{"line":24,"column":16},"end":{"line":28,"column":17}},"13":{"start":{"line":26,"column":20},"end":{"line":26,"column":33}},"14":{"start":{"line":27,"column":20},"end":{"line":27,"column":26}},"15":{"start":{"line":30,"column":12},"end":{"line":32,"column":13}},"16":{"start":{"line":31,"column":16},"end":{"line":31,"column":44}},"17":{"start":{"line":33,"column":8},"end":{"line":33,"column":21}},"18":{"start":{"line":37,"column":4},"end":{"line":56,"column":5}},"19":{"start":{"line":59,"column":19},"end":{"line":66,"column":1}}},"fnMap":{"0":{"name":"(anonymous_0)","decl":{"start":{"line":6,"column":18},"end":{"line":6,"column":19}},"loc":{"start":{"line":6,"column":27},"end":{"line":57,"column":1}},"line":6},"1":{"name":"(anonymous_1)","decl":{"start":{"line":9,"column":21},"end":{"line":9,"column":22}},"loc":{"start":{"line":9,"column":30},"end":{"line":11,"column":5}},"line":9},"2":{"name":"(anonymous_2)","decl":{"start":{"line":13,"column":18},"end":{"line":13,"column":19}},"loc":{"start":{"line":13,"column":22},"end":{"line":35,"column":5}},"line":13}},"branchMap":{"0":{"loc":{"start":{"line":14,"column":8},"end":{"line":34,"column":9}},"type":"if","locations":[{"start":{"line":14,"column":8},"end":{"line":34,"column":9}},{"start":{"line":14,"column":8},"end":{"line":34,"column":9}}],"line":14},"1":{"loc":{"start":{"line":16,"column":12},"end":{"line":20,"column":13}},"type":"if","locations":[{"start":{"line":16,"column":12},"end":{"line":20,"column":13}},{"start":{"line":16,"column":12},"end":{"line":20,"column":13}}],"line":16},"2":{"loc":{"start":{"line":24,"column":16},"end":{"line":28,"column":17}},"type":"if","locations":[{"start":{"line":24,"column":16},"end":{"line":28,"column":17}},{"start":{"line":24,"column":16},"end":{"line":28,"column":17}}],"line":24},"3":{"loc":{"start":{"line":30,"column":12},"end":{"line":32,"column":13}},"type":"if","locations":[{"start":{"line":30,"column":12},"end":{"line":32,"column":13}},{"start":{"line":30,"column":12},"end":{"line":32,"column":13}}],"line":30}},"s":{"0":1,"1":1,"2":1,"3":0,"4":1,"5":0,"6":0,"7":0,"8":0,"9":0,"10":0,"11":0,"12":0,"13":0,"14":0,"15":0,"16":0,"17":0,"18":1,"19":1},"f":{"0":1,"1":0,"2":0},"b":{"0":[0,0],"1":[0,0],"2":[0,0],"3":[0,0]},"_coverageSchema":"332fd63041d2c1bcb487cc26dd0d5f7d97098a6c","hash":"4fd8a9e3db10ffb28481607cf40df88afaaf6452"}
,"C:\\Holiday\\NewSDProject\\frontend\\src\\components\\tags\\Useless.jsx": {"path":"C:\\Holiday\\NewSDProject\\frontend\\src\\components\\tags\\Useless.jsx","statementMap":{"0":{"start":{"line":1,"column":0},"end":{"line":null,"column":-1}},"1":{"start":{"line":2,"column":0},"end":{"line":null,"column":-1}},"2":{"start":{"line":3,"column":0},"end":{"line":null,"column":-1}},"3":{"start":{"line":6,"column":16},"end":{"line":6,"column":0}},"4":{"start":{"line":7,"column":21},"end":{"line":7,"column":4}},"5":{"start":{"line":8,"column":28},"end":{"line":6,"column":21}},"6":{"start":{"line":6,"column":21},"end":{"line":null,"column":-1}},"7":{"start":{"line":10,"column":19},"end":{"line":10,"column":4}},"8":{"start":{"line":11,"column":8},"end":{"line":null,"column":-1}},"9":{"start":{"line":12,"column":8},"end":{"line":null,"column":-1}},"10":{"start":{"line":18,"column":4},"end":{"line":null,"column":-1}}},"fnMap":{"0":{"name":"(anonymous_0)","decl":{"start":{"line":6,"column":16},"end":{"line":6,"column":20}},"loc":{"start":{"line":6,"column":21},"end":{"line":6,"column":0}}},"1":{"name":"(anonymous_1)","decl":{"start":{"line":10,"column":19},"end":{"line":10,"column":23}},"loc":{"start":{"line":10,"column":24},"end":{"line":10,"column":4}}}},"branchMap":{},"s":{"0":0,"1":0,"2":0,"3":0,"4":0,"5":0,"6":0,"7":0,"8":0,"9":0,"10":0},"f":{"0":0,"1":0},"b":{}}
,"C:\\Holiday\\NewSDProject\\frontend\\src\\components\\tags\\ViewTag.jsx": {"path":"C:\\Holiday\\NewSDProject\\frontend\\src\\components\\tags\\ViewTag.jsx","statementMap":{"0":{"start":{"line":5,"column":16},"end":{"line":21,"column":1}},"1":{"start":{"line":7,"column":21},"end":{"line":10,"column":5}},"2":{"start":{"line":9,"column":8},"end":{"line":9,"column":42}},"3":{"start":{"line":11,"column":4},"end":{"line":20,"column":5}},"4":{"start":{"line":23,"column":17},"end":{"line":30,"column":1}},"5":{"start":{"line":32,"column":17},"end":{"line":36,"column":1}}},"fnMap":{"0":{"name":"(anonymous_0)","decl":{"start":{"line":5,"column":16},"end":{"line":5,"column":17}},"loc":{"start":{"line":5,"column":25},"end":{"line":21,"column":1}},"line":5},"1":{"name":"(anonymous_1)","decl":{"start":{"line":7,"column":21},"end":{"line":7,"column":22}},"loc":{"start":{"line":7,"column":26},"end":{"line":10,"column":5}},"line":7}},"branchMap":{},"s":{"0":1,"1":2,"2":0,"3":2,"4":1,"5":1},"f":{"0":2,"1":0},"b":{},"_coverageSchema":"332fd63041d2c1bcb487cc26dd0d5f7d97098a6c","hash":"3faec31aef1723faeba431eb5bba36b9e3950fc3"}
,"C:\\Holiday\\NewSDProject\\frontend\\src\\components\\tags\\MicrosoftGraph\\authConfig.js": {"path":"C:\\Holiday\\NewSDProject\\frontend\\src\\components\\tags\\MicrosoftGraph\\authConfig.js","statementMap":{"0":{"start":{"line":6,"column":0},"end":{"line":null,"column":-1}},"1":{"start":{"line":13,"column":26},"end":{"line":13,"column":7}},"2":{"start":{"line":26,"column":16},"end":{"line":28,"column":17}},"3":{"start":{"line":27,"column":20},"end":{"line":null,"column":-1}},"4":{"start":{"line":29,"column":16},"end":{"line":null,"column":-1}},"5":{"start":{"line":31,"column":24},"end":{"line":null,"column":-1}},"6":{"start":{"line":32,"column":24},"end":{"line":null,"column":-1}},"7":{"start":{"line":34,"column":24},"end":{"line":null,"column":-1}},"8":{"start":{"line":35,"column":24},"end":{"line":null,"column":-1}},"9":{"start":{"line":37,"column":24},"end":{"line":null,"column":-1}},"10":{"start":{"line":38,"column":24},"end":{"line":null,"column":-1}},"11":{"start":{"line":40,"column":24},"end":{"line":null,"column":-1}},"12":{"start":{"line":41,"column":24},"end":{"line":null,"column":-1}},"13":{"start":{"line":54,"column":28},"end":{"line":54,"column":7}},"14":{"start":{"line":62,"column":27},"end":{"line":62,"column":7}}},"fnMap":{"0":{"name":"(anonymous_0)","decl":{"start":{"line":25,"column":28},"end":{"line":25,"column":29}},"loc":{"start":{"line":25,"column":61},"end":{"line":43,"column":13}}}},"branchMap":{"0":{"loc":{"start":{"line":26,"column":16},"end":{"line":28,"column":17}},"type":"if","locations":[{"start":{"line":26,"column":16},"end":{"line":28,"column":17}},{"start":{"line":26,"column":16},"end":{"line":28,"column":17}}]},"1":{"loc":{"start":{"line":30,"column":20},"end":{"line":32,"column":24}},"type":"switch","locations":[{"start":{"line":30,"column":20},"end":{"line":32,"column":24}},{"start":{"line":33,"column":20},"end":{"line":35,"column":24}},{"start":{"line":36,"column":20},"end":{"line":38,"column":24}},{"start":{"line":39,"column":20},"end":{"line":41,"column":24}}]}},"s":{"0":0,"1":0,"2":0,"3":0,"4":0,"5":0,"6":0,"7":0,"8":0,"9":0,"10":0,"11":0,"12":0,"13":0,"14":0},"f":{"0":0},"b":{"0":[0,0],"1":[0,0,0,0]}}
,"C:\\Holiday\\NewSDProject\\frontend\\src\\components\\tags\\MicrosoftGraph\\graph.js": {"path":"C:\\Holiday\\NewSDProject\\frontend\\src\\components\\tags\\MicrosoftGraph\\graph.js","statementMap":{"0":{"start":{"line":1,"column":0},"end":{"line":null,"column":-1}},"1":{"start":{"line":8,"column":20},"end":{"line":8,"column":4}},"2":{"start":{"line":9,"column":20},"end":{"line":9,"column":4}},"3":{"start":{"line":11,"column":4},"end":{"line":null,"column":-1}},"4":{"start":{"line":13,"column":20},"end":{"line":13,"column":4}},"5":{"start":{"line":18,"column":4},"end":{"line":null,"column":-1}},"6":{"start":{"line":19,"column":26},"end":{"line":18,"column":11}},"7":{"start":{"line":20,"column":24},"end":{"line":18,"column":11}}},"fnMap":{"0":{"name":"callMsGraph","decl":{"start":{"line":7,"column":22},"end":{"line":7,"column":7}},"loc":{"start":{"line":7,"column":47},"end":{"line":21,"column":1}}},"1":{"name":"(anonymous_1)","decl":{"start":{"line":19,"column":14},"end":{"line":19,"column":21}},"loc":{"start":{"line":19,"column":26},"end":{"line":18,"column":11}}},"2":{"name":"(anonymous_2)","decl":{"start":{"line":20,"column":15},"end":{"line":20,"column":19}},"loc":{"start":{"line":20,"column":24},"end":{"line":18,"column":11}}}},"branchMap":{},"s":{"0":0,"1":0,"2":0,"3":0,"4":0,"5":0,"6":0,"7":0},"f":{"0":0,"1":0,"2":0},"b":{}}
}
