TN:
SF:D:\Short-Courses\frontend\src\App.js
FN:21,App
FNF:1
FNH:0
FNDA:0,App
DA:1,0
DA:2,0
DA:3,0
DA:4,0
DA:5,0
DA:6,0
DA:7,0
DA:8,0
DA:9,0
DA:10,0
DA:11,0
DA:12,0
DA:13,0
DA:14,0
DA:15,0
DA:16,0
DA:17,0
DA:22,0
LF:18
LH:0
BRF:0
BRH:0
end_of_record
TN:
SF:D:\Short-Courses\frontend\src\CheckBoxWithLabel.js
FN:3,CheckboxWithLabel
FN:6,(anonymous_1)
FNF:2
FNH:0
FNDA:0,CheckboxWithLabel
FNDA:0,(anonymous_1)
DA:1,0
DA:3,0
DA:4,0
DA:6,0
DA:7,0
DA:10,0
LF:6
LH:0
BRDA:13,0,0,0
BRDA:13,0,1,0
BRF:2
BRH:0
end_of_record
TN:
SF:D:\Short-Courses\frontend\src\authConfig.js
FN:25,(anonymous_0)
FNF:1
FNH:0
FNDA:0,(anonymous_0)
DA:6,0
DA:13,0
DA:26,0
DA:27,0
DA:29,0
DA:31,0
DA:32,0
DA:34,0
DA:35,0
DA:37,0
DA:38,0
DA:40,0
DA:41,0
DA:54,0
DA:62,0
LF:15
LH:0
BRDA:26,0,0,0
BRDA:26,0,1,0
BRDA:30,1,0,0
BRDA:30,1,1,0
BRDA:30,1,2,0
BRDA:30,1,3,0
BRF:6
BRH:0
end_of_record
TN:
SF:D:\Short-Courses\frontend\src\dummy.jsx
FN:3,dummy
FNF:1
FNH:1
FNDA:1,dummy
DA:4,1
LF:1
LH:1
BRF:0
BRH:0
end_of_record
TN:
SF:D:\Short-Courses\frontend\src\graph.js
FN:7,callMsGraph
FN:19,(anonymous_1)
FN:20,(anonymous_2)
FNF:3
FNH:0
FNDA:0,callMsGraph
FNDA:0,(anonymous_1)
FNDA:0,(anonymous_2)
DA:1,0
DA:8,0
DA:9,0
DA:11,0
DA:13,0
DA:18,0
DA:19,0
DA:20,0
LF:8
LH:0
BRF:0
BRH:0
end_of_record
TN:
SF:D:\Short-Courses\frontend\src\index.js
FNF:0
FNH:0
DA:1,0
DA:2,0
DA:3,0
DA:4,0
DA:5,0
DA:6,0
DA:7,0
DA:8,0
DA:9,0
DA:10,0
DA:16,0
DA:37,0
LF:12
LH:0
BRF:0
BRH:0
end_of_record
TN:
SF:D:\Short-Courses\frontend\src\reportWebVitals.js
FN:1,(anonymous_3)
FN:3,(anonymous_4)
FN:3,(anonymous_5)
FNF:3
FNH:0
FNDA:0,(anonymous_3)
FNDA:0,(anonymous_4)
FNDA:0,(anonymous_5)
DA:1,0
DA:2,0
DA:3,0
DA:4,0
DA:5,0
DA:6,0
DA:7,0
DA:8,0
LF:8
LH:0
BRDA:2,0,0,0
BRDA:2,0,1,0
BRDA:2,1,0,0
BRDA:2,1,1,0
BRF:4
BRH:0
end_of_record
TN:
SF:D:\Short-Courses\frontend\src\setupTests.js
FNF:0
FNH:0
LF:0
LH:0
BRF:0
BRH:0
end_of_record
TN:
SF:D:\Short-Courses\frontend\src\components\CardViewList.js
FN:14,CardViewList
FN:26,(anonymous_4)
FNF:2
FNH:0
FNDA:0,CardViewList
FNDA:0,(anonymous_4)
DA:1,0
DA:2,0
DA:3,0
DA:4,0
DA:5,0
DA:6,0
DA:8,0
DA:9,0
DA:10,0
DA:15,0
DA:16,0
DA:22,0
DA:27,0
LF:13
LH:0
BRDA:25,0,0,0
BRDA:25,0,1,0
BRF:2
BRH:0
end_of_record
TN:
SF:D:\Short-Courses\frontend\src\components\Comment.js
FN:5,(anonymous_0)
FN:48,(anonymous_1)
FN:49,(anonymous_2)
FN:58,(anonymous_3)
FN:68,(anonymous_4)
FN:78,(anonymous_5)
FN:87,(anonymous_6)
FN:92,(anonymous_7)
FNF:8
FNH:0
FNDA:0,(anonymous_0)
FNDA:0,(anonymous_1)
FNDA:0,(anonymous_2)
FNDA:0,(anonymous_3)
FNDA:0,(anonymous_4)
FNDA:0,(anonymous_5)
FNDA:0,(anonymous_6)
FNDA:0,(anonymous_7)
DA:1,0
DA:2,0
DA:3,0
DA:5,0
DA:17,0
DA:21,0
DA:24,0
DA:25,0
DA:27,0
DA:28,0
DA:29,0
DA:30,0
DA:31,0
DA:32,0
DA:48,0
DA:50,0
DA:59,0
DA:69,0
DA:78,0
DA:87,0
DA:93,0
LF:21
LH:0
BRDA:13,0,0,0
BRDA:17,1,0,0
BRDA:17,1,1,0
BRDA:17,1,2,0
BRDA:21,2,0,0
BRDA:21,2,1,0
BRDA:21,2,2,0
BRDA:27,3,0,0
BRDA:27,3,1,0
BRDA:27,3,2,0
BRDA:29,4,0,0
BRDA:29,4,1,0
BRDA:30,5,0,0
BRDA:30,5,1,0
BRDA:42,6,0,0
BRDA:42,6,1,0
BRDA:43,7,0,0
BRDA:43,7,1,0
BRDA:55,8,0,0
BRDA:55,8,1,0
BRDA:65,9,0,0
BRDA:65,9,1,0
BRDA:75,10,0,0
BRDA:75,10,1,0
BRDA:84,11,0,0
BRDA:84,11,1,0
BRDA:90,12,0,0
BRDA:90,12,1,0
BRF:28
BRH:0
end_of_record
TN:
SF:D:\Short-Courses\frontend\src\components\CommentForm.js
FN:4,(anonymous_3)
FN:16,Hide
FN:21,(anonymous_5)
FN:32,(anonymous_6)
FNF:4
FNH:0
FNDA:0,(anonymous_3)
FNDA:0,Hide
FNDA:0,(anonymous_5)
FNDA:0,(anonymous_6)
DA:1,0
DA:4,0
DA:12,0
DA:13,0
DA:14,0
DA:17,0
DA:18,0
DA:21,0
DA:22,0
DA:23,0
DA:24,0
DA:25,0
DA:27,0
DA:32,0
LF:14
LH:0
BRDA:7,0,0,0
BRDA:9,1,0,0
BRDA:11,2,0,0
BRDA:37,3,0,0
BRDA:37,3,1,0
BRDA:47,4,0,0
BRDA:47,4,1,0
BRF:7
BRH:0
end_of_record
TN:
SF:D:\Short-Courses\frontend\src\components\Comments.js
FN:13,(anonymous_3)
FN:17,(anonymous_4)
FN:19,(anonymous_5)
FN:21,(anonymous_6)
FN:23,(anonymous_7)
FN:26,(anonymous_8)
FN:27,(anonymous_9)
FN:33,(anonymous_10)
FN:34,(anonymous_11)
FN:35,(anonymous_12)
FN:45,(anonymous_13)
FN:47,(anonymous_14)
FN:49,(anonymous_15)
FN:58,(anonymous_16)
FN:59,(anonymous_17)
FN:81,(anonymous_18)
FNF:16
FNH:0
FNDA:0,(anonymous_3)
FNDA:0,(anonymous_4)
FNDA:0,(anonymous_5)
FNDA:0,(anonymous_6)
FNDA:0,(anonymous_7)
FNDA:0,(anonymous_8)
FNDA:0,(anonymous_9)
FNDA:0,(anonymous_10)
FNDA:0,(anonymous_11)
FNDA:0,(anonymous_12)
FNDA:0,(anonymous_13)
FNDA:0,(anonymous_14)
FNDA:0,(anonymous_15)
FNDA:0,(anonymous_16)
FNDA:0,(anonymous_17)
FNDA:0,(anonymous_18)
DA:1,0
DA:2,0
DA:3,0
DA:4,0
DA:5,0
DA:13,0
DA:14,0
DA:15,0
DA:16,0
DA:17,0
DA:19,0
DA:20,0
DA:21,0
DA:24,0
DA:26,0
DA:27,0
DA:28,0
DA:29,0
DA:33,0
DA:34,0
DA:35,0
DA:36,0
DA:37,0
DA:39,0
DA:41,0
DA:42,0
DA:45,0
DA:46,0
DA:47,0
DA:48,0
DA:49,0
DA:51,0
DA:56,0
DA:58,0
DA:59,0
DA:60,0
DA:64,0
DA:82,0
LF:38
LH:0
BRDA:36,0,0,0
BRDA:36,0,1,0
BRDA:46,1,0,0
BRDA:46,1,1,0
BRF:4
BRH:0
end_of_record
TN:
SF:D:\Short-Courses\frontend\src\components\Course.jsx
FN:16,Transition
FN:20,Course
FN:27,(anonymous_5)
FN:31,(anonymous_6)
FN:46,(anonymous_7)
FN:53,(anonymous_8)
FN:60,(anonymous_9)
FN:73,(anonymous_10)
FN:122,(anonymous_11)
FNF:9
FNH:0
FNDA:0,Transition
FNDA:0,Course
FNDA:0,(anonymous_5)
FNDA:0,(anonymous_6)
FNDA:0,(anonymous_7)
FNDA:0,(anonymous_8)
FNDA:0,(anonymous_9)
FNDA:0,(anonymous_10)
FNDA:0,(anonymous_11)
DA:1,0
DA:2,0
DA:4,0
DA:5,0
DA:6,0
DA:7,0
DA:8,0
DA:9,0
DA:10,0
DA:11,0
DA:12,0
DA:13,0
DA:16,0
DA:17,0
DA:20,0
DA:23,0
DA:27,0
DA:28,0
DA:31,0
DA:32,0
DA:33,0
DA:36,0
DA:37,0
DA:38,0
DA:39,0
DA:41,0
DA:44,0
DA:46,0
DA:49,0
DA:52,0
DA:53,0
DA:54,0
DA:60,0
DA:64,0
DA:69,0
DA:71,0
DA:73,0
DA:74,0
DA:81,0
DA:88,0
DA:98,0
DA:109,0
DA:122,0
LF:43
LH:0
BRDA:119,0,0,0
BRDA:119,0,1,0
BRDA:122,1,0,0
BRDA:122,1,1,0
BRDA:128,2,0,0
BRDA:128,2,1,0
BRDA:143,3,0,0
BRDA:143,3,1,0
BRF:8
BRH:0
end_of_record
TN:
SF:D:\Short-Courses\frontend\src\components\CourseAppBar.jsx
FN:21,(anonymous_3)
FNF:1
FNH:0
FNDA:0,(anonymous_3)
DA:1,0
DA:2,0
DA:3,0
DA:4,0
DA:5,0
DA:6,0
DA:7,0
DA:8,0
DA:9,0
DA:10,0
DA:11,0
DA:12,0
DA:13,0
DA:14,0
DA:16,0
DA:17,0
DA:21,0
DA:23,0
LF:18
LH:0
BRF:0
BRH:0
end_of_record
TN:
SF:D:\Short-Courses\frontend\src\components\CourseList.js
FN:10,CourseList
FN:14,(anonymous_4)
FN:20,(anonymous_5)
FN:24,(anonymous_6)
FN:32,(anonymous_7)
FNF:5
FNH:0
FNDA:0,CourseList
FNDA:0,(anonymous_4)
FNDA:0,(anonymous_5)
FNDA:0,(anonymous_6)
FNDA:0,(anonymous_7)
DA:1,0
DA:2,0
DA:3,0
DA:4,0
DA:5,0
DA:10,0
DA:12,0
DA:14,0
DA:16,0
DA:18,0
DA:21,0
DA:22,0
DA:25,0
DA:29,0
DA:33,0
LF:15
LH:0
BRF:0
BRH:0
end_of_record
TN:
SF:D:\Short-Courses\frontend\src\components\CourseNav.js
FN:11,CourseNav
FN:18,(anonymous_4)
FN:19,(anonymous_5)
FN:32,(anonymous_6)
FN:33,(anonymous_7)
FN:34,(anonymous_8)
FNF:6
FNH:0
FNDA:0,CourseNav
FNDA:0,(anonymous_4)
FNDA:0,(anonymous_5)
FNDA:0,(anonymous_6)
FNDA:0,(anonymous_7)
FNDA:0,(anonymous_8)
DA:1,0
DA:2,0
DA:3,0
DA:5,0
DA:6,0
DA:7,0
DA:8,0
DA:11,0
DA:12,0
DA:13,0
DA:15,0
DA:18,0
DA:19,0
DA:20,0
DA:32,0
DA:33,0
DA:34,0
LF:17
LH:0
BRDA:41,0,0,0
BRDA:41,0,1,0
BRF:2
BRH:0
end_of_record
TN:
SF:D:\Short-Courses\frontend\src\components\CreateCourse.js
FN:11,CreateCourse
FN:23,(anonymous_4)
FN:34,(anonymous_5)
FN:57,(anonymous_6)
FN:64,(anonymous_7)
FN:68,(anonymous_8)
FN:73,(anonymous_9)
FN:74,(anonymous_10)
FN:75,(anonymous_11)
FN:97,(anonymous_12)
FNF:10
FNH:0
FNDA:0,CreateCourse
FNDA:0,(anonymous_4)
FNDA:0,(anonymous_5)
FNDA:0,(anonymous_6)
FNDA:0,(anonymous_7)
FNDA:0,(anonymous_8)
FNDA:0,(anonymous_9)
FNDA:0,(anonymous_10)
FNDA:0,(anonymous_11)
FNDA:0,(anonymous_12)
DA:1,0
DA:2,0
DA:3,0
DA:4,0
DA:5,0
DA:6,0
DA:11,0
DA:15,0
DA:16,0
DA:18,0
DA:19,0
DA:20,0
DA:21,0
DA:23,0
DA:24,0
DA:25,0
DA:26,0
DA:27,0
DA:28,0
DA:29,0
DA:33,0
DA:34,0
DA:35,0
DA:37,0
DA:38,0
DA:39,0
DA:41,0
DA:42,0
DA:44,0
DA:56,0
DA:58,0
DA:59,0
DA:60,0
DA:65,0
DA:68,0
DA:69,0
DA:71,0
DA:73,0
DA:75,0
DA:78,0
DA:79,0
DA:80,0
DA:81,0
DA:85,0
DA:97,0
LF:45
LH:0
BRDA:35,0,0,0
BRDA:35,0,1,0
BRDA:35,1,0,0
BRDA:35,1,1,0
BRDA:58,2,0,0
BRDA:58,2,1,0
BRF:6
BRH:0
end_of_record
TN:
SF:D:\Short-Courses\frontend\src\components\CreateCourseAgain.jsx
FN:11,TabPanel
FN:39,a11yProps
FN:46,CreateCourse
FN:52,(anonymous_6)
FN:56,(anonymous_7)
FNF:5
FNH:0
FNDA:0,TabPanel
FNDA:0,a11yProps
FNDA:0,CreateCourse
FNDA:0,(anonymous_6)
FNDA:0,(anonymous_7)
DA:1,0
DA:2,0
DA:3,0
DA:4,0
DA:5,0
DA:6,0
DA:7,0
DA:8,0
DA:9,0
DA:11,0
DA:12,0
DA:13,0
DA:14,0
DA:16,0
DA:33,0
DA:40,0
DA:46,0
DA:47,0
DA:48,0
DA:49,0
DA:52,0
DA:53,0
DA:56,0
DA:57,0
DA:60,0
LF:25
LH:0
BRDA:24,0,0,0
BRDA:24,0,1,0
BRF:2
BRH:0
end_of_record
TN:
SF:D:\Short-Courses\frontend\src\components\CreateSlides.jsx
FN:10,CreateSlides
FN:13,(anonymous_4)
FN:29,(anonymous_5)
FN:75,(anonymous_6)
FN:77,(anonymous_7)
FN:79,(anonymous_8)
FN:81,(anonymous_9)
FNF:7
FNH:0
FNDA:0,CreateSlides
FNDA:0,(anonymous_4)
FNDA:0,(anonymous_5)
FNDA:0,(anonymous_6)
FNDA:0,(anonymous_7)
FNDA:0,(anonymous_8)
FNDA:0,(anonymous_9)
DA:1,0
DA:2,0
DA:3,0
DA:5,0
DA:6,0
DA:10,0
DA:11,0
DA:13,0
DA:14,0
DA:17,0
DA:18,0
DA:19,0
DA:20,0
DA:22,0
DA:23,0
DA:24,0
DA:25,0
DA:27,0
DA:29,0
DA:30,0
DA:31,0
DA:32,0
DA:33,0
DA:34,0
DA:35,0
DA:36,0
DA:37,0
DA:38,0
DA:39,0
DA:40,0
DA:49,0
DA:51,0
DA:52,0
DA:56,0
DA:75,0
DA:77,0
DA:79,0
DA:81,0
DA:98,0
DA:108,0
DA:116,0
DA:123,0
DA:132,0
DA:138,0
LF:44
LH:0
BRDA:38,0,0,0
BRDA:38,0,1,0
BRDA:38,1,0,0
BRDA:38,1,1,0
BRF:4
BRH:0
end_of_record
TN:
SF:D:\Short-Courses\frontend\src\components\Data.js
FN:20,(anonymous_3)
FN:30,(anonymous_4)
FN:33,(anonymous_5)
FN:38,(anonymous_6)
FN:41,(anonymous_7)
FN:73,(anonymous_8)
FN:89,(anonymous_9)
FN:91,(anonymous_10)
FNF:8
FNH:0
FNDA:0,(anonymous_3)
FNDA:0,(anonymous_4)
FNDA:0,(anonymous_5)
FNDA:0,(anonymous_6)
FNDA:0,(anonymous_7)
FNDA:0,(anonymous_8)
FNDA:0,(anonymous_9)
FNDA:0,(anonymous_10)
DA:1,0
DA:2,0
DA:3,0
DA:4,0
DA:5,0
DA:6,0
DA:7,0
DA:8,0
DA:9,0
DA:10,0
DA:20,0
DA:21,0
DA:23,0
DA:24,0
DA:26,0
DA:29,0
DA:30,0
DA:31,0
DA:32,0
DA:33,0
DA:34,0
DA:35,0
DA:37,0
DA:38,0
DA:39,0
DA:40,0
DA:41,0
DA:42,0
DA:43,0
DA:47,0
DA:48,0
DA:50,0
DA:52,0
DA:54,0
DA:61,0
DA:63,0
DA:69,0
DA:72,0
DA:73,0
DA:74,0
DA:80,0
DA:87,0
DA:88,0
DA:89,0
DA:90,0
DA:91,0
DA:92,0
DA:95,0
DA:103,0
DA:106,0
DA:109,0
LF:51
LH:0
BRDA:47,0,0,0
BRDA:47,0,1,0
BRF:2
BRH:0
end_of_record
TN:
SF:D:\Short-Courses\frontend\src\components\DataContext.js
FN:37,(anonymous_3)
FN:41,DataProvider
FN:47,(anonymous_5)
FN:51,(anonymous_6)
FN:56,(anonymous_7)
FN:67,(anonymous_8)
FN:70,(anonymous_9)
FN:75,(anonymous_10)
FNF:8
FNH:0
FNDA:0,(anonymous_3)
FNDA:0,DataProvider
FNDA:0,(anonymous_5)
FNDA:0,(anonymous_6)
FNDA:0,(anonymous_7)
FNDA:0,(anonymous_8)
FNDA:0,(anonymous_9)
FNDA:0,(anonymous_10)
DA:1,0
DA:2,0
DA:21,0
DA:26,0
DA:41,0
DA:45,0
DA:47,0
DA:49,0
DA:52,0
DA:53,0
DA:57,0
DA:65,0
DA:67,0
DA:68,0
DA:70,0
DA:71,0
DA:73,0
DA:74,0
DA:75,0
DA:76,0
DA:79,0
DA:83,0
DA:88,0
DA:90,0
DA:95,0
LF:25
LH:0
BRDA:74,0,0,0
BRDA:74,0,1,0
BRF:2
BRH:0
end_of_record
TN:
SF:D:\Short-Courses\frontend\src\components\EnrolledAppBar.jsx
FN:21,(anonymous_3)
FNF:1
FNH:0
FNDA:0,(anonymous_3)
DA:1,0
DA:2,0
DA:3,0
DA:4,0
DA:5,0
DA:6,0
DA:7,0
DA:8,0
DA:9,0
DA:10,0
DA:11,0
DA:12,0
DA:13,0
DA:14,0
DA:15,0
DA:16,0
DA:21,0
DA:23,0
LF:18
LH:0
BRF:0
BRH:0
end_of_record
TN:
SF:D:\Short-Courses\frontend\src\components\EnrolledCourse.js
FN:23,Course
FN:29,(anonymous_4)
FN:37,(anonymous_5)
FN:50,(anonymous_6)
FN:56,(anonymous_7)
FN:99,(anonymous_8)
FNF:6
FNH:0
FNDA:0,Course
FNDA:0,(anonymous_4)
FNDA:0,(anonymous_5)
FNDA:0,(anonymous_6)
FNDA:0,(anonymous_7)
FNDA:0,(anonymous_8)
DA:1,0
DA:3,0
DA:4,0
DA:5,0
DA:11,0
DA:13,0
DA:23,0
DA:24,0
DA:25,0
DA:26,0
DA:27,0
DA:29,0
DA:30,0
DA:31,0
DA:33,0
DA:34,0
DA:36,0
DA:37,0
DA:38,0
DA:43,0
DA:50,0
DA:51,0
DA:52,0
DA:53,0
DA:55,0
DA:57,0
DA:58,0
DA:59,0
DA:65,0
DA:67,0
DA:68,0
DA:100,0
LF:32
LH:0
BRDA:52,0,0,0
BRDA:52,0,1,0
BRF:2
BRH:0
end_of_record
TN:
SF:D:\Short-Courses\frontend\src\components\EnrolledNav.js
FN:11,EnrolledNav
FN:14,(anonymous_4)
FN:15,(anonymous_5)
FN:29,(anonymous_6)
FNF:4
FNH:0
FNDA:0,EnrolledNav
FNDA:0,(anonymous_4)
FNDA:0,(anonymous_5)
FNDA:0,(anonymous_6)
DA:1,0
DA:2,0
DA:3,0
DA:5,0
DA:6,0
DA:7,0
DA:11,0
DA:13,0
DA:14,0
DA:15,0
DA:16,0
DA:17,0
DA:29,0
LF:13
LH:0
BRF:0
BRH:0
end_of_record
TN:
SF:D:\Short-Courses\frontend\src\components\Enrolledpage.js
FN:9,Enrolled
FNF:1
FNH:0
FNDA:0,Enrolled
DA:1,0
DA:2,0
DA:3,0
DA:4,0
DA:9,0
DA:10,0
DA:11,0
DA:13,0
LF:8
LH:0
BRF:0
BRH:0
end_of_record
TN:
SF:D:\Short-Courses\frontend\src\components\Explore.jsx
FN:5,Explore
FNF:1
FNH:0
FNDA:0,Explore
DA:1,0
DA:2,0
DA:3,0
DA:8,0
LF:4
LH:0
BRF:0
BRH:0
end_of_record
TN:
SF:D:\Short-Courses\frontend\src\components\Firstpanel.jsx
FN:18,Transition
FN:22,Firstpanel
FN:27,(anonymous_5)
FN:31,(anonymous_6)
FN:46,(anonymous_7)
FN:59,(anonymous_8)
FN:69,(anonymous_9)
FN:148,(anonymous_10)
FN:175,(anonymous_11)
FN:196,(anonymous_12)
FNF:10
FNH:0
FNDA:0,Transition
FNDA:0,Firstpanel
FNDA:0,(anonymous_5)
FNDA:0,(anonymous_6)
FNDA:0,(anonymous_7)
FNDA:0,(anonymous_8)
FNDA:0,(anonymous_9)
FNDA:0,(anonymous_10)
FNDA:0,(anonymous_11)
FNDA:0,(anonymous_12)
DA:3,0
DA:4,0
DA:5,0
DA:6,0
DA:7,0
DA:9,0
DA:18,0
DA:19,0
DA:22,0
DA:23,0
DA:24,0
DA:25,0
DA:27,0
DA:28,0
DA:31,0
DA:32,0
DA:41,0
DA:43,0
DA:46,0
DA:47,0
DA:48,0
DA:49,0
DA:50,0
DA:52,0
DA:53,0
DA:58,0
DA:59,0
DA:60,0
DA:61,0
DA:62,0
DA:63,0
DA:64,0
DA:65,0
DA:66,0
DA:69,0
DA:70,0
DA:71,0
DA:73,0
DA:75,0
DA:76,0
DA:77,0
DA:80,0
DA:148,0
DA:177,0
DA:196,0
DA:206,0
LF:46
LH:0
BRDA:49,0,0,0
BRDA:49,0,1,0
BRDA:130,1,0,0
BRDA:130,1,1,0
BRDA:172,2,0,0
BRDA:172,2,1,0
BRF:6
BRH:0
end_of_record
TN:
SF:D:\Short-Courses\frontend\src\components\GenCourseID.js
FN:8,createID
FNF:1
FNH:0
FNDA:0,createID
DA:9,0
DA:10,0
DA:13,0
DA:14,0
DA:16,0
DA:19,0
DA:21,0
LF:7
LH:0
BRDA:13,0,0,0
BRDA:13,0,1,0
BRF:2
BRH:0
end_of_record
TN:
SF:D:\Short-Courses\frontend\src\components\Homepage.jsx
FN:11,(anonymous_3)
FN:15,(anonymous_4)
FN:24,(anonymous_5)
FNF:3
FNH:0
FNDA:0,(anonymous_3)
FNDA:0,(anonymous_4)
FNDA:0,(anonymous_5)
DA:1,0
DA:3,0
DA:4,0
DA:5,0
DA:6,0
DA:7,0
DA:8,0
DA:9,0
DA:11,0
DA:15,0
DA:16,0
DA:17,0
DA:21,0
DA:22,0
DA:24,0
DA:25,0
DA:32,0
LF:17
LH:0
BRDA:36,0,0,0
BRDA:36,0,1,0
BRF:2
BRH:0
end_of_record
TN:
SF:D:\Short-Courses\frontend\src\components\Leftpanel.jsx
FN:5,(anonymous_3)
FNF:1
FNH:0
FNDA:0,(anonymous_3)
DA:1,0
DA:2,0
DA:3,0
DA:5,0
DA:6,0
LF:5
LH:0
BRF:0
BRH:0
end_of_record
TN:
SF:D:\Short-Courses\frontend\src\components\Login.jsx
FN:9,Login
FN:13,(anonymous_4)
FN:40,(anonymous_5)
FN:59,(anonymous_6)
FN:89,(anonymous_7)
FN:136,(anonymous_8)
FNF:6
FNH:0
FNDA:0,Login
FNDA:0,(anonymous_4)
FNDA:0,(anonymous_5)
FNDA:0,(anonymous_6)
FNDA:0,(anonymous_7)
FNDA:0,(anonymous_8)
DA:1,0
DA:3,0
DA:4,0
DA:5,0
DA:6,0
DA:7,0
DA:11,0
DA:13,0
DA:14,0
DA:15,0
DA:33,0
DA:38,0
DA:42,0
DA:43,0
DA:44,0
DA:45,0
DA:50,0
DA:51,0
DA:53,0
DA:54,0
DA:55,0
DA:56,0
DA:60,0
DA:72,0
DA:80,0
DA:85,0
DA:90,0
DA:136,0
LF:28
LH:0
BRDA:43,0,0,0
BRDA:43,0,1,0
BRDA:53,1,0,0
BRDA:53,1,1,0
BRF:4
BRH:0
end_of_record
TN:
SF:D:\Short-Courses\frontend\src\components\Logo.jsx
FN:4,Logo
FNF:1
FNH:0
FNDA:0,Logo
DA:1,0
DA:2,0
DA:5,0
LF:3
LH:0
BRF:0
BRH:0
end_of_record
TN:
SF:D:\Short-Courses\frontend\src\components\MyCourseList.js
FN:7,MyCourseList
FN:26,(anonymous_4)
FN:32,(anonymous_5)
FN:36,(anonymous_6)
FN:46,(anonymous_7)
FNF:5
FNH:0
FNDA:0,MyCourseList
FNDA:0,(anonymous_4)
FNDA:0,(anonymous_5)
FNDA:0,(anonymous_6)
FNDA:0,(anonymous_7)
DA:1,0
DA:2,0
DA:3,0
DA:4,0
DA:5,0
DA:7,0
DA:9,0
DA:26,0
DA:28,0
DA:31,0
DA:33,0
DA:34,0
DA:37,0
DA:42,0
DA:48,0
LF:15
LH:0
BRF:0
BRH:0
end_of_record
TN:
SF:D:\Short-Courses\frontend\src\components\MyCourseView.js
FN:41,MyCourseView
FN:52,(anonymous_4)
FN:60,(anonymous_5)
FN:69,(anonymous_6)
FN:75,(anonymous_7)
FN:115,(anonymous_8)
FNF:6
FNH:0
FNDA:0,MyCourseView
FNDA:0,(anonymous_4)
FNDA:0,(anonymous_5)
FNDA:0,(anonymous_6)
FNDA:0,(anonymous_7)
FNDA:0,(anonymous_8)
DA:1,0
DA:9,0
DA:10,0
DA:13,0
DA:14,0
DA:16,0
DA:17,0
DA:18,0
DA:26,0
DA:36,0
DA:41,0
DA:42,0
DA:43,0
DA:44,0
DA:46,0
DA:48,0
DA:50,0
DA:52,0
DA:53,0
DA:54,0
DA:56,0
DA:57,0
DA:59,0
DA:60,0
DA:61,0
DA:66,0
DA:69,0
DA:70,0
DA:71,0
DA:72,0
DA:74,0
DA:77,0
DA:83,0
DA:116,0
LF:34
LH:0
BRDA:71,0,0,0
BRDA:71,0,1,0
BRF:2
BRH:0
end_of_record
TN:
SF:D:\Short-Courses\frontend\src\components\MyCoursesPage.js
FN:28,MyCourses
FN:35,(anonymous_4)
FN:36,(anonymous_5)
FNF:3
FNH:0
FNDA:0,MyCourses
FNDA:0,(anonymous_4)
FNDA:0,(anonymous_5)
DA:1,0
DA:2,0
DA:3,0
DA:4,0
DA:5,0
DA:7,0
DA:8,0
DA:9,0
DA:10,0
DA:11,0
DA:12,0
DA:16,0
DA:28,0
DA:30,0
DA:31,0
DA:32,0
DA:33,0
DA:35,0
DA:36,0
DA:37,0
DA:40,0
LF:21
LH:0
BRF:0
BRH:0
end_of_record
TN:
SF:D:\Short-Courses\frontend\src\components\Picture.js
FN:7,Picture
FN:11,(anonymous_1)
FN:14,(anonymous_2)
FN:40,(anonymous_3)
FNF:4
FNH:0
FNDA:0,Picture
FNDA:0,(anonymous_1)
FNDA:0,(anonymous_2)
FNDA:0,(anonymous_3)
DA:1,0
DA:2,0
DA:3,0
DA:4,0
DA:7,0
DA:9,0
DA:11,0
DA:14,0
DA:19,0
DA:29,0
DA:35,0
DA:41,0
DA:42,0
DA:44,0
DA:45,0
DA:47,0
DA:48,0
DA:50,0
DA:51,0
DA:53,0
DA:54,0
LF:21
LH:0
BRDA:41,0,0,0
BRDA:41,0,1,0
BRDA:44,1,0,0
BRDA:44,1,1,0
BRDA:47,2,0,0
BRDA:47,2,1,0
BRDA:50,3,0,0
BRDA:50,3,1,0
BRDA:53,4,0,0
BRDA:53,4,1,0
BRF:10
BRH:0
end_of_record
TN:
SF:D:\Short-Courses\frontend\src\components\Rightpanel.jsx
FN:39,Rightpanel
FN:43,(anonymous_1)
FN:47,(anonymous_2)
FN:51,(anonymous_3)
FN:55,(anonymous_4)
FNF:5
FNH:0
FNDA:0,Rightpanel
FNDA:0,(anonymous_1)
FNDA:0,(anonymous_2)
FNDA:0,(anonymous_3)
FNDA:0,(anonymous_4)
DA:1,0
DA:2,0
DA:3,0
DA:4,0
DA:5,0
DA:6,0
DA:8,0
DA:24,0
DA:39,0
DA:41,0
DA:43,0
DA:44,0
DA:47,0
DA:49,0
DA:52,0
DA:53,0
DA:56,0
DA:62,0
DA:63,0
DA:65,0
LF:20
LH:0
BRDA:80,0,0,0
BRDA:80,0,1,0
BRDA:82,1,0,0
BRDA:82,1,1,0
BRDA:99,2,0,0
BRDA:99,2,1,0
BRF:6
BRH:0
end_of_record
TN:
SF:D:\Short-Courses\frontend\src\components\SecondPanel.jsx
FN:62,(anonymous_3)
FN:306,Transition
FN:362,SecondPanel
FN:393,(anonymous_6)
FN:395,(anonymous_7)
FN:396,(anonymous_8)
FN:403,(anonymous_9)
FN:404,(anonymous_10)
FN:408,(anonymous_11)
FN:412,(anonymous_12)
FN:417,(anonymous_13)
FN:463,(anonymous_14)
FN:470,(anonymous_15)
FN:502,(anonymous_16)
FN:508,(anonymous_17)
FN:534,(anonymous_18)
FN:536,(anonymous_19)
FN:543,(anonymous_20)
FN:545,(anonymous_21)
FN:556,(anonymous_22)
FN:557,(anonymous_23)
FN:570,(anonymous_24)
FN:572,(anonymous_25)
FN:584,(anonymous_26)
FN:593,(anonymous_27)
FN:599,(anonymous_28)
FN:603,(anonymous_29)
FN:607,(anonymous_30)
FN:614,(anonymous_31)
FN:619,(anonymous_32)
FN:623,(anonymous_33)
FN:629,(anonymous_34)
FN:652,(anonymous_35)
FN:675,(anonymous_36)
FN:679,(anonymous_37)
FN:710,(anonymous_38)
FN:717,(anonymous_39)
FN:725,(anonymous_40)
FN:726,(anonymous_41)
FN:741,(anonymous_42)
FN:751,(anonymous_43)
FN:757,(anonymous_44)
FN:776,(anonymous_45)
FN:779,(anonymous_46)
FN:784,(anonymous_47)
FN:788,(anonymous_48)
FN:820,(anonymous_49)
FN:839,(anonymous_50)
FN:857,(anonymous_51)
FN:896,(anonymous_52)
FN:898,(anonymous_53)
FN:904,(anonymous_54)
FN:915,(anonymous_55)
FN:934,(anonymous_56)
FN:959,(anonymous_57)
FN:976,(anonymous_58)
FN:992,(anonymous_59)
FN:1006,(anonymous_60)
FN:1012,(anonymous_61)
FN:1079,(anonymous_62)
FN:1094,(anonymous_63)
FN:1105,(anonymous_64)
FN:1241,(anonymous_65)
FN:1277,(anonymous_66)
FN:1292,(anonymous_67)
FN:1351,(anonymous_68)
FN:1369,(anonymous_69)
FN:1395,(anonymous_70)
FN:1456,(anonymous_71)
FN:1515,(anonymous_72)
FNF:70
FNH:0
FNDA:0,(anonymous_3)
FNDA:0,Transition
FNDA:0,SecondPanel
FNDA:0,(anonymous_6)
FNDA:0,(anonymous_7)
FNDA:0,(anonymous_8)
FNDA:0,(anonymous_9)
FNDA:0,(anonymous_10)
FNDA:0,(anonymous_11)
FNDA:0,(anonymous_12)
FNDA:0,(anonymous_13)
FNDA:0,(anonymous_14)
FNDA:0,(anonymous_15)
FNDA:0,(anonymous_16)
FNDA:0,(anonymous_17)
FNDA:0,(anonymous_18)
FNDA:0,(anonymous_19)
FNDA:0,(anonymous_20)
FNDA:0,(anonymous_21)
FNDA:0,(anonymous_22)
FNDA:0,(anonymous_23)
FNDA:0,(anonymous_24)
FNDA:0,(anonymous_25)
FNDA:0,(anonymous_26)
FNDA:0,(anonymous_27)
FNDA:0,(anonymous_28)
FNDA:0,(anonymous_29)
FNDA:0,(anonymous_30)
FNDA:0,(anonymous_31)
FNDA:0,(anonymous_32)
FNDA:0,(anonymous_33)
FNDA:0,(anonymous_34)
FNDA:0,(anonymous_35)
FNDA:0,(anonymous_36)
FNDA:0,(anonymous_37)
FNDA:0,(anonymous_38)
FNDA:0,(anonymous_39)
FNDA:0,(anonymous_40)
FNDA:0,(anonymous_41)
FNDA:0,(anonymous_42)
FNDA:0,(anonymous_43)
FNDA:0,(anonymous_44)
FNDA:0,(anonymous_45)
FNDA:0,(anonymous_46)
FNDA:0,(anonymous_47)
FNDA:0,(anonymous_48)
FNDA:0,(anonymous_49)
FNDA:0,(anonymous_50)
FNDA:0,(anonymous_51)
FNDA:0,(anonymous_52)
FNDA:0,(anonymous_53)
FNDA:0,(anonymous_54)
FNDA:0,(anonymous_55)
FNDA:0,(anonymous_56)
FNDA:0,(anonymous_57)
FNDA:0,(anonymous_58)
FNDA:0,(anonymous_59)
FNDA:0,(anonymous_60)
FNDA:0,(anonymous_61)
FNDA:0,(anonymous_62)
FNDA:0,(anonymous_63)
FNDA:0,(anonymous_64)
FNDA:0,(anonymous_65)
FNDA:0,(anonymous_66)
FNDA:0,(anonymous_67)
FNDA:0,(anonymous_68)
FNDA:0,(anonymous_69)
FNDA:0,(anonymous_70)
FNDA:0,(anonymous_71)
FNDA:0,(anonymous_72)
DA:1,0
DA:19,0
DA:20,0
DA:21,0
DA:22,0
DA:23,0
DA:24,0
DA:25,0
DA:26,0
DA:27,0
DA:28,0
DA:29,0
DA:31,0
DA:38,0
DA:39,0
DA:40,0
DA:49,0
DA:50,0
DA:51,0
DA:52,0
DA:53,0
DA:54,0
DA:55,0
DA:56,0
DA:57,0
DA:58,0
DA:59,0
DA:60,0
DA:62,0
DA:63,0
DA:66,0
DA:68,0
DA:70,0
DA:73,0
DA:77,0
DA:229,0
DA:257,0
DA:304,0
DA:306,0
DA:307,0
DA:310,0
DA:320,0
DA:334,0
DA:340,0
DA:352,0
DA:362,0
DA:364,0
DA:367,0
DA:368,0
DA:372,0
DA:373,0
DA:374,0
DA:375,0
DA:376,0
DA:377,0
DA:378,0
DA:379,0
DA:380,0
DA:381,0
DA:382,0
DA:383,0
DA:384,0
DA:385,0
DA:386,0
DA:387,0
DA:388,0
DA:389,0
DA:390,0
DA:391,0
DA:393,0
DA:395,0
DA:396,0
DA:403,0
DA:404,0
DA:405,0
DA:408,0
DA:409,0
DA:412,0
DA:414,0
DA:417,0
DA:418,0
DA:420,0
DA:425,0
DA:426,0
DA:427,0
DA:432,0
DA:433,0
DA:434,0
DA:439,0
DA:440,0
DA:441,0
DA:446,0
DA:447,0
DA:448,0
DA:453,0
DA:460,0
DA:463,0
DA:464,0
DA:465,0
DA:466,0
DA:467,0
DA:468,0
DA:470,0
DA:471,0
DA:472,0
DA:477,0
DA:478,0
DA:479,0
DA:484,0
DA:485,0
DA:486,0
DA:491,0
DA:497,0
DA:499,0
DA:502,0
DA:503,0
DA:504,0
DA:505,0
DA:506,0
DA:508,0
DA:509,0
DA:510,0
DA:513,0
DA:514,0
DA:516,0
DA:521,0
DA:532,0
DA:533,0
DA:534,0
DA:535,0
DA:536,0
DA:537,0
DA:539,0
DA:540,0
DA:543,0
DA:544,0
DA:545,0
DA:546,0
DA:549,0
DA:553,0
DA:556,0
DA:557,0
DA:558,0
DA:560,0
DA:562,0
DA:563,0
DA:570,0
DA:572,0
DA:573,0
DA:574,0
DA:577,0
DA:580,0
DA:581,0
DA:584,0
DA:585,0
DA:586,0
DA:587,0
DA:588,0
DA:593,0
DA:595,0
DA:596,0
DA:599,0
DA:600,0
DA:603,0
DA:604,0
DA:605,0
DA:607,0
DA:608,0
DA:611,0
DA:614,0
DA:615,0
DA:616,0
DA:619,0
DA:620,0
DA:623,0
DA:624,0
DA:626,0
DA:627,0
DA:628,0
DA:629,0
DA:630,0
DA:631,0
DA:632,0
DA:635,0
DA:641,0
DA:642,0
DA:643,0
DA:644,0
DA:645,0
DA:646,0
DA:647,0
DA:648,0
DA:652,0
DA:653,0
DA:654,0
DA:655,0
DA:657,0
DA:658,0
DA:669,0
DA:670,0
DA:671,0
DA:675,0
DA:676,0
DA:679,0
DA:680,0
DA:681,0
DA:682,0
DA:693,0
DA:695,0
DA:707,0
DA:710,0
DA:711,0
DA:712,0
DA:715,0
DA:717,0
DA:723,0
DA:725,0
DA:726,0
DA:727,0
DA:730,0
DA:733,0
DA:735,0
DA:742,0
DA:743,0
DA:744,0
DA:745,0
DA:754,0
DA:757,0
DA:759,0
DA:764,0
DA:769,0
DA:770,0
DA:771,0
DA:772,0
DA:775,0
DA:776,0
DA:777,0
DA:778,0
DA:779,0
DA:780,0
DA:781,0
DA:783,0
DA:784,0
DA:786,0
DA:787,0
DA:788,0
DA:789,0
DA:790,0
DA:794,0
DA:795,0
DA:797,0
DA:799,0
DA:801,0
DA:808,0
DA:810,0
DA:816,0
DA:819,0
DA:820,0
DA:821,0
DA:827,0
DA:834,0
DA:839,0
DA:840,0
DA:841,0
DA:845,0
DA:846,0
DA:847,0
DA:854,0
DA:857,0
DA:858,0
DA:859,0
DA:861,0
DA:862,0
DA:867,0
DA:868,0
DA:869,0
DA:870,0
DA:871,0
DA:872,0
DA:896,0
DA:897,0
DA:899,0
DA:905,0
DA:906,0
DA:916,0
DA:917,0
DA:930,0
DA:934,0
DA:960,0
DA:977,0
DA:978,0
DA:993,0
DA:994,0
DA:1007,0
DA:1013,0
DA:1015,0
DA:1016,0
DA:1017,0
DA:1018,0
DA:1019,0
DA:1020,0
DA:1080,0
DA:1095,0
DA:1096,0
DA:1106,0
DA:1107,0
DA:1108,0
DA:1127,0
DA:1128,0
DA:1143,0
DA:1144,0
DA:1159,0
DA:1160,0
DA:1180,0
DA:1181,0
DA:1243,0
DA:1278,0
DA:1279,0
DA:1280,0
DA:1293,0
DA:1294,0
DA:1352,0
DA:1353,0
DA:1370,0
DA:1396,0
DA:1397,0
DA:1398,0
DA:1457,0
DA:1458,0
DA:1459,0
DA:1460,0
DA:1516,0
LF:332
LH:0
BRDA:64,0,0,0
BRDA:64,0,1,0
BRDA:64,0,2,0
BRDA:64,0,3,0
BRDA:414,1,0,0
BRDA:414,1,1,0
BRDA:418,2,0,0
BRDA:418,2,1,0
BRDA:426,3,0,0
BRDA:426,3,1,0
BRDA:433,4,0,0
BRDA:433,4,1,0
BRDA:440,5,0,0
BRDA:440,5,1,0
BRDA:447,6,0,0
BRDA:447,6,1,0
BRDA:465,7,0,0
BRDA:465,7,1,0
BRDA:466,8,0,0
BRDA:466,8,1,0
BRDA:467,9,0,0
BRDA:467,9,1,0
BRDA:471,10,0,0
BRDA:471,10,1,0
BRDA:478,11,0,0
BRDA:478,11,1,0
BRDA:485,12,0,0
BRDA:485,12,1,0
BRDA:504,13,0,0
BRDA:504,13,1,0
BRDA:513,14,0,0
BRDA:513,14,1,0
BRDA:525,15,0,0
BRDA:525,15,1,0
BRDA:533,16,0,0
BRDA:533,16,1,0
BRDA:546,17,0,0
BRDA:546,17,1,0
BRDA:578,18,0,0
BRDA:578,18,1,0
BRDA:579,19,0,0
BRDA:579,19,1,0
BRDA:627,20,0,0
BRDA:627,20,1,0
BRDA:631,21,0,0
BRDA:631,21,1,0
BRDA:654,22,0,0
BRDA:654,22,1,0
BRDA:681,23,0,0
BRDA:681,23,1,0
BRDA:744,24,0,0
BRDA:744,24,1,0
BRDA:794,25,0,0
BRDA:794,25,1,0
BRDA:958,26,0,0
BRDA:958,26,1,0
BRDA:1008,27,0,0
BRDA:1008,27,1,0
BRDA:1062,28,0,0
BRDA:1062,28,1,0
BRDA:1068,29,0,0
BRDA:1068,29,1,0
BRDA:1096,30,0,0
BRDA:1096,30,1,0
BRDA:1106,31,0,0
BRDA:1106,31,1,0
BRDA:1127,32,0,0
BRDA:1127,32,1,0
BRDA:1143,33,0,0
BRDA:1143,33,1,0
BRDA:1159,34,0,0
BRDA:1159,34,1,0
BRDA:1180,35,0,0
BRDA:1180,35,1,0
BRF:74
BRH:0
end_of_record
TN:
SF:D:\Short-Courses\frontend\src\components\Siderbar.js
FN:76,(anonymous_3)
FN:109,Siderbar
FN:112,(anonymous_5)
FN:122,(anonymous_6)
FN:125,(anonymous_7)
FN:131,(anonymous_8)
FN:134,(anonymous_9)
FN:139,(anonymous_10)
FN:143,(anonymous_11)
FN:179,(anonymous_12)
FN:198,(anonymous_13)
FN:201,(anonymous_14)
FN:230,(anonymous_15)
FN:236,(anonymous_16)
FN:238,(anonymous_17)
FN:254,(anonymous_18)
FN:365,(anonymous_19)
FNF:17
FNH:0
FNDA:0,(anonymous_3)
FNDA:0,Siderbar
FNDA:0,(anonymous_5)
FNDA:0,(anonymous_6)
FNDA:0,(anonymous_7)
FNDA:0,(anonymous_8)
FNDA:0,(anonymous_9)
FNDA:0,(anonymous_10)
FNDA:0,(anonymous_11)
FNDA:0,(anonymous_12)
FNDA:0,(anonymous_13)
FNDA:0,(anonymous_14)
FNDA:0,(anonymous_15)
FNDA:0,(anonymous_16)
FNDA:0,(anonymous_17)
FNDA:0,(anonymous_18)
FNDA:0,(anonymous_19)
DA:1,0
DA:3,0
DA:4,0
DA:5,0
DA:6,0
DA:7,0
DA:9,0
DA:10,0
DA:11,0
DA:12,0
DA:13,0
DA:22,0
DA:23,0
DA:24,0
DA:25,0
DA:28,0
DA:46,0
DA:52,0
DA:60,0
DA:68,0
DA:76,0
DA:80,0
DA:84,0
DA:97,0
DA:109,0
DA:110,0
DA:111,0
DA:112,0
DA:113,0
DA:114,0
DA:115,0
DA:116,0
DA:117,0
DA:118,0
DA:122,0
DA:125,0
DA:126,0
DA:127,0
DA:129,0
DA:130,0
DA:131,0
DA:132,0
DA:133,0
DA:134,0
DA:135,0
DA:136,0
DA:138,0
DA:139,0
DA:141,0
DA:142,0
DA:143,0
DA:144,0
DA:145,0
DA:149,0
DA:150,0
DA:152,0
DA:155,0
DA:158,0
DA:165,0
DA:168,0
DA:174,0
DA:178,0
DA:179,0
DA:180,0
DA:187,0
DA:195,0
DA:196,0
DA:198,0
DA:200,0
DA:201,0
DA:203,0
DA:206,0
DA:214,0
DA:217,0
DA:218,0
DA:220,0
DA:226,0
DA:230,0
DA:236,0
DA:240,0
DA:256,0
DA:257,0
DA:258,0
DA:276,0
DA:278,0
DA:297,0
DA:299,0
DA:318,0
DA:319,0
DA:337,0
DA:338,0
DA:365,0
LF:92
LH:0
BRDA:76,0,0,0
BRDA:76,0,1,0
BRDA:149,1,0,0
BRDA:149,1,1,0
BRDA:246,2,0,0
BRDA:246,2,1,0
BRDA:251,3,0,0
BRDA:251,3,1,0
BRDA:256,4,0,0
BRDA:256,4,1,0
BRDA:276,5,0,0
BRDA:276,5,1,0
BRDA:297,6,0,0
BRDA:297,6,1,0
BRDA:318,7,0,0
BRDA:318,7,1,0
BRDA:337,8,0,0
BRDA:337,8,1,0
BRF:18
BRH:0
end_of_record
TN:
SF:D:\Short-Courses\frontend\src\components\Signup.jsx
FN:4,Signup
FN:15,(anonymous_4)
FN:21,(anonymous_5)
FN:28,(anonymous_6)
FNF:4
FNH:0
FNDA:0,Signup
FNDA:0,(anonymous_4)
FNDA:0,(anonymous_5)
FNDA:0,(anonymous_6)
DA:1,0
DA:2,0
DA:4,0
DA:5,0
DA:12,0
DA:13,0
DA:15,0
DA:16,0
DA:21,0
DA:22,0
DA:23,0
DA:24,0
DA:28,0
DA:29,0
DA:30,0
DA:35,0
LF:16
LH:0
BRDA:29,0,0,0
BRDA:29,0,1,0
BRDA:29,1,0,0
BRDA:29,1,1,0
BRDA:47,2,0,0
BRDA:47,2,1,0
BRDA:53,3,0,0
BRDA:53,3,1,0
BRDA:59,4,0,0
BRDA:59,4,1,0
BRDA:65,5,0,0
BRDA:65,5,1,0
BRF:12
BRH:0
end_of_record
TN:
SF:D:\Short-Courses\frontend\src\components\Signupp.jsx
FN:33,Signupp
FN:47,(anonymous_4)
FN:59,(anonymous_5)
FN:62,(anonymous_6)
FN:89,(anonymous_7)
FN:99,(anonymous_8)
FNF:6
FNH:0
FNDA:0,Signupp
FNDA:0,(anonymous_4)
FNDA:0,(anonymous_5)
FNDA:0,(anonymous_6)
FNDA:0,(anonymous_7)
FNDA:0,(anonymous_8)
DA:1,0
DA:2,0
DA:3,0
DA:4,0
DA:5,0
DA:6,0
DA:7,0
DA:8,0
DA:14,0
DA:18,0
DA:24,0
DA:35,0
DA:37,0
DA:47,0
DA:48,0
DA:49,0
DA:50,0
DA:52,0
DA:58,0
DA:60,0
DA:63,0
DA:66,0
DA:73,0
DA:80,0
DA:90,0
DA:99,0
LF:26
LH:0
BRDA:85,0,0,0
BRDA:85,0,1,0
BRF:2
BRH:0
end_of_record
TN:
SF:D:\Short-Courses\frontend\src\components\SlideCard.jsx
FN:7,Transition
FN:11,SlideCard
FN:15,(anonymous_5)
FN:19,(anonymous_6)
FNF:4
FNH:0
FNDA:0,Transition
FNDA:0,SlideCard
FNDA:0,(anonymous_5)
FNDA:0,(anonymous_6)
DA:1,0
DA:2,0
DA:3,0
DA:4,0
DA:7,0
DA:8,0
DA:11,0
DA:13,0
DA:15,0
DA:16,0
DA:19,0
DA:20,0
DA:26,0
LF:13
LH:0
BRF:0
BRH:0
end_of_record
TN:
SF:D:\Short-Courses\frontend\src\components\Submenu.js
FN:8,Submenu
FN:10,(anonymous_1)
FN:56,(anonymous_2)
FN:71,(anonymous_3)
FN:75,(anonymous_4)
FNF:5
FNH:0
FNDA:0,Submenu
FNDA:0,(anonymous_1)
FNDA:0,(anonymous_2)
FNDA:0,(anonymous_3)
FNDA:0,(anonymous_4)
DA:1,0
DA:2,0
DA:3,0
DA:4,0
DA:5,0
DA:8,0
DA:10,0
DA:11,0
DA:12,0
DA:16,0
DA:34,0
DA:39,0
DA:55,0
DA:56,0
DA:57,0
DA:72,0
DA:76,0
DA:77,0
LF:18
LH:0
BRDA:59,0,0,0
BRDA:59,0,1,0
BRDA:65,1,0,0
BRDA:65,1,1,0
BRDA:64,2,0,0
BRDA:64,2,1,0
BRDA:67,3,0,0
BRDA:67,3,1,0
BRDA:71,4,0,0
BRDA:71,4,1,0
BRF:10
BRH:0
end_of_record
TN:
SF:D:\Short-Courses\frontend\src\components\Validation.jsx
FN:1,(anonymous_0)
FNF:1
FNH:0
FNDA:0,(anonymous_0)
DA:1,0
DA:3,0
DA:5,0
DA:6,0
DA:8,0
DA:9,0
DA:10,0
DA:11,0
DA:13,0
DA:14,0
DA:15,0
DA:16,0
DA:18,0
DA:19,0
DA:20,0
DA:21,0
DA:24,0
LF:17
LH:0
BRDA:5,0,0,0
BRDA:5,0,1,0
BRDA:8,1,0,0
BRDA:8,1,1,0
BRDA:10,2,0,0
BRDA:10,2,1,0
BRDA:13,3,0,0
BRDA:13,3,1,0
BRDA:15,4,0,0
BRDA:15,4,1,0
BRDA:18,5,0,0
BRDA:18,5,1,0
BRDA:20,6,0,0
BRDA:20,6,1,0
BRF:14
BRH:0
end_of_record
TN:
SF:D:\Short-Courses\frontend\src\components\ViewSlides.jsx
FN:14,ViewSlides
FN:18,(anonymous_4)
FN:24,(anonymous_5)
FN:31,(anonymous_6)
FN:35,(anonymous_7)
FN:55,(anonymous_8)
FN:59,(anonymous_9)
FN:63,(anonymous_10)
FNF:8
FNH:0
FNDA:0,ViewSlides
FNDA:0,(anonymous_4)
FNDA:0,(anonymous_5)
FNDA:0,(anonymous_6)
FNDA:0,(anonymous_7)
FNDA:0,(anonymous_8)
FNDA:0,(anonymous_9)
FNDA:0,(anonymous_10)
DA:1,0
DA:2,0
DA:3,0
DA:4,0
DA:5,0
DA:14,0
DA:16,0
DA:18,0
DA:19,0
DA:20,0
DA:21,0
DA:24,0
DA:25,0
DA:26,0
DA:27,0
DA:31,0
DA:32,0
DA:35,0
DA:36,0
DA:37,0
DA:48,0
DA:49,0
DA:50,0
DA:55,0
DA:56,0
DA:59,0
DA:60,0
DA:63,0
DA:64,0
DA:67,0
DA:69,0
DA:109,0
DA:118,0
DA:132,0
DA:137,0
DA:144,0
DA:151,0
LF:37
LH:0
BRDA:80,0,0,0
BRDA:80,0,1,0
BRDA:94,1,0,0
BRDA:94,1,1,0
BRDA:95,2,0,0
BRDA:95,2,1,0
BRF:6
BRH:0
end_of_record
TN:
SF:D:\Short-Courses\frontend\src\components\api.js
FN:1,(anonymous_0)
FN:38,(anonymous_1)
FN:49,(anonymous_2)
FN:53,(anonymous_3)
FNF:4
FNH:0
FNDA:0,(anonymous_0)
FNDA:0,(anonymous_1)
FNDA:0,(anonymous_2)
FNDA:0,(anonymous_3)
DA:1,0
DA:2,0
DA:38,0
DA:39,0
DA:49,0
DA:50,0
DA:53,0
DA:54,0
LF:8
LH:0
BRDA:38,0,0,0
BRF:1
BRH:0
end_of_record
TN:
SF:D:\Short-Courses\frontend\src\components\cardView.js
FN:29,CardView
FN:36,(anonymous_4)
FN:37,(anonymous_5)
FN:39,(anonymous_6)
FN:44,(anonymous_7)
FN:58,(anonymous_8)
FN:66,(anonymous_9)
FN:78,(anonymous_10)
FN:84,(anonymous_11)
FN:92,(anonymous_12)
FN:98,(anonymous_13)
FN:107,(anonymous_14)
FN:119,(anonymous_15)
FN:120,(anonymous_16)
FNF:14
FNH:0
FNDA:0,CardView
FNDA:0,(anonymous_4)
FNDA:0,(anonymous_5)
FNDA:0,(anonymous_6)
FNDA:0,(anonymous_7)
FNDA:0,(anonymous_8)
FNDA:0,(anonymous_9)
FNDA:0,(anonymous_10)
FNDA:0,(anonymous_11)
FNDA:0,(anonymous_12)
FNDA:0,(anonymous_13)
FNDA:0,(anonymous_14)
FNDA:0,(anonymous_15)
FNDA:0,(anonymous_16)
DA:1,0
DA:2,0
DA:3,0
DA:4,0
DA:10,0
DA:11,0
DA:12,0
DA:14,0
DA:15,0
DA:17,0
DA:18,0
DA:19,0
DA:29,0
DA:31,0
DA:32,0
DA:33,0
DA:34,0
DA:36,0
DA:37,0
DA:38,0
DA:39,0
DA:41,0
DA:44,0
DA:45,0
DA:46,0
DA:47,0
DA:51,0
DA:52,0
DA:53,0
DA:54,0
DA:55,0
DA:56,0
DA:58,0
DA:59,0
DA:60,0
DA:62,0
DA:65,0
DA:66,0
DA:67,0
DA:72,0
DA:73,0
DA:78,0
DA:79,0
DA:80,0
DA:82,0
DA:83,0
DA:86,0
DA:92,0
DA:93,0
DA:94,0
DA:96,0
DA:97,0
DA:100,0
DA:107,0
DA:108,0
DA:112,0
DA:113,0
DA:114,0
DA:122,0
DA:126,0
LF:60
LH:0
BRDA:79,0,0,0
BRDA:79,0,1,0
BRDA:93,1,0,0
BRDA:93,1,1,0
BRDA:112,2,0,0
BRDA:112,2,1,0
BRF:6
BRH:0
end_of_record
TN:
SF:D:\Short-Courses\frontend\src\components\firebase-config.jsx
FNF:0
FNH:0
DA:2,0
DA:3,0
DA:4,0
DA:17,0
DA:28,0
DA:30,0
DA:31,0
LF:7
LH:0
BRF:0
BRH:0
end_of_record
TN:
SF:D:\Short-Courses\frontend\src\components\home.js
FN:6,Home
FNF:1
FNH:0
FNDA:0,Home
DA:1,0
DA:2,0
DA:3,0
DA:4,0
DA:7,0
LF:5
LH:0
BRF:0
BRH:0
end_of_record
TN:
SF:D:\Short-Courses\frontend\src\components\navigation.js
FN:21,Navigation
FN:53,(anonymous_4)
FN:64,(anonymous_5)
FN:80,(anonymous_6)
FN:86,(anonymous_7)
FNF:5
FNH:0
FNDA:0,Navigation
FNDA:0,(anonymous_4)
FNDA:0,(anonymous_5)
FNDA:0,(anonymous_6)
FNDA:0,(anonymous_7)
DA:1,0
DA:9,0
DA:10,0
DA:11,0
DA:12,0
DA:13,0
DA:14,0
DA:16,0
DA:17,0
DA:18,0
DA:21,0
DA:22,0
DA:23,0
DA:24,0
DA:25,0
DA:26,0
DA:31,0
DA:56,0
DA:66,0
DA:81,0
DA:87,0
LF:21
LH:0
BRDA:35,0,0,0
BRDA:35,0,1,0
BRDA:48,1,0,0
BRDA:48,1,1,0
BRF:4
BRH:0
end_of_record
TN:
SF:D:\Short-Courses\frontend\src\components\profile.js
FN:8,Profile
FN:12,(anonymous_4)
FN:15,(anonymous_5)
FN:22,(anonymous_6)
FN:23,(anonymous_7)
FN:37,(anonymous_8)
FN:60,(anonymous_9)
FNF:7
FNH:0
FNDA:0,Profile
FNDA:0,(anonymous_4)
FNDA:0,(anonymous_5)
FNDA:0,(anonymous_6)
FNDA:0,(anonymous_7)
FNDA:0,(anonymous_8)
FNDA:0,(anonymous_9)
DA:1,0
DA:2,0
DA:3,0
DA:4,0
DA:5,0
DA:6,0
DA:8,0
DA:9,0
DA:10,0
DA:11,0
DA:12,0
DA:13,0
DA:15,0
DA:16,0
DA:19,0
DA:21,0
DA:22,0
DA:23,0
DA:24,0
DA:25,0
DA:28,0
DA:29,0
DA:37,0
DA:38,0
DA:44,0
DA:60,0
LF:26
LH:0
BRF:0
BRH:0
end_of_record
TN:
SF:D:\Short-Courses\frontend\src\components\slideView.js
FN:3,SlideView
FN:7,(anonymous_1)
FN:11,(anonymous_2)
FNF:3
FNH:0
FNDA:0,SlideView
FNDA:0,(anonymous_1)
FNDA:0,(anonymous_2)
DA:1,0
DA:3,0
DA:4,0
DA:5,0
DA:7,0
DA:8,0
DA:12,0
LF:7
LH:0
BRDA:11,0,0,0
BRDA:11,0,1,0
BRF:2
BRH:0
end_of_record
TN:
SF:D:\Short-Courses\frontend\src\components\someComp.jsx
FN:3,someComp
FNF:1
FNH:0
FNDA:0,someComp
DA:1,0
DA:4,0
LF:2
LH:0
BRF:0
BRH:0
end_of_record
TN:
SF:D:\Short-Courses\frontend\src\components\AboutCourse\AboutCourseDialog.jsx
FN:7,(anonymous_3)
FN:11,(anonymous_4)
FNF:2
FNH:0
FNDA:0,(anonymous_3)
FNDA:0,(anonymous_4)
DA:1,0
DA:2,0
DA:4,0
DA:5,0
DA:7,0
DA:8,0
DA:9,0
DA:11,0
DA:12,0
DA:15,0
LF:10
LH:0
BRF:0
BRH:0
end_of_record
TN:
SF:D:\Short-Courses\frontend\src\components\AboutCourse\DisplayOutcomes.jsx
FN:3,(anonymous_0)
FNF:1
FNH:0
FNDA:0,(anonymous_0)
DA:1,0
DA:3,0
DA:4,0
DA:15,0
DA:24,0
LF:5
LH:0
BRF:0
BRH:0
end_of_record
TN:
SF:D:\Short-Courses\frontend\src\components\AboutCourse\GetInfo.js
FN:3,(anonymous_0)
FN:13,(anonymous_1)
FN:22,(anonymous_2)
FN:39,(anonymous_3)
FNF:4
FNH:0
FNDA:0,(anonymous_0)
FNDA:0,(anonymous_1)
FNDA:0,(anonymous_2)
FNDA:0,(anonymous_3)
DA:4,0
DA:5,0
DA:6,0
DA:7,0
DA:8,0
DA:14,0
DA:19,0
DA:23,0
DA:24,0
DA:25,0
DA:26,0
DA:27,0
DA:28,0
DA:29,0
DA:30,0
DA:36,0
DA:40,0
DA:41,0
DA:42,0
DA:43,0
DA:44,0
DA:48,0
LF:22
LH:0
BRDA:5,0,0,0
BRDA:5,0,1,0
BRDA:29,1,0,0
BRDA:29,1,1,0
BRF:4
BRH:0
end_of_record
TN:
SF:D:\Short-Courses\frontend\src\components\AboutCourse\ListOutcomes.jsx
FN:4,(anonymous_0)
FN:7,(anonymous_1)
FNF:2
FNH:0
FNDA:0,(anonymous_0)
FNDA:0,(anonymous_1)
DA:1,0
DA:2,0
DA:4,0
DA:5,0
DA:8,0
DA:16,0
LF:6
LH:0
BRF:0
BRH:0
end_of_record
TN:
SF:D:\Short-Courses\frontend\src\components\Feedback\FeedbackDialog.jsx
FN:11,(anonymous_3)
FN:16,(anonymous_4)
FNF:2
FNH:0
FNDA:0,(anonymous_3)
FNDA:0,(anonymous_4)
DA:1,0
DA:2,0
DA:3,0
DA:4,0
DA:11,0
DA:12,0
DA:13,0
DA:14,0
DA:16,0
DA:17,0
DA:18,0
DA:19,0
DA:22,0
LF:13
LH:0
BRF:0
BRH:0
end_of_record
TN:
SF:D:\Short-Courses\frontend\src\components\Feedback\RatingPanel.jsx
FN:33,IconContainer
FN:44,(anonymous_4)
FN:46,(anonymous_5)
FNF:3
FNH:0
FNDA:0,IconContainer
FNDA:0,(anonymous_4)
FNDA:0,(anonymous_5)
DA:1,0
DA:2,0
DA:3,0
DA:4,0
DA:5,0
DA:6,0
DA:7,0
DA:8,0
DA:10,0
DA:33,0
DA:34,0
DA:36,0
DA:39,0
DA:44,0
DA:46,0
DA:47,0
DA:49,0
DA:63,0
LF:18
LH:0
BRF:0
BRH:0
end_of_record
TN:
SF:D:\Short-Courses\frontend\src\components\Feedback\UploadImagePanel.jsx
FN:4,(anonymous_0)
FNF:1
FNH:0
FNDA:0,(anonymous_0)
DA:1,0
DA:2,0
DA:4,0
DA:5,0
LF:4
LH:0
BRF:0
BRH:0
end_of_record
TN:
SF:D:\Short-Courses\frontend\src\components\Feedback\useless.jsx
FN:6,(anonymous_3)
FN:8,(anonymous_4)
FNF:2
FNH:0
FNDA:0,(anonymous_3)
FNDA:0,(anonymous_4)
DA:1,0
DA:2,0
DA:3,0
DA:6,0
DA:7,0
DA:8,0
DA:9,0
DA:11,0
LF:8
LH:0
BRF:0
BRH:0
end_of_record
TN:
SF:D:\Short-Courses\frontend\src\components\FirebaseAPIs\FirestoreInit.js
FN:17,(anonymous_0)
FN:23,(anonymous_1)
FN:32,(anonymous_2)
FNF:3
FNH:0
FNDA:0,(anonymous_0)
FNDA:0,(anonymous_1)
FNDA:0,(anonymous_2)
DA:1,0
DA:2,0
DA:17,0
DA:18,0
DA:19,0
DA:24,0
DA:27,0
DA:28,0
DA:33,0
DA:36,0
DA:37,0
LF:11
LH:0
BRF:0
BRH:0
end_of_record
TN:
SF:D:\Short-Courses\frontend\src\components\FirebaseAPIs\Helpers.js
FN:5,(anonymous_0)
FN:17,(anonymous_1)
FN:49,(anonymous_2)
FN:56,(anonymous_3)
FN:8,(anonymous_4)
FN:31,(anonymous_5)
FNF:6
FNH:0
FNDA:0,(anonymous_0)
FNDA:0,(anonymous_1)
FNDA:0,(anonymous_2)
FNDA:0,(anonymous_3)
FNDA:0,(anonymous_4)
FNDA:0,(anonymous_5)
DA:1,0
DA:2,0
DA:5,0
DA:9,0
DA:10,0
DA:11,0
DA:18,0
DA:19,0
DA:20,0
DA:21,0
DA:32,0
DA:34,0
DA:35,0
DA:36,0
DA:37,0
DA:38,0
DA:42,0
DA:43,0
DA:45,0
DA:50,0
DA:51,0
DA:52,0
DA:57,0
DA:60,0
DA:61,0
LF:25
LH:0
BRDA:36,0,0,0
BRDA:36,0,1,0
BRDA:42,1,0,0
BRDA:42,1,1,0
BRF:4
BRH:0
end_of_record
TN:
SF:D:\Short-Courses\frontend\src\components\SSO\PageLayout.jsx
FN:17,(anonymous_0)
FNF:1
FNH:0
FNDA:0,(anonymous_0)
DA:6,0
DA:7,0
DA:9,0
DA:10,0
DA:11,0
DA:17,0
DA:18,0
DA:20,0
LF:8
LH:0
BRDA:24,0,0,0
BRDA:24,0,1,0
BRF:2
BRH:0
end_of_record
TN:
SF:D:\Short-Courses\frontend\src\components\SSO\ProfileData.jsx
FN:7,(anonymous_0)
FNF:1
FNH:0
FNDA:0,(anonymous_0)
DA:1,0
DA:7,0
DA:8,0
DA:10,0
LF:4
LH:0
BRF:0
BRH:0
end_of_record
TN:
SF:D:\Short-Courses\frontend\src\components\SSO\SignInButton.jsx
FN:10,(anonymous_0)
FN:13,(anonymous_1)
FN:14,(anonymous_2)
FNF:3
FNH:0
FNDA:0,(anonymous_0)
FNDA:0,(anonymous_1)
FNDA:0,(anonymous_2)
DA:1,0
DA:2,0
DA:3,0
DA:4,0
DA:5,0
DA:10,0
DA:11,0
DA:13,0
DA:14,0
DA:15,0
DA:19,0
LF:11
LH:0
BRF:0
BRH:0
end_of_record
TN:
SF:D:\Short-Courses\frontend\src\components\SSO\SignOutButton.jsx
FN:10,(anonymous_0)
FN:13,(anonymous_1)
FN:27,(anonymous_2)
FNF:3
FNH:0
FNDA:0,(anonymous_0)
FNDA:0,(anonymous_1)
FNDA:0,(anonymous_2)
DA:1,0
DA:2,0
DA:3,0
DA:4,0
DA:5,0
DA:10,0
DA:11,0
DA:13,0
DA:14,0
DA:15,0
DA:19,0
DA:20,0
DA:26,0
DA:27,0
LF:14
LH:0
BRDA:14,0,0,0
BRDA:14,0,1,0
BRDA:19,1,0,0
BRDA:19,1,1,0
BRF:4
BRH:0
end_of_record
TN:
SF:D:\Short-Courses\frontend\src\components\myProfile\Display.jsx
FN:4,(anonymous_0)
FNF:1
FNH:0
FNDA:0,(anonymous_0)
DA:1,0
DA:2,0
DA:4,0
DA:5,0
LF:4
LH:0
BRF:0
BRH:0
end_of_record
TN:
SF:D:\Short-Courses\frontend\src\components\myProfile\ExposeView.jsx
FN:11,(anonymous_3)
FN:22,(anonymous_4)
FN:27,(anonymous_5)
FN:47,(anonymous_6)
FN:59,(anonymous_7)
FNF:5
FNH:0
FNDA:0,(anonymous_3)
FNDA:0,(anonymous_4)
FNDA:0,(anonymous_5)
FNDA:0,(anonymous_6)
FNDA:0,(anonymous_7)
DA:1,0
DA:2,0
DA:3,0
DA:4,0
DA:5,0
DA:6,0
DA:8,0
DA:9,0
DA:11,0
DA:14,0
DA:15,0
DA:16,0
DA:19,0
DA:20,0
DA:22,0
DA:23,0
DA:24,0
DA:27,0
DA:28,0
DA:30,0
DA:33,0
DA:48,0
DA:60,0
DA:70,0
DA:74,0
DA:82,0
DA:87,0
DA:99,0
DA:111,0
LF:29
LH:0
BRF:0
BRH:0
end_of_record
TN:
SF:D:\Short-Courses\frontend\src\components\myProfile\Home.jsx
FN:2,(anonymous_0)
FNF:1
FNH:0
FNDA:0,(anonymous_0)
DA:2,0
DA:3,0
LF:2
LH:0
BRF:0
BRH:0
end_of_record
TN:
SF:D:\Short-Courses\frontend\src\components\myProfile\Menu.jsx
FN:6,(anonymous_0)
FNF:1
FNH:0
FNDA:0,(anonymous_0)
DA:1,0
DA:2,0
DA:3,0
DA:6,0
DA:9,0
DA:26,0
DA:34,0
DA:38,0
DA:43,0
DA:55,0
LF:10
LH:0
BRF:0
BRH:0
end_of_record
TN:
SF:D:\Short-Courses\frontend\src\components\myProfile\MyPortfolio.jsx
FN:9,(anonymous_3)
FN:15,(anonymous_4)
FN:29,(anonymous_5)
FN:30,(anonymous_6)
FN:32,(anonymous_7)
FN:38,(anonymous_8)
FN:39,(anonymous_9)
FN:41,(anonymous_10)
FNF:8
FNH:0
FNDA:0,(anonymous_3)
FNDA:0,(anonymous_4)
FNDA:0,(anonymous_5)
FNDA:0,(anonymous_6)
FNDA:0,(anonymous_7)
FNDA:0,(anonymous_8)
FNDA:0,(anonymous_9)
FNDA:0,(anonymous_10)
DA:1,0
DA:2,0
DA:3,0
DA:4,0
DA:5,0
DA:6,0
DA:9,0
DA:10,0
DA:11,0
DA:12,0
DA:13,0
DA:15,0
DA:16,0
DA:17,0
DA:18,0
DA:19,0
DA:23,0
DA:24,0
DA:25,0
DA:26,0
DA:27,0
DA:29,0
DA:30,0
DA:31,0
DA:32,0
DA:34,0
DA:35,0
DA:38,0
DA:39,0
DA:40,0
DA:41,0
DA:43,0
DA:46,0
DA:67,0
DA:75,0
DA:83,0
LF:36
LH:0
BRF:0
BRH:0
end_of_record
TN:
SF:D:\Short-Courses\frontend\src\components\myProfile\utils\Action.jsx
FN:5,(anonymous_0)
FN:8,(anonymous_1)
FNF:2
FNH:0
FNDA:0,(anonymous_0)
FNDA:0,(anonymous_1)
DA:1,0
DA:2,0
DA:3,0
DA:5,0
DA:7,0
DA:8,0
DA:9,0
DA:12,0
DA:17,0
LF:9
LH:0
BRF:0
BRH:0
end_of_record
TN:
SF:D:\Short-Courses\frontend\src\components\myProfile\utils\CommentHelper.jsx
FN:4,(anonymous_0)
FNF:1
FNH:0
FNDA:0,(anonymous_0)
DA:1,0
DA:2,0
DA:4,0
DA:5,0
DA:23,0
DA:39,0
DA:47,0
LF:7
LH:0
BRF:0
BRH:0
end_of_record
TN:
SF:D:\Short-Courses\frontend\src\components\myProfile\utils\CourseHelper.jsx
FN:4,(anonymous_3)
FN:7,(anonymous_4)
FNF:2
FNH:0
FNDA:0,(anonymous_3)
FNDA:0,(anonymous_4)
DA:1,0
DA:2,0
DA:4,0
DA:5,0
DA:7,0
DA:9,0
DA:11,0
DA:24,0
DA:37,0
DA:47,0
LF:10
LH:0
BRF:0
BRH:0
end_of_record
TN:
SF:D:\Short-Courses\frontend\src\components\myProfile\utils\FilterComments.js
FN:4,(anonymous_0)
FN:17,(anonymous_1)
FN:33,(anonymous_2)
FNF:3
FNH:3
FNDA:6,(anonymous_0)
FNDA:6,(anonymous_1)
FNDA:6,(anonymous_2)
DA:5,6
DA:6,18
DA:7,4
DA:8,4
DA:9,4
DA:13,6
DA:14,6
DA:18,6
DA:19,6
DA:20,6
DA:21,6
DA:22,6
DA:24,6
DA:29,6
DA:34,6
LF:15
LH:15
BRDA:6,0,0,4
BRDA:6,0,1,14
BRF:2
BRH:2
end_of_record
TN:
SF:D:\Short-Courses\frontend\src\components\myProfile\utils\FilterCourses.js
FN:4,(anonymous_0)
FN:8,(anonymous_1)
FN:22,(anonymous_2)
FN:36,(anonymous_3)
FNF:4
FNH:4
FNDA:1,(anonymous_0)
FNDA:6,(anonymous_1)
FNDA:6,(anonymous_2)
FNDA:6,(anonymous_3)
DA:9,6
DA:10,6
DA:11,20
DA:12,5
DA:13,5
DA:14,5
DA:18,6
DA:19,6
DA:23,6
DA:24,10
DA:25,10
DA:27,10
DA:32,10
DA:37,6
LF:14
LH:14
BRDA:11,0,0,5
BRDA:11,0,1,15
BRF:2
BRH:2
end_of_record
TN:
SF:D:\Short-Courses\frontend\src\components\myProfile\utils\NameTag.js
FN:2,NameTag
FNF:1
FNH:0
FNDA:0,NameTag
DA:3,0
DA:4,0
DA:5,0
DA:6,0
DA:7,0
DA:9,0
DA:11,0
DA:12,0
LF:8
LH:0
BRDA:5,0,0,0
BRDA:5,0,1,0
BRF:2
BRH:0
end_of_record
TN:
SF:D:\Short-Courses\frontend\src\components\myProfile\utils\Scroller.js
FN:3,scroller
FNF:1
FNH:0
FNDA:0,scroller
DA:1,0
DA:4,0
DA:6,0
DA:8,0
LF:4
LH:0
BRF:0
BRH:0
end_of_record
TN:
SF:D:\Short-Courses\frontend\src\components\tags\ListTags.jsx
FN:4,(anonymous_0)
FN:7,(anonymous_1)
FNF:2
FNH:0
FNDA:0,(anonymous_0)
FNDA:0,(anonymous_1)
DA:1,0
DA:2,0
DA:4,0
DA:5,0
DA:8,0
DA:18,0
LF:6
LH:0
BRF:0
BRH:0
end_of_record
TN:
SF:D:\Short-Courses\frontend\src\components\tags\TagsDialog.jsx
FN:23,(anonymous_3)
FN:32,(anonymous_4)
FN:33,(anonymous_5)
FN:35,(anonymous_6)
FN:41,(anonymous_7)
FN:48,(anonymous_8)
FN:49,(anonymous_9)
FN:65,(anonymous_10)
FNF:8
FNH:0
FNDA:0,(anonymous_3)
FNDA:0,(anonymous_4)
FNDA:0,(anonymous_5)
FNDA:0,(anonymous_6)
FNDA:0,(anonymous_7)
FNDA:0,(anonymous_8)
FNDA:0,(anonymous_9)
FNDA:0,(anonymous_10)
DA:1,0
DA:2,0
DA:3,0
DA:4,0
DA:6,0
DA:7,0
DA:8,0
DA:9,0
DA:11,0
DA:12,0
DA:23,0
DA:24,0
DA:25,0
DA:26,0
DA:28,0
DA:29,0
DA:30,0
DA:32,0
DA:33,0
DA:34,0
DA:35,0
DA:37,0
DA:41,0
DA:42,0
DA:43,0
DA:49,0
DA:50,0
DA:55,0
DA:56,0
DA:58,0
DA:59,0
DA:62,0
DA:63,0
DA:65,0
DA:66,0
DA:67,0
DA:68,0
DA:70,0
DA:73,0
LF:39
LH:0
BRF:0
BRH:0
end_of_record
TN:
SF:D:\Short-Courses\frontend\src\components\tags\TagsInput.jsx
FN:6,(anonymous_3)
FN:9,(anonymous_4)
FN:13,(anonymous_5)
FNF:3
FNH:0
FNDA:0,(anonymous_3)
FNDA:0,(anonymous_4)
FNDA:0,(anonymous_5)
DA:1,0
DA:2,0
DA:3,0
DA:6,0
DA:7,0
DA:9,0
DA:10,0
DA:13,0
DA:14,0
DA:15,0
DA:16,0
DA:17,0
DA:19,0
DA:22,0
DA:23,0
DA:24,0
DA:26,0
DA:27,0
DA:30,0
DA:31,0
DA:33,0
DA:37,0
DA:50,0
LF:23
LH:0
BRDA:14,0,0,0
BRDA:14,0,1,0
BRDA:16,1,0,0
BRDA:16,1,1,0
BRDA:24,2,0,0
BRDA:24,2,1,0
BRDA:30,3,0,0
BRDA:30,3,1,0
BRF:8
BRH:0
end_of_record
TN:
SF:D:\Short-Courses\frontend\src\components\tags\Useless.jsx
FN:6,(anonymous_0)
FN:10,(anonymous_1)
FNF:2
FNH:0
FNDA:0,(anonymous_0)
FNDA:0,(anonymous_1)
DA:1,0
DA:2,0
DA:3,0
DA:6,0
DA:7,0
DA:8,0
DA:10,0
DA:11,0
DA:12,0
DA:18,0
LF:10
LH:0
BRF:0
BRH:0
end_of_record
TN:
SF:D:\Short-Courses\frontend\src\components\tags\ViewTag.jsx
FN:5,(anonymous_0)
FN:7,(anonymous_1)
FNF:2
FNH:0
FNDA:0,(anonymous_0)
FNDA:0,(anonymous_1)
DA:1,0
DA:2,0
DA:3,0
DA:5,0
DA:7,0
DA:9,0
DA:11,0
DA:23,0
DA:32,0
LF:9
LH:0
BRF:0
BRH:0
end_of_record
TN:
SF:D:\Short-Courses\frontend\src\components\tags\MicrosoftGraph\authConfig.js
FN:25,(anonymous_0)
FNF:1
FNH:0
FNDA:0,(anonymous_0)
DA:6,0
DA:13,0
DA:26,0
DA:27,0
DA:29,0
DA:31,0
DA:32,0
DA:34,0
DA:35,0
DA:37,0
DA:38,0
DA:40,0
DA:41,0
DA:54,0
DA:62,0
LF:15
LH:0
BRDA:26,0,0,0
BRDA:26,0,1,0
BRDA:30,1,0,0
BRDA:30,1,1,0
BRDA:30,1,2,0
BRDA:30,1,3,0
BRF:6
BRH:0
end_of_record
TN:
SF:D:\Short-Courses\frontend\src\components\tags\MicrosoftGraph\graph.js
FN:7,callMsGraph
FN:19,(anonymous_1)
FN:20,(anonymous_2)
FNF:3
FNH:0
FNDA:0,callMsGraph
FNDA:0,(anonymous_1)
FNDA:0,(anonymous_2)
DA:1,0
DA:8,0
DA:9,0
DA:11,0
DA:13,0
DA:18,0
DA:19,0
DA:20,0
LF:8
LH:0
BRF:0
BRH:0
end_of_record
