TN:
SF:C:\Holiday\NewSDProject\frontend\src\App.js
FN:16,App
FNF:1
FNH:0
FNDA:0,App
DA:1,0
DA:2,0
DA:3,0
DA:4,0
DA:5,0
DA:6,0
DA:7,0
DA:8,0
DA:9,0
DA:10,0
DA:11,0
DA:12,0
DA:17,0
LF:13
LH:0
BRF:0
BRH:0
end_of_record
TN:
SF:C:\Holiday\NewSDProject\frontend\src\CheckBoxWithLabel.js
FN:3,CheckboxWithLabel
FN:6,(anonymous_1)
FNF:2
FNH:0
FNDA:0,CheckboxWithLabel
FNDA:0,(anonymous_1)
DA:1,0
DA:3,0
DA:4,0
DA:6,0
DA:7,0
DA:10,0
LF:6
LH:0
BRDA:13,0,0,0
BRDA:13,0,1,0
BRF:2
BRH:0
end_of_record
TN:
SF:C:\Holiday\NewSDProject\frontend\src\authConfig.js
FN:25,(anonymous_0)
FNF:1
FNH:0
FNDA:0,(anonymous_0)
DA:13,2
DA:26,0
DA:27,0
DA:29,0
DA:31,0
DA:32,0
DA:34,0
DA:35,0
DA:37,0
DA:38,0
DA:40,0
DA:41,0
DA:54,2
DA:62,2
LF:14
LH:3
BRDA:26,0,0,0
BRDA:26,0,1,0
BRDA:29,1,0,0
BRDA:29,1,1,0
BRDA:29,1,2,0
BRDA:29,1,3,0
BRF:6
BRH:0
end_of_record
TN:
SF:C:\Holiday\NewSDProject\frontend\src\dummy.jsx
FN:3,dummy
FNF:1
FNH:0
FNDA:0,dummy
DA:1,0
DA:4,0
LF:2
LH:0
BRF:0
BRH:0
end_of_record
TN:
SF:C:\Holiday\NewSDProject\frontend\src\graph.js
FN:7,callMsGraph
FN:19,(anonymous_1)
FN:20,(anonymous_2)
FNF:3
FNH:0
FNDA:0,callMsGraph
FNDA:0,(anonymous_1)
FNDA:0,(anonymous_2)
DA:8,0
DA:9,0
DA:11,0
DA:13,0
DA:18,0
DA:19,0
DA:20,0
LF:7
LH:0
BRF:0
BRH:0
end_of_record
TN:
SF:C:\Holiday\NewSDProject\frontend\src\index.js
FNF:0
FNH:0
DA:1,0
DA:2,0
DA:3,0
DA:4,0
DA:5,0
DA:6,0
DA:7,0
DA:8,0
DA:9,0
DA:10,0
DA:16,0
DA:37,0
LF:12
LH:0
BRF:0
BRH:0
end_of_record
TN:
SF:C:\Holiday\NewSDProject\frontend\src\reportWebVitals.js
FN:1,(anonymous_3)
FN:3,(anonymous_4)
FN:3,(anonymous_5)
FNF:3
FNH:0
FNDA:0,(anonymous_3)
FNDA:0,(anonymous_4)
FNDA:0,(anonymous_5)
DA:1,0
DA:2,0
DA:3,0
DA:4,0
DA:5,0
DA:6,0
DA:7,0
DA:8,0
LF:8
LH:0
BRDA:2,0,0,0
BRDA:2,0,1,0
BRDA:2,1,0,0
BRDA:2,1,1,0
BRF:4
BRH:0
end_of_record
TN:
SF:C:\Holiday\NewSDProject\frontend\src\setupTests.js
FNF:0
FNH:0
LF:0
LH:0
BRF:0
BRH:0
end_of_record
TN:
SF:C:\Holiday\NewSDProject\frontend\src\components\CardViewList.js
FN:14,CardViewList
FN:26,(anonymous_1)
FNF:2
FNH:2
FNDA:1,CardViewList
FNDA:1,(anonymous_1)
DA:15,1
DA:16,1
DA:22,1
DA:27,1
LF:4
LH:4
BRDA:24,0,0,1
BRDA:24,0,1,0
BRF:2
BRH:1
end_of_record
TN:
SF:C:\Holiday\NewSDProject\frontend\src\components\CourseAppBar.jsx
FN:21,(anonymous_3)
FNF:1
FNH:0
FNDA:0,(anonymous_3)
DA:1,0
DA:2,0
DA:3,0
DA:4,0
DA:5,0
DA:6,0
DA:7,0
DA:8,0
DA:9,0
DA:10,0
DA:11,0
DA:12,0
DA:13,0
DA:14,0
DA:16,0
DA:17,0
DA:21,0
DA:23,0
LF:18
LH:0
BRF:0
BRH:0
end_of_record
TN:
SF:C:\Holiday\NewSDProject\frontend\src\components\CourseList.js
FN:11,CourseList
FN:15,(anonymous_4)
FN:22,(anonymous_5)
FN:26,(anonymous_6)
FN:34,(anonymous_7)
FNF:5
FNH:0
FNDA:0,CourseList
FNDA:0,(anonymous_4)
FNDA:0,(anonymous_5)
FNDA:0,(anonymous_6)
FNDA:0,(anonymous_7)
DA:1,0
DA:2,0
DA:3,0
DA:4,0
DA:5,0
DA:6,0
DA:11,0
DA:13,0
DA:15,0
DA:17,0
DA:20,0
DA:23,0
DA:24,0
DA:27,0
DA:31,0
DA:35,0
LF:16
LH:0
BRF:0
BRH:0
end_of_record
TN:
SF:C:\Holiday\NewSDProject\frontend\src\components\CourseNav.js
FN:10,CourseNav
FN:35,(anonymous_1)
FN:40,(anonymous_2)
FN:45,(anonymous_3)
FNF:4
FNH:1
FNDA:3,CourseNav
FNDA:0,(anonymous_1)
FNDA:0,(anonymous_2)
FNDA:0,(anonymous_3)
DA:11,3
DA:14,3
DA:18,3
DA:35,0
DA:40,0
DA:45,0
LF:6
LH:3
BRF:0
BRH:0
end_of_record
TN:
SF:C:\Holiday\NewSDProject\frontend\src\components\CreateCourseAgain.jsx
FN:15,TabPanel
FN:44,CreateCourse
FN:53,(anonymous_5)
FNF:3
FNH:0
FNDA:0,TabPanel
FNDA:0,CreateCourse
FNDA:0,(anonymous_5)
DA:1,0
DA:2,0
DA:3,0
DA:4,0
DA:5,0
DA:6,0
DA:7,0
DA:8,0
DA:9,0
DA:10,0
DA:11,0
DA:15,0
DA:16,0
DA:17,0
DA:19,0
DA:36,0
DA:44,0
DA:45,0
DA:46,0
DA:47,0
DA:48,0
DA:53,0
DA:54,0
DA:57,0
LF:24
LH:0
BRDA:27,0,0,0
BRDA:27,0,1,0
BRF:2
BRH:0
end_of_record
TN:
SF:C:\Holiday\NewSDProject\frontend\src\components\Data.js
FN:20,(anonymous_3)
FN:30,(anonymous_4)
FN:33,(anonymous_5)
FN:38,(anonymous_6)
FN:41,(anonymous_7)
FN:73,(anonymous_8)
FN:89,(anonymous_9)
FN:91,(anonymous_10)
FNF:8
FNH:0
FNDA:0,(anonymous_3)
FNDA:0,(anonymous_4)
FNDA:0,(anonymous_5)
FNDA:0,(anonymous_6)
FNDA:0,(anonymous_7)
FNDA:0,(anonymous_8)
FNDA:0,(anonymous_9)
FNDA:0,(anonymous_10)
DA:1,0
DA:2,0
DA:3,0
DA:4,0
DA:5,0
DA:6,0
DA:7,0
DA:8,0
DA:9,0
DA:10,0
DA:20,0
DA:21,0
DA:23,0
DA:24,0
DA:26,0
DA:29,0
DA:30,0
DA:31,0
DA:32,0
DA:33,0
DA:34,0
DA:35,0
DA:37,0
DA:38,0
DA:39,0
DA:40,0
DA:41,0
DA:42,0
DA:43,0
DA:47,0
DA:48,0
DA:50,0
DA:52,0
DA:54,0
DA:61,0
DA:63,0
DA:69,0
DA:72,0
DA:73,0
DA:74,0
DA:80,0
DA:87,0
DA:88,0
DA:89,0
DA:90,0
DA:91,0
DA:92,0
DA:95,0
DA:103,0
DA:106,0
DA:109,0
LF:51
LH:0
BRDA:47,0,0,0
BRDA:47,0,1,0
BRF:2
BRH:0
end_of_record
TN:
SF:C:\Holiday\NewSDProject\frontend\src\components\DataContext.js
FN:37,(anonymous_0)
FN:41,DataProvider
FN:47,(anonymous_2)
FN:51,(anonymous_3)
FN:56,(anonymous_4)
FN:67,(anonymous_5)
FN:70,(anonymous_6)
FN:75,(anonymous_7)
FNF:8
FNH:0
FNDA:0,(anonymous_0)
FNDA:0,DataProvider
FNDA:0,(anonymous_2)
FNDA:0,(anonymous_3)
FNDA:0,(anonymous_4)
FNDA:0,(anonymous_5)
FNDA:0,(anonymous_6)
FNDA:0,(anonymous_7)
DA:21,2
DA:26,2
DA:45,0
DA:47,0
DA:49,0
DA:52,0
DA:53,0
DA:57,0
DA:65,0
DA:67,0
DA:68,0
DA:70,0
DA:71,0
DA:73,0
DA:74,0
DA:75,0
DA:76,0
DA:79,0
DA:83,0
DA:88,0
DA:90,0
DA:95,0
LF:22
LH:2
BRDA:74,0,0,0
BRDA:74,0,1,0
BRF:2
BRH:0
end_of_record
TN:
SF:C:\Holiday\NewSDProject\frontend\src\components\EnrolledAppBar.jsx
FN:10,(anonymous_3)
FNF:1
FNH:0
FNDA:0,(anonymous_3)
DA:1,0
DA:2,0
DA:3,0
DA:4,0
DA:5,0
DA:10,0
DA:12,0
LF:7
LH:0
BRF:0
BRH:0
end_of_record
TN:
SF:C:\Holiday\NewSDProject\frontend\src\components\EnrolledCourse.js
FN:23,Course
FN:30,(anonymous_1)
FN:38,(anonymous_2)
FN:51,(anonymous_3)
FN:57,(anonymous_4)
FN:100,(anonymous_5)
FNF:6
FNH:2
FNDA:3,Course
FNDA:0,(anonymous_1)
FNDA:0,(anonymous_2)
FNDA:3,(anonymous_3)
FNDA:0,(anonymous_4)
FNDA:0,(anonymous_5)
DA:24,3
DA:25,3
DA:26,3
DA:27,3
DA:28,3
DA:30,3
DA:31,0
DA:32,0
DA:34,0
DA:35,0
DA:37,0
DA:38,0
DA:39,0
DA:44,0
DA:51,3
DA:52,3
DA:53,3
DA:54,0
DA:56,3
DA:58,0
DA:59,0
DA:60,0
DA:66,3
DA:68,3
DA:69,3
DA:101,0
LF:26
LH:13
BRDA:53,0,0,0
BRDA:53,0,1,3
BRF:2
BRH:1
end_of_record
TN:
SF:C:\Holiday\NewSDProject\frontend\src\components\Enrolledpage.js
FN:9,Enrolled
FNF:1
FNH:0
FNDA:0,Enrolled
DA:1,0
DA:2,0
DA:3,0
DA:4,0
DA:9,0
DA:10,0
DA:11,0
DA:13,0
LF:8
LH:0
BRF:0
BRH:0
end_of_record
TN:
SF:C:\Holiday\NewSDProject\frontend\src\components\Explore.jsx
FN:5,Explore
FNF:1
FNH:0
FNDA:0,Explore
DA:1,0
DA:2,0
DA:3,0
DA:8,0
LF:4
LH:0
BRF:0
BRH:0
end_of_record
TN:
SF:C:\Holiday\NewSDProject\frontend\src\components\FetchSlides.js
FN:1,fetchSlides
FN:6,(anonymous_1)
FNF:2
FNH:0
FNDA:0,fetchSlides
FNDA:0,(anonymous_1)
DA:2,0
DA:3,0
DA:4,0
DA:5,0
DA:6,0
DA:7,0
DA:9,0
DA:10,0
DA:12,0
DA:13,0
DA:14,0
DA:15,0
DA:16,0
DA:20,0
DA:22,0
DA:32,0
DA:35,0
LF:17
LH:0
BRDA:9,0,0,0
BRDA:9,0,1,0
BRDA:12,1,0,0
BRDA:12,1,1,0
BRDA:20,2,0,0
BRDA:20,2,1,0
BRF:6
BRH:0
end_of_record
TN:
SF:C:\Holiday\NewSDProject\frontend\src\components\Firstpanel.jsx
FN:16,Firstpanel
FN:21,(anonymous_4)
FN:25,(anonymous_5)
FN:40,(anonymous_6)
FN:53,(anonymous_7)
FN:63,(anonymous_8)
FN:144,(anonymous_9)
FN:170,(anonymous_10)
FN:192,(anonymous_11)
FNF:9
FNH:0
FNDA:0,Firstpanel
FNDA:0,(anonymous_4)
FNDA:0,(anonymous_5)
FNDA:0,(anonymous_6)
FNDA:0,(anonymous_7)
FNDA:0,(anonymous_8)
FNDA:0,(anonymous_9)
FNDA:0,(anonymous_10)
FNDA:0,(anonymous_11)
DA:1,0
DA:2,0
DA:3,0
DA:4,0
DA:5,0
DA:7,0
DA:16,0
DA:17,0
DA:18,0
DA:19,0
DA:21,0
DA:22,0
DA:25,0
DA:26,0
DA:35,0
DA:37,0
DA:40,0
DA:41,0
DA:42,0
DA:43,0
DA:44,0
DA:46,0
DA:47,0
DA:52,0
DA:53,0
DA:54,0
DA:55,0
DA:56,0
DA:57,0
DA:58,0
DA:59,0
DA:60,0
DA:63,0
DA:64,0
DA:65,0
DA:67,0
DA:69,0
DA:70,0
DA:71,0
DA:74,0
DA:144,0
DA:172,0
DA:192,0
DA:202,0
LF:44
LH:0
BRDA:43,0,0,0
BRDA:43,0,1,0
BRDA:126,1,0,0
BRDA:126,1,1,0
BRDA:167,2,0,0
BRDA:167,2,1,0
BRF:6
BRH:0
end_of_record
TN:
SF:C:\Holiday\NewSDProject\frontend\src\components\GenCourseID.js
FN:8,createID
FNF:1
FNH:0
FNDA:0,createID
DA:9,0
DA:10,0
DA:13,0
DA:14,0
DA:16,0
DA:19,0
DA:21,0
LF:7
LH:0
BRDA:13,0,0,0
BRDA:13,0,1,0
BRF:2
BRH:0
end_of_record
TN:
SF:C:\Holiday\NewSDProject\frontend\src\components\MyCourseList.js
FN:7,MyCourseList
FN:27,(anonymous_4)
FN:33,(anonymous_5)
FN:37,(anonymous_6)
FN:47,(anonymous_7)
FNF:5
FNH:0
FNDA:0,MyCourseList
FNDA:0,(anonymous_4)
FNDA:0,(anonymous_5)
FNDA:0,(anonymous_6)
FNDA:0,(anonymous_7)
DA:1,0
DA:2,0
DA:3,0
DA:4,0
DA:5,0
DA:7,0
DA:9,0
DA:27,0
DA:29,0
DA:32,0
DA:34,0
DA:35,0
DA:38,0
DA:43,0
DA:49,0
LF:15
LH:0
BRF:0
BRH:0
end_of_record
TN:
SF:C:\Holiday\NewSDProject\frontend\src\components\MyCourseView.js
FN:41,MyCourseView
FN:53,(anonymous_4)
FN:61,(anonymous_5)
FN:70,(anonymous_6)
FN:76,(anonymous_7)
FN:117,(anonymous_8)
FNF:6
FNH:0
FNDA:0,MyCourseView
FNDA:0,(anonymous_4)
FNDA:0,(anonymous_5)
FNDA:0,(anonymous_6)
FNDA:0,(anonymous_7)
FNDA:0,(anonymous_8)
DA:1,0
DA:9,0
DA:10,0
DA:13,0
DA:14,0
DA:16,0
DA:17,0
DA:18,0
DA:26,0
DA:36,0
DA:41,0
DA:42,0
DA:43,0
DA:44,0
DA:45,0
DA:47,0
DA:49,0
DA:51,0
DA:53,0
DA:54,0
DA:55,0
DA:57,0
DA:58,0
DA:60,0
DA:61,0
DA:62,0
DA:67,0
DA:70,0
DA:71,0
DA:72,0
DA:73,0
DA:75,0
DA:78,0
DA:84,0
DA:118,0
LF:35
LH:0
BRDA:72,0,0,0
BRDA:72,0,1,0
BRF:2
BRH:0
end_of_record
TN:
SF:C:\Holiday\NewSDProject\frontend\src\components\MyCoursesPage.js
FN:24,MyCourses
FN:32,(anonymous_4)
FNF:2
FNH:0
FNDA:0,MyCourses
FNDA:0,(anonymous_4)
DA:1,0
DA:2,0
DA:3,0
DA:4,0
DA:5,0
DA:6,0
DA:8,0
DA:12,0
DA:24,0
DA:26,0
DA:27,0
DA:28,0
DA:29,0
DA:32,0
DA:33,0
DA:36,0
DA:56,0
LF:17
LH:0
BRF:0
BRH:0
end_of_record
TN:
SF:C:\Holiday\NewSDProject\frontend\src\components\Rightpanel.jsx
FN:39,Rightpanel
FN:43,(anonymous_1)
FN:47,(anonymous_2)
FN:51,(anonymous_3)
FN:55,(anonymous_4)
FNF:5
FNH:0
FNDA:0,Rightpanel
FNDA:0,(anonymous_1)
FNDA:0,(anonymous_2)
FNDA:0,(anonymous_3)
FNDA:0,(anonymous_4)
DA:1,0
DA:2,0
DA:3,0
DA:4,0
DA:5,0
DA:6,0
DA:8,0
DA:24,0
DA:39,0
DA:41,0
DA:43,0
DA:44,0
DA:47,0
DA:49,0
DA:52,0
DA:53,0
DA:56,0
DA:62,0
DA:63,0
DA:65,0
LF:20
LH:0
BRDA:80,0,0,0
BRDA:80,0,1,0
BRDA:82,1,0,0
BRDA:82,1,1,0
BRDA:99,2,0,0
BRDA:99,2,1,0
BRF:6
BRH:0
end_of_record
TN:
SF:C:\Holiday\NewSDProject\frontend\src\components\SlideCard.jsx
FN:6,Transition
FN:10,SlideCard
FN:14,(anonymous_5)
FN:18,(anonymous_6)
FNF:4
FNH:0
FNDA:0,Transition
FNDA:0,SlideCard
FNDA:0,(anonymous_5)
FNDA:0,(anonymous_6)
DA:1,0
DA:2,0
DA:3,0
DA:6,0
DA:7,0
DA:10,0
DA:12,0
DA:14,0
DA:15,0
DA:18,0
DA:19,0
DA:25,0
LF:12
LH:0
BRF:0
BRH:0
end_of_record
TN:
SF:C:\Holiday\NewSDProject\frontend\src\components\api.js
FN:1,(anonymous_0)
FN:38,(anonymous_1)
FN:49,(anonymous_2)
FN:53,(anonymous_3)
FNF:4
FNH:0
FNDA:0,(anonymous_0)
FNDA:0,(anonymous_1)
FNDA:0,(anonymous_2)
FNDA:0,(anonymous_3)
DA:1,0
DA:2,0
DA:38,0
DA:39,0
DA:49,0
DA:50,0
DA:53,0
DA:54,0
LF:8
LH:0
BRDA:38,0,0,0
BRF:1
BRH:0
end_of_record
TN:
SF:C:\Holiday\NewSDProject\frontend\src\components\cardView.js
FN:29,CardView
FN:36,(anonymous_1)
FN:37,(anonymous_2)
FN:39,(anonymous_3)
FN:44,(anonymous_4)
FN:58,(anonymous_5)
FN:67,(anonymous_6)
FN:79,(anonymous_7)
FN:85,(anonymous_8)
FN:93,(anonymous_9)
FN:99,(anonymous_10)
FN:108,(anonymous_11)
FN:120,(anonymous_12)
FN:121,(anonymous_13)
FNF:14
FNH:5
FNDA:1,CardView
FNDA:1,(anonymous_1)
FNDA:1,(anonymous_2)
FNDA:0,(anonymous_3)
FNDA:0,(anonymous_4)
FNDA:0,(anonymous_5)
FNDA:0,(anonymous_6)
FNDA:1,(anonymous_7)
FNDA:0,(anonymous_8)
FNDA:1,(anonymous_9)
FNDA:0,(anonymous_10)
FNDA:0,(anonymous_11)
FNDA:0,(anonymous_12)
FNDA:0,(anonymous_13)
DA:31,1
DA:32,1
DA:33,1
DA:34,1
DA:36,1
DA:37,1
DA:38,1
DA:39,0
DA:41,1
DA:44,1
DA:45,0
DA:46,0
DA:47,0
DA:51,1
DA:52,1
DA:53,1
DA:54,1
DA:55,1
DA:56,1
DA:58,1
DA:59,0
DA:60,0
DA:62,0
DA:65,0
DA:66,0
DA:67,0
DA:68,0
DA:73,0
DA:74,0
DA:79,1
DA:80,1
DA:81,0
DA:83,1
DA:84,1
DA:87,0
DA:93,1
DA:94,1
DA:95,0
DA:97,1
DA:98,1
DA:101,0
DA:108,1
DA:109,0
DA:113,0
DA:114,0
DA:115,0
DA:123,0
DA:127,1
LF:48
LH:26
BRDA:62,0,0,0
BRDA:62,0,1,0
BRDA:65,1,0,0
BRDA:65,1,1,0
BRDA:80,2,0,0
BRDA:80,2,1,1
BRDA:94,3,0,0
BRDA:94,3,1,1
BRDA:113,4,0,0
BRDA:113,4,1,0
BRF:10
BRH:2
end_of_record
TN:
SF:C:\Holiday\NewSDProject\frontend\src\components\firebase-config.jsx
FNF:0
FNH:0
DA:17,13
DA:28,13
DA:30,13
DA:31,13
LF:4
LH:4
BRF:0
BRH:0
end_of_record
TN:
SF:C:\Holiday\NewSDProject\frontend\src\components\home.js
FN:6,Home
FNF:1
FNH:1
FNDA:1,Home
DA:7,1
LF:1
LH:1
BRF:0
BRH:0
end_of_record
TN:
SF:C:\Holiday\NewSDProject\frontend\src\components\navigation.js
FN:21,Navigation
FN:51,(anonymous_1)
FN:63,(anonymous_2)
FN:80,(anonymous_3)
FN:87,(anonymous_4)
FNF:5
FNH:1
FNDA:3,Navigation
FNDA:0,(anonymous_1)
FNDA:0,(anonymous_2)
FNDA:0,(anonymous_3)
FNDA:0,(anonymous_4)
DA:22,3
DA:23,3
DA:24,3
DA:25,3
DA:26,3
DA:28,3
DA:54,0
DA:65,0
DA:81,0
DA:88,0
LF:10
LH:6
BRDA:31,0,0,0
BRDA:31,0,1,3
BRDA:44,1,0,0
BRDA:44,1,1,3
BRF:4
BRH:2
end_of_record
TN:
SF:C:\Holiday\NewSDProject\frontend\src\components\profile.js
FN:8,Profile
FN:12,(anonymous_1)
FN:15,(anonymous_2)
FN:22,(anonymous_3)
FN:23,(anonymous_4)
FN:37,(anonymous_5)
FN:60,(anonymous_6)
FNF:7
FNH:3
FNDA:6,Profile
FNDA:0,(anonymous_1)
FNDA:0,(anonymous_2)
FNDA:3,(anonymous_3)
FNDA:3,(anonymous_4)
FNDA:0,(anonymous_5)
FNDA:0,(anonymous_6)
DA:9,6
DA:10,6
DA:11,6
DA:12,6
DA:13,0
DA:15,6
DA:16,0
DA:19,6
DA:21,6
DA:22,6
DA:23,3
DA:24,3
DA:25,3
DA:28,3
DA:29,3
DA:37,6
DA:38,0
DA:44,6
DA:60,0
LF:19
LH:15
BRF:0
BRH:0
end_of_record
TN:
SF:C:\Holiday\NewSDProject\frontend\src\components\slideView.js
FN:3,SlideView
FN:7,(anonymous_1)
FN:11,(anonymous_2)
FNF:3
FNH:0
FNDA:0,SlideView
FNDA:0,(anonymous_1)
FNDA:0,(anonymous_2)
DA:1,0
DA:3,0
DA:4,0
DA:5,0
DA:7,0
DA:8,0
DA:12,0
LF:7
LH:0
BRDA:11,0,0,0
BRDA:11,0,1,0
BRF:2
BRH:0
end_of_record
TN:
SF:C:\Holiday\NewSDProject\frontend\src\components\AboutCourse\AboutCourseDialog.jsx
FN:7,(anonymous_0)
FN:11,(anonymous_1)
FNF:2
FNH:1
FNDA:1,(anonymous_0)
FNDA:0,(anonymous_1)
DA:7,2
DA:8,1
DA:9,1
DA:11,1
DA:12,0
DA:15,1
LF:6
LH:5
BRF:0
BRH:0
end_of_record
TN:
SF:C:\Holiday\NewSDProject\frontend\src\components\AboutCourse\DisplayOutcomes.jsx
FN:3,(anonymous_0)
FNF:1
FNH:0
FNDA:0,(anonymous_0)
DA:3,2
DA:4,0
DA:15,2
DA:24,2
LF:4
LH:3
BRF:0
BRH:0
end_of_record
TN:
SF:C:\Holiday\NewSDProject\frontend\src\components\AboutCourse\GetInfo.js
FN:3,(anonymous_0)
FN:15,(anonymous_1)
FN:28,(anonymous_2)
FN:45,(anonymous_3)
FNF:4
FNH:4
FNDA:5,(anonymous_0)
FNDA:5,(anonymous_1)
FNDA:4,(anonymous_2)
FNDA:4,(anonymous_3)
DA:4,5
DA:5,5
DA:6,14
DA:7,4
DA:8,4
DA:9,4
DA:10,4
DA:16,5
DA:17,1
DA:19,4
DA:24,4
DA:29,4
DA:30,4
DA:31,7
DA:32,7
DA:33,12
DA:34,12
DA:35,12
DA:36,12
DA:42,4
DA:46,4
DA:47,4
DA:48,7
DA:49,7
DA:50,17
DA:54,4
LF:26
LH:26
BRDA:6,0,0,4
BRDA:6,0,1,10
BRDA:16,1,0,1
BRDA:16,1,1,4
BRDA:35,2,0,12
BRDA:35,2,1,0
BRF:6
BRH:5
end_of_record
TN:
SF:C:\Holiday\NewSDProject\frontend\src\components\AboutCourse\ListOutcomes.jsx
FN:4,(anonymous_0)
FN:7,(anonymous_1)
FNF:2
FNH:0
FNDA:0,(anonymous_0)
FNDA:0,(anonymous_1)
DA:4,2
DA:5,0
DA:8,0
DA:16,2
LF:4
LH:2
BRF:0
BRH:0
end_of_record
TN:
SF:C:\Holiday\NewSDProject\frontend\src\components\CourseCentre\Actions.jsx
FN:5,(anonymous_0)
FN:7,(anonymous_1)
FNF:2
FNH:2
FNDA:4,(anonymous_0)
FNDA:4,(anonymous_1)
DA:5,1
DA:7,4
DA:8,4
DA:10,1
DA:11,1
DA:13,1
DA:14,1
DA:16,1
DA:18,2
DA:22,4
DA:27,1
LF:11
LH:11
BRDA:8,0,0,1
BRDA:8,0,1,1
BRDA:8,0,2,1
BRDA:8,0,3,2
BRF:4
BRH:4
end_of_record
TN:
SF:C:\Holiday\NewSDProject\frontend\src\components\CourseCentre\AddComment.jsx
FN:7,(anonymous_0)
FN:13,(anonymous_1)
FN:21,(anonymous_2)
FN:25,(anonymous_3)
FN:50,(anonymous_4)
FNF:5
FNH:3
FNDA:3,(anonymous_0)
FNDA:0,(anonymous_1)
FNDA:1,(anonymous_2)
FNDA:1,(anonymous_3)
FNDA:0,(anonymous_4)
DA:7,1
DA:9,3
DA:10,3
DA:11,3
DA:13,3
DA:14,0
DA:15,0
DA:17,0
DA:18,0
DA:21,3
DA:22,1
DA:25,3
DA:26,1
DA:27,0
DA:28,0
DA:29,0
DA:30,0
DA:31,0
DA:34,1
DA:37,3
DA:50,0
LF:21
LH:11
BRDA:26,0,0,0
BRDA:26,0,1,1
BRF:2
BRH:1
end_of_record
TN:
SF:C:\Holiday\NewSDProject\frontend\src\components\CourseCentre\CommentCard.jsx
FN:3,(anonymous_0)
FNF:1
FNH:1
FNDA:9,(anonymous_0)
DA:3,2
DA:5,9
DA:6,9
DA:7,9
DA:9,9
DA:27,2
DA:39,2
DA:47,2
DA:54,2
DA:67,2
DA:75,2
LF:11
LH:11
BRF:0
BRH:0
end_of_record
TN:
SF:C:\Holiday\NewSDProject\frontend\src\components\CourseCentre\FinHome.jsx
FN:12,(anonymous_3)
FN:21,(anonymous_4)
FN:22,(anonymous_5)
FNF:3
FNH:0
FNDA:0,(anonymous_3)
FNDA:0,(anonymous_4)
FNDA:0,(anonymous_5)
DA:1,0
DA:3,0
DA:4,0
DA:5,0
DA:6,0
DA:7,0
DA:8,0
DA:9,0
DA:10,0
DA:12,0
DA:13,0
DA:14,0
DA:15,0
DA:16,0
DA:17,0
DA:19,0
DA:21,0
DA:22,0
DA:23,0
DA:24,0
DA:25,0
DA:26,0
DA:27,0
DA:28,0
DA:29,0
DA:31,0
DA:32,0
DA:33,0
DA:34,0
DA:35,0
DA:36,0
DA:38,0
DA:42,0
DA:45,0
DA:46,0
DA:47,0
DA:48,0
DA:50,0
DA:79,0
DA:85,0
DA:94,0
LF:41
LH:0
BRDA:25,0,0,0
BRDA:25,0,1,0
BRDA:32,1,0,0
BRDA:32,1,1,0
BRF:4
BRH:0
end_of_record
TN:
SF:C:\Holiday\NewSDProject\frontend\src\components\CourseCentre\ShowComments.jsx
FN:4,(anonymous_0)
FN:10,(anonymous_1)
FNF:2
FNH:2
FNDA:2,(anonymous_0)
FNDA:1,(anonymous_1)
DA:4,1
DA:5,2
DA:6,1
DA:8,1
DA:11,1
LF:5
LH:5
BRDA:5,0,0,1
BRDA:5,0,1,1
BRF:2
BRH:2
end_of_record
TN:
SF:C:\Holiday\NewSDProject\frontend\src\components\CoursesUI\ActionDel.jsx
FN:4,(anonymous_0)
FNF:1
FNH:0
FNDA:0,(anonymous_0)
DA:1,0
DA:2,0
DA:4,0
DA:5,0
DA:10,0
LF:5
LH:0
BRF:0
BRH:0
end_of_record
TN:
SF:C:\Holiday\NewSDProject\frontend\src\components\CoursesUI\Actions.jsx
FN:7,(anonymous_0)
FN:10,(anonymous_1)
FNF:2
FNH:0
FNDA:0,(anonymous_0)
FNDA:0,(anonymous_1)
DA:1,0
DA:2,0
DA:3,0
DA:4,0
DA:7,0
DA:8,0
DA:10,0
DA:11,0
DA:13,0
DA:22,0
DA:23,0
DA:24,0
DA:28,0
DA:30,0
DA:36,0
DA:41,0
LF:16
LH:0
BRDA:12,0,0,0
BRDA:12,0,1,0
BRDA:12,0,2,0
BRDA:12,0,3,0
BRDA:12,0,4,0
BRF:5
BRH:0
end_of_record
TN:
SF:C:\Holiday\NewSDProject\frontend\src\components\CoursesUI\EnrolledCard.jsx
FN:14,(anonymous_3)
FN:20,(anonymous_4)
FN:28,(anonymous_5)
FN:37,(anonymous_6)
FN:43,(anonymous_7)
FNF:5
FNH:0
FNDA:0,(anonymous_3)
FNDA:0,(anonymous_4)
FNDA:0,(anonymous_5)
FNDA:0,(anonymous_6)
FNDA:0,(anonymous_7)
DA:1,0
DA:2,0
DA:3,0
DA:4,0
DA:6,0
DA:14,0
DA:15,0
DA:16,0
DA:17,0
DA:18,0
DA:20,0
DA:21,0
DA:22,0
DA:24,0
DA:27,0
DA:28,0
DA:29,0
DA:34,0
DA:37,0
DA:38,0
DA:39,0
DA:40,0
DA:42,0
DA:45,0
DA:52,0
DA:66,0
DA:78,0
DA:85,0
DA:90,0
LF:29
LH:0
BRDA:39,0,0,0
BRDA:39,0,1,0
BRF:2
BRH:0
end_of_record
TN:
SF:C:\Holiday\NewSDProject\frontend\src\components\CoursesUI\MyCourseCard.jsx
FN:24,(anonymous_3)
FN:30,(anonymous_4)
FN:31,(anonymous_5)
FN:33,(anonymous_6)
FN:49,(anonymous_7)
FN:57,(anonymous_8)
FN:66,(anonymous_9)
FN:72,(anonymous_10)
FNF:8
FNH:0
FNDA:0,(anonymous_3)
FNDA:0,(anonymous_4)
FNDA:0,(anonymous_5)
FNDA:0,(anonymous_6)
FNDA:0,(anonymous_7)
FNDA:0,(anonymous_8)
FNDA:0,(anonymous_9)
FNDA:0,(anonymous_10)
DA:1,0
DA:2,0
DA:3,0
DA:4,0
DA:5,0
DA:14,0
DA:20,0
DA:21,0
DA:24,0
DA:25,0
DA:26,0
DA:27,0
DA:28,0
DA:30,0
DA:31,0
DA:32,0
DA:33,0
DA:35,0
DA:38,0
DA:39,0
DA:40,0
DA:41,0
DA:43,0
DA:45,0
DA:47,0
DA:49,0
DA:50,0
DA:51,0
DA:53,0
DA:54,0
DA:56,0
DA:57,0
DA:58,0
DA:63,0
DA:66,0
DA:67,0
DA:68,0
DA:69,0
DA:71,0
DA:74,0
DA:80,0
DA:112,0
DA:125,0
DA:131,0
DA:136,0
LF:45
LH:0
BRDA:68,0,0,0
BRDA:68,0,1,0
BRF:2
BRH:0
end_of_record
TN:
SF:C:\Holiday\NewSDProject\frontend\src\components\CoursesUI\MyCoursesList.jsx
FN:6,(anonymous_3)
FN:10,(anonymous_4)
FN:16,(anonymous_5)
FN:20,(anonymous_6)
FN:29,(anonymous_7)
FNF:5
FNH:0
FNDA:0,(anonymous_3)
FNDA:0,(anonymous_4)
FNDA:0,(anonymous_5)
FNDA:0,(anonymous_6)
FNDA:0,(anonymous_7)
DA:1,0
DA:2,0
DA:4,0
DA:6,0
DA:8,0
DA:10,0
DA:12,0
DA:15,0
DA:17,0
DA:18,0
DA:21,0
DA:27,0
DA:30,0
LF:13
LH:0
BRF:0
BRH:0
end_of_record
TN:
SF:C:\Holiday\NewSDProject\frontend\src\components\Feedback\FeedbackDialog.jsx
FN:10,(anonymous_0)
FN:15,(anonymous_1)
FNF:2
FNH:1
FNDA:2,(anonymous_0)
FNDA:0,(anonymous_1)
DA:10,2
DA:11,2
DA:12,1
DA:13,1
DA:15,1
DA:16,0
DA:17,0
DA:18,0
DA:21,1
LF:9
LH:6
BRF:0
BRH:0
end_of_record
TN:
SF:C:\Holiday\NewSDProject\frontend\src\components\Feedback\RatingPanel.jsx
FN:33,IconContainer
FN:44,(anonymous_1)
FN:46,(anonymous_2)
FNF:3
FNH:2
FNDA:10,IconContainer
FNDA:1,(anonymous_1)
FNDA:0,(anonymous_2)
DA:10,2
DA:34,10
DA:36,10
DA:39,2
DA:44,2
DA:46,1
DA:47,0
DA:49,1
DA:63,2
LF:9
LH:8
BRF:0
BRH:0
end_of_record
TN:
SF:C:\Holiday\NewSDProject\frontend\src\components\Feedback\UploadImagePanel.jsx
FN:4,(anonymous_0)
FNF:1
FNH:1
FNDA:1,(anonymous_0)
DA:4,2
DA:5,1
LF:2
LH:2
BRF:0
BRH:0
end_of_record
TN:
SF:C:\Holiday\NewSDProject\frontend\src\components\FirebaseAPIs\FirestoreInit.js
FN:17,(anonymous_0)
FN:23,(anonymous_1)
FN:32,(anonymous_2)
FNF:3
FNH:0
FNDA:0,(anonymous_0)
FNDA:0,(anonymous_1)
FNDA:0,(anonymous_2)
DA:1,0
DA:2,0
DA:17,0
DA:18,0
DA:19,0
DA:24,0
DA:27,0
DA:28,0
DA:33,0
DA:36,0
DA:37,0
LF:11
LH:0
BRF:0
BRH:0
end_of_record
TN:
SF:C:\Holiday\NewSDProject\frontend\src\components\FirebaseAPIs\Helpers.js
FN:5,(anonymous_0)
FN:8,(anonymous_1)
FN:17,(anonymous_2)
FN:31,(anonymous_3)
FN:49,(anonymous_4)
FN:56,(anonymous_5)
FNF:6
FNH:0
FNDA:0,(anonymous_0)
FNDA:0,(anonymous_1)
FNDA:0,(anonymous_2)
FNDA:0,(anonymous_3)
FNDA:0,(anonymous_4)
FNDA:0,(anonymous_5)
DA:9,0
DA:10,0
DA:11,0
DA:18,0
DA:19,0
DA:20,0
DA:21,0
DA:32,0
DA:34,0
DA:35,0
DA:36,0
DA:37,0
DA:38,0
DA:42,0
DA:43,0
DA:45,0
DA:50,0
DA:51,0
DA:52,0
DA:57,0
DA:60,0
DA:61,0
LF:22
LH:0
BRDA:36,0,0,0
BRDA:36,0,1,0
BRDA:42,1,0,0
BRDA:42,1,1,0
BRF:4
BRH:0
end_of_record
TN:
SF:C:\Holiday\NewSDProject\frontend\src\components\LearningHub\Chapter.jsx
FN:4,(anonymous_0)
FN:14,(anonymous_1)
FNF:2
FNH:0
FNDA:0,(anonymous_0)
FNDA:0,(anonymous_1)
DA:1,0
DA:2,0
DA:4,0
DA:8,0
DA:9,0
DA:11,0
DA:14,0
DA:15,0
DA:16,0
DA:20,0
DA:33,0
DA:41,0
DA:49,0
DA:54,0
DA:60,0
LF:15
LH:0
BRDA:8,0,0,0
BRDA:8,0,1,0
BRF:2
BRH:0
end_of_record
TN:
SF:C:\Holiday\NewSDProject\frontend\src\components\LearningHub\Hub.jsx
FN:11,(anonymous_3)
FN:26,(anonymous_4)
FN:27,(anonymous_5)
FN:30,(anonymous_6)
FN:37,(anonymous_7)
FN:67,(anonymous_8)
FNF:6
FNH:0
FNDA:0,(anonymous_3)
FNDA:0,(anonymous_4)
FNDA:0,(anonymous_5)
FNDA:0,(anonymous_6)
FNDA:0,(anonymous_7)
FNDA:0,(anonymous_8)
DA:1,0
DA:2,0
DA:3,0
DA:4,0
DA:5,0
DA:7,0
DA:8,0
DA:11,0
DA:12,0
DA:13,0
DA:14,0
DA:15,0
DA:16,0
DA:18,0
DA:19,0
DA:21,0
DA:26,0
DA:27,0
DA:28,0
DA:29,0
DA:30,0
DA:31,0
DA:32,0
DA:37,0
DA:38,0
DA:39,0
DA:41,0
DA:42,0
DA:46,0
DA:47,0
DA:50,0
DA:51,0
DA:54,0
DA:56,0
DA:59,0
DA:68,0
DA:82,0
DA:87,0
DA:96,0
LF:39
LH:0
BRDA:41,0,0,0
BRDA:41,0,1,0
BRDA:54,1,0,0
BRDA:54,1,1,0
BRF:4
BRH:0
end_of_record
TN:
SF:C:\Holiday\NewSDProject\frontend\src\components\LearningHub\Navigation.jsx
FN:8,(anonymous_3)
FN:12,(anonymous_4)
FNF:2
FNH:0
FNDA:0,(anonymous_3)
FNDA:0,(anonymous_4)
DA:1,0
DA:3,0
DA:5,0
DA:8,0
DA:9,0
DA:13,0
DA:24,0
LF:7
LH:0
BRF:0
BRH:0
end_of_record
TN:
SF:C:\Holiday\NewSDProject\frontend\src\components\LearningHub\Notes.jsx
FN:5,(anonymous_3)
FNF:1
FNH:0
FNDA:0,(anonymous_3)
DA:1,0
DA:2,0
DA:5,0
DA:8,0
LF:4
LH:0
BRF:0
BRH:0
end_of_record
TN:
SF:C:\Holiday\NewSDProject\frontend\src\components\LearningHub\Slide.jsx
FN:5,(anonymous_0)
FN:26,(anonymous_1)
FNF:2
FNH:0
FNDA:0,(anonymous_0)
FNDA:0,(anonymous_1)
DA:1,0
DA:2,0
DA:5,0
DA:9,0
DA:24,0
DA:27,0
DA:36,0
LF:7
LH:0
BRF:0
BRH:0
end_of_record
TN:
SF:C:\Holiday\NewSDProject\frontend\src\components\LearningHub\Slideshow.jsx
FN:4,(anonymous_0)
FN:6,(anonymous_1)
FNF:2
FNH:0
FNDA:0,(anonymous_0)
FNDA:0,(anonymous_1)
DA:1,0
DA:2,0
DA:4,0
DA:6,0
DA:7,0
DA:10,0
LF:6
LH:0
BRF:0
BRH:0
end_of_record
TN:
SF:C:\Holiday\NewSDProject\frontend\src\components\LearningHub\Stack.jsx
FN:7,(anonymous_3)
FNF:1
FNH:0
FNDA:0,(anonymous_3)
DA:1,0
DA:2,0
DA:4,0
DA:5,0
DA:7,0
DA:9,0
DA:10,0
DA:12,0
LF:8
LH:0
BRDA:9,0,0,0
BRDA:9,0,1,0
BRF:2
BRH:0
end_of_record
TN:
SF:C:\Holiday\NewSDProject\frontend\src\components\LearningHub\ViewHub.jsx
FN:10,(anonymous_3)
FN:16,(anonymous_4)
FN:30,(anonymous_5)
FNF:3
FNH:0
FNDA:0,(anonymous_3)
FNDA:0,(anonymous_4)
FNDA:0,(anonymous_5)
DA:1,0
DA:2,0
DA:3,0
DA:5,0
DA:6,0
DA:7,0
DA:8,0
DA:10,0
DA:13,0
DA:14,0
DA:16,0
DA:17,0
DA:18,0
DA:20,0
DA:25,0
DA:30,0
DA:49,0
DA:54,0
DA:62,0
DA:71,0
DA:82,0
LF:21
LH:0
BRDA:17,0,0,0
BRDA:17,0,1,0
BRF:2
BRH:0
end_of_record
TN:
SF:C:\Holiday\NewSDProject\frontend\src\components\LearningHub\Views.jsx
FN:6,(anonymous_0)
FNF:1
FNH:0
FNDA:0,(anonymous_0)
DA:1,0
DA:2,0
DA:3,0
DA:4,0
DA:6,0
DA:8,0
DA:9,0
DA:10,0
DA:11,0
DA:12,0
DA:13,0
DA:16,0
LF:12
LH:0
BRDA:8,0,0,0
BRDA:8,0,1,0
BRDA:10,1,0,0
BRDA:10,1,1,0
BRDA:12,2,0,0
BRDA:12,2,1,0
BRF:6
BRH:0
end_of_record
TN:
SF:C:\Holiday\NewSDProject\frontend\src\components\LearningHub\Views\Image.jsx
FN:3,(anonymous_0)
FNF:1
FNH:0
FNDA:0,(anonymous_0)
DA:1,0
DA:3,0
DA:4,0
LF:3
LH:0
BRF:0
BRH:0
end_of_record
TN:
SF:C:\Holiday\NewSDProject\frontend\src\components\LearningHub\Views\Text.jsx
FN:3,(anonymous_0)
FNF:1
FNH:0
FNDA:0,(anonymous_0)
DA:1,0
DA:3,0
DA:4,0
LF:3
LH:0
BRF:0
BRH:0
end_of_record
TN:
SF:C:\Holiday\NewSDProject\frontend\src\components\LearningHub\Views\Video.jsx
FN:4,(anonymous_0)
FNF:1
FNH:0
FNDA:0,(anonymous_0)
DA:1,0
DA:2,0
DA:4,0
DA:5,0
LF:4
LH:0
BRF:0
BRH:0
end_of_record
TN:
SF:C:\Holiday\NewSDProject\frontend\src\components\SSO\PageLayout.jsx
FN:17,(anonymous_0)
FNF:1
FNH:0
FNDA:0,(anonymous_0)
DA:6,0
DA:7,0
DA:9,0
DA:10,0
DA:11,0
DA:17,0
DA:18,0
DA:20,0
LF:8
LH:0
BRDA:24,0,0,0
BRDA:24,0,1,0
BRF:2
BRH:0
end_of_record
TN:
SF:C:\Holiday\NewSDProject\frontend\src\components\SSO\ProfileData.jsx
FN:7,(anonymous_0)
FNF:1
FNH:0
FNDA:0,(anonymous_0)
DA:1,0
DA:7,0
DA:8,0
DA:10,0
LF:4
LH:0
BRF:0
BRH:0
end_of_record
TN:
SF:C:\Holiday\NewSDProject\frontend\src\components\SSO\SignInButton.jsx
FN:9,(anonymous_0)
FN:12,(anonymous_1)
FN:13,(anonymous_2)
FNF:3
FNH:1
FNDA:3,(anonymous_0)
FNDA:0,(anonymous_1)
FNDA:0,(anonymous_2)
DA:9,1
DA:10,3
DA:12,3
DA:13,0
DA:14,0
DA:18,3
LF:6
LH:4
BRF:0
BRH:0
end_of_record
TN:
SF:C:\Holiday\NewSDProject\frontend\src\components\SSO\SignOutButton.jsx
FN:10,(anonymous_0)
FN:13,(anonymous_1)
FN:27,(anonymous_2)
FNF:3
FNH:0
FNDA:0,(anonymous_0)
FNDA:0,(anonymous_1)
FNDA:0,(anonymous_2)
DA:1,0
DA:2,0
DA:3,0
DA:4,0
DA:5,0
DA:10,0
DA:11,0
DA:13,0
DA:14,0
DA:15,0
DA:19,0
DA:20,0
DA:26,0
DA:27,0
LF:14
LH:0
BRDA:14,0,0,0
BRDA:14,0,1,0
BRDA:19,1,0,0
BRDA:19,1,1,0
BRF:4
BRH:0
end_of_record
TN:
SF:C:\Holiday\NewSDProject\frontend\src\components\myProfile\Display.jsx
FN:5,(anonymous_0)
FNF:1
FNH:1
FNDA:2,(anonymous_0)
DA:5,1
DA:6,2
DA:7,1
DA:19,1
DA:20,1
DA:35,1
LF:6
LH:6
BRDA:6,0,0,1
BRDA:6,0,1,1
BRDA:19,1,0,1
BRDA:19,1,1,0
BRF:4
BRH:3
end_of_record
TN:
SF:C:\Holiday\NewSDProject\frontend\src\components\myProfile\ExposeView.jsx
FN:12,(anonymous_0)
FN:23,(anonymous_1)
FN:28,(anonymous_2)
FN:49,(anonymous_3)
FN:63,(anonymous_4)
FNF:5
FNH:1
FNDA:5,(anonymous_0)
FNDA:0,(anonymous_1)
FNDA:0,(anonymous_2)
FNDA:0,(anonymous_3)
FNDA:0,(anonymous_4)
DA:12,2
DA:15,5
DA:16,5
DA:17,5
DA:20,5
DA:21,5
DA:23,5
DA:24,0
DA:25,0
DA:28,5
DA:29,0
DA:31,0
DA:34,5
DA:50,0
DA:64,0
DA:76,2
DA:80,2
DA:88,2
DA:93,2
DA:105,2
DA:117,2
LF:21
LH:15
BRF:0
BRH:0
end_of_record
TN:
SF:C:\Holiday\NewSDProject\frontend\src\components\myProfile\Menu.jsx
FN:6,(anonymous_0)
FNF:1
FNH:1
FNDA:6,(anonymous_0)
DA:6,1
DA:7,6
DA:32,1
DA:40,1
DA:44,1
DA:49,1
DA:61,1
LF:7
LH:7
BRF:0
BRH:0
end_of_record
TN:
SF:C:\Holiday\NewSDProject\frontend\src\components\myProfile\MyPortfolio.jsx
FN:9,(anonymous_3)
FN:20,(anonymous_4)
FN:34,(anonymous_5)
FN:35,(anonymous_6)
FN:37,(anonymous_7)
FN:43,(anonymous_8)
FN:44,(anonymous_9)
FN:46,(anonymous_10)
FNF:8
FNH:0
FNDA:0,(anonymous_3)
FNDA:0,(anonymous_4)
FNDA:0,(anonymous_5)
FNDA:0,(anonymous_6)
FNDA:0,(anonymous_7)
FNDA:0,(anonymous_8)
FNDA:0,(anonymous_9)
FNDA:0,(anonymous_10)
DA:1,0
DA:2,0
DA:3,0
DA:4,0
DA:5,0
DA:6,0
DA:9,0
DA:10,0
DA:11,0
DA:13,0
DA:15,0
DA:16,0
DA:17,0
DA:18,0
DA:20,0
DA:21,0
DA:22,0
DA:23,0
DA:24,0
DA:28,0
DA:29,0
DA:30,0
DA:31,0
DA:32,0
DA:34,0
DA:35,0
DA:36,0
DA:37,0
DA:39,0
DA:40,0
DA:43,0
DA:44,0
DA:45,0
DA:46,0
DA:48,0
DA:56,0
DA:81,0
DA:90,0
DA:99,0
LF:39
LH:0
BRF:0
BRH:0
end_of_record
TN:
SF:C:\Holiday\NewSDProject\frontend\src\components\myProfile\PersonalityTest.jsx
FN:10,(anonymous_0)
FN:14,(anonymous_1)
FN:15,(anonymous_2)
FNF:3
FNH:3
FNDA:3,(anonymous_0)
FNDA:3,(anonymous_1)
FNDA:3,(anonymous_2)
DA:10,2
DA:11,3
DA:12,3
DA:14,3
DA:15,3
DA:16,3
DA:17,3
DA:18,0
DA:20,3
DA:23,3
DA:35,2
DA:46,2
DA:56,2
DA:61,2
LF:14
LH:13
BRF:0
BRH:0
end_of_record
TN:
SF:C:\Holiday\NewSDProject\frontend\src\components\myProfile\ExtPerTest\AddMenu.jsx
FN:5,(anonymous_0)
FN:6,(anonymous_1)
FNF:2
FNH:2
FNDA:41,(anonymous_0)
FNDA:4,(anonymous_1)
DA:5,5
DA:6,41
DA:7,4
DA:8,1
DA:9,3
DA:10,1
DA:11,2
DA:12,1
DA:13,1
DA:14,1
DA:18,41
DA:31,5
LF:12
LH:12
BRDA:7,0,0,1
BRDA:7,0,1,3
BRDA:9,1,0,1
BRDA:9,1,1,2
BRDA:11,2,0,1
BRDA:11,2,1,1
BRDA:13,3,0,1
BRDA:13,3,1,0
BRF:8
BRH:7
end_of_record
TN:
SF:C:\Holiday\NewSDProject\frontend\src\components\myProfile\ExtPerTest\Books.jsx
FN:9,(anonymous_0)
FN:16,(anonymous_1)
FN:21,(anonymous_2)
FN:42,(anonymous_3)
FN:48,(anonymous_4)
FNF:5
FNH:1
FNDA:9,(anonymous_0)
FNDA:0,(anonymous_1)
FNDA:0,(anonymous_2)
FNDA:0,(anonymous_3)
FNDA:0,(anonymous_4)
DA:9,3
DA:11,9
DA:12,9
DA:13,9
DA:16,9
DA:17,0
DA:18,0
DA:21,9
DA:22,0
DA:24,0
DA:25,0
DA:26,0
DA:27,0
DA:32,9
DA:33,0
DA:42,0
DA:48,0
DA:55,9
DA:66,3
DA:72,3
DA:80,3
LF:21
LH:11
BRDA:24,0,0,0
BRDA:24,0,1,0
BRDA:24,1,0,0
BRDA:24,1,1,0
BRDA:32,2,0,0
BRDA:32,2,1,9
BRF:6
BRH:1
end_of_record
TN:
SF:C:\Holiday\NewSDProject\frontend\src\components\myProfile\ExtPerTest\DisplayBooks.jsx
FN:5,(anonymous_0)
FNF:1
FNH:1
FNDA:2,(anonymous_0)
DA:5,5
DA:6,2
DA:19,5
DA:31,5
LF:4
LH:4
BRF:0
BRH:0
end_of_record
TN:
SF:C:\Holiday\NewSDProject\frontend\src\components\myProfile\ExtPerTest\Education.jsx
FN:9,(anonymous_0)
FN:18,(anonymous_1)
FN:24,(anonymous_2)
FN:46,(anonymous_3)
FN:52,(anonymous_4)
FN:58,(anonymous_5)
FN:64,(anonymous_6)
FNF:7
FNH:1
FNDA:11,(anonymous_0)
FNDA:0,(anonymous_1)
FNDA:0,(anonymous_2)
FNDA:0,(anonymous_3)
FNDA:0,(anonymous_4)
FNDA:0,(anonymous_5)
FNDA:0,(anonymous_6)
DA:9,4
DA:11,11
DA:12,11
DA:13,11
DA:14,11
DA:15,11
DA:18,11
DA:19,0
DA:20,0
DA:24,11
DA:25,0
DA:27,0
DA:28,0
DA:29,0
DA:30,0
DA:31,0
DA:32,0
DA:37,11
DA:38,2
DA:46,0
DA:52,0
DA:58,0
DA:64,0
DA:72,9
DA:82,4
DA:88,4
DA:96,4
LF:27
LH:14
BRDA:27,0,0,0
BRDA:27,0,1,0
BRDA:27,1,0,0
BRDA:27,1,1,0
BRDA:27,1,2,0
BRDA:37,2,0,2
BRDA:37,2,1,9
BRF:7
BRH:2
end_of_record
TN:
SF:C:\Holiday\NewSDProject\frontend\src\components\myProfile\ExtPerTest\EducationView.jsx
FN:4,(anonymous_0)
FNF:1
FNH:1
FNDA:1,(anonymous_0)
DA:4,5
DA:5,1
DA:19,5
DA:31,5
LF:4
LH:4
BRF:0
BRH:0
end_of_record
TN:
SF:C:\Holiday\NewSDProject\frontend\src\components\myProfile\ExtPerTest\Event.jsx
FN:6,(anonymous_0)
FN:8,(anonymous_1)
FN:13,(anonymous_2)
FN:18,(anonymous_3)
FNF:4
FNH:4
FNDA:13,(anonymous_0)
FNDA:1,(anonymous_1)
FNDA:2,(anonymous_2)
FNDA:6,(anonymous_3)
DA:6,3
DA:8,13
DA:9,1
DA:10,1
DA:13,13
DA:14,2
DA:18,13
DA:19,6
DA:20,1
DA:21,5
DA:22,1
DA:23,4
DA:24,1
DA:25,3
DA:26,1
DA:27,1
DA:28,1
DA:30,0
DA:31,0
DA:34,2
DA:35,2
DA:36,2
DA:37,2
DA:38,2
DA:39,2
DA:40,1
DA:42,1
DA:43,1
DA:44,1
DA:45,1
DA:50,13
DA:59,3
LF:32
LH:30
BRDA:19,0,0,1
BRDA:19,0,1,5
BRDA:21,1,0,1
BRDA:21,1,1,4
BRDA:23,2,0,1
BRDA:23,2,1,3
BRDA:25,3,0,1
BRDA:25,3,1,2
BRDA:27,4,0,1
BRDA:27,4,1,0
BRDA:34,5,0,2
BRDA:34,5,1,0
BRDA:34,6,0,2
BRDA:34,6,1,1
BRDA:34,6,2,1
BRDA:39,7,0,1
BRDA:39,7,1,1
BRF:17
BRH:15
end_of_record
TN:
SF:C:\Holiday\NewSDProject\frontend\src\components\myProfile\ExtPerTest\PTestForm.jsx
FN:11,(anonymous_0)
FN:24,(anonymous_1)
FN:25,(anonymous_2)
FNF:3
FNH:3
FNDA:9,(anonymous_0)
FNDA:9,(anonymous_1)
FNDA:9,(anonymous_2)
DA:11,3
DA:13,9
DA:14,9
DA:15,9
DA:16,9
DA:18,9
DA:19,9
DA:20,9
DA:21,9
DA:24,9
DA:25,9
DA:26,9
DA:27,9
DA:28,0
DA:30,0
DA:31,0
DA:32,0
DA:33,0
DA:34,0
DA:36,0
DA:39,0
DA:40,0
DA:41,0
DA:42,0
DA:43,0
DA:45,0
DA:48,0
DA:49,0
DA:50,0
DA:51,0
DA:52,0
DA:54,0
DA:57,0
DA:58,0
DA:59,0
DA:60,0
DA:61,0
DA:63,0
DA:67,9
DA:71,9
DA:100,3
DA:111,3
LF:42
LH:17
BRDA:30,0,0,0
BRDA:30,0,1,0
BRDA:39,1,0,0
BRDA:39,1,1,0
BRDA:48,2,0,0
BRDA:48,2,1,0
BRDA:57,3,0,0
BRDA:57,3,1,0
BRF:8
BRH:0
end_of_record
TN:
SF:C:\Holiday\NewSDProject\frontend\src\components\myProfile\ExtPerTest\Quiz.jsx
FN:8,(anonymous_0)
FN:18,(anonymous_1)
FN:19,(anonymous_2)
FNF:3
FNH:3
FNDA:3,(anonymous_0)
FNDA:3,(anonymous_1)
FNDA:3,(anonymous_2)
DA:8,2
DA:9,3
DA:10,3
DA:11,3
DA:12,3
DA:13,3
DA:14,3
DA:15,3
DA:16,3
DA:18,3
DA:19,3
DA:20,3
DA:21,3
DA:22,0
DA:24,0
DA:25,0
DA:26,0
DA:27,0
DA:28,0
DA:30,0
DA:34,3
DA:38,3
DA:39,3
DA:53,0
DA:54,0
DA:95,0
DA:96,0
DA:119,2
DA:131,2
DA:139,2
DA:154,2
LF:31
LH:20
BRDA:24,0,0,0
BRDA:24,0,1,0
BRDA:38,1,0,3
BRDA:38,1,1,0
BRDA:53,2,0,0
BRDA:53,2,1,0
BRDA:95,3,0,0
BRDA:95,3,1,0
BRF:8
BRH:1
end_of_record
TN:
SF:C:\Holiday\NewSDProject\frontend\src\components\myProfile\ExtPerTest\Skills.jsx
FN:9,(anonymous_0)
FN:15,(anonymous_1)
FN:22,(anonymous_2)
FN:42,(anonymous_3)
FNF:4
FNH:1
FNDA:11,(anonymous_0)
FNDA:0,(anonymous_1)
FNDA:0,(anonymous_2)
FNDA:0,(anonymous_3)
DA:9,4
DA:10,11
DA:12,11
DA:13,11
DA:15,11
DA:17,0
DA:18,0
DA:22,11
DA:23,0
DA:25,0
DA:26,0
DA:27,0
DA:32,11
DA:33,2
DA:42,0
DA:49,9
DA:61,4
DA:67,4
DA:73,4
LF:19
LH:12
BRDA:25,0,0,0
BRDA:25,0,1,0
BRDA:32,1,0,2
BRDA:32,1,1,9
BRF:4
BRH:2
end_of_record
TN:
SF:C:\Holiday\NewSDProject\frontend\src\components\myProfile\ExtPerTest\ViewSkills.jsx
FN:4,(anonymous_0)
FNF:1
FNH:1
FNDA:1,(anonymous_0)
DA:4,5
DA:5,1
DA:17,5
DA:29,5
LF:4
LH:4
BRF:0
BRH:0
end_of_record
TN:
SF:C:\Holiday\NewSDProject\frontend\src\components\myProfile\ExtPerTest\Views.jsx
FN:7,(anonymous_0)
FN:14,(anonymous_1)
FN:29,(anonymous_2)
FN:44,(anonymous_3)
FN:58,(anonymous_4)
FNF:5
FNH:5
FNDA:41,(anonymous_0)
FNDA:1,(anonymous_1)
FNDA:2,(anonymous_2)
FNDA:1,(anonymous_3)
FNDA:1,(anonymous_4)
DA:7,5
DA:8,41
DA:9,10
DA:10,0
DA:12,10
DA:15,1
DA:22,31
DA:23,11
DA:24,0
DA:27,11
DA:30,2
DA:38,20
DA:39,10
DA:40,0
DA:42,10
DA:45,1
DA:52,10
DA:53,10
DA:54,0
DA:56,10
DA:59,1
LF:21
LH:17
BRDA:8,0,0,10
BRDA:8,0,1,31
BRDA:9,1,0,0
BRDA:9,1,1,10
BRDA:22,2,0,11
BRDA:22,2,1,20
BRDA:23,3,0,0
BRDA:23,3,1,11
BRDA:38,4,0,10
BRDA:38,4,1,10
BRDA:39,5,0,0
BRDA:39,5,1,10
BRDA:52,6,0,10
BRDA:52,6,1,0
BRDA:53,7,0,0
BRDA:53,7,1,10
BRF:16
BRH:11
end_of_record
TN:
SF:C:\Holiday\NewSDProject\frontend\src\components\myProfile\ExtPerTest\Work.jsx
FN:9,(anonymous_0)
FN:16,(anonymous_1)
FN:22,(anonymous_2)
FN:43,(anonymous_3)
FN:49,(anonymous_4)
FN:55,(anonymous_5)
FN:61,(anonymous_6)
FNF:7
FNH:1
FNDA:11,(anonymous_0)
FNDA:0,(anonymous_1)
FNDA:0,(anonymous_2)
FNDA:0,(anonymous_3)
FNDA:0,(anonymous_4)
FNDA:0,(anonymous_5)
FNDA:0,(anonymous_6)
DA:9,4
DA:10,11
DA:11,11
DA:12,11
DA:13,11
DA:14,11
DA:16,11
DA:17,0
DA:18,0
DA:22,11
DA:23,0
DA:25,0
DA:26,0
DA:27,0
DA:28,0
DA:29,0
DA:30,0
DA:34,11
DA:35,2
DA:43,0
DA:49,0
DA:55,0
DA:61,0
DA:70,9
DA:80,4
DA:86,4
DA:94,4
LF:27
LH:14
BRDA:25,0,0,0
BRDA:25,0,1,0
BRDA:25,1,0,0
BRDA:25,1,1,0
BRDA:25,1,2,0
BRDA:34,2,0,2
BRDA:34,2,1,9
BRF:7
BRH:2
end_of_record
TN:
SF:C:\Holiday\NewSDProject\frontend\src\components\myProfile\ExtPerTest\WorkView.jsx
FN:4,(anonymous_0)
FNF:1
FNH:1
FNDA:1,(anonymous_0)
DA:4,5
DA:5,1
DA:19,5
DA:31,5
LF:4
LH:4
BRF:0
BRH:0
end_of_record
TN:
SF:C:\Holiday\NewSDProject\frontend\src\components\myProfile\utils\Action.jsx
FN:4,(anonymous_0)
FN:6,(anonymous_1)
FNF:2
FNH:1
FNDA:24,(anonymous_0)
FNDA:0,(anonymous_1)
DA:4,1
DA:6,24
DA:7,0
DA:9,0
DA:10,0
DA:12,0
DA:13,0
DA:20,24
DA:32,1
LF:9
LH:4
BRDA:7,0,0,0
BRDA:7,0,1,0
BRDA:7,0,2,0
BRDA:7,0,3,0
BRF:4
BRH:0
end_of_record
TN:
SF:C:\Holiday\NewSDProject\frontend\src\components\myProfile\utils\CommentHelper.jsx
FN:4,(anonymous_0)
FNF:1
FNH:0
FNDA:0,(anonymous_0)
DA:4,2
DA:5,0
DA:23,2
DA:40,2
DA:48,2
LF:5
LH:4
BRF:0
BRH:0
end_of_record
TN:
SF:C:\Holiday\NewSDProject\frontend\src\components\myProfile\utils\CourseHelper.jsx
FN:5,(anonymous_0)
FN:9,(anonymous_1)
FNF:2
FNH:0
FNDA:0,(anonymous_0)
FNDA:0,(anonymous_1)
DA:5,2
DA:6,0
DA:7,0
DA:9,0
DA:10,0
DA:13,0
DA:15,0
DA:28,2
DA:42,2
DA:51,2
LF:10
LH:4
BRF:0
BRH:0
end_of_record
TN:
SF:C:\Holiday\NewSDProject\frontend\src\components\myProfile\utils\FilterComments.js
FN:4,(anonymous_0)
FN:17,(anonymous_1)
FN:33,(anonymous_2)
FNF:3
FNH:3
FNDA:11,(anonymous_0)
FNDA:11,(anonymous_1)
FNDA:11,(anonymous_2)
DA:5,11
DA:6,18
DA:7,4
DA:8,4
DA:9,4
DA:13,11
DA:14,11
DA:18,11
DA:19,6
DA:20,6
DA:21,6
DA:22,6
DA:24,6
DA:29,6
DA:34,11
LF:15
LH:15
BRDA:6,0,0,4
BRDA:6,0,1,14
BRF:2
BRH:2
end_of_record
TN:
SF:C:\Holiday\NewSDProject\frontend\src\components\myProfile\utils\FilterCourses.js
FN:4,(anonymous_0)
FN:8,(anonymous_1)
FN:22,(anonymous_2)
FN:36,(anonymous_3)
FNF:4
FNH:4
FNDA:6,(anonymous_0)
FNDA:11,(anonymous_1)
FNDA:11,(anonymous_2)
FNDA:11,(anonymous_3)
DA:9,11
DA:10,11
DA:11,20
DA:12,5
DA:13,5
DA:14,5
DA:18,11
DA:19,11
DA:23,11
DA:24,10
DA:25,10
DA:27,10
DA:32,10
DA:37,11
LF:14
LH:14
BRDA:11,0,0,5
BRDA:11,0,1,15
BRF:2
BRH:2
end_of_record
TN:
SF:C:\Holiday\NewSDProject\frontend\src\components\myProfile\utils\NameTag.js
FN:2,NameTag
FNF:1
FNH:1
FNDA:4,NameTag
DA:3,4
DA:4,4
DA:5,4
DA:6,2
DA:7,4
DA:9,2
DA:11,2
DA:12,2
LF:8
LH:8
BRDA:5,0,0,2
BRDA:5,0,1,2
BRF:2
BRH:2
end_of_record
TN:
SF:C:\Holiday\NewSDProject\frontend\src\components\studio\AppBar.jsx
FN:11,MenuAppBar
FN:28,(anonymous_1)
FN:32,(anonymous_2)
FNF:3
FNH:2
FNDA:24,MenuAppBar
FNDA:72,(anonymous_1)
FNDA:0,(anonymous_2)
DA:12,24
DA:29,72
DA:33,0
DA:35,0
DA:36,0
DA:38,0
DA:39,0
DA:41,0
LF:8
LH:2
BRDA:35,0,0,0
BRDA:35,0,1,0
BRDA:38,1,0,0
BRDA:38,1,1,0
BRF:4
BRH:0
end_of_record
TN:
SF:C:\Holiday\NewSDProject\frontend\src\components\studio\DragAndDropTemp.jsx
FN:37,Transition
FN:57,DragAndDrop
FN:71,(anonymous_2)
FN:93,(anonymous_3)
FN:113,(anonymous_4)
FN:117,(anonymous_5)
FN:127,(anonymous_6)
FN:143,(anonymous_7)
FN:166,(anonymous_8)
FN:177,(anonymous_9)
FN:284,(anonymous_10)
FN:316,(anonymous_11)
FN:351,(anonymous_12)
FN:366,(anonymous_13)
FNF:14
FNH:3
FNDA:48,Transition
FNDA:24,DragAndDrop
FNDA:0,(anonymous_2)
FNDA:0,(anonymous_3)
FNDA:0,(anonymous_4)
FNDA:0,(anonymous_5)
FNDA:0,(anonymous_6)
FNDA:0,(anonymous_7)
FNDA:24,(anonymous_8)
FNDA:0,(anonymous_9)
FNDA:0,(anonymous_10)
FNDA:0,(anonymous_11)
FNDA:0,(anonymous_12)
FNDA:0,(anonymous_13)
DA:34,3
DA:35,3
DA:37,3
DA:38,48
DA:41,3
DA:58,24
DA:59,24
DA:60,24
DA:61,24
DA:62,24
DA:63,24
DA:64,24
DA:65,24
DA:66,24
DA:68,24
DA:69,24
DA:71,24
DA:72,0
DA:73,0
DA:74,0
DA:76,0
DA:84,0
DA:85,0
DA:87,0
DA:88,0
DA:89,0
DA:93,24
DA:94,0
DA:96,0
DA:98,0
DA:106,0
DA:107,0
DA:108,0
DA:110,0
DA:113,24
DA:114,0
DA:117,24
DA:118,0
DA:119,0
DA:124,0
DA:125,0
DA:127,0
DA:128,0
DA:132,0
DA:135,0
DA:139,0
DA:140,0
DA:143,24
DA:144,0
DA:145,0
DA:146,0
DA:147,0
DA:149,0
DA:151,0
DA:159,0
DA:161,0
DA:162,0
DA:163,0
DA:166,24
DA:167,24
DA:176,24
DA:178,0
DA:179,0
DA:180,0
DA:184,0
DA:185,0
DA:187,0
DA:188,0
DA:189,0
DA:190,0
DA:192,0
DA:193,0
DA:195,0
DA:196,0
DA:197,0
DA:198,0
DA:199,0
DA:200,0
DA:201,0
DA:203,0
DA:204,0
DA:205,0
DA:206,0
DA:207,0
DA:208,0
DA:210,0
DA:212,0
DA:215,0
DA:216,0
DA:217,0
DA:218,0
DA:220,0
DA:222,0
DA:224,0
DA:230,24
DA:285,0
DA:286,0
DA:287,0
DA:288,0
DA:318,0
DA:352,0
DA:353,0
DA:354,0
DA:367,0
DA:368,0
LF:105
LH:25
BRDA:73,0,0,0
BRDA:73,0,1,0
BRDA:96,1,0,0
BRDA:96,1,1,0
BRDA:187,2,0,0
BRDA:187,2,1,0
BRDA:191,3,0,0
BRDA:191,3,1,0
BRDA:192,4,0,0
BRDA:192,4,1,0
BRDA:194,5,0,0
BRDA:194,5,1,0
BRDA:195,6,0,0
BRDA:195,6,1,0
BRDA:199,7,0,0
BRDA:199,7,1,0
BRDA:200,8,0,0
BRDA:200,8,1,0
BRDA:202,9,0,0
BRDA:202,9,1,0
BRDA:203,10,0,0
BRDA:203,10,1,0
BRDA:206,11,0,0
BRDA:206,11,1,0
BRDA:207,12,0,0
BRDA:207,12,1,0
BRDA:209,13,0,0
BRDA:209,13,1,0
BRDA:215,14,0,0
BRDA:215,14,1,0
BRDA:217,15,0,0
BRDA:217,15,1,0
BRF:32
BRH:0
end_of_record
TN:
SF:C:\Holiday\NewSDProject\frontend\src\components\studio\Leftpanel.jsx
FN:37,Transition
FN:77,Leftpanel
FN:93,(anonymous_2)
FN:96,(anonymous_3)
FN:97,(anonymous_4)
FN:108,(anonymous_5)
FN:119,(anonymous_6)
FN:127,(anonymous_7)
FN:132,(anonymous_8)
FN:136,(anonymous_9)
FN:150,(anonymous_10)
FN:169,(anonymous_11)
FN:185,(anonymous_12)
FN:191,(anonymous_13)
FN:199,(anonymous_14)
FN:219,(anonymous_15)
FN:219,(anonymous_16)
FN:230,(anonymous_17)
FN:234,(anonymous_18)
FN:266,(anonymous_19)
FN:283,(anonymous_20)
FN:301,(anonymous_21)
FN:315,(anonymous_22)
FN:321,(anonymous_23)
FN:409,(anonymous_24)
FN:426,(anonymous_25)
FN:483,(anonymous_26)
FN:502,(anonymous_27)
FN:529,(anonymous_28)
FN:594,(anonymous_29)
FNF:30
FNH:9
FNDA:48,Transition
FNDA:24,Leftpanel
FNDA:0,(anonymous_2)
FNDA:0,(anonymous_3)
FNDA:0,(anonymous_4)
FNDA:0,(anonymous_5)
FNDA:0,(anonymous_6)
FNDA:0,(anonymous_7)
FNDA:0,(anonymous_8)
FNDA:0,(anonymous_9)
FNDA:0,(anonymous_10)
FNDA:0,(anonymous_11)
FNDA:0,(anonymous_12)
FNDA:2,(anonymous_13)
FNDA:0,(anonymous_14)
FNDA:48,(anonymous_15)
FNDA:4,(anonymous_16)
FNDA:0,(anonymous_17)
FNDA:24,(anonymous_18)
FNDA:4,(anonymous_19)
FNDA:0,(anonymous_20)
FNDA:0,(anonymous_21)
FNDA:0,(anonymous_22)
FNDA:0,(anonymous_23)
FNDA:24,(anonymous_24)
FNDA:0,(anonymous_25)
FNDA:0,(anonymous_26)
FNDA:0,(anonymous_27)
FNDA:0,(anonymous_28)
FNDA:216,(anonymous_29)
DA:37,3
DA:38,48
DA:41,3
DA:51,3
DA:63,3
DA:78,24
DA:79,24
DA:80,24
DA:81,24
DA:82,24
DA:83,24
DA:84,24
DA:85,24
DA:86,24
DA:87,24
DA:88,24
DA:89,24
DA:93,24
DA:94,0
DA:96,0
DA:97,0
DA:98,0
DA:101,0
DA:102,0
DA:110,0
DA:111,0
DA:112,0
DA:116,0
DA:120,0
DA:123,0
DA:127,24
DA:129,0
DA:132,24
DA:133,0
DA:136,24
DA:137,0
DA:138,0
DA:140,0
DA:142,0
DA:145,0
DA:146,0
DA:150,24
DA:151,0
DA:154,0
DA:161,0
DA:162,0
DA:163,0
DA:165,0
DA:167,0
DA:169,0
DA:170,0
DA:171,0
DA:173,0
DA:177,0
DA:179,0
DA:180,0
DA:181,0
DA:185,24
DA:186,0
DA:188,0
DA:191,24
DA:194,2
DA:195,2
DA:197,2
DA:198,2
DA:199,2
DA:200,0
DA:203,0
DA:206,2
DA:211,2
DA:213,2
DA:214,2
DA:215,2
DA:219,48
DA:220,4
DA:224,0
DA:227,4
DA:230,24
DA:231,0
DA:234,24
DA:235,24
DA:267,4
DA:284,0
DA:285,0
DA:286,0
DA:302,0
DA:316,0
DA:322,0
DA:323,0
DA:324,0
DA:325,0
DA:370,24
DA:410,24
DA:427,0
DA:428,0
DA:484,0
DA:485,0
DA:503,0
DA:530,0
DA:531,0
DA:532,0
DA:595,216
LF:102
LH:44
BRDA:111,0,0,0
BRDA:111,0,1,0
BRDA:140,1,0,0
BRDA:140,1,1,0
BRDA:151,2,0,0
BRDA:151,2,1,0
BRDA:170,3,0,0
BRDA:170,3,1,0
BRDA:197,4,0,2
BRDA:197,4,1,0
BRDA:220,5,0,0
BRDA:220,5,1,4
BRDA:221,6,0,4
BRDA:221,6,1,0
BRDA:221,6,2,0
BRDA:264,7,0,4
BRDA:264,7,1,20
BRDA:316,8,0,0
BRDA:316,8,1,0
BRF:19
BRH:5
end_of_record
TN:
SF:C:\Holiday\NewSDProject\frontend\src\components\studio\Main.jsx
FN:17,Main
FN:20,(anonymous_1)
FNF:2
FNH:1
FNDA:8,Main
FNDA:0,(anonymous_1)
DA:6,3
DA:18,8
DA:19,6
DA:20,6
DA:22,0
DA:27,6
LF:6
LH:5
BRF:0
BRH:0
end_of_record
TN:
SF:C:\Holiday\NewSDProject\frontend\src\components\studio\Property.jsx
FN:20,Property
FN:24,(anonymous_1)
FN:33,(anonymous_2)
FN:40,(anonymous_3)
FN:54,(anonymous_4)
FN:69,(anonymous_5)
FN:92,(anonymous_6)
FN:98,(anonymous_7)
FN:126,(anonymous_8)
FNF:9
FNH:2
FNDA:14,Property
FNDA:0,(anonymous_1)
FNDA:0,(anonymous_2)
FNDA:22,(anonymous_3)
FNDA:0,(anonymous_4)
FNDA:0,(anonymous_5)
FNDA:0,(anonymous_6)
FNDA:0,(anonymous_7)
FNDA:0,(anonymous_8)
DA:10,3
DA:21,14
DA:24,14
DA:25,0
DA:26,0
DA:33,14
DA:34,0
DA:35,0
DA:38,14
DA:41,22
DA:42,22
DA:43,0
DA:55,0
DA:56,0
DA:70,0
DA:71,0
DA:77,22
DA:78,0
DA:93,0
DA:94,0
DA:99,0
DA:109,22
DA:127,0
DA:128,0
LF:24
LH:9
BRDA:41,0,0,22
BRDA:41,0,1,0
BRDA:42,1,0,0
BRDA:42,1,1,22
BRDA:77,2,0,0
BRDA:77,2,1,22
BRF:6
BRH:3
end_of_record
TN:
SF:C:\Holiday\NewSDProject\frontend\src\components\studio\RightPanel.jsx
FN:18,RightPanel
FNF:1
FNH:1
FNDA:14,RightPanel
DA:5,3
DA:19,14
LF:2
LH:2
BRF:0
BRH:0
end_of_record
TN:
SF:C:\Holiday\NewSDProject\frontend\src\components\studio\RightPanelAccordion.jsx
FN:18,(anonymous_0)
FN:21,(anonymous_1)
FN:25,(anonymous_2)
FN:27,(anonymous_3)
FN:35,SimpleAccordion
FN:46,(anonymous_5)
FN:48,(anonymous_6)
FN:54,(anonymous_7)
FN:57,(anonymous_8)
FN:63,(anonymous_9)
FN:66,(anonymous_10)
FN:78,(anonymous_11)
FN:81,(anonymous_12)
FN:95,(anonymous_13)
FN:97,(anonymous_14)
FN:107,(anonymous_15)
FN:118,(anonymous_16)
FN:124,(anonymous_17)
FN:158,(anonymous_18)
FNF:19
FNH:11
FNDA:11,(anonymous_0)
FNDA:0,(anonymous_1)
FNDA:11,(anonymous_2)
FNDA:11,(anonymous_3)
FNDA:14,SimpleAccordion
FNDA:0,(anonymous_5)
FNDA:0,(anonymous_6)
FNDA:10,(anonymous_7)
FNDA:30,(anonymous_8)
FNDA:11,(anonymous_9)
FNDA:10,(anonymous_10)
FNDA:0,(anonymous_11)
FNDA:0,(anonymous_12)
FNDA:11,(anonymous_13)
FNDA:10,(anonymous_14)
FNDA:0,(anonymous_15)
FNDA:0,(anonymous_16)
FNDA:0,(anonymous_17)
FNDA:11,(anonymous_18)
DA:18,3
DA:19,11
DA:21,11
DA:22,0
DA:25,11
DA:26,11
DA:27,11
DA:28,11
DA:32,11
DA:36,14
DA:43,11
DA:44,11
DA:46,11
DA:48,0
DA:49,0
DA:50,0
DA:54,11
DA:57,30
DA:61,11
DA:63,11
DA:64,11
DA:66,11
DA:67,10
DA:68,10
DA:69,0
DA:78,11
DA:79,0
DA:81,0
DA:82,0
DA:84,0
DA:85,0
DA:87,0
DA:91,0
DA:92,0
DA:95,11
DA:96,11
DA:98,10
DA:108,0
DA:109,0
DA:119,0
DA:126,0
DA:127,0
DA:128,0
DA:146,11
DA:159,11
LF:45
LH:26
BRDA:64,0,0,11
BRDA:64,0,1,0
BRDA:67,1,0,10
BRDA:67,1,1,0
BRDA:68,2,0,0
BRDA:68,2,1,10
BRDA:82,3,0,0
BRDA:82,3,1,0
BRF:8
BRH:3
end_of_record
TN:
SF:C:\Holiday\NewSDProject\frontend\src\components\studio\TextComp.jsx
FN:3,TextComp
FNF:1
FNH:0
FNDA:0,TextComp
DA:1,0
DA:4,0
LF:2
LH:0
BRF:0
BRH:0
end_of_record
TN:
SF:C:\Holiday\NewSDProject\frontend\src\components\studio\Tool.jsx
FN:20,Tool
FN:21,(anonymous_1)
FNF:2
FNH:2
FNDA:72,Tool
FNDA:54,(anonymous_1)
DA:5,3
DA:6,3
DA:9,3
DA:21,72
DA:24,54
DA:25,54
DA:33,72
LF:7
LH:7
BRF:0
BRH:0
end_of_record
TN:
SF:C:\Holiday\NewSDProject\frontend\src\components\studio\firebase-config.jsx
FNF:0
FNH:0
DA:17,3
DA:28,3
DA:30,3
DA:31,3
LF:4
LH:4
BRF:0
BRH:0
end_of_record
TN:
SF:C:\Holiday\NewSDProject\frontend\src\components\studio\renderTools.jsx
FN:9,(anonymous_0)
FN:14,(anonymous_1)
FN:46,(anonymous_2)
FN:65,(anonymous_3)
FN:121,(anonymous_4)
FN:150,(anonymous_5)
FN:169,(anonymous_6)
FN:213,(anonymous_7)
FN:231,(anonymous_8)
FN:264,(anonymous_9)
FN:281,(anonymous_10)
FNF:11
FNH:0
FNDA:0,(anonymous_0)
FNDA:0,(anonymous_1)
FNDA:0,(anonymous_2)
FNDA:0,(anonymous_3)
FNDA:0,(anonymous_4)
FNDA:0,(anonymous_5)
FNDA:0,(anonymous_6)
FNDA:0,(anonymous_7)
FNDA:0,(anonymous_8)
FNDA:0,(anonymous_9)
FNDA:0,(anonymous_10)
DA:2,3
DA:5,3
DA:9,3
DA:10,0
DA:14,0
DA:16,0
DA:17,0
DA:18,0
DA:19,0
DA:26,0
DA:35,0
DA:36,0
DA:38,0
DA:39,0
DA:41,0
DA:43,0
DA:48,0
DA:50,0
DA:51,0
DA:52,0
DA:53,0
DA:56,0
DA:57,0
DA:66,0
DA:67,0
DA:68,0
DA:73,0
DA:75,0
DA:76,0
DA:78,0
DA:79,0
DA:82,0
DA:117,0
DA:122,0
DA:125,0
DA:126,0
DA:152,0
DA:154,0
DA:155,0
DA:156,0
DA:157,0
DA:160,0
DA:161,0
DA:170,0
DA:171,0
DA:172,0
DA:174,0
DA:175,0
DA:176,0
DA:177,0
DA:180,0
DA:186,0
DA:190,0
DA:191,0
DA:215,0
DA:217,0
DA:218,0
DA:219,0
DA:220,0
DA:223,0
DA:224,0
DA:232,0
DA:233,0
DA:234,0
DA:236,0
DA:237,0
DA:238,0
DA:239,0
DA:242,0
DA:248,0
DA:254,0
DA:265,0
DA:267,0
DA:268,0
DA:269,0
DA:270,0
DA:273,0
DA:274,0
DA:282,0
DA:284,0
DA:285,0
DA:286,0
DA:287,0
DA:290,0
DA:296,0
LF:85
LH:3
BRDA:17,0,0,0
BRDA:17,0,1,0
BRDA:38,1,0,0
BRDA:38,1,1,0
BRDA:41,2,0,0
BRDA:41,2,1,0
BRDA:51,3,0,0
BRDA:51,3,1,0
BRDA:52,4,0,0
BRDA:52,4,1,0
BRDA:56,5,0,0
BRDA:56,5,1,0
BRDA:76,6,0,0
BRDA:76,6,1,0
BRDA:125,7,0,0
BRDA:125,7,1,0
BRDA:125,8,0,0
BRDA:125,8,1,0
BRDA:155,9,0,0
BRDA:155,9,1,0
BRDA:156,10,0,0
BRDA:156,10,1,0
BRDA:160,11,0,0
BRDA:160,11,1,0
BRDA:175,12,0,0
BRDA:175,12,1,0
BRDA:190,13,0,0
BRDA:190,13,1,0
BRDA:190,14,0,0
BRDA:190,14,1,0
BRDA:218,15,0,0
BRDA:218,15,1,0
BRDA:219,16,0,0
BRDA:219,16,1,0
BRDA:223,17,0,0
BRDA:223,17,1,0
BRDA:237,18,0,0
BRDA:237,18,1,0
BRDA:268,19,0,0
BRDA:268,19,1,0
BRDA:269,20,0,0
BRDA:269,20,1,0
BRDA:273,21,0,0
BRDA:273,21,1,0
BRDA:285,22,0,0
BRDA:285,22,1,0
BRF:46
BRH:0
end_of_record
TN:
SF:C:\Holiday\NewSDProject\frontend\src\components\studio\tools.js
FNF:0
FNH:0
DA:6,3
LF:1
LH:1
BRF:0
BRH:0
end_of_record
TN:
SF:C:\Holiday\NewSDProject\frontend\src\components\tags\ListTags.jsx
FN:4,(anonymous_0)
FN:7,(anonymous_1)
FNF:2
FNH:2
FNDA:9,(anonymous_0)
FNDA:20,(anonymous_1)
DA:4,4
DA:5,9
DA:8,20
DA:18,4
LF:4
LH:4
BRF:0
BRH:0
end_of_record
TN:
SF:C:\Holiday\NewSDProject\frontend\src\components\tags\TagsDialog.jsx
FN:23,(anonymous_0)
FN:32,(anonymous_1)
FN:33,(anonymous_2)
FN:35,(anonymous_3)
FN:52,(anonymous_4)
FNF:5
FNH:3
FNDA:24,(anonymous_0)
FNDA:18,(anonymous_1)
FNDA:18,(anonymous_2)
FNDA:0,(anonymous_3)
FNDA:0,(anonymous_4)
DA:23,3
DA:24,24
DA:25,24
DA:26,24
DA:28,24
DA:29,24
DA:30,24
DA:32,24
DA:33,18
DA:34,18
DA:35,0
DA:37,18
DA:42,24
DA:43,24
DA:45,24
DA:46,30
DA:49,24
DA:50,24
DA:52,24
DA:53,0
DA:54,0
DA:55,0
DA:57,0
DA:60,24
LF:24
LH:19
BRF:0
BRH:0
end_of_record
TN:
SF:C:\Holiday\NewSDProject\frontend\src\components\tags\TagsInput.jsx
FN:6,(anonymous_0)
FN:9,(anonymous_1)
FN:13,(anonymous_2)
FNF:3
FNH:3
FNDA:9,(anonymous_0)
FNDA:2,(anonymous_1)
FNDA:2,(anonymous_2)
DA:6,4
DA:7,9
DA:9,9
DA:10,2
DA:13,9
DA:14,2
DA:15,2
DA:16,2
DA:17,1
DA:19,1
DA:22,2
DA:23,2
DA:24,4
DA:26,0
DA:27,0
DA:30,2
DA:31,2
DA:33,2
DA:37,9
DA:60,4
LF:20
LH:18
BRDA:14,0,0,2
BRDA:14,0,1,0
BRDA:16,1,0,1
BRDA:16,1,1,1
BRDA:24,2,0,0
BRDA:24,2,1,4
BRDA:30,3,0,2
BRDA:30,3,1,0
BRF:8
BRH:5
end_of_record
TN:
SF:C:\Holiday\NewSDProject\frontend\src\components\tags\ViewTag.jsx
FN:5,(anonymous_0)
FN:7,(anonymous_1)
FNF:2
FNH:1
FNDA:20,(anonymous_0)
FNDA:0,(anonymous_1)
DA:5,4
DA:7,20
DA:9,0
DA:11,20
DA:23,4
DA:32,4
LF:6
LH:5
BRF:0
BRH:0
end_of_record
TN:
SF:C:\Holiday\NewSDProject\frontend\src\components\tags\MicrosoftGraph\authConfig.js
FN:25,(anonymous_0)
FNF:1
FNH:0
FNDA:0,(anonymous_0)
DA:13,3
DA:26,0
DA:27,0
DA:29,0
DA:31,0
DA:32,0
DA:34,0
DA:35,0
DA:37,0
DA:38,0
DA:40,0
DA:41,0
DA:54,3
DA:62,3
LF:14
LH:3
BRDA:26,0,0,0
BRDA:26,0,1,0
BRDA:29,1,0,0
BRDA:29,1,1,0
BRDA:29,1,2,0
BRDA:29,1,3,0
BRF:6
BRH:0
end_of_record
TN:
SF:C:\Holiday\NewSDProject\frontend\src\components\tags\MicrosoftGraph\graph.js
FN:7,callMsGraph
FN:19,(anonymous_1)
FN:20,(anonymous_2)
FNF:3
FNH:0
FNDA:0,callMsGraph
FNDA:0,(anonymous_1)
FNDA:0,(anonymous_2)
DA:8,0
DA:9,0
DA:11,0
DA:13,0
DA:18,0
DA:19,0
DA:20,0
LF:7
LH:0
BRF:0
BRH:0
end_of_record
