{"C:\\Holiday\\NewSDProject\\frontend\\src\\App.js": {"path":"C:\\Holiday\\NewSDProject\\frontend\\src\\App.js","statementMap":{"0":{"start":{"line":1,"column":0},"end":{"line":null,"column":-1}},"1":{"start":{"line":2,"column":0},"end":{"line":null,"column":-1}},"2":{"start":{"line":3,"column":0},"end":{"line":null,"column":-1}},"3":{"start":{"line":4,"column":0},"end":{"line":null,"column":-1}},"4":{"start":{"line":5,"column":0},"end":{"line":null,"column":-1}},"5":{"start":{"line":6,"column":0},"end":{"line":null,"column":-1}},"6":{"start":{"line":7,"column":0},"end":{"line":null,"column":-1}},"7":{"start":{"line":8,"column":0},"end":{"line":null,"column":-1}},"8":{"start":{"line":9,"column":0},"end":{"line":null,"column":-1}},"9":{"start":{"line":10,"column":0},"end":{"line":null,"column":-1}},"10":{"start":{"line":11,"column":0},"end":{"line":null,"column":-1}},"11":{"start":{"line":12,"column":0},"end":{"line":null,"column":-1}},"12":{"start":{"line":13,"column":0},"end":{"line":null,"column":-1}},"13":{"start":{"line":14,"column":0},"end":{"line":null,"column":-1}},"14":{"start":{"line":15,"column":0},"end":{"line":null,"column":-1}},"15":{"start":{"line":16,"column":0},"end":{"line":null,"column":-1}},"16":{"start":{"line":17,"column":0},"end":{"line":null,"column":-1}},"17":{"start":{"line":22,"column":4},"end":{"line":null,"column":-1}}},"fnMap":{"0":{"name":"App","decl":{"start":{"line":21,"column":9},"end":{"line":21,"column":0}},"loc":{"start":{"line":21,"column":15},"end":{"line":53,"column":1}}}},"branchMap":{},"s":{"0":0,"1":0,"2":0,"3":0,"4":0,"5":0,"6":0,"7":0,"8":0,"9":0,"10":0,"11":0,"12":0,"13":0,"14":0,"15":0,"16":0,"17":0},"f":{"0":0},"b":{}}
,"C:\\Holiday\\NewSDProject\\frontend\\src\\CheckBoxWithLabel.js": {"path":"C:\\Holiday\\NewSDProject\\frontend\\src\\CheckBoxWithLabel.js","statementMap":{"0":{"start":{"line":1,"column":0},"end":{"line":null,"column":-1}},"1":{"start":{"line":4,"column":36},"end":{"line":3,"column":63}},"2":{"start":{"line":3,"column":63},"end":{"line":null,"column":-1}},"3":{"start":{"line":6,"column":19},"end":{"line":6,"column":2}},"4":{"start":{"line":7,"column":4},"end":{"line":null,"column":-1}},"5":{"start":{"line":10,"column":2},"end":{"line":null,"column":-1}}},"fnMap":{"0":{"name":"CheckboxWithLabel","decl":{"start":{"line":3,"column":24},"end":{"line":3,"column":15}},"loc":{"start":{"line":3,"column":63},"end":{"line":16,"column":1}}},"1":{"name":"(anonymous_1)","decl":{"start":{"line":6,"column":19},"end":{"line":6,"column":24}},"loc":{"start":{"line":6,"column":25},"end":{"line":6,"column":2}}}},"branchMap":{"0":{"loc":{"start":{"line":13,"column":19},"end":{"line":13,"column":16}},"type":"cond-expr","locations":[{"start":{"line":13,"column":19},"end":{"line":13,"column":16}},{"start":{"line":13,"column":29},"end":{"line":11,"column":4}}]}},"s":{"0":0,"1":0,"2":0,"3":0,"4":0,"5":0},"f":{"0":0,"1":0},"b":{"0":[0,0]}}
,"C:\\Holiday\\NewSDProject\\frontend\\src\\authConfig.js": {"path":"C:\\Holiday\\NewSDProject\\frontend\\src\\authConfig.js","statementMap":{"0":{"start":{"line":13,"column":26},"end":{"line":46,"column":1}},"1":{"start":{"line":26,"column":16},"end":{"line":28,"column":17}},"2":{"start":{"line":27,"column":20},"end":{"line":27,"column":27}},"3":{"start":{"line":29,"column":16},"end":{"line":42,"column":17}},"4":{"start":{"line":31,"column":24},"end":{"line":31,"column":47}},"5":{"start":{"line":32,"column":24},"end":{"line":32,"column":31}},"6":{"start":{"line":34,"column":24},"end":{"line":34,"column":46}},"7":{"start":{"line":35,"column":24},"end":{"line":35,"column":31}},"8":{"start":{"line":37,"column":24},"end":{"line":37,"column":47}},"9":{"start":{"line":38,"column":24},"end":{"line":38,"column":31}},"10":{"start":{"line":40,"column":24},"end":{"line":40,"column":46}},"11":{"start":{"line":41,"column":24},"end":{"line":41,"column":31}},"12":{"start":{"line":54,"column":28},"end":{"line":56,"column":1}},"13":{"start":{"line":62,"column":27},"end":{"line":64,"column":1}}},"fnMap":{"0":{"name":"(anonymous_0)","decl":{"start":{"line":25,"column":28},"end":{"line":25,"column":29}},"loc":{"start":{"line":25,"column":61},"end":{"line":43,"column":13}},"line":25}},"branchMap":{"0":{"loc":{"start":{"line":26,"column":16},"end":{"line":28,"column":17}},"type":"if","locations":[{"start":{"line":26,"column":16},"end":{"line":28,"column":17}},{"start":{"line":26,"column":16},"end":{"line":28,"column":17}}],"line":26},"1":{"loc":{"start":{"line":29,"column":16},"end":{"line":42,"column":17}},"type":"switch","locations":[{"start":{"line":30,"column":20},"end":{"line":32,"column":31}},{"start":{"line":33,"column":20},"end":{"line":35,"column":31}},{"start":{"line":36,"column":20},"end":{"line":38,"column":31}},{"start":{"line":39,"column":20},"end":{"line":41,"column":31}}],"line":29}},"s":{"0":3,"1":0,"2":0,"3":0,"4":0,"5":0,"6":0,"7":0,"8":0,"9":0,"10":0,"11":0,"12":3,"13":3},"f":{"0":0},"b":{"0":[0,0],"1":[0,0,0,0]},"_coverageSchema":"332fd63041d2c1bcb487cc26dd0d5f7d97098a6c","hash":"c8bb890d7b986f0c5f3f7d6dd7935cd9b77badb8"}
,"C:\\Holiday\\NewSDProject\\frontend\\src\\dummy.jsx": {"path":"C:\\Holiday\\NewSDProject\\frontend\\src\\dummy.jsx","statementMap":{"0":{"start":{"line":1,"column":0},"end":{"line":null,"column":-1}},"1":{"start":{"line":4,"column":2},"end":{"line":null,"column":-1}}},"fnMap":{"0":{"name":"dummy","decl":{"start":{"line":3,"column":9},"end":{"line":3,"column":0}},"loc":{"start":{"line":3,"column":17},"end":{"line":7,"column":1}}}},"branchMap":{},"s":{"0":0,"1":0},"f":{"0":0},"b":{}}
,"C:\\Holiday\\NewSDProject\\frontend\\src\\graph.js": {"path":"C:\\Holiday\\NewSDProject\\frontend\\src\\graph.js","statementMap":{"0":{"start":{"line":8,"column":20},"end":{"line":8,"column":33}},"1":{"start":{"line":9,"column":19},"end":{"line":9,"column":42}},"2":{"start":{"line":11,"column":4},"end":{"line":11,"column":44}},"3":{"start":{"line":13,"column":20},"end":{"line":16,"column":5}},"4":{"start":{"line":18,"column":4},"end":{"line":20,"column":44}},"5":{"start":{"line":19,"column":26},"end":{"line":19,"column":41}},"6":{"start":{"line":20,"column":24},"end":{"line":20,"column":42}}},"fnMap":{"0":{"name":"callMsGraph","decl":{"start":{"line":7,"column":22},"end":{"line":7,"column":33}},"loc":{"start":{"line":7,"column":47},"end":{"line":21,"column":1}},"line":7},"1":{"name":"(anonymous_1)","decl":{"start":{"line":19,"column":14},"end":{"line":19,"column":15}},"loc":{"start":{"line":19,"column":26},"end":{"line":19,"column":41}},"line":19},"2":{"name":"(anonymous_2)","decl":{"start":{"line":20,"column":15},"end":{"line":20,"column":16}},"loc":{"start":{"line":20,"column":24},"end":{"line":20,"column":42}},"line":20}},"branchMap":{},"s":{"0":0,"1":0,"2":0,"3":0,"4":0,"5":0,"6":0},"f":{"0":0,"1":0,"2":0},"b":{},"_coverageSchema":"332fd63041d2c1bcb487cc26dd0d5f7d97098a6c","hash":"2ae7ac4285744d563d801a31a29c3bbc1172a91b"}
,"C:\\Holiday\\NewSDProject\\frontend\\src\\index.js": {"path":"C:\\Holiday\\NewSDProject\\frontend\\src\\index.js","statementMap":{"0":{"start":{"line":1,"column":0},"end":{"line":null,"column":-1}},"1":{"start":{"line":2,"column":0},"end":{"line":null,"column":-1}},"2":{"start":{"line":3,"column":0},"end":{"line":null,"column":-1}},"3":{"start":{"line":4,"column":0},"end":{"line":null,"column":-1}},"4":{"start":{"line":5,"column":0},"end":{"line":null,"column":-1}},"5":{"start":{"line":6,"column":0},"end":{"line":null,"column":-1}},"6":{"start":{"line":7,"column":0},"end":{"line":null,"column":-1}},"7":{"start":{"line":8,"column":0},"end":{"line":null,"column":-1}},"8":{"start":{"line":9,"column":0},"end":{"line":null,"column":-1}},"9":{"start":{"line":10,"column":0},"end":{"line":null,"column":-1}},"10":{"start":{"line":16,"column":22},"end":{"line":16,"column":1}},"11":{"start":{"line":37,"column":0},"end":{"line":null,"column":-1}}},"fnMap":{},"branchMap":{},"s":{"0":0,"1":0,"2":0,"3":0,"4":0,"5":0,"6":0,"7":0,"8":0,"9":0,"10":0,"11":0},"f":{},"b":{}}
,"C:\\Holiday\\NewSDProject\\frontend\\src\\reportWebVitals.js": {"path":"C:\\Holiday\\NewSDProject\\frontend\\src\\reportWebVitals.js","statementMap":{"0":{"start":{"line":1,"column":24},"end":{"line":1,"column":0}},"1":{"start":{"line":2,"column":2},"end":{"line":10,"column":3}},"2":{"start":{"line":3,"column":4},"end":{"line":null,"column":-1}},"3":{"start":{"line":3,"column":4},"end":{"line":3,"column":24}},"4":{"start":{"line":4,"column":6},"end":{"line":null,"column":-1}},"5":{"start":{"line":5,"column":6},"end":{"line":null,"column":-1}},"6":{"start":{"line":6,"column":6},"end":{"line":null,"column":-1}},"7":{"start":{"line":7,"column":6},"end":{"line":null,"column":-1}},"8":{"start":{"line":8,"column":6},"end":{"line":null,"column":-1}}},"fnMap":{"0":{"name":"(anonymous_3)","decl":{"start":{"line":1,"column":24},"end":{"line":1,"column":34}},"loc":{"start":{"line":1,"column":39},"end":{"line":1,"column":0}}},"1":{"name":"(anonymous_4)","decl":{"start":{"line":3,"column":4},"end":{"line":3,"column":10}},"loc":{"start":{"line":3,"column":4},"end":{"line":3,"column":24}}},"2":{"name":"(anonymous_5)","decl":{"start":{"line":3,"column":30},"end":{"line":3,"column":31}},"loc":{"start":{"line":3,"column":79},"end":{"line":3,"column":4}}}},"branchMap":{"0":{"loc":{"start":{"line":2,"column":2},"end":{"line":10,"column":3}},"type":"if","locations":[{"start":{"line":2,"column":2},"end":{"line":10,"column":3}},{"start":{"line":2,"column":2},"end":{"line":10,"column":3}}]},"1":{"loc":{"start":{"line":2,"column":6},"end":{"line":2,"column":17}},"type":"binary-expr","locations":[{"start":{"line":2,"column":6},"end":{"line":2,"column":17}},{"start":{"line":2,"column":21},"end":{"line":2,"column":2}}]}},"s":{"0":0,"1":0,"2":0,"3":0,"4":0,"5":0,"6":0,"7":0,"8":0},"f":{"0":0,"1":0,"2":0},"b":{"0":[0,0],"1":[0,0]}}
,"C:\\Holiday\\NewSDProject\\frontend\\src\\setupTests.js": {"path":"C:\\Holiday\\NewSDProject\\frontend\\src\\setupTests.js","statementMap":{},"fnMap":{},"branchMap":{},"s":{},"f":{},"b":{},"_coverageSchema":"332fd63041d2c1bcb487cc26dd0d5f7d97098a6c","hash":"6257b780efafc006c37d3274ce4ca6ea81184e12"}
,"C:\\Holiday\\NewSDProject\\frontend\\src\\components\\CardViewList.js": {"path":"C:\\Holiday\\NewSDProject\\frontend\\src\\components\\CardViewList.js","statementMap":{"0":{"start":{"line":15,"column":19},"end":{"line":15,"column":42}},"1":{"start":{"line":16,"column":21},"end":{"line":16,"column":34}},"2":{"start":{"line":22,"column":2},"end":{"line":45,"column":4}},"3":{"start":{"line":27,"column":12},"end":{"line":36,"column":18}}},"fnMap":{"0":{"name":"CardViewList","decl":{"start":{"line":14,"column":9},"end":{"line":14,"column":21}},"loc":{"start":{"line":14,"column":29},"end":{"line":46,"column":1}},"line":14},"1":{"name":"(anonymous_1)","decl":{"start":{"line":26,"column":26},"end":{"line":26,"column":27}},"loc":{"start":{"line":27,"column":12},"end":{"line":36,"column":18}},"line":27}},"branchMap":{"0":{"loc":{"start":{"line":24,"column":7},"end":{"line":43,"column":7}},"type":"cond-expr","locations":[{"start":{"line":25,"column":8},"end":{"line":38,"column":14}},{"start":{"line":40,"column":8},"end":{"line":42,"column":14}}],"line":24}},"s":{"0":1,"1":1,"2":1,"3":1},"f":{"0":1,"1":1},"b":{"0":[1,0]},"_coverageSchema":"332fd63041d2c1bcb487cc26dd0d5f7d97098a6c","hash":"d1576f1eb65cf50a0398fc46f536de9a5fddc0a0"}
,"C:\\Holiday\\NewSDProject\\frontend\\src\\components\\Comment.js": {"path":"C:\\Holiday\\NewSDProject\\frontend\\src\\components\\Comment.js","statementMap":{"0":{"start":{"line":1,"column":0},"end":{"line":null,"column":-1}},"1":{"start":{"line":2,"column":0},"end":{"line":null,"column":-1}},"2":{"start":{"line":3,"column":0},"end":{"line":null,"column":-1}},"3":{"start":{"line":5,"column":16},"end":{"line":5,"column":0}},"4":{"start":{"line":17,"column":4},"end":{"line":16,"column":2}},"5":{"start":{"line":21,"column":4},"end":{"line":20,"column":2}},"6":{"start":{"line":24,"column":22},"end":{"line":24,"column":2}},"7":{"start":{"line":25,"column":21},"end":{"line":25,"column":2}},"8":{"start":{"line":27,"column":4},"end":{"line":26,"column":2}},"9":{"start":{"line":28,"column":19},"end":{"line":28,"column":2}},"10":{"start":{"line":29,"column":18},"end":{"line":29,"column":2}},"11":{"start":{"line":30,"column":18},"end":{"line":30,"column":2}},"12":{"start":{"line":31,"column":20},"end":{"line":31,"column":2}},"13":{"start":{"line":32,"column":2},"end":{"line":null,"column":-1}},"14":{"start":{"line":48,"column":36},"end":{"line":44,"column":10}},"15":{"start":{"line":50,"column":14},"end":{"line":null,"column":-1}},"16":{"start":{"line":59,"column":16},"end":{"line":56,"column":12}},"17":{"start":{"line":69,"column":16},"end":{"line":66,"column":12}},"18":{"start":{"line":78,"column":29},"end":{"line":76,"column":12}},"19":{"start":{"line":87,"column":36},"end":{"line":85,"column":10}},"20":{"start":{"line":93,"column":14},"end":{"line":92,"column":13}}},"fnMap":{"0":{"name":"(anonymous_0)","decl":{"start":{"line":5,"column":16},"end":{"line":5,"column":17}},"loc":{"start":{"line":15,"column":6},"end":{"line":5,"column":0}}},"1":{"name":"(anonymous_1)","decl":{"start":{"line":48,"column":27},"end":{"line":48,"column":25}},"loc":{"start":{"line":48,"column":36},"end":{"line":44,"column":10}}},"2":{"name":"(anonymous_2)","decl":{"start":{"line":49,"column":26},"end":{"line":49,"column":31}},"loc":{"start":{"line":49,"column":32},"end":{"line":44,"column":10}}},"3":{"name":"(anonymous_3)","decl":{"start":{"line":58,"column":23},"end":{"line":59,"column":15}},"loc":{"start":{"line":59,"column":16},"end":{"line":56,"column":12}}},"4":{"name":"(anonymous_4)","decl":{"start":{"line":68,"column":23},"end":{"line":69,"column":15}},"loc":{"start":{"line":69,"column":16},"end":{"line":66,"column":12}}},"5":{"name":"(anonymous_5)","decl":{"start":{"line":78,"column":23},"end":{"line":78,"column":28}},"loc":{"start":{"line":78,"column":29},"end":{"line":76,"column":12}}},"6":{"name":"(anonymous_6)","decl":{"start":{"line":87,"column":27},"end":{"line":87,"column":25}},"loc":{"start":{"line":87,"column":36},"end":{"line":85,"column":10}}},"7":{"name":"(anonymous_7)","decl":{"start":{"line":92,"column":26},"end":{"line":92,"column":24}},"loc":{"start":{"line":93,"column":14},"end":{"line":92,"column":13}}}},"branchMap":{"0":{"loc":{"start":{"line":13,"column":13},"end":{"line":5,"column":17}},"type":"default-arg","locations":[{"start":{"line":13,"column":13},"end":{"line":5,"column":17}}]},"1":{"loc":{"start":{"line":17,"column":4},"end":{"line":17,"column":17}},"type":"binary-expr","locations":[{"start":{"line":17,"column":4},"end":{"line":17,"column":17}},{"start":{"line":18,"column":4},"end":{"line":17,"column":4}},{"start":{"line":19,"column":4},"end":{"line":16,"column":2}}]},"2":{"loc":{"start":{"line":21,"column":4},"end":{"line":21,"column":17}},"type":"binary-expr","locations":[{"start":{"line":21,"column":4},"end":{"line":21,"column":17}},{"start":{"line":22,"column":4},"end":{"line":21,"column":4}},{"start":{"line":23,"column":4},"end":{"line":20,"column":2}}]},"3":{"loc":{"start":{"line":27,"column":4},"end":{"line":27,"column":3}},"type":"binary-expr","locations":[{"start":{"line":27,"column":4},"end":{"line":27,"column":3}},{"start":{"line":27,"column":40},"end":{"line":27,"column":4}},{"start":{"line":27,"column":64},"end":{"line":26,"column":2}}]},"4":{"loc":{"start":{"line":29,"column":18},"end":{"line":29,"column":17}},"type":"binary-expr","locations":[{"start":{"line":29,"column":18},"end":{"line":29,"column":17}},{"start":{"line":29,"column":54},"end":{"line":29,"column":2}}]},"5":{"loc":{"start":{"line":30,"column":29},"end":{"line":30,"column":26}},"type":"cond-expr","locations":[{"start":{"line":30,"column":29},"end":{"line":30,"column":26}},{"start":{"line":30,"column":40},"end":{"line":30,"column":2}}]},"6":{"loc":{"start":{"line":42,"column":9},"end":{"line":42,"column":8}},"type":"binary-expr","locations":[{"start":{"line":42,"column":9},"end":{"line":42,"column":8}},{"start":{"line":42,"column":23},"end":{"line":37,"column":6}}]},"7":{"loc":{"start":{"line":43,"column":9},"end":{"line":43,"column":18}},"type":"binary-expr","locations":[{"start":{"line":43,"column":9},"end":{"line":43,"column":18}},{"start":{"line":44,"column":10},"end":{"line":37,"column":6}}]},"8":{"loc":{"start":{"line":55,"column":11},"end":{"line":55,"column":19}},"type":"binary-expr","locations":[{"start":{"line":55,"column":11},"end":{"line":55,"column":19}},{"start":{"line":56,"column":12},"end":{"line":54,"column":8}}]},"9":{"loc":{"start":{"line":65,"column":11},"end":{"line":65,"column":18}},"type":"binary-expr","locations":[{"start":{"line":65,"column":11},"end":{"line":65,"column":18}},{"start":{"line":66,"column":12},"end":{"line":54,"column":8}}]},"10":{"loc":{"start":{"line":75,"column":11},"end":{"line":75,"column":20}},"type":"binary-expr","locations":[{"start":{"line":75,"column":11},"end":{"line":75,"column":20}},{"start":{"line":76,"column":12},"end":{"line":54,"column":8}}]},"11":{"loc":{"start":{"line":84,"column":9},"end":{"line":84,"column":19}},"type":"binary-expr","locations":[{"start":{"line":84,"column":9},"end":{"line":84,"column":19}},{"start":{"line":85,"column":10},"end":{"line":37,"column":6}}]},"12":{"loc":{"start":{"line":90,"column":9},"end":{"line":90,"column":8}},"type":"binary-expr","locations":[{"start":{"line":90,"column":9},"end":{"line":90,"column":8}},{"start":{"line":91,"column":10},"end":{"line":37,"column":6}}]}},"s":{"0":0,"1":0,"2":0,"3":0,"4":0,"5":0,"6":0,"7":0,"8":0,"9":0,"10":0,"11":0,"12":0,"13":0,"14":0,"15":0,"16":0,"17":0,"18":0,"19":0,"20":0},"f":{"0":0,"1":0,"2":0,"3":0,"4":0,"5":0,"6":0,"7":0},"b":{"0":[0],"1":[0,0,0],"2":[0,0,0],"3":[0,0,0],"4":[0,0],"5":[0,0],"6":[0,0],"7":[0,0],"8":[0,0],"9":[0,0],"10":[0,0],"11":[0,0],"12":[0,0]}}
,"C:\\Holiday\\NewSDProject\\frontend\\src\\components\\CommentForm.js": {"path":"C:\\Holiday\\NewSDProject\\frontend\\src\\components\\CommentForm.js","statementMap":{"0":{"start":{"line":1,"column":0},"end":{"line":null,"column":-1}},"1":{"start":{"line":4,"column":20},"end":{"line":4,"column":0}},"2":{"start":{"line":13,"column":26},"end":{"line":12,"column":6}},"3":{"start":{"line":12,"column":6},"end":{"line":null,"column":-1}},"4":{"start":{"line":14,"column":29},"end":{"line":14,"column":2}},"5":{"start":{"line":17,"column":12},"end":{"line":17,"column":4}},"6":{"start":{"line":18,"column":4},"end":{"line":null,"column":-1}},"7":{"start":{"line":21,"column":20},"end":{"line":21,"column":2}},"8":{"start":{"line":22,"column":4},"end":{"line":null,"column":-1}},"9":{"start":{"line":23,"column":4},"end":{"line":null,"column":-1}},"10":{"start":{"line":24,"column":4},"end":{"line":null,"column":-1}},"11":{"start":{"line":25,"column":4},"end":{"line":25,"column":8}},"12":{"start":{"line":27,"column":2},"end":{"line":null,"column":-1}},"13":{"start":{"line":32,"column":25},"end":{"line":29,"column":6}}},"fnMap":{"0":{"name":"(anonymous_3)","decl":{"start":{"line":4,"column":20},"end":{"line":4,"column":21}},"loc":{"start":{"line":12,"column":6},"end":{"line":4,"column":0}}},"1":{"name":"Hide","decl":{"start":{"line":16,"column":11},"end":{"line":16,"column":2}},"loc":{"start":{"line":16,"column":18},"end":{"line":19,"column":3}}},"2":{"name":"(anonymous_5)","decl":{"start":{"line":21,"column":20},"end":{"line":21,"column":18}},"loc":{"start":{"line":21,"column":30},"end":{"line":21,"column":2}}},"3":{"name":"(anonymous_6)","decl":{"start":{"line":32,"column":19},"end":{"line":32,"column":18}},"loc":{"start":{"line":32,"column":25},"end":{"line":29,"column":6}}}},"branchMap":{"0":{"loc":{"start":{"line":7,"column":20},"end":{"line":4,"column":21}},"type":"default-arg","locations":[{"start":{"line":7,"column":20},"end":{"line":4,"column":21}}]},"1":{"loc":{"start":{"line":9,"column":20},"end":{"line":4,"column":21}},"type":"default-arg","locations":[{"start":{"line":9,"column":20},"end":{"line":4,"column":21}}]},"2":{"loc":{"start":{"line":11,"column":16},"end":{"line":null,"column":-1}},"type":"default-arg","locations":[{"start":{"line":11,"column":16},"end":{"line":null,"column":-1}}]},"3":{"loc":{"start":{"line":37,"column":7},"end":{"line":37,"column":22}},"type":"binary-expr","locations":[{"start":{"line":37,"column":7},"end":{"line":37,"column":22}},{"start":{"line":38,"column":8},"end":{"line":28,"column":4}}]},"4":{"loc":{"start":{"line":47,"column":7},"end":{"line":47,"column":22}},"type":"binary-expr","locations":[{"start":{"line":47,"column":7},"end":{"line":47,"column":22}},{"start":{"line":48,"column":8},"end":{"line":28,"column":4}}]}},"s":{"0":0,"1":0,"2":0,"3":0,"4":0,"5":0,"6":0,"7":0,"8":0,"9":0,"10":0,"11":0,"12":0,"13":0},"f":{"0":0,"1":0,"2":0,"3":0},"b":{"0":[0],"1":[0],"2":[0],"3":[0,0],"4":[0,0]}}
,"C:\\Holiday\\NewSDProject\\frontend\\src\\components\\Comments.js": {"path":"C:\\Holiday\\NewSDProject\\frontend\\src\\components\\Comments.js","statementMap":{"0":{"start":{"line":1,"column":0},"end":{"line":null,"column":-1}},"1":{"start":{"line":2,"column":0},"end":{"line":null,"column":-1}},"2":{"start":{"line":3,"column":0},"end":{"line":null,"column":-1}},"3":{"start":{"line":4,"column":0},"end":{"line":null,"column":-1}},"4":{"start":{"line":5,"column":0},"end":{"line":null,"column":-1}},"5":{"start":{"line":13,"column":17},"end":{"line":13,"column":0}},"6":{"start":{"line":14,"column":48},"end":{"line":13,"column":53}},"7":{"start":{"line":13,"column":53},"end":{"line":null,"column":-1}},"8":{"start":{"line":15,"column":44},"end":{"line":13,"column":53}},"9":{"start":{"line":16,"column":23},"end":{"line":16,"column":2}},"10":{"start":{"line":17,"column":24},"end":{"line":16,"column":23}},"11":{"start":{"line":19,"column":22},"end":{"line":19,"column":2}},"12":{"start":{"line":20,"column":4},"end":{"line":19,"column":2}},"13":{"start":{"line":21,"column":34},"end":{"line":20,"column":4}},"14":{"start":{"line":24,"column":10},"end":{"line":20,"column":4}},"15":{"start":{"line":26,"column":21},"end":{"line":26,"column":2}},"16":{"start":{"line":27,"column":4},"end":{"line":null,"column":-1}},"17":{"start":{"line":28,"column":6},"end":{"line":null,"column":-1}},"18":{"start":{"line":29,"column":6},"end":{"line":null,"column":-1}},"19":{"start":{"line":33,"column":24},"end":{"line":33,"column":2}},"20":{"start":{"line":34,"column":4},"end":{"line":null,"column":-1}},"21":{"start":{"line":35,"column":37},"end":{"line":35,"column":6}},"22":{"start":{"line":36,"column":8},"end":{"line":38,"column":9}},"23":{"start":{"line":37,"column":10},"end":{"line":null,"column":-1}},"24":{"start":{"line":39,"column":8},"end":{"line":null,"column":-1}},"25":{"start":{"line":41,"column":6},"end":{"line":null,"column":-1}},"26":{"start":{"line":42,"column":6},"end":{"line":null,"column":-1}},"27":{"start":{"line":45,"column":25},"end":{"line":45,"column":2}},"28":{"start":{"line":46,"column":4},"end":{"line":53,"column":5}},"29":{"start":{"line":47,"column":6},"end":{"line":null,"column":-1}},"30":{"start":{"line":48,"column":39},"end":{"line":48,"column":8}},"31":{"start":{"line":49,"column":30},"end":{"line":48,"column":39}},"32":{"start":{"line":51,"column":8},"end":{"line":null,"column":-1}},"33":{"start":{"line":56,"column":26},"end":{"line":13,"column":53}},"34":{"start":{"line":58,"column":2},"end":{"line":null,"column":-1}},"35":{"start":{"line":59,"column":4},"end":{"line":null,"column":-1}},"36":{"start":{"line":60,"column":6},"end":{"line":null,"column":-1}},"37":{"start":{"line":64,"column":2},"end":{"line":null,"column":-1}},"38":{"start":{"line":82,"column":12},"end":{"line":81,"column":11}}},"fnMap":{"0":{"name":"(anonymous_3)","decl":{"start":{"line":13,"column":17},"end":{"line":13,"column":18}},"loc":{"start":{"line":13,"column":53},"end":{"line":13,"column":0}}},"1":{"name":"(anonymous_4)","decl":{"start":{"line":17,"column":5},"end":{"line":17,"column":3}},"loc":{"start":{"line":17,"column":24},"end":{"line":16,"column":23}}},"2":{"name":"(anonymous_5)","decl":{"start":{"line":19,"column":22},"end":{"line":19,"column":20}},"loc":{"start":{"line":20,"column":4},"end":{"line":19,"column":2}}},"3":{"name":"(anonymous_6)","decl":{"start":{"line":21,"column":15},"end":{"line":21,"column":13}},"loc":{"start":{"line":21,"column":34},"end":{"line":20,"column":4}}},"4":{"name":"(anonymous_7)","decl":{"start":{"line":23,"column":8},"end":{"line":23,"column":9}},"loc":{"start":{"line":24,"column":10},"end":{"line":20,"column":4}}},"5":{"name":"(anonymous_8)","decl":{"start":{"line":26,"column":21},"end":{"line":26,"column":22}},"loc":{"start":{"line":26,"column":41},"end":{"line":26,"column":2}}},"6":{"name":"(anonymous_9)","decl":{"start":{"line":27,"column":43},"end":{"line":27,"column":41}},"loc":{"start":{"line":27,"column":55},"end":{"line":27,"column":4}}},"7":{"name":"(anonymous_10)","decl":{"start":{"line":33,"column":24},"end":{"line":33,"column":25}},"loc":{"start":{"line":33,"column":45},"end":{"line":33,"column":2}}},"8":{"name":"(anonymous_11)","decl":{"start":{"line":34,"column":32},"end":{"line":34,"column":37}},"loc":{"start":{"line":34,"column":38},"end":{"line":34,"column":4}}},"9":{"name":"(anonymous_12)","decl":{"start":{"line":35,"column":58},"end":{"line":35,"column":56}},"loc":{"start":{"line":35,"column":77},"end":{"line":35,"column":37}}},"10":{"name":"(anonymous_13)","decl":{"start":{"line":45,"column":25},"end":{"line":45,"column":23}},"loc":{"start":{"line":45,"column":39},"end":{"line":45,"column":2}}},"11":{"name":"(anonymous_14)","decl":{"start":{"line":47,"column":30},"end":{"line":47,"column":35}},"loc":{"start":{"line":47,"column":36},"end":{"line":47,"column":6}}},"12":{"name":"(anonymous_15)","decl":{"start":{"line":49,"column":11},"end":{"line":49,"column":9}},"loc":{"start":{"line":49,"column":30},"end":{"line":48,"column":39}}},"13":{"name":"(anonymous_16)","decl":{"start":{"line":58,"column":12},"end":{"line":58,"column":17}},"loc":{"start":{"line":58,"column":18},"end":{"line":58,"column":2}}},"14":{"name":"(anonymous_17)","decl":{"start":{"line":59,"column":27},"end":{"line":59,"column":25}},"loc":{"start":{"line":59,"column":36},"end":{"line":59,"column":4}}},"15":{"name":"(anonymous_18)","decl":{"start":{"line":81,"column":29},"end":{"line":81,"column":27}},"loc":{"start":{"line":82,"column":12},"end":{"line":81,"column":11}}}},"branchMap":{"0":{"loc":{"start":{"line":36,"column":8},"end":{"line":38,"column":9}},"type":"if","locations":[{"start":{"line":36,"column":8},"end":{"line":38,"column":9}},{"start":{"line":36,"column":8},"end":{"line":38,"column":9}}]},"1":{"loc":{"start":{"line":46,"column":4},"end":{"line":53,"column":5}},"type":"if","locations":[{"start":{"line":46,"column":4},"end":{"line":53,"column":5}},{"start":{"line":46,"column":4},"end":{"line":53,"column":5}}]}},"s":{"0":0,"1":0,"2":0,"3":0,"4":0,"5":0,"6":0,"7":0,"8":0,"9":0,"10":0,"11":0,"12":0,"13":0,"14":0,"15":0,"16":0,"17":0,"18":0,"19":0,"20":0,"21":0,"22":0,"23":0,"24":0,"25":0,"26":0,"27":0,"28":0,"29":0,"30":0,"31":0,"32":0,"33":0,"34":0,"35":0,"36":0,"37":0,"38":0},"f":{"0":0,"1":0,"2":0,"3":0,"4":0,"5":0,"6":0,"7":0,"8":0,"9":0,"10":0,"11":0,"12":0,"13":0,"14":0,"15":0},"b":{"0":[0,0],"1":[0,0]}}
,"C:\\Holiday\\NewSDProject\\frontend\\src\\components\\Course.jsx": {"path":"C:\\Holiday\\NewSDProject\\frontend\\src\\components\\Course.jsx","statementMap":{"0":{"start":{"line":16,"column":19},"end":{"line":18,"column":4}},"1":{"start":{"line":17,"column":4},"end":{"line":17,"column":57}},"2":{"start":{"line":23,"column":19},"end":{"line":23,"column":30}},"3":{"start":{"line":27,"column":28},"end":{"line":29,"column":7}},"4":{"start":{"line":28,"column":8},"end":{"line":28,"column":22}},"5":{"start":{"line":31,"column":26},"end":{"line":34,"column":7}},"6":{"start":{"line":32,"column":8},"end":{"line":32,"column":29}},"7":{"start":{"line":33,"column":8},"end":{"line":33,"column":23}},"8":{"start":{"line":36,"column":31},"end":{"line":36,"column":43}},"9":{"start":{"line":37,"column":28},"end":{"line":37,"column":49}},"10":{"start":{"line":38,"column":33},"end":{"line":38,"column":48}},"11":{"start":{"line":39,"column":22},"end":{"line":39,"column":35}},"12":{"start":{"line":41,"column":4},"end":{"line":41,"column":23}},"13":{"start":{"line":44,"column":32},"end":{"line":44,"column":56}},"14":{"start":{"line":46,"column":22},"end":{"line":58,"column":7}},"15":{"start":{"line":49,"column":20},"end":{"line":49,"column":122}},"16":{"start":{"line":52,"column":23},"end":{"line":52,"column":39}},"17":{"start":{"line":53,"column":9},"end":{"line":55,"column":11}},"18":{"start":{"line":54,"column":16},"end":{"line":54,"column":50}},"19":{"start":{"line":60,"column":4},"end":{"line":66,"column":21}},"20":{"start":{"line":64,"column":8},"end":{"line":64,"column":19}},"21":{"start":{"line":69,"column":27},"end":{"line":69,"column":61}},"22":{"start":{"line":71,"column":30},"end":{"line":71,"column":60}},"23":{"start":{"line":73,"column":4},"end":{"line":75,"column":25}},"24":{"start":{"line":74,"column":8},"end":{"line":74,"column":33}},"25":{"start":{"line":81,"column":21},"end":{"line":86,"column":5}},"26":{"start":{"line":88,"column":23},"end":{"line":96,"column":5}},"27":{"start":{"line":98,"column":21},"end":{"line":106,"column":7}},"28":{"start":{"line":109,"column":2},"end":{"line":152,"column":3}},"29":{"start":{"line":122,"column":37},"end":{"line":122,"column":144}}},"fnMap":{"0":{"name":"Transition","decl":{"start":{"line":16,"column":45},"end":{"line":16,"column":55}},"loc":{"start":{"line":16,"column":68},"end":{"line":18,"column":3}},"line":16},"1":{"name":"Course","decl":{"start":{"line":20,"column":9},"end":{"line":20,"column":15}},"loc":{"start":{"line":20,"column":23},"end":{"line":153,"column":1}},"line":20},"2":{"name":"(anonymous_2)","decl":{"start":{"line":27,"column":28},"end":{"line":27,"column":29}},"loc":{"start":{"line":27,"column":34},"end":{"line":29,"column":7}},"line":27},"3":{"name":"(anonymous_3)","decl":{"start":{"line":31,"column":26},"end":{"line":31,"column":27}},"loc":{"start":{"line":31,"column":32},"end":{"line":34,"column":7}},"line":31},"4":{"name":"(anonymous_4)","decl":{"start":{"line":46,"column":22},"end":{"line":46,"column":23}},"loc":{"start":{"line":46,"column":33},"end":{"line":58,"column":7}},"line":46},"5":{"name":"(anonymous_5)","decl":{"start":{"line":53,"column":33},"end":{"line":53,"column":34}},"loc":{"start":{"line":53,"column":46},"end":{"line":55,"column":9}},"line":53},"6":{"name":"(anonymous_6)","decl":{"start":{"line":60,"column":14},"end":{"line":60,"column":15}},"loc":{"start":{"line":60,"column":20},"end":{"line":66,"column":7}},"line":60},"7":{"name":"(anonymous_7)","decl":{"start":{"line":73,"column":14},"end":{"line":73,"column":15}},"loc":{"start":{"line":73,"column":20},"end":{"line":75,"column":5}},"line":73},"8":{"name":"(anonymous_8)","decl":{"start":{"line":122,"column":28},"end":{"line":122,"column":29}},"loc":{"start":{"line":122,"column":37},"end":{"line":122,"column":144}},"line":122}},"branchMap":{"0":{"loc":{"start":{"line":118,"column":17},"end":{"line":120,"column":22}},"type":"cond-expr","locations":[{"start":{"line":119,"column":20},"end":{"line":119,"column":101}},{"start":{"line":120,"column":18},"end":{"line":120,"column":22}}],"line":118},"1":{"loc":{"start":{"line":122,"column":37},"end":{"line":122,"column":144}},"type":"cond-expr","locations":[{"start":{"line":122,"column":53},"end":{"line":122,"column":139}},{"start":{"line":122,"column":140},"end":{"line":122,"column":144}}],"line":122},"2":{"loc":{"start":{"line":127,"column":13},"end":{"line":131,"column":17}},"type":"cond-expr","locations":[{"start":{"line":128,"column":13},"end":{"line":130,"column":18}},{"start":{"line":131,"column":13},"end":{"line":131,"column":17}}],"line":127},"3":{"loc":{"start":{"line":142,"column":11},"end":{"line":146,"column":11}},"type":"cond-expr","locations":[{"start":{"line":143,"column":10},"end":{"line":143,"column":150}},{"start":{"line":145,"column":10},"end":{"line":145,"column":150}}],"line":142}},"s":{"0":1,"1":0,"2":0,"3":0,"4":0,"5":0,"6":0,"7":0,"8":0,"9":0,"10":0,"11":0,"12":0,"13":0,"14":0,"15":0,"16":0,"17":0,"18":0,"19":0,"20":0,"21":0,"22":0,"23":0,"24":0,"25":0,"26":0,"27":0,"28":0,"29":0},"f":{"0":0,"1":0,"2":0,"3":0,"4":0,"5":0,"6":0,"7":0,"8":0},"b":{"0":[0,0],"1":[0,0],"2":[0,0],"3":[0,0]},"_coverageSchema":"332fd63041d2c1bcb487cc26dd0d5f7d97098a6c","hash":"cd7f77cf9007180d77c293a65c0442407c58019d"}
,"C:\\Holiday\\NewSDProject\\frontend\\src\\components\\CourseAppBar.jsx": {"path":"C:\\Holiday\\NewSDProject\\frontend\\src\\components\\CourseAppBar.jsx","statementMap":{"0":{"start":{"line":16,"column":14},"end":{"line":16,"column":45}},"1":{"start":{"line":17,"column":17},"end":{"line":17,"column":62}},"2":{"start":{"line":21,"column":21},"end":{"line":31,"column":1}},"3":{"start":{"line":23,"column":2},"end":{"line":30,"column":4}}},"fnMap":{"0":{"name":"(anonymous_0)","decl":{"start":{"line":21,"column":21},"end":{"line":21,"column":22}},"loc":{"start":{"line":21,"column":32},"end":{"line":31,"column":1}},"line":21}},"branchMap":{},"s":{"0":1,"1":1,"2":1,"3":0},"f":{"0":0},"b":{},"_coverageSchema":"332fd63041d2c1bcb487cc26dd0d5f7d97098a6c","hash":"62fdd8aa47667e6f325b8d8f25126bfc51042213"}
,"C:\\Holiday\\NewSDProject\\frontend\\src\\components\\CourseList.js": {"path":"C:\\Holiday\\NewSDProject\\frontend\\src\\components\\CourseList.js","statementMap":{"0":{"start":{"line":1,"column":0},"end":{"line":null,"column":-1}},"1":{"start":{"line":2,"column":0},"end":{"line":null,"column":-1}},"2":{"start":{"line":3,"column":0},"end":{"line":null,"column":-1}},"3":{"start":{"line":4,"column":0},"end":{"line":null,"column":-1}},"4":{"start":{"line":5,"column":0},"end":{"line":null,"column":-1}},"5":{"start":{"line":12,"column":42},"end":{"line":10,"column":27}},"6":{"start":{"line":10,"column":27},"end":{"line":null,"column":-1}},"7":{"start":{"line":14,"column":2},"end":{"line":null,"column":-1}},"8":{"start":{"line":16,"column":15},"end":{"line":16,"column":4}},"9":{"start":{"line":18,"column":4},"end":{"line":null,"column":-1}},"10":{"start":{"line":21,"column":8},"end":{"line":null,"column":-1}},"11":{"start":{"line":22,"column":8},"end":{"line":null,"column":-1}},"12":{"start":{"line":25,"column":8},"end":{"line":null,"column":-1}},"13":{"start":{"line":29,"column":2},"end":{"line":null,"column":-1}},"14":{"start":{"line":33,"column":10},"end":{"line":32,"column":9}}},"fnMap":{"0":{"name":"CourseList","decl":{"start":{"line":10,"column":9},"end":{"line":10,"column":0}},"loc":{"start":{"line":10,"column":27},"end":{"line":47,"column":1}}},"1":{"name":"(anonymous_4)","decl":{"start":{"line":14,"column":12},"end":{"line":14,"column":17}},"loc":{"start":{"line":14,"column":18},"end":{"line":14,"column":2}}},"2":{"name":"(anonymous_5)","decl":{"start":{"line":20,"column":13},"end":{"line":20,"column":11}},"loc":{"start":{"line":20,"column":21},"end":{"line":18,"column":4}}},"3":{"name":"(anonymous_6)","decl":{"start":{"line":24,"column":14},"end":{"line":24,"column":12}},"loc":{"start":{"line":24,"column":22},"end":{"line":18,"column":4}}},"4":{"name":"(anonymous_7)","decl":{"start":{"line":32,"column":26},"end":{"line":32,"column":27}},"loc":{"start":{"line":33,"column":10},"end":{"line":32,"column":9}}}},"branchMap":{},"s":{"0":0,"1":0,"2":0,"3":0,"4":0,"5":0,"6":0,"7":0,"8":0,"9":0,"10":0,"11":0,"12":0,"13":0,"14":0},"f":{"0":0,"1":0,"2":0,"3":0,"4":0},"b":{}}
,"C:\\Holiday\\NewSDProject\\frontend\\src\\components\\CourseNav.js": {"path":"C:\\Holiday\\NewSDProject\\frontend\\src\\components\\CourseNav.js","statementMap":{"0":{"start":{"line":1,"column":0},"end":{"line":null,"column":-1}},"1":{"start":{"line":2,"column":0},"end":{"line":null,"column":-1}},"2":{"start":{"line":3,"column":0},"end":{"line":null,"column":-1}},"3":{"start":{"line":5,"column":0},"end":{"line":null,"column":-1}},"4":{"start":{"line":6,"column":0},"end":{"line":null,"column":-1}},"5":{"start":{"line":7,"column":0},"end":{"line":null,"column":-1}},"6":{"start":{"line":8,"column":0},"end":{"line":null,"column":-1}},"7":{"start":{"line":12,"column":28},"end":{"line":11,"column":25}},"8":{"start":{"line":11,"column":25},"end":{"line":null,"column":-1}},"9":{"start":{"line":13,"column":27},"end":{"line":11,"column":25}},"10":{"start":{"line":15,"column":21},"end":{"line":15,"column":4}},"11":{"start":{"line":18,"column":24},"end":{"line":18,"column":4}},"12":{"start":{"line":18,"column":30},"end":{"line":18,"column":4}},"13":{"start":{"line":19,"column":23},"end":{"line":19,"column":4}},"14":{"start":{"line":19,"column":29},"end":{"line":19,"column":4}},"15":{"start":{"line":20,"column":2},"end":{"line":null,"column":-1}},"16":{"start":{"line":32,"column":96},"end":{"line":32,"column":10}},"17":{"start":{"line":33,"column":96},"end":{"line":33,"column":10}},"18":{"start":{"line":34,"column":66},"end":{"line":34,"column":10}}},"fnMap":{"0":{"name":"CourseNav","decl":{"start":{"line":11,"column":9},"end":{"line":11,"column":0}},"loc":{"start":{"line":11,"column":25},"end":{"line":72,"column":1}}},"1":{"name":"(anonymous_4)","decl":{"start":{"line":18,"column":24},"end":{"line":18,"column":29}},"loc":{"start":{"line":18,"column":30},"end":{"line":18,"column":4}}},"2":{"name":"(anonymous_5)","decl":{"start":{"line":19,"column":23},"end":{"line":19,"column":28}},"loc":{"start":{"line":19,"column":29},"end":{"line":19,"column":4}}},"3":{"name":"(anonymous_6)","decl":{"start":{"line":32,"column":91},"end":{"line":32,"column":95}},"loc":{"start":{"line":32,"column":96},"end":{"line":32,"column":10}}},"4":{"name":"(anonymous_7)","decl":{"start":{"line":33,"column":91},"end":{"line":33,"column":95}},"loc":{"start":{"line":33,"column":96},"end":{"line":33,"column":10}}},"5":{"name":"(anonymous_8)","decl":{"start":{"line":34,"column":61},"end":{"line":34,"column":65}},"loc":{"start":{"line":34,"column":66},"end":{"line":34,"column":10}}}},"branchMap":{"0":{"loc":{"start":{"line":41,"column":8},"end":{"line":39,"column":9}},"type":"cond-expr","locations":[{"start":{"line":41,"column":8},"end":{"line":39,"column":9}},{"start":{"line":50,"column":10},"end":{"line":26,"column":6}}]}},"s":{"0":0,"1":0,"2":0,"3":0,"4":0,"5":0,"6":0,"7":0,"8":0,"9":0,"10":0,"11":0,"12":0,"13":0,"14":0,"15":0,"16":0,"17":0,"18":0},"f":{"0":0,"1":0,"2":0,"3":0,"4":0,"5":0},"b":{"0":[0,0]}}
,"C:\\Holiday\\NewSDProject\\frontend\\src\\components\\CreateCourse.js": {"path":"C:\\Holiday\\NewSDProject\\frontend\\src\\components\\CreateCourse.js","statementMap":{"0":{"start":{"line":1,"column":0},"end":{"line":null,"column":-1}},"1":{"start":{"line":2,"column":0},"end":{"line":null,"column":-1}},"2":{"start":{"line":3,"column":0},"end":{"line":null,"column":-1}},"3":{"start":{"line":4,"column":0},"end":{"line":null,"column":-1}},"4":{"start":{"line":5,"column":0},"end":{"line":null,"column":-1}},"5":{"start":{"line":6,"column":0},"end":{"line":null,"column":-1}},"6":{"start":{"line":15,"column":36},"end":{"line":11,"column":28}},"7":{"start":{"line":11,"column":28},"end":{"line":null,"column":-1}},"8":{"start":{"line":16,"column":40},"end":{"line":11,"column":28}},"9":{"start":{"line":18,"column":20},"end":{"line":18,"column":4}},"10":{"start":{"line":19,"column":26},"end":{"line":19,"column":4}},"11":{"start":{"line":20,"column":21},"end":{"line":20,"column":4}},"12":{"start":{"line":21,"column":32},"end":{"line":21,"column":4}},"13":{"start":{"line":23,"column":29},"end":{"line":23,"column":4}},"14":{"start":{"line":24,"column":8},"end":{"line":null,"column":-1}},"15":{"start":{"line":25,"column":22},"end":{"line":25,"column":8}},"16":{"start":{"line":26,"column":22},"end":{"line":26,"column":8}},"17":{"start":{"line":27,"column":27},"end":{"line":27,"column":8}},"18":{"start":{"line":28,"column":8},"end":{"line":null,"column":-1}},"19":{"start":{"line":29,"column":8},"end":{"line":null,"column":-1}},"20":{"start":{"line":33,"column":19},"end":{"line":33,"column":4}},"21":{"start":{"line":34,"column":26},"end":{"line":34,"column":6}},"22":{"start":{"line":35,"column":8},"end":{"line":34,"column":43}},"23":{"start":{"line":35,"column":29},"end":{"line":34,"column":43}},"24":{"start":{"line":37,"column":8},"end":{"line":null,"column":-1}},"25":{"start":{"line":38,"column":28},"end":{"line":38,"column":8}},"26":{"start":{"line":39,"column":28},"end":{"line":39,"column":8}},"27":{"start":{"line":41,"column":28},"end":{"line":41,"column":8}},"28":{"start":{"line":42,"column":28},"end":{"line":42,"column":8}},"29":{"start":{"line":44,"column":19},"end":{"line":44,"column":8}},"30":{"start":{"line":56,"column":8},"end":{"line":null,"column":-1}},"31":{"start":{"line":58,"column":10},"end":{"line":61,"column":11}},"32":{"start":{"line":59,"column":12},"end":{"line":null,"column":-1}},"33":{"start":{"line":60,"column":12},"end":{"line":null,"column":-1}},"34":{"start":{"line":65,"column":10},"end":{"line":null,"column":-1}},"35":{"start":{"line":68,"column":8},"end":{"line":null,"column":-1}},"36":{"start":{"line":69,"column":25},"end":{"line":69,"column":12}},"37":{"start":{"line":71,"column":12},"end":{"line":null,"column":-1}},"38":{"start":{"line":73,"column":21},"end":{"line":68,"column":8}},"39":{"start":{"line":75,"column":14},"end":{"line":null,"column":-1}},"40":{"start":{"line":75,"column":69},"end":{"line":75,"column":14}},"41":{"start":{"line":78,"column":10},"end":{"line":null,"column":-1}},"42":{"start":{"line":79,"column":10},"end":{"line":null,"column":-1}},"43":{"start":{"line":80,"column":10},"end":{"line":null,"column":-1}},"44":{"start":{"line":81,"column":10},"end":{"line":null,"column":-1}},"45":{"start":{"line":85,"column":4},"end":{"line":null,"column":-1}},"46":{"start":{"line":97,"column":76},"end":{"line":null,"column":-1}}},"fnMap":{"0":{"name":"CreateCourse","decl":{"start":{"line":11,"column":9},"end":{"line":11,"column":0}},"loc":{"start":{"line":11,"column":28},"end":{"line":118,"column":1}}},"1":{"name":"(anonymous_4)","decl":{"start":{"line":23,"column":29},"end":{"line":23,"column":28}},"loc":{"start":{"line":23,"column":35},"end":{"line":23,"column":4}}},"2":{"name":"(anonymous_5)","decl":{"start":{"line":34,"column":26},"end":{"line":34,"column":27}},"loc":{"start":{"line":34,"column":43},"end":{"line":34,"column":6}}},"3":{"name":"(anonymous_6)","decl":{"start":{"line":57,"column":15},"end":{"line":57,"column":13}},"loc":{"start":{"line":57,"column":27},"end":{"line":56,"column":8}}},"4":{"name":"(anonymous_7)","decl":{"start":{"line":64,"column":16},"end":{"line":64,"column":14}},"loc":{"start":{"line":64,"column":25},"end":{"line":56,"column":8}}},"5":{"name":"(anonymous_8)","decl":{"start":{"line":68,"column":41},"end":{"line":68,"column":39}},"loc":{"start":{"line":68,"column":54},"end":{"line":68,"column":8}}},"6":{"name":"(anonymous_9)","decl":{"start":{"line":73,"column":13},"end":{"line":73,"column":11}},"loc":{"start":{"line":73,"column":21},"end":{"line":68,"column":8}}},"7":{"name":"(anonymous_10)","decl":{"start":{"line":74,"column":12},"end":{"line":74,"column":17}},"loc":{"start":{"line":74,"column":18},"end":{"line":68,"column":8}}},"8":{"name":"(anonymous_11)","decl":{"start":{"line":75,"column":61},"end":{"line":75,"column":59}},"loc":{"start":{"line":75,"column":69},"end":{"line":75,"column":14}}},"9":{"name":"(anonymous_12)","decl":{"start":{"line":97,"column":65},"end":{"line":97,"column":63}},"loc":{"start":{"line":97,"column":75},"end":{"line":97,"column":11}}}},"branchMap":{"0":{"loc":{"start":{"line":35,"column":8},"end":{"line":34,"column":43}},"type":"if","locations":[{"start":{"line":35,"column":8},"end":{"line":34,"column":43}},{"start":{"line":35,"column":8},"end":{"line":34,"column":43}}]},"1":{"loc":{"start":{"line":35,"column":11},"end":{"line":35,"column":10}},"type":"binary-expr","locations":[{"start":{"line":35,"column":11},"end":{"line":35,"column":10}},{"start":{"line":35,"column":21},"end":{"line":35,"column":8}}]},"2":{"loc":{"start":{"line":58,"column":10},"end":{"line":61,"column":11}},"type":"if","locations":[{"start":{"line":58,"column":10},"end":{"line":61,"column":11}},{"start":{"line":58,"column":10},"end":{"line":61,"column":11}}]}},"s":{"0":0,"1":0,"2":0,"3":0,"4":0,"5":0,"6":0,"7":0,"8":0,"9":0,"10":0,"11":0,"12":0,"13":0,"14":0,"15":0,"16":0,"17":0,"18":0,"19":0,"20":0,"21":0,"22":0,"23":0,"24":0,"25":0,"26":0,"27":0,"28":0,"29":0,"30":0,"31":0,"32":0,"33":0,"34":0,"35":0,"36":0,"37":0,"38":0,"39":0,"40":0,"41":0,"42":0,"43":0,"44":0,"45":0,"46":0},"f":{"0":0,"1":0,"2":0,"3":0,"4":0,"5":0,"6":0,"7":0,"8":0,"9":0},"b":{"0":[0,0],"1":[0,0],"2":[0,0]}}
,"C:\\Holiday\\NewSDProject\\frontend\\src\\components\\CreateCourseAgain.jsx": {"path":"C:\\Holiday\\NewSDProject\\frontend\\src\\components\\CreateCourseAgain.jsx","statementMap":{"0":{"start":{"line":1,"column":0},"end":{"line":null,"column":-1}},"1":{"start":{"line":2,"column":0},"end":{"line":null,"column":-1}},"2":{"start":{"line":3,"column":0},"end":{"line":null,"column":-1}},"3":{"start":{"line":4,"column":0},"end":{"line":null,"column":-1}},"4":{"start":{"line":5,"column":0},"end":{"line":null,"column":-1}},"5":{"start":{"line":6,"column":0},"end":{"line":null,"column":-1}},"6":{"start":{"line":7,"column":0},"end":{"line":null,"column":-1}},"7":{"start":{"line":8,"column":0},"end":{"line":null,"column":-1}},"8":{"start":{"line":9,"column":0},"end":{"line":null,"column":-1}},"9":{"start":{"line":12,"column":47},"end":{"line":11,"column":25}},"10":{"start":{"line":11,"column":25},"end":{"line":null,"column":-1}},"11":{"start":{"line":13,"column":18},"end":{"line":11,"column":25}},"12":{"start":{"line":11,"column":25},"end":{"line":11,"column":24}},"13":{"start":{"line":14,"column":2},"end":{"line":null,"column":-1}},"14":{"start":{"line":16,"column":2},"end":{"line":null,"column":-1}},"15":{"start":{"line":33,"column":0},"end":{"line":null,"column":-1}},"16":{"start":{"line":40,"column":2},"end":{"line":null,"column":-1}},"17":{"start":{"line":47,"column":28},"end":{"line":46,"column":39}},"18":{"start":{"line":46,"column":39},"end":{"line":null,"column":-1}},"19":{"start":{"line":48,"column":18},"end":{"line":46,"column":39}},"20":{"start":{"line":46,"column":39},"end":{"line":46,"column":38}},"21":{"start":{"line":49,"column":29},"end":{"line":46,"column":39}},"22":{"start":{"line":52,"column":23},"end":{"line":52,"column":2}},"23":{"start":{"line":53,"column":4},"end":{"line":null,"column":-1}},"24":{"start":{"line":56,"column":20},"end":{"line":56,"column":2}},"25":{"start":{"line":57,"column":4},"end":{"line":null,"column":-1}},"26":{"start":{"line":60,"column":2},"end":{"line":null,"column":-1}}},"fnMap":{"0":{"name":"TabPanel","decl":{"start":{"line":11,"column":9},"end":{"line":11,"column":0}},"loc":{"start":{"line":11,"column":25},"end":{"line":31,"column":1}}},"1":{"name":"a11yProps","decl":{"start":{"line":39,"column":9},"end":{"line":39,"column":0}},"loc":{"start":{"line":39,"column":26},"end":{"line":44,"column":1}}},"2":{"name":"CreateCourse","decl":{"start":{"line":46,"column":24},"end":{"line":46,"column":15}},"loc":{"start":{"line":46,"column":39},"end":{"line":79,"column":1}}},"3":{"name":"(anonymous_6)","decl":{"start":{"line":52,"column":23},"end":{"line":52,"column":24}},"loc":{"start":{"line":52,"column":44},"end":{"line":52,"column":2}}},"4":{"name":"(anonymous_7)","decl":{"start":{"line":56,"column":20},"end":{"line":56,"column":21}},"loc":{"start":{"line":56,"column":36},"end":{"line":56,"column":2}}}},"branchMap":{"0":{"loc":{"start":{"line":24,"column":7},"end":{"line":24,"column":6}},"type":"binary-expr","locations":[{"start":{"line":24,"column":7},"end":{"line":24,"column":6}},{"start":{"line":25,"column":8},"end":{"line":17,"column":4}}]}},"s":{"0":0,"1":0,"2":0,"3":0,"4":0,"5":0,"6":0,"7":0,"8":0,"9":0,"10":0,"11":0,"12":0,"13":0,"14":0,"15":0,"16":0,"17":0,"18":0,"19":0,"20":0,"21":0,"22":0,"23":0,"24":0,"25":0,"26":0},"f":{"0":0,"1":0,"2":0,"3":0,"4":0},"b":{"0":[0,0]}}
,"C:\\Holiday\\NewSDProject\\frontend\\src\\components\\CreateSlides.jsx": {"path":"C:\\Holiday\\NewSDProject\\frontend\\src\\components\\CreateSlides.jsx","statementMap":{"0":{"start":{"line":11,"column":28},"end":{"line":11,"column":43}},"1":{"start":{"line":13,"column":21},"end":{"line":15,"column":5}},"2":{"start":{"line":14,"column":8},"end":{"line":14,"column":22}},"3":{"start":{"line":17,"column":21},"end":{"line":17,"column":29}},"4":{"start":{"line":18,"column":21},"end":{"line":18,"column":29}},"5":{"start":{"line":19,"column":20},"end":{"line":19,"column":28}},"6":{"start":{"line":20,"column":29},"end":{"line":20,"column":37}},"7":{"start":{"line":22,"column":40},"end":{"line":22,"column":52}},"8":{"start":{"line":23,"column":30},"end":{"line":23,"column":42}},"9":{"start":{"line":24,"column":28},"end":{"line":24,"column":40}},"10":{"start":{"line":25,"column":46},"end":{"line":25,"column":58}},"11":{"start":{"line":27,"column":32},"end":{"line":27,"column":56}},"12":{"start":{"line":29,"column":24},"end":{"line":54,"column":5}},"13":{"start":{"line":30,"column":8},"end":{"line":30,"column":38}},"14":{"start":{"line":31,"column":8},"end":{"line":31,"column":38}},"15":{"start":{"line":32,"column":8},"end":{"line":32,"column":37}},"16":{"start":{"line":33,"column":8},"end":{"line":33,"column":46}},"17":{"start":{"line":34,"column":8},"end":{"line":34,"column":26}},"18":{"start":{"line":35,"column":8},"end":{"line":35,"column":21}},"19":{"start":{"line":36,"column":8},"end":{"line":36,"column":20}},"20":{"start":{"line":37,"column":8},"end":{"line":37,"column":29}},"21":{"start":{"line":38,"column":8},"end":{"line":50,"column":9}},"22":{"start":{"line":39,"column":12},"end":{"line":39,"column":30}},"23":{"start":{"line":40,"column":12},"end":{"line":47,"column":15}},"24":{"start":{"line":49,"column":12},"end":{"line":49,"column":29}},"25":{"start":{"line":51,"column":8},"end":{"line":51,"column":38}},"26":{"start":{"line":52,"column":8},"end":{"line":52,"column":22}},"27":{"start":{"line":56,"column":4},"end":{"line":95,"column":5}},"28":{"start":{"line":75,"column":95},"end":{"line":75,"column":128}},"29":{"start":{"line":77,"column":86},"end":{"line":77,"column":114}},"30":{"start":{"line":79,"column":77},"end":{"line":79,"column":104}},"31":{"start":{"line":81,"column":77},"end":{"line":81,"column":113}},"32":{"start":{"line":98,"column":24},"end":{"line":106,"column":1}},"33":{"start":{"line":108,"column":18},"end":{"line":114,"column":1}},"34":{"start":{"line":116,"column":21},"end":{"line":121,"column":1}},"35":{"start":{"line":123,"column":20},"end":{"line":130,"column":1}},"36":{"start":{"line":132,"column":21},"end":{"line":136,"column":1}},"37":{"start":{"line":138,"column":20},"end":{"line":143,"column":1}}},"fnMap":{"0":{"name":"CreateSlides","decl":{"start":{"line":10,"column":9},"end":{"line":10,"column":21}},"loc":{"start":{"line":10,"column":63},"end":{"line":96,"column":1}},"line":10},"1":{"name":"(anonymous_1)","decl":{"start":{"line":13,"column":21},"end":{"line":13,"column":22}},"loc":{"start":{"line":13,"column":27},"end":{"line":15,"column":5}},"line":13},"2":{"name":"(anonymous_2)","decl":{"start":{"line":29,"column":24},"end":{"line":29,"column":25}},"loc":{"start":{"line":29,"column":34},"end":{"line":54,"column":5}},"line":29},"3":{"name":"(anonymous_3)","decl":{"start":{"line":75,"column":83},"end":{"line":75,"column":84}},"loc":{"start":{"line":75,"column":94},"end":{"line":75,"column":129}},"line":75},"4":{"name":"(anonymous_4)","decl":{"start":{"line":77,"column":74},"end":{"line":77,"column":75}},"loc":{"start":{"line":77,"column":85},"end":{"line":77,"column":115}},"line":77},"5":{"name":"(anonymous_5)","decl":{"start":{"line":79,"column":65},"end":{"line":79,"column":66}},"loc":{"start":{"line":79,"column":76},"end":{"line":79,"column":105}},"line":79},"6":{"name":"(anonymous_6)","decl":{"start":{"line":81,"column":65},"end":{"line":81,"column":66}},"loc":{"start":{"line":81,"column":76},"end":{"line":81,"column":114}},"line":81}},"branchMap":{"0":{"loc":{"start":{"line":38,"column":8},"end":{"line":50,"column":9}},"type":"if","locations":[{"start":{"line":38,"column":8},"end":{"line":50,"column":9}},{"start":{"line":38,"column":8},"end":{"line":50,"column":9}}],"line":38},"1":{"loc":{"start":{"line":38,"column":11},"end":{"line":38,"column":44}},"type":"binary-expr","locations":[{"start":{"line":38,"column":11},"end":{"line":38,"column":28}},{"start":{"line":38,"column":32},"end":{"line":38,"column":44}}],"line":38}},"s":{"0":0,"1":0,"2":0,"3":0,"4":0,"5":0,"6":0,"7":0,"8":0,"9":0,"10":0,"11":0,"12":0,"13":0,"14":0,"15":0,"16":0,"17":0,"18":0,"19":0,"20":0,"21":0,"22":0,"23":0,"24":0,"25":0,"26":0,"27":0,"28":0,"29":0,"30":0,"31":0,"32":1,"33":1,"34":1,"35":1,"36":1,"37":1},"f":{"0":0,"1":0,"2":0,"3":0,"4":0,"5":0,"6":0},"b":{"0":[0,0],"1":[0,0]},"_coverageSchema":"332fd63041d2c1bcb487cc26dd0d5f7d97098a6c","hash":"f07a8cdc868f34fa7d2725de2f1776f2a6074adf"}
,"C:\\Holiday\\NewSDProject\\frontend\\src\\components\\Data.js": {"path":"C:\\Holiday\\NewSDProject\\frontend\\src\\components\\Data.js","statementMap":{"0":{"start":{"line":1,"column":0},"end":{"line":null,"column":-1}},"1":{"start":{"line":2,"column":0},"end":{"line":null,"column":-1}},"2":{"start":{"line":3,"column":0},"end":{"line":null,"column":-1}},"3":{"start":{"line":4,"column":0},"end":{"line":null,"column":-1}},"4":{"start":{"line":5,"column":0},"end":{"line":null,"column":-1}},"5":{"start":{"line":6,"column":0},"end":{"line":null,"column":-1}},"6":{"start":{"line":7,"column":0},"end":{"line":null,"column":-1}},"7":{"start":{"line":8,"column":0},"end":{"line":null,"column":-1}},"8":{"start":{"line":9,"column":0},"end":{"line":null,"column":-1}},"9":{"start":{"line":10,"column":0},"end":{"line":null,"column":-1}},"10":{"start":{"line":20,"column":18},"end":{"line":20,"column":0}},"11":{"start":{"line":21,"column":30},"end":{"line":21,"column":2}},"12":{"start":{"line":23,"column":12},"end":{"line":23,"column":2}},"13":{"start":{"line":24,"column":15},"end":{"line":24,"column":2}},"14":{"start":{"line":26,"column":12},"end":{"line":26,"column":2}},"15":{"start":{"line":29,"column":17},"end":{"line":29,"column":2}},"16":{"start":{"line":30,"column":2},"end":{"line":20,"column":30}},"17":{"start":{"line":31,"column":15},"end":{"line":31,"column":4}},"18":{"start":{"line":32,"column":19},"end":{"line":32,"column":4}},"19":{"start":{"line":33,"column":4},"end":{"line":null,"column":-1}},"20":{"start":{"line":34,"column":20},"end":{"line":34,"column":6}},"21":{"start":{"line":35,"column":6},"end":{"line":null,"column":-1}},"22":{"start":{"line":37,"column":20},"end":{"line":37,"column":4}},"23":{"start":{"line":38,"column":4},"end":{"line":null,"column":-1}},"24":{"start":{"line":39,"column":18},"end":{"line":39,"column":6}},"25":{"start":{"line":40,"column":20},"end":{"line":40,"column":6}},"26":{"start":{"line":41,"column":6},"end":{"line":null,"column":-1}},"27":{"start":{"line":42,"column":20},"end":{"line":42,"column":8}},"28":{"start":{"line":43,"column":17},"end":{"line":43,"column":8}},"29":{"start":{"line":47,"column":8},"end":{"line":51,"column":9}},"30":{"start":{"line":48,"column":10},"end":{"line":null,"column":-1}},"31":{"start":{"line":50,"column":10},"end":{"line":null,"column":-1}},"32":{"start":{"line":52,"column":8},"end":{"line":null,"column":-1}},"33":{"start":{"line":54,"column":22},"end":{"line":54,"column":6}},"34":{"start":{"line":61,"column":6},"end":{"line":null,"column":-1}},"35":{"start":{"line":63,"column":18},"end":{"line":63,"column":4}},"36":{"start":{"line":69,"column":4},"end":{"line":null,"column":-1}},"37":{"start":{"line":72,"column":18},"end":{"line":72,"column":2}},"38":{"start":{"line":73,"column":2},"end":{"line":null,"column":-1}},"39":{"start":{"line":74,"column":4},"end":{"line":null,"column":-1}},"40":{"start":{"line":80,"column":20},"end":{"line":80,"column":2}},"41":{"start":{"line":87,"column":2},"end":{"line":null,"column":-1}},"42":{"start":{"line":88,"column":16},"end":{"line":88,"column":2}},"43":{"start":{"line":89,"column":2},"end":{"line":null,"column":-1}},"44":{"start":{"line":90,"column":17},"end":{"line":90,"column":4}},"45":{"start":{"line":91,"column":4},"end":{"line":null,"column":-1}},"46":{"start":{"line":92,"column":6},"end":{"line":null,"column":-1}},"47":{"start":{"line":95,"column":15},"end":{"line":95,"column":4}},"48":{"start":{"line":103,"column":4},"end":{"line":null,"column":-1}},"49":{"start":{"line":106,"column":2},"end":{"line":null,"column":-1}},"50":{"start":{"line":109,"column":20},"end":{"line":109,"column":7}}},"fnMap":{"0":{"name":"(anonymous_3)","decl":{"start":{"line":20,"column":18},"end":{"line":20,"column":29}},"loc":{"start":{"line":20,"column":30},"end":{"line":20,"column":0}}},"1":{"name":"(anonymous_4)","decl":{"start":{"line":30,"column":36},"end":{"line":30,"column":37}},"loc":{"start":{"line":30,"column":53},"end":{"line":30,"column":2}}},"2":{"name":"(anonymous_5)","decl":{"start":{"line":33,"column":41},"end":{"line":33,"column":39}},"loc":{"start":{"line":33,"column":51},"end":{"line":33,"column":4}}},"3":{"name":"(anonymous_6)","decl":{"start":{"line":38,"column":39},"end":{"line":38,"column":37}},"loc":{"start":{"line":38,"column":52},"end":{"line":38,"column":4}}},"4":{"name":"(anonymous_7)","decl":{"start":{"line":41,"column":40},"end":{"line":41,"column":38}},"loc":{"start":{"line":41,"column":53},"end":{"line":41,"column":6}}},"5":{"name":"(anonymous_8)","decl":{"start":{"line":73,"column":36},"end":{"line":73,"column":34}},"loc":{"start":{"line":73,"column":45},"end":{"line":73,"column":2}}},"6":{"name":"(anonymous_9)","decl":{"start":{"line":89,"column":26},"end":{"line":89,"column":27}},"loc":{"start":{"line":89,"column":46},"end":{"line":89,"column":2}}},"7":{"name":"(anonymous_10)","decl":{"start":{"line":91,"column":22},"end":{"line":91,"column":23}},"loc":{"start":{"line":91,"column":40},"end":{"line":91,"column":4}}}},"branchMap":{"0":{"loc":{"start":{"line":47,"column":8},"end":{"line":51,"column":9}},"type":"if","locations":[{"start":{"line":47,"column":8},"end":{"line":51,"column":9}},{"start":{"line":47,"column":8},"end":{"line":51,"column":9}}]}},"s":{"0":0,"1":0,"2":0,"3":0,"4":0,"5":0,"6":0,"7":0,"8":0,"9":0,"10":0,"11":0,"12":0,"13":0,"14":0,"15":0,"16":0,"17":0,"18":0,"19":0,"20":0,"21":0,"22":0,"23":0,"24":0,"25":0,"26":0,"27":0,"28":0,"29":0,"30":0,"31":0,"32":0,"33":0,"34":0,"35":0,"36":0,"37":0,"38":0,"39":0,"40":0,"41":0,"42":0,"43":0,"44":0,"45":0,"46":0,"47":0,"48":0,"49":0,"50":0},"f":{"0":0,"1":0,"2":0,"3":0,"4":0,"5":0,"6":0,"7":0},"b":{"0":[0,0]}}
,"C:\\Holiday\\NewSDProject\\frontend\\src\\components\\DataContext.js": {"path":"C:\\Holiday\\NewSDProject\\frontend\\src\\components\\DataContext.js","statementMap":{"0":{"start":{"line":21,"column":17},"end":{"line":21,"column":19}},"1":{"start":{"line":26,"column":28},"end":{"line":39,"column":2}},"2":{"start":{"line":45,"column":42},"end":{"line":45,"column":54}},"3":{"start":{"line":47,"column":4},"end":{"line":61,"column":27}},"4":{"start":{"line":49,"column":8},"end":{"line":58,"column":13}},"5":{"start":{"line":52,"column":14},"end":{"line":52,"column":36}},"6":{"start":{"line":53,"column":12},"end":{"line":53,"column":37}},"7":{"start":{"line":57,"column":12},"end":{"line":57,"column":29}},"8":{"start":{"line":65,"column":28},"end":{"line":65,"column":40}},"9":{"start":{"line":67,"column":19},"end":{"line":69,"column":6}},"10":{"start":{"line":68,"column":8},"end":{"line":68,"column":23}},"11":{"start":{"line":70,"column":5},"end":{"line":86,"column":17}},"12":{"start":{"line":71,"column":8},"end":{"line":71,"column":28}},"13":{"start":{"line":73,"column":21},"end":{"line":73,"column":23}},"14":{"start":{"line":74,"column":9},"end":{"line":84,"column":9}},"15":{"start":{"line":75,"column":13},"end":{"line":78,"column":17}},"16":{"start":{"line":76,"column":17},"end":{"line":76,"column":105}},"17":{"start":{"line":79,"column":14},"end":{"line":79,"column":39}},"18":{"start":{"line":83,"column":12},"end":{"line":83,"column":39}},"19":{"start":{"line":88,"column":0},"end":{"line":88,"column":19}},"20":{"start":{"line":90,"column":18},"end":{"line":93,"column":5}},"21":{"start":{"line":95,"column":4},"end":{"line":99,"column":6}}},"fnMap":{"0":{"name":"(anonymous_0)","decl":{"start":{"line":37,"column":15},"end":{"line":37,"column":16}},"loc":{"start":{"line":37,"column":19},"end":{"line":37,"column":21}},"line":37},"1":{"name":"DataProvider","decl":{"start":{"line":41,"column":16},"end":{"line":41,"column":28}},"loc":{"start":{"line":41,"column":35},"end":{"line":100,"column":1}},"line":41},"2":{"name":"(anonymous_2)","decl":{"start":{"line":47,"column":14},"end":{"line":47,"column":15}},"loc":{"start":{"line":47,"column":26},"end":{"line":61,"column":7}},"line":47},"3":{"name":"(anonymous_3)","decl":{"start":{"line":51,"column":16},"end":{"line":51,"column":17}},"loc":{"start":{"line":51,"column":25},"end":{"line":55,"column":11}},"line":51},"4":{"name":"(anonymous_4)","decl":{"start":{"line":56,"column":17},"end":{"line":56,"column":18}},"loc":{"start":{"line":56,"column":26},"end":{"line":58,"column":11}},"line":56},"5":{"name":"(anonymous_5)","decl":{"start":{"line":67,"column":19},"end":{"line":67,"column":20}},"loc":{"start":{"line":67,"column":26},"end":{"line":69,"column":6}},"line":67},"6":{"name":"(anonymous_6)","decl":{"start":{"line":70,"column":15},"end":{"line":70,"column":16}},"loc":{"start":{"line":70,"column":21},"end":{"line":86,"column":6}},"line":70},"7":{"name":"(anonymous_7)","decl":{"start":{"line":75,"column":41},"end":{"line":75,"column":42}},"loc":{"start":{"line":75,"column":49},"end":{"line":78,"column":15}},"line":75}},"branchMap":{"0":{"loc":{"start":{"line":74,"column":9},"end":{"line":84,"column":9}},"type":"if","locations":[{"start":{"line":74,"column":9},"end":{"line":84,"column":9}},{"start":{"line":74,"column":9},"end":{"line":84,"column":9}}],"line":74}},"s":{"0":3,"1":3,"2":0,"3":0,"4":0,"5":0,"6":0,"7":0,"8":0,"9":0,"10":0,"11":0,"12":0,"13":0,"14":0,"15":0,"16":0,"17":0,"18":0,"19":0,"20":0,"21":0},"f":{"0":0,"1":0,"2":0,"3":0,"4":0,"5":0,"6":0,"7":0},"b":{"0":[0,0]},"_coverageSchema":"332fd63041d2c1bcb487cc26dd0d5f7d97098a6c","hash":"6b8b50dcaddfd433c349271269bbff9a3c604d52"}
,"C:\\Holiday\\NewSDProject\\frontend\\src\\components\\EnrolledAppBar.jsx": {"path":"C:\\Holiday\\NewSDProject\\frontend\\src\\components\\EnrolledAppBar.jsx","statementMap":{"0":{"start":{"line":1,"column":0},"end":{"line":null,"column":-1}},"1":{"start":{"line":2,"column":0},"end":{"line":null,"column":-1}},"2":{"start":{"line":3,"column":0},"end":{"line":null,"column":-1}},"3":{"start":{"line":4,"column":0},"end":{"line":null,"column":-1}},"4":{"start":{"line":5,"column":0},"end":{"line":null,"column":-1}},"5":{"start":{"line":6,"column":0},"end":{"line":null,"column":-1}},"6":{"start":{"line":7,"column":0},"end":{"line":null,"column":-1}},"7":{"start":{"line":8,"column":0},"end":{"line":null,"column":-1}},"8":{"start":{"line":9,"column":0},"end":{"line":null,"column":-1}},"9":{"start":{"line":10,"column":0},"end":{"line":null,"column":-1}},"10":{"start":{"line":11,"column":0},"end":{"line":null,"column":-1}},"11":{"start":{"line":12,"column":0},"end":{"line":null,"column":-1}},"12":{"start":{"line":13,"column":0},"end":{"line":null,"column":-1}},"13":{"start":{"line":14,"column":0},"end":{"line":null,"column":-1}},"14":{"start":{"line":15,"column":0},"end":{"line":null,"column":-1}},"15":{"start":{"line":16,"column":0},"end":{"line":null,"column":-1}},"16":{"start":{"line":21,"column":24},"end":{"line":21,"column":0}},"17":{"start":{"line":23,"column":2},"end":{"line":null,"column":-1}}},"fnMap":{"0":{"name":"(anonymous_3)","decl":{"start":{"line":21,"column":24},"end":{"line":21,"column":22}},"loc":{"start":{"line":21,"column":34},"end":{"line":21,"column":0}}}},"branchMap":{},"s":{"0":0,"1":0,"2":0,"3":0,"4":0,"5":0,"6":0,"7":0,"8":0,"9":0,"10":0,"11":0,"12":0,"13":0,"14":0,"15":0,"16":0,"17":0},"f":{"0":0},"b":{}}
,"C:\\Holiday\\NewSDProject\\frontend\\src\\components\\EnrolledCourse.js": {"path":"C:\\Holiday\\NewSDProject\\frontend\\src\\components\\EnrolledCourse.js","statementMap":{"0":{"start":{"line":24,"column":2},"end":{"line":24,"column":20}},"1":{"start":{"line":25,"column":34},"end":{"line":25,"column":46}},"2":{"start":{"line":26,"column":46},"end":{"line":26,"column":58}},"3":{"start":{"line":27,"column":30},"end":{"line":27,"column":54}},"4":{"start":{"line":28,"column":40},"end":{"line":28,"column":67}},"5":{"start":{"line":30,"column":16},"end":{"line":45,"column":3}},"6":{"start":{"line":31,"column":14},"end":{"line":31,"column":79}},"7":{"start":{"line":32,"column":17},"end":{"line":32,"column":33}},"8":{"start":{"line":34,"column":14},"end":{"line":34,"column":63}},"9":{"start":{"line":35,"column":4},"end":{"line":35,"column":48}},"10":{"start":{"line":37,"column":20},"end":{"line":37,"column":22}},"11":{"start":{"line":38,"column":4},"end":{"line":43,"column":7}},"12":{"start":{"line":39,"column":6},"end":{"line":42,"column":9}},"13":{"start":{"line":44,"column":4},"end":{"line":44,"column":34}},"14":{"start":{"line":51,"column":2},"end":{"line":64,"column":20}},"15":{"start":{"line":52,"column":20},"end":{"line":52,"column":32}},"16":{"start":{"line":53,"column":4},"end":{"line":63,"column":5}},"17":{"start":{"line":54,"column":6},"end":{"line":54,"column":14}},"18":{"start":{"line":56,"column":6},"end":{"line":62,"column":8}},"19":{"start":{"line":58,"column":10},"end":{"line":58,"column":27}},"20":{"start":{"line":59,"column":10},"end":{"line":59,"column":44}},"21":{"start":{"line":60,"column":10},"end":{"line":60,"column":27}},"22":{"start":{"line":66,"column":20},"end":{"line":66,"column":33}},"23":{"start":{"line":68,"column":19},"end":{"line":68,"column":32}},"24":{"start":{"line":69,"column":2},"end":{"line":120,"column":4}},"25":{"start":{"line":101,"column":22},"end":{"line":107,"column":25}}},"fnMap":{"0":{"name":"Course","decl":{"start":{"line":23,"column":9},"end":{"line":23,"column":15}},"loc":{"start":{"line":23,"column":23},"end":{"line":121,"column":1}},"line":23},"1":{"name":"(anonymous_1)","decl":{"start":{"line":30,"column":16},"end":{"line":30,"column":17}},"loc":{"start":{"line":30,"column":28},"end":{"line":45,"column":3}},"line":30},"2":{"name":"(anonymous_2)","decl":{"start":{"line":38,"column":37},"end":{"line":38,"column":38}},"loc":{"start":{"line":38,"column":47},"end":{"line":43,"column":5}},"line":38},"3":{"name":"(anonymous_3)","decl":{"start":{"line":51,"column":12},"end":{"line":51,"column":13}},"loc":{"start":{"line":51,"column":24},"end":{"line":64,"column":3}},"line":51},"4":{"name":"(anonymous_4)","decl":{"start":{"line":57,"column":8},"end":{"line":57,"column":9}},"loc":{"start":{"line":57,"column":17},"end":{"line":61,"column":9}},"line":57},"5":{"name":"(anonymous_5)","decl":{"start":{"line":100,"column":29},"end":{"line":100,"column":30}},"loc":{"start":{"line":100,"column":35},"end":{"line":108,"column":21}},"line":100}},"branchMap":{"0":{"loc":{"start":{"line":53,"column":4},"end":{"line":63,"column":5}},"type":"if","locations":[{"start":{"line":53,"column":4},"end":{"line":63,"column":5}},{"start":{"line":53,"column":4},"end":{"line":63,"column":5}}],"line":53}},"s":{"0":3,"1":3,"2":3,"3":3,"4":3,"5":3,"6":0,"7":0,"8":0,"9":0,"10":0,"11":0,"12":0,"13":0,"14":3,"15":3,"16":3,"17":0,"18":3,"19":0,"20":0,"21":0,"22":3,"23":3,"24":3,"25":0},"f":{"0":3,"1":0,"2":0,"3":3,"4":0,"5":0},"b":{"0":[0,3]},"_coverageSchema":"332fd63041d2c1bcb487cc26dd0d5f7d97098a6c","hash":"48f104f5cbbca61e60ff797029ca9bb106a36769"}
,"C:\\Holiday\\NewSDProject\\frontend\\src\\components\\EnrolledNav.js": {"path":"C:\\Holiday\\NewSDProject\\frontend\\src\\components\\EnrolledNav.js","statementMap":{"0":{"start":{"line":1,"column":0},"end":{"line":null,"column":-1}},"1":{"start":{"line":2,"column":0},"end":{"line":null,"column":-1}},"2":{"start":{"line":3,"column":0},"end":{"line":null,"column":-1}},"3":{"start":{"line":5,"column":0},"end":{"line":null,"column":-1}},"4":{"start":{"line":6,"column":0},"end":{"line":null,"column":-1}},"5":{"start":{"line":7,"column":0},"end":{"line":null,"column":-1}},"6":{"start":{"line":13,"column":28},"end":{"line":11,"column":22}},"7":{"start":{"line":11,"column":22},"end":{"line":null,"column":-1}},"8":{"start":{"line":14,"column":24},"end":{"line":14,"column":4}},"9":{"start":{"line":14,"column":30},"end":{"line":14,"column":4}},"10":{"start":{"line":15,"column":23},"end":{"line":15,"column":4}},"11":{"start":{"line":15,"column":29},"end":{"line":15,"column":4}},"12":{"start":{"line":16,"column":21},"end":{"line":16,"column":4}},"13":{"start":{"line":17,"column":2},"end":{"line":null,"column":-1}},"14":{"start":{"line":29,"column":66},"end":{"line":29,"column":11}}},"fnMap":{"0":{"name":"EnrolledNav","decl":{"start":{"line":11,"column":9},"end":{"line":11,"column":0}},"loc":{"start":{"line":11,"column":22},"end":{"line":49,"column":1}}},"1":{"name":"(anonymous_4)","decl":{"start":{"line":14,"column":24},"end":{"line":14,"column":29}},"loc":{"start":{"line":14,"column":30},"end":{"line":14,"column":4}}},"2":{"name":"(anonymous_5)","decl":{"start":{"line":15,"column":23},"end":{"line":15,"column":28}},"loc":{"start":{"line":15,"column":29},"end":{"line":15,"column":4}}},"3":{"name":"(anonymous_6)","decl":{"start":{"line":29,"column":62},"end":{"line":29,"column":65}},"loc":{"start":{"line":29,"column":66},"end":{"line":29,"column":11}}}},"branchMap":{},"s":{"0":0,"1":0,"2":0,"3":0,"4":0,"5":0,"6":0,"7":0,"8":0,"9":0,"10":0,"11":0,"12":0,"13":0,"14":0},"f":{"0":0,"1":0,"2":0,"3":0},"b":{}}
,"C:\\Holiday\\NewSDProject\\frontend\\src\\components\\Enrolledpage.js": {"path":"C:\\Holiday\\NewSDProject\\frontend\\src\\components\\Enrolledpage.js","statementMap":{"0":{"start":{"line":1,"column":0},"end":{"line":null,"column":-1}},"1":{"start":{"line":2,"column":0},"end":{"line":null,"column":-1}},"2":{"start":{"line":3,"column":0},"end":{"line":null,"column":-1}},"3":{"start":{"line":4,"column":0},"end":{"line":null,"column":-1}},"4":{"start":{"line":10,"column":20},"end":{"line":9,"column":19}},"5":{"start":{"line":9,"column":19},"end":{"line":9,"column":18}},"6":{"start":{"line":11,"column":4},"end":{"line":null,"column":-1}},"7":{"start":{"line":13,"column":4},"end":{"line":null,"column":-1}}},"fnMap":{"0":{"name":"Enrolled","decl":{"start":{"line":9,"column":9},"end":{"line":9,"column":0}},"loc":{"start":{"line":9,"column":19},"end":{"line":23,"column":1}}}},"branchMap":{},"s":{"0":0,"1":0,"2":0,"3":0,"4":0,"5":0,"6":0,"7":0},"f":{"0":0},"b":{}}
,"C:\\Holiday\\NewSDProject\\frontend\\src\\components\\Explore.jsx": {"path":"C:\\Holiday\\NewSDProject\\frontend\\src\\components\\Explore.jsx","statementMap":{"0":{"start":{"line":1,"column":0},"end":{"line":null,"column":-1}},"1":{"start":{"line":2,"column":0},"end":{"line":null,"column":-1}},"2":{"start":{"line":3,"column":0},"end":{"line":null,"column":-1}},"3":{"start":{"line":8,"column":2},"end":{"line":null,"column":-1}}},"fnMap":{"0":{"name":"Explore","decl":{"start":{"line":5,"column":9},"end":{"line":5,"column":0}},"loc":{"start":{"line":5,"column":19},"end":{"line":13,"column":1}}}},"branchMap":{},"s":{"0":0,"1":0,"2":0,"3":0},"f":{"0":0},"b":{}}
,"C:\\Holiday\\NewSDProject\\frontend\\src\\components\\Firstpanel.jsx": {"path":"C:\\Holiday\\NewSDProject\\frontend\\src\\components\\Firstpanel.jsx","statementMap":{"0":{"start":{"line":18,"column":19},"end":{"line":20,"column":2}},"1":{"start":{"line":19,"column":2},"end":{"line":19,"column":55}},"2":{"start":{"line":23,"column":48},"end":{"line":23,"column":63}},"3":{"start":{"line":24,"column":30},"end":{"line":24,"column":42}},"4":{"start":{"line":25,"column":33},"end":{"line":25,"column":42}},"5":{"start":{"line":27,"column":18},"end":{"line":29,"column":3}},"6":{"start":{"line":28,"column":4},"end":{"line":28,"column":41}},"7":{"start":{"line":31,"column":26},"end":{"line":44,"column":3}},"8":{"start":{"line":32,"column":15},"end":{"line":40,"column":5}},"9":{"start":{"line":41,"column":4},"end":{"line":41,"column":20}},"10":{"start":{"line":43,"column":4},"end":{"line":43,"column":26}},"11":{"start":{"line":46,"column":20},"end":{"line":56,"column":3}},"12":{"start":{"line":47,"column":4},"end":{"line":47,"column":23}},"13":{"start":{"line":48,"column":15},"end":{"line":48,"column":54}},"14":{"start":{"line":49,"column":4},"end":{"line":54,"column":5}},"15":{"start":{"line":50,"column":6},"end":{"line":50,"column":47}},"16":{"start":{"line":52,"column":6},"end":{"line":52,"column":63}},"17":{"start":{"line":53,"column":6},"end":{"line":53,"column":51}},"18":{"start":{"line":58,"column":18},"end":{"line":58,"column":26}},"19":{"start":{"line":59,"column":20},"end":{"line":67,"column":3}},"20":{"start":{"line":60,"column":20},"end":{"line":60,"column":32}},"21":{"start":{"line":61,"column":24},"end":{"line":61,"column":62}},"22":{"start":{"line":62,"column":4},"end":{"line":62,"column":42}},"23":{"start":{"line":63,"column":4},"end":{"line":63,"column":33}},"24":{"start":{"line":64,"column":12},"end":{"line":64,"column":72}},"25":{"start":{"line":65,"column":4},"end":{"line":65,"column":19}},"26":{"start":{"line":66,"column":4},"end":{"line":66,"column":13}},"27":{"start":{"line":69,"column":26},"end":{"line":78,"column":3}},"28":{"start":{"line":70,"column":4},"end":{"line":70,"column":23}},"29":{"start":{"line":71,"column":18},"end":{"line":71,"column":38}},"30":{"start":{"line":73,"column":4},"end":{"line":73,"column":23}},"31":{"start":{"line":75,"column":23},"end":{"line":75,"column":45}},"32":{"start":{"line":76,"column":4},"end":{"line":76,"column":28}},"33":{"start":{"line":77,"column":4},"end":{"line":77,"column":67}},"34":{"start":{"line":80,"column":2},"end":{"line":209,"column":4}},"35":{"start":{"line":151,"column":35},"end":{"line":151,"column":53}},"36":{"start":{"line":182,"column":16},"end":{"line":188,"column":18}},"37":{"start":{"line":202,"column":32},"end":{"line":202,"column":57}},"38":{"start":{"line":212,"column":18},"end":{"line":220,"column":1}}},"fnMap":{"0":{"name":"Transition","decl":{"start":{"line":18,"column":45},"end":{"line":18,"column":55}},"loc":{"start":{"line":18,"column":68},"end":{"line":20,"column":1}},"line":18},"1":{"name":"Firstpanel","decl":{"start":{"line":22,"column":9},"end":{"line":22,"column":19}},"loc":{"start":{"line":22,"column":46},"end":{"line":210,"column":1}},"line":22},"2":{"name":"(anonymous_2)","decl":{"start":{"line":27,"column":18},"end":{"line":27,"column":19}},"loc":{"start":{"line":27,"column":24},"end":{"line":29,"column":3}},"line":27},"3":{"name":"(anonymous_3)","decl":{"start":{"line":31,"column":26},"end":{"line":31,"column":27}},"loc":{"start":{"line":31,"column":42},"end":{"line":44,"column":3}},"line":31},"4":{"name":"(anonymous_4)","decl":{"start":{"line":46,"column":20},"end":{"line":46,"column":21}},"loc":{"start":{"line":46,"column":27},"end":{"line":56,"column":3}},"line":46},"5":{"name":"(anonymous_5)","decl":{"start":{"line":59,"column":20},"end":{"line":59,"column":21}},"loc":{"start":{"line":59,"column":37},"end":{"line":67,"column":3}},"line":59},"6":{"name":"(anonymous_6)","decl":{"start":{"line":69,"column":26},"end":{"line":69,"column":27}},"loc":{"start":{"line":69,"column":39},"end":{"line":78,"column":3}},"line":69},"7":{"name":"(anonymous_7)","decl":{"start":{"line":151,"column":28},"end":{"line":151,"column":29}},"loc":{"start":{"line":151,"column":35},"end":{"line":151,"column":53}},"line":151},"8":{"name":"(anonymous_8)","decl":{"start":{"line":180,"column":26},"end":{"line":180,"column":27}},"loc":{"start":{"line":180,"column":37},"end":{"line":189,"column":15}},"line":180},"9":{"name":"(anonymous_9)","decl":{"start":{"line":202,"column":21},"end":{"line":202,"column":22}},"loc":{"start":{"line":202,"column":32},"end":{"line":202,"column":57}},"line":202}},"branchMap":{"0":{"loc":{"start":{"line":49,"column":4},"end":{"line":54,"column":5}},"type":"if","locations":[{"start":{"line":49,"column":4},"end":{"line":54,"column":5}},{"start":{"line":49,"column":4},"end":{"line":54,"column":5}}],"line":49},"1":{"loc":{"start":{"line":133,"column":9},"end":{"line":173,"column":9}},"type":"binary-expr","locations":[{"start":{"line":133,"column":9},"end":{"line":133,"column":24}},{"start":{"line":134,"column":10},"end":{"line":172,"column":13}}],"line":133},"2":{"loc":{"start":{"line":176,"column":11},"end":{"line":191,"column":11}},"type":"cond-expr","locations":[{"start":{"line":177,"column":12},"end":{"line":177,"column":46}},{"start":{"line":179,"column":12},"end":{"line":190,"column":15}}],"line":176}},"s":{"0":1,"1":0,"2":2,"3":2,"4":2,"5":2,"6":0,"7":2,"8":0,"9":0,"10":0,"11":2,"12":0,"13":0,"14":0,"15":0,"16":0,"17":0,"18":2,"19":2,"20":0,"21":0,"22":0,"23":0,"24":0,"25":0,"26":0,"27":2,"28":0,"29":0,"30":0,"31":0,"32":0,"33":0,"34":2,"35":0,"36":0,"37":0,"38":1},"f":{"0":0,"1":2,"2":0,"3":0,"4":0,"5":0,"6":0,"7":0,"8":0,"9":0},"b":{"0":[0,0],"1":[2,0],"2":[2,0]},"_coverageSchema":"332fd63041d2c1bcb487cc26dd0d5f7d97098a6c","hash":"a58059064b350c83b8fad2089303fca78135a068"}
,"C:\\Holiday\\NewSDProject\\frontend\\src\\components\\GenCourseID.js": {"path":"C:\\Holiday\\NewSDProject\\frontend\\src\\components\\GenCourseID.js","statementMap":{"0":{"start":{"line":9,"column":15},"end":{"line":9,"column":35}},"1":{"start":{"line":10,"column":19},"end":{"line":10,"column":30}},"2":{"start":{"line":13,"column":4},"end":{"line":17,"column":5}},"3":{"start":{"line":14,"column":8},"end":{"line":14,"column":37}},"4":{"start":{"line":16,"column":8},"end":{"line":16,"column":49}},"5":{"start":{"line":19,"column":13},"end":{"line":19,"column":95}},"6":{"start":{"line":21,"column":4},"end":{"line":21,"column":49}}},"fnMap":{"0":{"name":"createID","decl":{"start":{"line":8,"column":9},"end":{"line":8,"column":17}},"loc":{"start":{"line":8,"column":37},"end":{"line":22,"column":1}},"line":8}},"branchMap":{"0":{"loc":{"start":{"line":13,"column":4},"end":{"line":17,"column":5}},"type":"if","locations":[{"start":{"line":13,"column":4},"end":{"line":17,"column":5}},{"start":{"line":13,"column":4},"end":{"line":17,"column":5}}],"line":13}},"s":{"0":0,"1":0,"2":0,"3":0,"4":0,"5":0,"6":0},"f":{"0":0},"b":{"0":[0,0]},"_coverageSchema":"332fd63041d2c1bcb487cc26dd0d5f7d97098a6c","hash":"e79ec85e12ea1d5a0ded55b2d02b1c71967c603d"}
[...]
,"C:\\Holiday\\NewSDProject\\frontend\\src\\components\\myProfile\\utils\\FilterCourses.js": {"path":"C:\\Holiday\\NewSDProject\\frontend\\src\\components\\myProfile\\utils\\FilterCourses.js","statementMap":{"0":{"start":{"line":9,"column":8},"end":{"line":9,"column":22}},"1":{"start":{"line":10,"column":8},"end":{"line":16,"column":9}},"2":{"start":{"line":11,"column":12},"end":{"line":15,"column":13}},"3":{"start":{"line":12,"column":16},"end":{"line":12,"column":47}},"4":{"start":{"line":13,"column":16},"end":{"line":13,"column":51}},"5":{"start":{"line":14,"column":16},"end":{"line":14,"column":22}},"6":{"start":{"line":18,"column":8},"end":{"line":18,"column":37}},"7":{"start":{"line":19,"column":8},"end":{"line":19,"column":34}},"8":{"start":{"line":23,"column":8},"end":{"line":33,"column":9}},"9":{"start":{"line":24,"column":29},"end":{"line":24,"column":44}},"10":{"start":{"line":25,"column":23},"end":{"line":25,"column":44}},"11":{"start":{"line":27,"column":25},"end":{"line":30,"column":13}},"12":{"start":{"line":32,"column":12},"end":{"line":32,"column":38}},"13":{"start":{"line":37,"column":8},"end":{"line":37,"column":30}}},"fnMap":{"0":{"name":"(anonymous_0)","decl":{"start":{"line":4,"column":4},"end":{"line":4,"column":5}},"loc":{"start":{"line":4,"column":17},"end":{"line":6,"column":5}},"line":4},"1":{"name":"(anonymous_1)","decl":{"start":{"line":8,"column":4},"end":{"line":8,"column":5}},"loc":{"start":{"line":8,"column":20},"end":{"line":20,"column":5}},"line":8},"2":{"name":"(anonymous_2)","decl":{"start":{"line":22,"column":4},"end":{"line":22,"column":5}},"loc":{"start":{"line":22,"column":19},"end":{"line":34,"column":5}},"line":22},"3":{"name":"(anonymous_3)","decl":{"start":{"line":36,"column":4},"end":{"line":36,"column":5}},"loc":{"start":{"line":36,"column":18},"end":{"line":38,"column":5}},"line":36}},"branchMap":{"0":{"loc":{"start":{"line":11,"column":12},"end":{"line":15,"column":13}},"type":"if","locations":[{"start":{"line":11,"column":12},"end":{"line":15,"column":13}},{"start":{"line":11,"column":12},"end":{"line":15,"column":13}}],"line":11}},"s":{"0":11,"1":11,"2":20,"3":5,"4":5,"5":5,"6":11,"7":11,"8":11,"9":10,"10":10,"11":10,"12":10,"13":11},"f":{"0":6,"1":11,"2":11,"3":11},"b":{"0":[5,15]},"_coverageSchema":"332fd63041d2c1bcb487cc26dd0d5f7d97098a6c","hash":"23c2f21f4e152950784c117170916001cbf5de49"}
,"C:\\Holiday\\NewSDProject\\frontend\\src\\components\\myProfile\\utils\\NameTag.js": {"path":"C:\\Holiday\\NewSDProject\\frontend\\src\\components\\myProfile\\utils\\NameTag.js","statementMap":{"0":{"start":{"line":3,"column":15},"end":{"line":3,"column":17}},"1":{"start":{"line":4,"column":18},"end":{"line":4,"column":33}},"2":{"start":{"line":5,"column":4},"end":{"line":13,"column":5}},"3":{"start":{"line":6,"column":8},"end":{"line":8,"column":9}},"4":{"start":{"line":7,"column":12},"end":{"line":7,"column":40}},"5":{"start":{"line":9,"column":8},"end":{"line":9,"column":20}},"6":{"start":{"line":11,"column":19},"end":{"line":11,"column":30}},"7":{"start":{"line":12,"column":8},"end":{"line":12,"column":40}}},"fnMap":{"0":{"name":"NameTag","decl":{"start":{"line":2,"column":9},"end":{"line":2,"column":16}},"loc":{"start":{"line":2,"column":22},"end":{"line":15,"column":1}},"line":2}},"branchMap":{"0":{"loc":{"start":{"line":5,"column":4},"end":{"line":13,"column":5}},"type":"if","locations":[{"start":{"line":5,"column":4},"end":{"line":13,"column":5}},{"start":{"line":5,"column":4},"end":{"line":13,"column":5}}],"line":5}},"s":{"0":4,"1":4,"2":4,"3":2,"4":4,"5":2,"6":2,"7":2},"f":{"0":4},"b":{"0":[2,2]},"_coverageSchema":"332fd63041d2c1bcb487cc26dd0d5f7d97098a6c","hash":"ca6a9164259c8b47ed6dc60f3597d9e151c000a9"}
,"C:\\Holiday\\NewSDProject\\frontend\\src\\components\\myProfile\\utils\\Scroller.js": {"path":"C:\\Holiday\\NewSDProject\\frontend\\src\\components\\myProfile\\utils\\Scroller.js","statementMap":{"0":{"start":{"line":1,"column":0},"end":{"line":null,"column":-1}},"1":{"start":{"line":4,"column":20},"end":{"line":4,"column":4}},"2":{"start":{"line":6,"column":4},"end":{"line":null,"column":-1}},"3":{"start":{"line":8,"column":4},"end":{"line":null,"column":-1}}},"fnMap":{"0":{"name":"scroller","decl":{"start":{"line":3,"column":9},"end":{"line":3,"column":0}},"loc":{"start":{"line":3,"column":26},"end":{"line":16,"column":1}}}},"branchMap":{},"s":{"0":0,"1":0,"2":0,"3":0},"f":{"0":0},"b":{}}
,"C:\\Holiday\\NewSDProject\\frontend\\src\\components\\tags\\ListTags.jsx": {"path":"C:\\Holiday\\NewSDProject\\frontend\\src\\components\\tags\\ListTags.jsx","statementMap":{"0":{"start":{"line":4,"column":17},"end":{"line":16,"column":1}},"1":{"start":{"line":5,"column":4},"end":{"line":15,"column":5}},"2":{"start":{"line":8,"column":16},"end":{"line":13,"column":18}},"3":{"start":{"line":18,"column":18},"end":{"line":23,"column":1}}},"fnMap":{"0":{"name":"(anonymous_0)","decl":{"start":{"line":4,"column":17},"end":{"line":4,"column":18}},"loc":{"start":{"line":4,"column":26},"end":{"line":16,"column":1}},"line":4},"1":{"name":"(anonymous_1)","decl":{"start":{"line":7,"column":36},"end":{"line":7,"column":37}},"loc":{"start":{"line":8,"column":16},"end":{"line":13,"column":18}},"line":8}},"branchMap":{},"s":{"0":5,"1":1,"2":2,"3":5},"f":{"0":1,"1":2},"b":{},"_coverageSchema":"332fd63041d2c1bcb487cc26dd0d5f7d97098a6c","hash":"d318785d55dfb18779e07a132aba612c2462bb18"}
,"C:\\Holiday\\NewSDProject\\frontend\\src\\components\\tags\\TagsDialog.jsx": {"path":"C:\\Holiday\\NewSDProject\\frontend\\src\\components\\tags\\TagsDialog.jsx","statementMap":{"0":{"start":{"line":23,"column":19},"end":{"line":90,"column":1}},"1":{"start":{"line":24,"column":22},"end":{"line":24,"column":35}},"2":{"start":{"line":25,"column":28},"end":{"line":25,"column":40}},"3":{"start":{"line":26,"column":27},"end":{"line":26,"column":55}},"4":{"start":{"line":28,"column":28},"end":{"line":28,"column":48}},"5":{"start":{"line":29,"column":35},"end":{"line":29,"column":44}},"6":{"start":{"line":30,"column":38},"end":{"line":30,"column":52}},"7":{"start":{"line":32,"column":4},"end":{"line":38,"column":10}},"8":{"start":{"line":33,"column":24},"end":{"line":36,"column":9}},"9":{"start":{"line":34,"column":25},"end":{"line":34,"column":54}},"10":{"start":{"line":35,"column":12},"end":{"line":35,"column":75}},"11":{"start":{"line":35,"column":44},"end":{"line":35,"column":71}},"12":{"start":{"line":37,"column":8},"end":{"line":37,"column":18}},"13":{"start":{"line":41,"column":4},"end":{"line":53,"column":45}},"14":{"start":{"line":42,"column":8},"end":{"line":42,"column":29}},"15":{"start":{"line":43,"column":8},"end":{"line":52,"column":13}},"16":{"start":{"line":49,"column":12},"end":{"line":51,"column":14}},"17":{"start":{"line":50,"column":14},"end":{"line":50,"column":36}},"18":{"start":{"line":55,"column":20},"end":{"line":55,"column":47}},"19":{"start":{"line":56,"column":19},"end":{"line":56,"column":30}},"20":{"start":{"line":58,"column":4},"end":{"line":60,"column":5}},"21":{"start":{"line":59,"column":8},"end":{"line":59,"column":42}},"22":{"start":{"line":62,"column":38},"end":{"line":62,"column":58}},"23":{"start":{"line":63,"column":36},"end":{"line":63,"column":56}},"24":{"start":{"line":65,"column":20},"end":{"line":71,"column":5}},"25":{"start":{"line":66,"column":8},"end":{"line":66,"column":27}},"26":{"start":{"line":67,"column":24},"end":{"line":67,"column":37}},"27":{"start":{"line":68,"column":8},"end":{"line":68,"column":58}},"28":{"start":{"line":70,"column":8},"end":{"line":70,"column":63}},"29":{"start":{"line":73,"column":4},"end":{"line":89,"column":5}}},"fnMap":{"0":{"name":"(anonymous_0)","decl":{"start":{"line":23,"column":19},"end":{"line":23,"column":20}},"loc":{"start":{"line":23,"column":30},"end":{"line":90,"column":1}},"line":23},"1":{"name":"(anonymous_1)","decl":{"start":{"line":32,"column":14},"end":{"line":32,"column":15}},"loc":{"start":{"line":32,"column":20},"end":{"line":38,"column":5}},"line":32},"2":{"name":"(anonymous_2)","decl":{"start":{"line":33,"column":24},"end":{"line":33,"column":25}},"loc":{"start":{"line":33,"column":34},"end":{"line":36,"column":9}},"line":33},"3":{"name":"(anonymous_3)","decl":{"start":{"line":35,"column":34},"end":{"line":35,"column":35}},"loc":{"start":{"line":35,"column":44},"end":{"line":35,"column":71}},"line":35},"4":{"name":"(anonymous_4)","decl":{"start":{"line":41,"column":14},"end":{"line":41,"column":15}},"loc":{"start":{"line":41,"column":20},"end":{"line":53,"column":7}},"line":41},"5":{"name":"(anonymous_5)","decl":{"start":{"line":48,"column":16},"end":{"line":48,"column":17}},"loc":{"start":{"line":48,"column":30},"end":{"line":52,"column":11}},"line":48},"6":{"name":"(anonymous_6)","decl":{"start":{"line":49,"column":51},"end":{"line":49,"column":52}},"loc":{"start":{"line":50,"column":14},"end":{"line":50,"column":36}},"line":50},"7":{"name":"(anonymous_7)","decl":{"start":{"line":65,"column":20},"end":{"line":65,"column":21}},"loc":{"start":{"line":65,"column":25},"end":{"line":71,"column":5}},"line":65}},"branchMap":{},"s":{"0":4,"1":0,"2":0,"3":0,"4":0,"5":0,"6":0,"7":0,"8":0,"9":0,"10":0,"11":0,"12":0,"13":0,"14":0,"15":0,"16":0,"17":0,"18":0,"19":0,"20":0,"21":0,"22":0,"23":0,"24":0,"25":0,"26":0,"27":0,"28":0,"29":0},"f":{"0":0,"1":0,"2":0,"3":0,"4":0,"5":0,"6":0,"7":0},"b":{},"_coverageSchema":"332fd63041d2c1bcb487cc26dd0d5f7d97098a6c","hash":"b64593e48daf5d8390484384f616363e4c842dda"}
,"C:\\Holiday\\NewSDProject\\frontend\\src\\components\\tags\\TagsInput.jsx": {"path":"C:\\Holiday\\NewSDProject\\frontend\\src\\components\\tags\\TagsInput.jsx","statementMap":{"0":{"start":{"line":6,"column":18},"end":{"line":57,"column":1}},"1":{"start":{"line":7,"column":30},"end":{"line":7,"column":42}},"2":{"start":{"line":9,"column":21},"end":{"line":11,"column":5}},"3":{"start":{"line":10,"column":8},"end":{"line":10,"column":37}},"4":{"start":{"line":13,"column":18},"end":{"line":35,"column":5}},"5":{"start":{"line":14,"column":8},"end":{"line":34,"column":9}},"6":{"start":{"line":15,"column":25},"end":{"line":15,"column":27}},"7":{"start":{"line":16,"column":12},"end":{"line":20,"column":13}},"8":{"start":{"line":17,"column":16},"end":{"line":17,"column":31}},"9":{"start":{"line":19,"column":16},"end":{"line":19,"column":37}},"10":{"start":{"line":22,"column":23},"end":{"line":22,"column":27}},"11":{"start":{"line":23,"column":12},"end":{"line":29,"column":13}},"12":{"start":{"line":24,"column":16},"end":{"line":28,"column":17}},"13":{"start":{"line":26,"column":20},"end":{"line":26,"column":33}},"14":{"start":{"line":27,"column":20},"end":{"line":27,"column":26}},"15":{"start":{"line":30,"column":12},"end":{"line":32,"column":13}},"16":{"start":{"line":31,"column":16},"end":{"line":31,"column":44}},"17":{"start":{"line":33,"column":8},"end":{"line":33,"column":21}},"18":{"start":{"line":37,"column":4},"end":{"line":56,"column":5}},"19":{"start":{"line":59,"column":19},"end":{"line":66,"column":1}}},"fnMap":{"0":{"name":"(anonymous_0)","decl":{"start":{"line":6,"column":18},"end":{"line":6,"column":19}},"loc":{"start":{"line":6,"column":27},"end":{"line":57,"column":1}},"line":6},"1":{"name":"(anonymous_1)","decl":{"start":{"line":9,"column":21},"end":{"line":9,"column":22}},"loc":{"start":{"line":9,"column":30},"end":{"line":11,"column":5}},"line":9},"2":{"name":"(anonymous_2)","decl":{"start":{"line":13,"column":18},"end":{"line":13,"column":19}},"loc":{"start":{"line":13,"column":22},"end":{"line":35,"column":5}},"line":13}},"branchMap":{"0":{"loc":{"start":{"line":14,"column":8},"end":{"line":34,"column":9}},"type":"if","locations":[{"start":{"line":14,"column":8},"end":{"line":34,"column":9}},{"start":{"line":14,"column":8},"end":{"line":34,"column":9}}],"line":14},"1":{"loc":{"start":{"line":16,"column":12},"end":{"line":20,"column":13}},"type":"if","locations":[{"start":{"line":16,"column":12},"end":{"line":20,"column":13}},{"start":{"line":16,"column":12},"end":{"line":20,"column":13}}],"line":16},"2":{"loc":{"start":{"line":24,"column":16},"end":{"line":28,"column":17}},"type":"if","locations":[{"start":{"line":24,"column":16},"end":{"line":28,"column":17}},{"start":{"line":24,"column":16},"end":{"line":28,"column":17}}],"line":24},"3":{"loc":{"start":{"line":30,"column":12},"end":{"line":32,"column":13}},"type":"if","locations":[{"start":{"line":30,"column":12},"end":{"line":32,"column":13}},{"start":{"line":30,"column":12},"end":{"line":32,"column":13}}],"line":30}},"s":{"0":5,"1":1,"2":1,"3":0,"4":1,"5":0,"6":0,"7":0,"8":0,"9":0,"10":0,"11":0,"12":0,"13":0,"14":0,"15":0,"16":0,"17":0,"18":1,"19":5},"f":{"0":1,"1":0,"2":0},"b":{"0":[0,0],"1":[0,0],"2":[0,0],"3":[0,0]},"_coverageSchema":"332fd63041d2c1bcb487cc26dd0d5f7d97098a6c","hash":"4fd8a9e3db10ffb28481607cf40df88afaaf6452"}
,"C:\\Holiday\\NewSDProject\\frontend\\src\\components\\tags\\Useless.jsx": {"path":"C:\\Holiday\\NewSDProject\\frontend\\src\\components\\tags\\Useless.jsx","statementMap":{"0":{"start":{"line":1,"column":0},"end":{"line":null,"column":-1}},"1":{"start":{"line":2,"column":0},"end":{"line":null,"column":-1}},"2":{"start":{"line":3,"column":0},"end":{"line":null,"column":-1}},"3":{"start":{"line":6,"column":16},"end":{"line":6,"column":0}},"4":{"start":{"line":7,"column":21},"end":{"line":7,"column":4}},"5":{"start":{"line":8,"column":28},"end":{"line":6,"column":21}},"6":{"start":{"line":6,"column":21},"end":{"line":null,"column":-1}},"7":{"start":{"line":10,"column":19},"end":{"line":10,"column":4}},"8":{"start":{"line":11,"column":8},"end":{"line":null,"column":-1}},"9":{"start":{"line":12,"column":8},"end":{"line":null,"column":-1}},"10":{"start":{"line":18,"column":4},"end":{"line":null,"column":-1}}},"fnMap":{"0":{"name":"(anonymous_0)","decl":{"start":{"line":6,"column":16},"end":{"line":6,"column":20}},"loc":{"start":{"line":6,"column":21},"end":{"line":6,"column":0}}},"1":{"name":"(anonymous_1)","decl":{"start":{"line":10,"column":19},"end":{"line":10,"column":23}},"loc":{"start":{"line":10,"column":24},"end":{"line":10,"column":4}}}},"branchMap":{},"s":{"0":0,"1":0,"2":0,"3":0,"4":0,"5":0,"6":0,"7":0,"8":0,"9":0,"10":0},"f":{"0":0,"1":0},"b":{}}
,"C:\\Holiday\\NewSDProject\\frontend\\src\\components\\tags\\ViewTag.jsx": {"path":"C:\\Holiday\\NewSDProject\\frontend\\src\\components\\tags\\ViewTag.jsx","statementMap":{"0":{"start":{"line":5,"column":16},"end":{"line":21,"column":1}},"1":{"start":{"line":7,"column":21},"end":{"line":10,"column":5}},"2":{"start":{"line":9,"column":8},"end":{"line":9,"column":42}},"3":{"start":{"line":11,"column":4},"end":{"line":20,"column":5}},"4":{"start":{"line":23,"column":17},"end":{"line":30,"column":1}},"5":{"start":{"line":32,"column":17},"end":{"line":36,"column":1}}},"fnMap":{"0":{"name":"(anonymous_0)","decl":{"start":{"line":5,"column":16},"end":{"line":5,"column":17}},"loc":{"start":{"line":5,"column":25},"end":{"line":21,"column":1}},"line":5},"1":{"name":"(anonymous_1)","decl":{"start":{"line":7,"column":21},"end":{"line":7,"column":22}},"loc":{"start":{"line":7,"column":26},"end":{"line":10,"column":5}},"line":7}},"branchMap":{},"s":{"0":5,"1":2,"2":0,"3":2,"4":5,"5":5},"f":{"0":2,"1":0},"b":{},"_coverageSchema":"332fd63041d2c1bcb487cc26dd0d5f7d97098a6c","hash":"3faec31aef1723faeba431eb5bba36b9e3950fc3"}
,"C:\\Holiday\\NewSDProject\\frontend\\src\\components\\tags\\MicrosoftGraph\\authConfig.js": {"path":"C:\\Holiday\\NewSDProject\\frontend\\src\\components\\tags\\MicrosoftGraph\\authConfig.js","statementMap":{"0":{"start":{"line":13,"column":26},"end":{"line":46,"column":1}},"1":{"start":{"line":26,"column":16},"end":{"line":28,"column":17}},"2":{"start":{"line":27,"column":20},"end":{"line":27,"column":27}},"3":{"start":{"line":29,"column":16},"end":{"line":42,"column":17}},"4":{"start":{"line":31,"column":24},"end":{"line":31,"column":47}},"5":{"start":{"line":32,"column":24},"end":{"line":32,"column":31}},"6":{"start":{"line":34,"column":24},"end":{"line":34,"column":46}},"7":{"start":{"line":35,"column":24},"end":{"line":35,"column":31}},"8":{"start":{"line":37,"column":24},"end":{"line":37,"column":47}},"9":{"start":{"line":38,"column":24},"end":{"line":38,"column":31}},"10":{"start":{"line":40,"column":24},"end":{"line":40,"column":46}},"11":{"start":{"line":41,"column":24},"end":{"line":41,"column":31}},"12":{"start":{"line":54,"column":28},"end":{"line":56,"column":1}},"13":{"start":{"line":62,"column":27},"end":{"line":64,"column":1}}},"fnMap":{"0":{"name":"(anonymous_0)","decl":{"start":{"line":25,"column":28},"end":{"line":25,"column":29}},"loc":{"start":{"line":25,"column":61},"end":{"line":43,"column":13}},"line":25}},"branchMap":{"0":{"loc":{"start":{"line":26,"column":16},"end":{"line":28,"column":17}},"type":"if","locations":[{"start":{"line":26,"column":16},"end":{"line":28,"column":17}},{"start":{"line":26,"column":16},"end":{"line":28,"column":17}}],"line":26},"1":{"loc":{"start":{"line":29,"column":16},"end":{"line":42,"column":17}},"type":"switch","locations":[{"start":{"line":30,"column":20},"end":{"line":32,"column":31}},{"start":{"line":33,"column":20},"end":{"line":35,"column":31}},{"start":{"line":36,"column":20},"end":{"line":38,"column":31}},{"start":{"line":39,"column":20},"end":{"line":41,"column":31}}],"line":29}},"s":{"0":4,"1":0,"2":0,"3":0,"4":0,"5":0,"6":0,"7":0,"8":0,"9":0,"10":0,"11":0,"12":4,"13":4},"f":{"0":0},"b":{"0":[0,0],"1":[0,0,0,0]},"_coverageSchema":"332fd63041d2c1bcb487cc26dd0d5f7d97098a6c","hash":"884b506593eba6635142f5da17234956d6d8a494"}
,"C:\\Holiday\\NewSDProject\\frontend\\src\\components\\tags\\MicrosoftGraph\\graph.js": {"path":"C:\\Holiday\\NewSDProject\\frontend\\src\\components\\tags\\MicrosoftGraph\\graph.js","statementMap":{"0":{"start":{"line":8,"column":20},"end":{"line":8,"column":33}},"1":{"start":{"line":9,"column":19},"end":{"line":9,"column":42}},"2":{"start":{"line":11,"column":4},"end":{"line":11,"column":44}},"3":{"start":{"line":13,"column":20},"end":{"line":16,"column":5}},"4":{"start":{"line":18,"column":4},"end":{"line":20,"column":44}},"5":{"start":{"line":19,"column":26},"end":{"line":19,"column":41}},"6":{"start":{"line":20,"column":24},"end":{"line":20,"column":42}}},"fnMap":{"0":{"name":"callMsGraph","decl":{"start":{"line":7,"column":22},"end":{"line":7,"column":33}},"loc":{"start":{"line":7,"column":47},"end":{"line":21,"column":1}},"line":7},"1":{"name":"(anonymous_1)","decl":{"start":{"line":19,"column":14},"end":{"line":19,"column":15}},"loc":{"start":{"line":19,"column":26},"end":{"line":19,"column":41}},"line":19},"2":{"name":"(anonymous_2)","decl":{"start":{"line":20,"column":15},"end":{"line":20,"column":16}},"loc":{"start":{"line":20,"column":24},"end":{"line":20,"column":42}},"line":20}},"branchMap":{},"s":{"0":0,"1":0,"2":0,"3":0,"4":0,"5":0,"6":0},"f":{"0":0,"1":0,"2":0},"b":{},"_coverageSchema":"332fd63041d2c1bcb487cc26dd0d5f7d97098a6c","hash":"eb68adca16c98c0e0559cae30d2e2f7a12167414"}
}
